2023-02-03 14:52:48 [INFO] [SUCCESS]	[ID: 484807]  Title: Nike Air Foamposit 	Price:68.37$	Link:https://bit.ly/3YifZLm	Aff_link:https://s.click.aliexpress.com/e/_EQ7H8gV	Saved-> 	Images files:['484807', '484806', '484805', '484804', '484803', '484802', '484801', '484800', '484799', '484798']	img count: 9
2023-02-03 14:53:00 [ERROR] [FAILED]	[ID: 484797]  Title: NBA jersey      	Price:31$	Link:https://bit.ly/3VI88VW	Aff_link:Failed to convert Ali Express link	Saved-> 	Images files:['484797', '484796', '484795', '484794', '484793', '484792', '484791', '484790', '484789']	img count: 8
2023-02-03 14:53:08 [ERROR] [FAILED]	[ID: 484788]  Title: Birkenstock     	Price:55$	Link:https://bit.ly/3WAhT9C	Aff_link:Failed to convert Ali Express link	Saved-> 	Images files:['484788', '484787', '484786', '484785', '484784', '484783', '484782', '484781', '484780']	img count: 8
2023-02-03 14:53:24 [ERROR] [FAILED]	[ID: 484779]  Title: NIKE            	Price:53$	Link:https://bit.ly/3WvKmgS	Aff_link:Failed to convert Ali Express link	Saved-> 	Images files:['484779', '484778', '484777', '484776', '484775', '484774', '484773', '484772', '484771', '484770']	img count: 9
2023-02-03 14:53:36 [INFO] [SUCCESS]	[ID: 484769]  Title: Nike Travis Scott  	Price:53.68$	Link:https://bit.ly/3HU7IYJ	Aff_link:https://s.click.aliexpress.com/e/_EJO9Gpr	Saved-> 	Images files:['484769', '484768', '484767', '484766', '484765', '484764', '484763', '484762', '484761', '484760']	img count: 9
2023-02-03 14:53:44 [ERROR] [FAILED]	[ID: 484759]  Title: NIKE            	Price:65$	Link:https://bit.ly/3vtyxfa	Aff_link:Failed to convert Ali Express link	Saved-> 	Images files:['484759', '484758', '484757', '484756', '484755', '484754', '484753', '484752', '484751', '484750']	img count: 9
2023-02-03 14:53:54 [ERROR] [FAILED]	[ID: 484749]  Title: NIKE            	Price:39$	Link:https://bit.ly/3IcGexS	Aff_link:Failed to convert Ali Express link	Saved-> 	Images files:['484749', '484748', '484747', '484746', '484745', '484744', '484743']	img count: 6
2023-02-03 14:54:03 [ERROR] [FAILED]	[ID: 484742]  Title: D&G             	Price:79$	Link:https://bit.ly/3CcLUEj	Aff_link:Failed to convert Ali Express link	Saved-> 	Images files:['484742', '484741', '484740', '484739', '484738', '484737']	img count: 5
2023-02-03 14:54:11 [INFO] [SUCCESS]	[ID: 484736]  Title: Nike Travis Scott  	Price:53.68$	Link:https://bit.ly/3HU7IYJ	Aff_link:https://s.click.aliexpress.com/e/_EGD4Zil	Saved-> 	Images files:['484736', '484735', '484734', '484733', '484732', '484731', '484730']	img count: 6
2023-02-03 14:54:25 [ERROR] [FAILED]	[ID: 484729]  Title: NIKE            	Price:52$	Link:https://bit.ly/3WPCerm	Aff_link:Failed to convert Ali Express link	Saved-> 	Images files:['484729', '484728', '484727', '484726', '484725', '484724', '484723', '484722']	img count: 7
2023-02-03 14:54:38 [ERROR] [FAILED]	[ID: 484721]  Title: NIKE            	Price:95$	Link:https://bit.ly/3WAL4JS	Aff_link:Failed to convert Ali Express link	Saved-> 	Images files:['484721', '484720', '484719', '484718', '484717', '484716', '484715', '484714', '484713']	img count: 8
2023-02-03 14:54:48 [INFO] [SUCCESS]	[ID: 484712]  Title: Nike Travis Scott  	Price:53.68$	Link:https://bit.ly/3HU7IYJ	Aff_link:https://s.click.aliexpress.com/e/_EwLHwOZ	Saved-> 	Images files:['484712', '484711', '484710', '484709', '484708', '484707', '484706', '484705', '484704', '484703']	img count: 9
2023-02-03 14:55:11 [INFO] [SUCCESS]	[ID: 484702]  Title: TH jacket       	Price:51.00$	Link:https://shp.pub/6ll3zy	Aff_link:https://s.click.aliexpress.com/e/_Eyhrx9j	Saved-> 	Images files:['484702', '484701', '484700', '484699', '484698', '484697', '484696', '484695', '484694']	img count: 8
2023-02-03 14:55:23 [INFO] [SUCCESS]	[ID: 484693]  Title: Nike coat       	Price:24.90$	Link:https://shp.pub/6ll3sk	Aff_link:https://s.click.aliexpress.com/e/_EIP7CIp	Saved-> 	Images files:['484693', '484692', '484691', '484690', '484689', '484688', '484687', '484686', '484685', '484684']	img count: 9
2023-02-03 14:55:34 [ERROR] [FAILED]	[ID: 484683]  Title: NIKE            	Price:70$	Link:https://bit.ly/3WWfCFQ	Aff_link:Failed to convert Ali Express link	Saved-> 	Images files:['484683', '484682', '484681', '484680', '484679', '484678', '484677', '484676', '484675']	img count: 8
2023-02-03 14:55:47 [ERROR] [FAILED]	[ID: 484674]  Title: PRADA           	Price:23$	Link:https://bit.ly/3Z0jS8T	Aff_link:Failed to convert Ali Express link	Saved-> 	Images files:['484674', '484673', '484672', '484671', '484670', '484669', '484668', '484667', '484666', '484665']	img count: 9
2023-02-03 14:55:56 [ERROR] [FAILED]	[ID: 484664]  Title: NIKE            	Price:65$	Link:https://bit.ly/3vtyxfa	Aff_link:Failed to convert Ali Express link	Saved-> 	Images files:['484664', '484663', '484662', '484661', '484660', '484659', '484658']	img count: 6
2023-02-03 14:56:05 [ERROR] [FAILED]	[ID: 484657]  Title: NIKE            	Price:60$	Link:https://bit.ly/3Gv9a2Q	Aff_link:Failed to convert Ali Express link	Saved-> 	Images files:['484657', '484656', '484655', '484654', '484653', '484652']	img count: 5
2023-02-03 14:56:24 [ERROR] [FAILED]	[ID: 484651]  Title: JACQUEMUS       	Price:59$	Link:https://bit.ly/3i72zlR	Aff_link:Failed to convert Ali Express link	Saved-> 	Images files:['484651', '484650', '484649', '484648', '484647', '484646', '484645', '484644', '484643', '484642']	img count: 9
2023-02-03 14:56:36 [INFO] [SUCCESS]	[ID: 484641]  Title: LV    Jacket    	Price:76.90$	Link:https://shp.pub/6ll03r	Aff_link:https://s.click.aliexpress.com/e/_EyKvfsv	Saved-> 	Images files:['484641', '484640', '484639', '484638', '484637', '484636']	img count: 5
2023-02-03 14:56:46 [ERROR] [FAILED]	[ID: 484635]  Title: NIKE            	Price:55$	Link:https://bit.ly/3WAhT9C	Aff_link:Failed to convert Ali Express link	Saved-> 	Images files:['484635', '484634', '484633', '484632', '484631', '484630']	img count: 5
2023-02-03 14:57:01 [INFO] [SUCCESS]	[ID: 484629]  Title: GG shoes        	Price:48.50$	Link:https://shp.pub/6ll01f	Aff_link:https://s.click.aliexpress.com/e/_EwH3Rp7	Saved-> 	Images files:['484629', '484628', '484627', '484626', '484625', '484624', '484623', '484622']	img count: 7
2023-02-03 14:57:18 [ERROR] [FAILED]	[ID: 484621]  Title: NIKE            	Price:55$	Link:https://bit.ly/3WAhT9C	Aff_link:Failed to convert Ali Express link	Saved-> 	Images files:['484621', '484620', '484619', '484618', '484617', '484616', '484615', '484614', '484613', '484612']	img count: 9
2023-02-03 14:57:26 [ERROR] [FAILED]	[ID: 484611]  Title: NIKE            	Price:65$	Link:https://bit.ly/3vtyxfa	Aff_link:Failed to convert Ali Express link	Saved-> 	Images files:['484611', '484610', '484609', '484608']	img count: 3
2023-02-03 14:57:37 [ERROR] [FAILED]	[ID: 484607]  Title: NIKE            	Price:65$	Link:https://bit.ly/3vtyxfa	Aff_link:Failed to convert Ali Express link	Saved-> 	Images files:['484607', '484606', '484605', '484604', '484603', '484602', '484601']	img count: 6
2023-02-03 14:57:45 [ERROR] [FAILED]	[ID: 484600]  Title: NIKE            	Price:35$	Link:https://bit.ly/3Vt5S4E	Aff_link:Failed to convert Ali Express link	Saved-> 	Images files:['484600', '484599', '484598', '484597', '484596', '484595', '484594', '484593', '484592']	img count: 8
2023-02-03 14:57:49 [ERROR] [FAILED]	[ID: 484591]  Title: Catalogs

1) https 	Price:$	Link:https://hypeallie.online/jackzhang/	Aff_link:No Ali Express link detected	Saved-> 	Images files:['484591']	img count: 0
2023-02-03 14:57:57 [ERROR] [FAILED]	[ID: 484590]  Title: NIKE            	Price:33$	Link:https://bit.ly/3G2mAlz	Aff_link:Failed to convert Ali Express link	Saved-> 	Images files:['484590', '484589', '484588', '484587', '484586', '484585', '484584']	img count: 6
2023-02-03 14:58:09 [ERROR] [FAILED]	[ID: 484583]  Title: NIKE            	Price:60$	Link:https://bit.ly/3Gv9a2Q	Aff_link:Failed to convert Ali Express link	Saved-> 	Images files:['484583', '484582', '484581', '484580', '484579', '484578', '484577']	img count: 6
2023-02-03 14:58:26 [ERROR] [FAILED]	[ID: 484576]  Title: NIKE            	Price:70$	Link:https://bit.ly/3WWfCFQ	Aff_link:Failed to convert Ali Express link	Saved-> 	Images files:['484576', '484575', '484574', '484573', '484572', '484571', '484570', '484569', '484568', '484567']	img count: 9
2023-02-03 14:58:38 [INFO] [SUCCESS]	[ID: 484566]  Title: Louis Vuitton  LV  	Price:73.45$	Link:https://bit.ly/3jfM1sH	Aff_link:https://s.click.aliexpress.com/e/_EQ0b1qN	Saved-> 	Images files:['484566', '484565', '484564', '484563', '484562', '484561', '484560', '484559', '484558', '484557']	img count: 9
2023-02-03 14:58:52 [ERROR] [FAILED]	[ID: 484556]  Title: NIKE            	Price:65$	Link:https://bit.ly/3vtyxfa	Aff_link:Failed to convert Ali Express link	Saved-> 	Images files:['484556', '484555', '484554', '484553', '484552', '484551', '484550', '484549', '484548', '484547']	img count: 9
2023-02-03 14:59:05 [ERROR] [FAILED]	[ID: 484546]  Title: NIKE            	Price:65$	Link:https://bit.ly/3vtyxfa	Aff_link:Failed to convert Ali Express link	Saved-> 	Images files:['484546', '484545', '484544', '484543', '484542', '484541', '484540', '484539', '484538', '484537']	img count: 9
2023-02-03 14:59:13 [ERROR] [FAILED]	[ID: 484536]  Title: Coach bag High qua 	Price:65.76$	Link:https://bit.ly/3HqquFP	Aff_link:No Ali Express link detected	Saved-> 	Images files:['484536', '484535', '484534', '484533', '484532', '484531', '484530', '484529', '484528', '484527']	img count: 9
2023-02-03 14:59:19 [ERROR] [FAILED]	[ID: 484526]  Title: NIKE            	Price:70$	Link:https://bit.ly/3WWfCFQ	Aff_link:Failed to convert Ali Express link	Saved-> 	Images files:['484526', '484525', '484524', '484523']	img count: 3
2023-02-03 14:59:30 [ERROR] [FAILED]	[ID: 484522]  Title: Ralph Lauren RL sw 	Price:60.88$	Link:https://bit.ly/3RnWoal	Aff_link:No Ali Express link detected	Saved-> 	Images files:['484522', '484521', '484520', '484519', '484518', '484517', '484516', '484515', '484514', '484513']	img count: 9
2023-02-03 14:59:42 [INFO] [SUCCESS]	[ID: 484512]  Title: Moncler jacket  	Price:83.88$	Link:https://bit.ly/3YfcMwe	Aff_link:https://s.click.aliexpress.com/e/_EJ4cT3J	Saved-> 	Images files:['484512', '484511', '484510', '484509', '484508', '484507', '484506', '484505', '484504']	img count: 8
2023-02-03 14:59:50 [ERROR] [FAILED]	[ID: 484503]  Title: NIKE            	Price:70$	Link:https://bit.ly/3WWfCFQ	Aff_link:Failed to convert Ali Express link	Saved-> 	Images files:['484503', '484502', '484501', '484500', '484499', '484498', '484497']	img count: 6
2023-02-03 14:59:58 [ERROR] [FAILED]	[ID: 484496]  Title: Coach REVEL BAG 	Price:69.54$	Link:https://bit.ly/40j1xV5	Aff_link:No Ali Express link detected	Saved-> 	Images files:['484496', '484495', '484494', '484493', '484492', '484491', '484490', '484489', '484488', '484487']	img count: 9
2023-02-03 15:00:10 [INFO] [SUCCESS]	[ID: 484486]  Title: Nike Air Presto x  	Price:57.60$	Link:https://bit.ly/3Jq70DD	Aff_link:https://s.click.aliexpress.com/e/_EQMB4Ih	Saved-> 	Images files:['484486', '484485', '484484', '484483', '484482', '484481', '484480', '484479']	img count: 7
2023-02-03 15:00:18 [ERROR] [FAILED]	[ID: 484478]  Title: NIKE            	Price:55$	Link:https://bit.ly/3WAhT9C	Aff_link:Failed to convert Ali Express link	Saved-> 	Images files:['484478', '484477', '484476', '484475', '484474', '484473', '484472', '484471']	img count: 7
2023-02-03 15:00:32 [INFO] [SUCCESS]	[ID: 484470]  Title: Ralph Lauren Sweat 	Price:41.28$	Link:https://bit.ly/3jl25cN	Aff_link:https://s.click.aliexpress.com/e/_EIgffXB	Saved-> 	Images files:['484470', '484469', '484468', '484467', '484466', '484465', '484464', '484463', '484462']	img count: 8
2023-02-03 15:00:41 [INFO] [SUCCESS]	[ID: 484461]  Title: Chloe sunglasses 	Price:26.40$	Link:https://bit.ly/3Y5nzJk	Aff_link:https://s.click.aliexpress.com/e/_EyCYMb3	Saved-> 	Images files:['484461', '484460', '484459', '484458', '484457', '484456', '484455', '484454']	img count: 7
2023-02-03 15:00:50 [ERROR] [FAILED]	[ID: 484453]  Title: NIKE            	Price:55$	Link:https://bit.ly/3WAhT9C	Aff_link:Failed to convert Ali Express link	Saved-> 	Images files:['484453', '484452', '484451', '484450', '484449', '484448', '484447']	img count: 6
2023-02-03 15:00:59 [ERROR] [FAILED]	[ID: 484446]  Title: NIKE            	Price:55$	Link:https://bit.ly/3WAhT9C	Aff_link:Failed to convert Ali Express link	Saved-> 	Images files:['484446', '484445', '484444', '484443', '484442', '484441', '484440', '484439']	img count: 7
2023-02-03 15:01:37 [INFO] [SUCCESS]	[ID: 484438]  Title: Dyson hair dryer h 	Price:156$	Link:https://bit.ly/3Y0ITzM	Aff_link:https://s.click.aliexpress.com/e/_EJXTt2d	Saved-> 	Images files:['484438', '484437', '484436', '484435', '484434', '484433', '484432', '484431', '484430', '484429']	img count: 9
2023-02-03 15:01:49 [INFO] [SUCCESS]	[ID: 484428]  Title: Adidas Originals H 	Price:54$	Link:https://bit.ly/3Re3GNX	Aff_link:https://s.click.aliexpress.com/e/_Ey6KWf3	Saved-> 	Images files:['484428', '484427', '484426', '484425', '484424', '484423', '484422', '484421', '484420', '484419']	img count: 9
2023-02-03 15:01:57 [ERROR] [FAILED]	[ID: 484418]  Title: NIKE            	Price:55$	Link:https://bit.ly/3WAhT9C	Aff_link:Failed to convert Ali Express link	Saved-> 	Images files:['484418', '484417', '484416', '484415', '484414', '484413']	img count: 5
2023-02-03 15:02:04 [ERROR] [FAILED]	[ID: 484412]  Title: NIKE            	Price:55$	Link:https://bit.ly/3WAhT9C	Aff_link:Failed to convert Ali Express link	Saved-> 	Images files:['484412', '484411', '484410', '484409', '484408', '484407']	img count: 5
2023-02-03 15:02:17 [INFO] [SUCCESS]	[ID: 484406]  Title: Louis Vuitton LV Q 	Price:26.38$	Link:https://bit.ly/3HSiZZu	Aff_link:https://s.click.aliexpress.com/e/_ExF2mpB	Saved-> 	Images files:['484406', '484405', '484404', '484403', '484402', '484401', '484400', '484399', '484398', '484397']	img count: 9
2023-02-03 15:02:30 [INFO] [SUCCESS]	[ID: 484396]  Title: RADO watch good qu 	Price:56.28$	Link:https://bit.ly/3YbR7Fb	Aff_link:https://s.click.aliexpress.com/e/_EQYTh7X	Saved-> 	Images files:['484396', '484395', '484394', '484393', '484392', '484391', '484390', '484389', '484388', '484387']	img count: 9
2023-02-03 15:02:38 [ERROR] [FAILED]	[ID: 484386]  Title: NIKE            	Price:55$	Link:https://bit.ly/3WAhT9C	Aff_link:Failed to convert Ali Express link	Saved-> 	Images files:['484386', '484385', '484384', '484383', '484382', '484381', '484380', '484379', '484378', '484377']	img count: 9
2023-02-03 15:02:45 [ERROR] [FAILED]	[ID: 484376]  Title: NIKE            	Price:55$	Link:https://bit.ly/3WAhT9C	Aff_link:Failed to convert Ali Express link	Saved-> 	Images files:['484376', '484375', '484374', '484373', '484372', '484371']	img count: 5
