2023-02-03 03:23:21 [ERROR] [FAILED]	[ID: 484503]  Title: NIKE            	Price:70$	Link:https://bit.ly/3WWfCFQ	Aff_link:Failed to convert Ali Express link	Saved-> 	Images files:['484512', '484511', '484510', '484509', '484508', '484507', '484506', '484505', '484504']	img count: 8
2023-02-03 03:23:27 [ERROR] [FAILED]	[ID: 484496]  Title: Coach REVEL BAG 	Price:69.54$	Link:https://bit.ly/40j1xV5	Aff_link:No Ali Express link detected	Saved-> 	Images files:['484502', '484501', '484500', '484499', '484498', '484497']	img count: 14
2023-02-03 03:23:36 [INFO] [SUCCESS]	[ID: 484486]  Title: Nike Air Presto x  	Price:57.60$	Link:https://bit.ly/3Jq70DD	Aff_link:https://s.click.aliexpress.com/e/_EwrMHxB	Saved-> 	Images files:['484495', '484494', '484493', '484492', '484491', '484490', '484489', '484488', '484487']	img count: 23
2023-02-03 03:23:44 [ERROR] [FAILED]	[ID: 484478]  Title: NIKE            	Price:55$	Link:https://bit.ly/3WAhT9C	Aff_link:Failed to convert Ali Express link	Saved-> 	Images files:['484485', '484484', '484483', '484482', '484481', '484480', '484479']	img count: 30
2023-02-03 03:23:51 [INFO] [SUCCESS]	[ID: 484470]  Title: Ralph Lauren Sweat 	Price:41.28$	Link:https://bit.ly/3jl25cN	Aff_link:https://s.click.aliexpress.com/e/_EzsKjjn	Saved-> 	Images files:['484477', '484476', '484475', '484474', '484473', '484472', '484471']	img count: 37
2023-02-03 03:23:59 [INFO] [SUCCESS]	[ID: 484461]  Title: Chloe sunglasses 	Price:26.40$	Link:https://bit.ly/3Y5nzJk	Aff_link:https://s.click.aliexpress.com/e/_EHnFSit	Saved-> 	Images files:['484469', '484468', '484467', '484466', '484465', '484464', '484463', '484462']	img count: 45
2023-02-03 03:24:07 [ERROR] [FAILED]	[ID: 484453]  Title: NIKE            	Price:55$	Link:https://bit.ly/3WAhT9C	Aff_link:Failed to convert Ali Express link	Saved-> 	Images files:['484460', '484459', '484458', '484457', '484456', '484455', '484454']	img count: 52
2023-02-03 03:24:15 [ERROR] [FAILED]	[ID: 484446]  Title: NIKE            	Price:55$	Link:https://bit.ly/3WAhT9C	Aff_link:Failed to convert Ali Express link	Saved-> 	Images files:['484452', '484451', '484450', '484449', '484448', '484447']	img count: 58
2023-02-03 03:24:22 [INFO] [SUCCESS]	[ID: 484438]  Title: Dyson hair dryer h 	Price:156$	Link:https://bit.ly/3Y0ITzM	Aff_link:https://s.click.aliexpress.com/e/_EJZtzVj	Saved-> 	Images files:['484445', '484444', '484443', '484442', '484441', '484440', '484439']	img count: 65
2023-02-03 03:24:39 [INFO] [SUCCESS]	[ID: 484428]  Title: Adidas Originals H 	Price:54$	Link:https://bit.ly/3Re3GNX	Aff_link:https://s.click.aliexpress.com/e/_EIjP3HF	Saved-> 	Images files:['484437', '484436', '484435', '484434', '484433', '484432', '484431', '484430', '484429']	img count: 74
2023-02-03 03:24:48 [ERROR] [FAILED]	[ID: 484418]  Title: NIKE            	Price:55$	Link:https://bit.ly/3WAhT9C	Aff_link:Failed to convert Ali Express link	Saved-> 	Images files:['484427', '484426', '484425', '484424', '484423', '484422', '484421', '484420', '484419']	img count: 83
2023-02-03 03:24:55 [ERROR] [FAILED]	[ID: 484412]  Title: NIKE            	Price:55$	Link:https://bit.ly/3WAhT9C	Aff_link:Failed to convert Ali Express link	Saved-> 	Images files:['484417', '484416', '484415', '484414', '484413']	img count: 88
2023-02-03 03:25:02 [INFO] [SUCCESS]	[ID: 484406]  Title: Louis Vuitton LV Q 	Price:26.38$	Link:https://bit.ly/3HSiZZu	Aff_link:https://s.click.aliexpress.com/e/_EjJ881X	Saved-> 	Images files:['484411', '484410', '484409', '484408', '484407']	img count: 93
2023-02-03 03:25:11 [INFO] [SUCCESS]	[ID: 484396]  Title: RADO watch good qu 	Price:56.28$	Link:https://bit.ly/3YbR7Fb	Aff_link:https://s.click.aliexpress.com/e/_EJgFUFb	Saved-> 	Images files:['484405', '484404', '484403', '484402', '484401', '484400', '484399', '484398', '484397']	img count: 102
2023-02-03 03:25:20 [ERROR] [FAILED]	[ID: 484386]  Title: NIKE            	Price:55$	Link:https://bit.ly/3WAhT9C	Aff_link:Failed to convert Ali Express link	Saved-> 	Images files:['484395', '484394', '484393', '484392', '484391', '484390', '484389', '484388', '484387']	img count: 111
2023-02-03 03:25:29 [ERROR] [FAILED]	[ID: 484376]  Title: NIKE            	Price:55$	Link:https://bit.ly/3WAhT9C	Aff_link:Failed to convert Ali Express link	Saved-> 	Images files:['484385', '484384', '484383', '484382', '484381', '484380', '484379', '484378', '484377']	img count: 120
2023-02-03 03:25:36 [INFO] [SUCCESS]	[ID: 484370]  Title: RADO watch good qu 	Price:56.28$	Link:https://bit.ly/3YbR7Fb	Aff_link:https://s.click.aliexpress.com/e/_Extk0St	Saved-> 	Images files:['484375', '484374', '484373', '484372', '484371']	img count: 125
2023-02-03 03:25:45 [ERROR] [FAILED]	[ID: 484360]  Title: NIKE            	Price:65$	Link:https://bit.ly/3vtyxfa	Aff_link:Failed to convert Ali Express link	Saved-> 	Images files:['484369', '484368', '484367', '484366', '484365', '484364', '484363', '484362', '484361']	img count: 134
2023-02-03 03:25:53 [ERROR] [FAILED]	[ID: 484352]  Title: NIKE            	Price:60$	Link:https://bit.ly/3Gv9a2Q	Aff_link:Failed to convert Ali Express link	Saved-> 	Images files:['484359', '484358', '484357', '484356', '484355', '484354', '484353']	img count: 141
2023-02-03 03:25:58 [ERROR] [FAILED]	[ID: 484344]  Title: no title        	Price:no title	Link:no title	Aff_link:no title	Saved-> 	Images files:['484351', '484350', '484349', '484348', '484347', '484346', '484345']	img count: 148
2023-02-03 03:26:03 [ERROR] [FAILED]	[ID: 484335]  Title: no title        	Price:no title	Link:no title	Aff_link:no title	Saved-> 	Images files:['484343', '484342', '484341', '484340', '484339', '484338', '484337', '484336']	img count: 7
2023-02-03 03:26:11 [INFO] [SUCCESS]	[ID: 484326]  Title: Carhatt backpack 	Price:37.61$	Link:https://bit.ly/3YmBB9z	Aff_link:https://s.click.aliexpress.com/e/_Ey9q5tT	Saved-> 	Images files:['484334', '484333', '484332', '484331', '484330', '484329', '484328', '484327']	img count: 15
2023-02-03 03:26:11 [INFO] full_file_name: /Users/user/Desktop/Backup/photo_2023-02-03_03-26-11.jpg, handle_fd: /Users/user/Desktop/Backup/products_handaling/, id: 484325
2023-02-03 03:26:12 [INFO] full_file_name: /Users/user/Desktop/Backup/photo_2023-02-03_03-26-12.jpg, handle_fd: /Users/user/Desktop/Backup/products_handaling/, id: 484324
2023-02-03 03:26:12 [INFO] full_file_name: /Users/user/Desktop/Backup/photo_2023-02-03_03-26-12 (1).jpg, handle_fd: /Users/user/Desktop/Backup/products_handaling/, id: 484323
2023-02-03 03:26:13 [INFO] full_file_name: /Users/user/Desktop/Backup/photo_2023-02-03_03-26-12 (2).jpg, handle_fd: /Users/user/Desktop/Backup/products_handaling/, id: 484322
2023-02-03 03:26:13 [INFO] full_file_name: /Users/user/Desktop/Backup/photo_2023-02-03_03-26-13.jpg, handle_fd: /Users/user/Desktop/Backup/products_handaling/, id: 484321
