2023-02-07 18:31:16 [ERROR] [FAILED]	[ID: 487017]  Title: Follow secrect bra 	Price:$	Link:https://t.me/joinchat/FVE33KPWkWBlMDIy	Aff_link:No Ali Express link detected	Saved-> 	Images files:['487017']	img count: 0
2023-02-07 18:31:21 [INFO] [SUCCESS]	[ID: 487016]  Title: SUPREME         	Price:33$	Link:https://bit.ly/3G2mAlz	Aff_link:https://s.click.aliexpress.com/e/_EIu9mHx	Saved-> 	Images files:['487016', '487015', '487014', '487013', '487012', '487011', '487010']	img count: 6
2023-02-07 18:31:24 [INFO] [SUCCESS]	[ID: 487009]  Title: SUPREME         	Price:22$	Link:https://bit.ly/3i0CODQ	Aff_link:https://s.click.aliexpress.com/e/_EzxlJIv	Saved-> 	Images files:['487009', '487008', '487007']	img count: 2
2023-02-07 18:31:29 [INFO] [SUCCESS]	[ID: 487006]  Title: MLB NY bomber jack 	Price:76.79$	Link:https://bit.ly/3Y6qEJx	Aff_link:https://s.click.aliexpress.com/e/_EQUcf05	Saved-> 	Images files:['487006', '487005', '487004', '487003', '487002', '487001', '487000', '486999', '486998', '486997']	img count: 9
2023-02-07 18:31:34 [INFO] [SUCCESS]	[ID: 486996]  Title: SUPREME         	Price:26$	Link:https://bit.ly/3juH4Mc	Aff_link:https://s.click.aliexpress.com/e/_EQWo4jr	Saved-> 	Images files:['486996', '486995', '486994', '486993', '486992', '486991', '486990', '486989', '486988']	img count: 8
2023-02-07 18:31:38 [INFO] [SUCCESS]	[ID: 486987]  Title: SUPREME         	Price:25$	Link:https://bit.ly/3Z0jS8T	Aff_link:https://s.click.aliexpress.com/e/_EQUiPeh	Saved-> 	Images files:['486987', '486986', '486985', '486984']	img count: 3
2023-02-07 18:31:43 [INFO] [SUCCESS]	[ID: 486983]  Title: Vans sweater    	Price:61.19$	Link:https://bit.ly/3DF7nGR	Aff_link:https://s.click.aliexpress.com/e/_EQUW46V	Saved-> 	Images files:['486983', '486982', '486981', '486980', '486979', '486978', '486977', '486976', '486975']	img count: 8
2023-02-07 18:31:47 [INFO] [SUCCESS]	[ID: 486974]  Title: SUPREME         	Price:31$	Link:https://bit.ly/3VI88VW	Aff_link:https://s.click.aliexpress.com/e/_EJPQ2PX	Saved-> 	Images files:['486974', '486973', '486972', '486971', '486970', '486969', '486968']	img count: 6
2023-02-07 18:31:51 [INFO] [SUCCESS]	[ID: 486967]  Title: TNF             	Price:40$	Link:https://bit.ly/3ZcwFp5	Aff_link:https://s.click.aliexpress.com/e/_EyigGHL	Saved-> 	Images files:['486967', '486966', '486965', '486964', '486963']	img count: 4
2023-02-07 18:31:57 [INFO] [SUCCESS]	[ID: 486962]  Title: MLB NY jacket   	Price:61.19$	Link:https://bit.ly/3JGJeDp	Aff_link:https://s.click.aliexpress.com/e/_EHoAL5n	Saved-> 	Images files:['486962', '486961', '486960', '486959', '486958', '486957', '486956', '486955']	img count: 7
2023-02-07 18:32:02 [INFO] [SUCCESS]	[ID: 486954]  Title: SUPREME         	Price:27$	Link:https://bit.ly/3IcWeQx	Aff_link:https://s.click.aliexpress.com/e/_EHgDAxB	Saved-> 	Images files:['486954', '486953', '486952', '486951', '486950']	img count: 4
2023-02-07 18:32:05 [INFO] [SUCCESS]	[ID: 486949]  Title: SUPREME         	Price:27$	Link:https://bit.ly/3IcWeQx	Aff_link:https://s.click.aliexpress.com/e/_EHWHW57	Saved-> 	Images files:['486949', '486948', '486947', '486946']	img count: 3
2023-02-07 18:32:13 [INFO] [SUCCESS]	[ID: 486945]  Title: NIKE            	Price:80$	Link:https://bit.ly/3WX9M75	Aff_link:https://s.click.aliexpress.com/e/_Ez8VQKH	Saved-> 	Images files:['486945', '486944', '486943', '486942', '486941', '486940', '486939', '486938', '486937', '486936']	img count: 9
2023-02-07 18:32:17 [INFO] [SUCCESS]	[ID: 486935]  Title: NIKE            	Price:59$	Link:https://bit.ly/3i72zlR	Aff_link:https://s.click.aliexpress.com/e/_EupEGbB	Saved-> 	Images files:['486935', '486934', '486933', '486932', '486931', '486930']	img count: 5
2023-02-07 18:32:22 [INFO] [SUCCESS]	[ID: 486929]  Title: NIKE            	Price:59$	Link:https://bit.ly/3i72zlR	Aff_link:https://s.click.aliexpress.com/e/_EwKPXZf	Saved-> 	Images files:['486929', '486928', '486927', '486926', '486925', '486924', '486923', '486922', '486921', '486920']	img count: 9
2023-02-07 18:32:29 [INFO] [SUCCESS]	[ID: 486919]  Title: NIKE            	Price:69$	Link:https://bit.ly/3WS8wSr	Aff_link:https://s.click.aliexpress.com/e/_EGKJPBL	Saved-> 	Images files:['486919', '486918', '486917', '486916', '486915', '486914', '486913', '486912', '486911', '486910']	img count: 9
2023-02-07 18:32:32 [INFO] [SUCCESS]	[ID: 486909]  Title: NIKE            	Price:69$	Link:https://bit.ly/3WS8wSr	Aff_link:https://s.click.aliexpress.com/e/_EH0Tsh7	Saved-> 	Images files:['486909', '486908', '486907', '486906', '486905', '486904', '486903']	img count: 6
2023-02-07 18:32:39 [INFO] [SUCCESS]	[ID: 486902]  Title: NIKE            	Price:65$	Link:https://bit.ly/3vtyxfa	Aff_link:https://s.click.aliexpress.com/e/_Ex9n5Nn	Saved-> 	Images files:['486902', '486901', '486900', '486899', '486898', '486897', '486896', '486895', '486894', '486893']	img count: 9
2023-02-07 18:32:43 [INFO] [SUCCESS]	[ID: 486892]  Title: NIKE            	Price:65$	Link:https://bit.ly/3vtyxfa	Aff_link:https://s.click.aliexpress.com/e/_EuFn3JF	Saved-> 	Images files:['486892', '486891', '486890', '486889', '486888']	img count: 4
2023-02-07 18:32:49 [INFO] [SUCCESS]	[ID: 486887]  Title: NIKE            	Price:75$	Link:https://bit.ly/3Q1O4fG	Aff_link:https://s.click.aliexpress.com/e/_EQYDsJr	Saved-> 	Images files:['486887', '486886', '486885', '486884', '486883', '486882', '486881', '486880', '486879', '486878']	img count: 9
2023-02-07 18:32:53 [ERROR] [FAILED]	[ID: 486877]  Title: no title        	Price:no title	Link:no title	Aff_link:no title	Saved-> 	Images files:['486877', '486876', '486875', '486874', '486873', '486872', '486871', '486870']	img count: 7
2023-02-07 18:32:57 [INFO] full_file_name: /Users/user/Desktop/Backup/photo_2023-02-07_18-32-57.jpg, handle_fd: /Users/user/Desktop/Backup/products_handaling/, id: 486861
2023-02-07 18:32:58 [INFO] full_file_name: /Users/user/Desktop/Backup/.jpg, handle_fd: /Users/user/Desktop/Backup/products_handaling/, id: 486860
