2023-02-09 22:29:03 [INFO] [SUCCESS]	[ID: 487891]  Uploaded in: Feb 09, 20:00:38 	Title: STONE ISLAND    	Price:43$	Link:https://bit.ly/3G8aMOT	Aff_link:https://s.click.aliexpress.com/e/_EzaDGIH	Saved-> 	Image files:['487891', '487890', '487889', '487888', '487887', '487886', '487885']	img count: 7
2023-02-09 22:29:12 [INFO] [SUCCESS]	[ID: 487884]  Uploaded in: Feb 09, 19:30:14 	Title: STONE ISLAND    	Price:27$	Link:https://bit.ly/3IcWeQx	Aff_link:https://s.click.aliexpress.com/e/_EQDYWOd	Saved-> 	Image files:['487884', '487883', '487882', '487881', '487880', '487879', '487878', '487877']	img count: 8
2023-02-09 22:29:18 [INFO] [SUCCESS]	[ID: 487876]  Uploaded in: Feb 09, 19:15:20 	Title: Stone Island    	Price:37$	Link:https://bit.ly/3CbdW3b	Aff_link:https://s.click.aliexpress.com/e/_EzTMmS9	Saved-> 	Image files:['487876', '487875', '487874', '487873', '487872', '487871', '487870']	img count: 7
2023-02-09 22:29:29 [INFO] [SUCCESS]	[ID: 487869]  Uploaded in: Feb 09, 19:00:33 	Title: STONE ISLAND    	Price:37$	Link:https://bit.ly/3CbdW3b	Aff_link:https://s.click.aliexpress.com/e/_EvEBGFn	Saved-> 	Image files:['487869', '487868', '487867', '487866', '487865', '487864', '487863', '487862', '487861', '487860']	img count: 10
2023-02-09 22:29:36 [INFO] [SUCCESS]	[ID: 487859]  Uploaded in: Feb 09, 18:30:17 	Title: STONE ISLAND    	Price:35$	Link:https://bit.ly/3Vt5S4E	Aff_link:https://s.click.aliexpress.com/e/_EH2V2Tr	Saved-> 	Image files:['487859', '487858', '487857', '487856', '487855', '487854']	img count: 6
2023-02-09 22:29:48 [ERROR] [FAILED]	[ID: 487853]  Uploaded in: Feb 09, 18:15:22 	Title: Supreme         	Price:55$	Link:https://bit.ly/3WAhT9C	Aff_link:Failed to convert Ali Express link			Saved-> 	Image files:['487853', '487852', '487851', '487850', '487849', '487848', '487847', '487846']	img count: 8
2023-02-09 22:29:56 [ERROR] [FAILED]	[ID: 487845]  Uploaded in: Feb 09, 18:00:55 	Title: STONE ISLAND    	Price:55$	Link:https://bit.ly/3WAhT9C	Aff_link:Failed to convert Ali Express link			Saved-> 	Image files:['487845', '487844', '487843', '487842', '487841', '487840', '487839', '487838']	img count: 8
2023-02-09 22:30:15 [INFO] [SUCCESS]	[ID: 487837]  Uploaded in: Feb 09, 17:30:14 	Title: STONE ISLAND    	Price:45$	Link:https://bit.ly/3hZn4B0	Aff_link:https://s.click.aliexpress.com/e/_EwcdKXR	Saved-> 	Image files:['487837', '487836', '487835', '487834', '487833', '487832', '487831', '487830', '487829', '487828']	img count: 10
2023-02-09 22:30:18 [ERROR] [FAILED]	[ID: 487827]  Uploaded in: Feb 09, 17:16:34 	Title: Follow our Look Ch 	Price:$	Link:https://bestallie.x.yupoo.com/	Aff_link:No Ali Express link detected	Saved-> 	Image files:['487827']	img count: 1
2023-02-09 22:30:25 [INFO] [SUCCESS]	[ID: 487826]  Uploaded in: Feb 09, 17:00:56 	Title: STONE ISLAND    	Price:45$	Link:https://bit.ly/3hZn4B0	Aff_link:https://s.click.aliexpress.com/e/_EIioGkv	Saved-> 	Image files:['487826', '487825', '487824', '487823', '487822', '487821', '487820', '487819', '487818', '487817']	img count: 10
2023-02-09 22:30:41 [INFO] [SUCCESS]	[ID: 487816]  Uploaded in: Feb 09, 16:30:44 	Title: STONE ISLAND    	Price:45$	Link:https://bit.ly/3hZn4B0	Aff_link:https://s.click.aliexpress.com/e/_EzK1lqp	Saved-> 	Image files:['487816', '487815', '487814', '487813', '487812', '487811', '487810', '487809']	img count: 8
2023-02-09 22:30:44 [ERROR] [FAILED]	[ID: 487808]  Uploaded in: Feb 09, 16:15:21 	Title: Follow secrect bra 	Price:$	Link:https://t.me/joinchat/FVE33KPWkWBlMDIy	Aff_link:No Ali Express link detected	Saved-> 	Image files:['487808']	img count: 1
2023-02-09 22:30:55 [INFO] [SUCCESS]	[ID: 487807]  Uploaded in: Feb 09, 16:01:12 	Title: Asics           	Price:$	Link:https://shp.pub/6lu1rz	Aff_link:https://s.click.aliexpress.com/e/_Ex1uK2z	Saved-> 	Image files:['487807', '487806', '487805', '487804', '487803', '487802', '487801', '487800']	img count: 8
2023-02-09 22:31:08 [INFO] [SUCCESS]	[ID: 487799]  Uploaded in: Feb 09, 15:30:15 	Title: Yeezy boost     	Price:$	Link:https://shp.pub/6lu1n4	Aff_link:https://s.click.aliexpress.com/e/_EykmfB3	Saved-> 	Image files:['487799', '487798', '487797', '487796', '487795', '487794', '487793', '487792', '487791', '487790']	img count: 10
2023-02-09 22:31:25 [INFO] [SUCCESS]	[ID: 487789]  Uploaded in: Feb 09, 15:15:27 	Title: Yeezy boost     	Price:$	Link:https://shp.pub/6lu1n4	Aff_link:https://s.click.aliexpress.com/e/_Euyi7jx	Saved-> 	Image files:['487789', '487788', '487787', '487786', '487785', '487784', '487783', '487782', '487781', '487780']	img count: 10
2023-02-09 22:31:32 [INFO] [SUCCESS]	[ID: 487779]  Uploaded in: Feb 09, 15:00:36 	Title: Jordan          	Price:$	Link:https://shp.pub/6ltzyn	Aff_link:https://s.click.aliexpress.com/e/_EJ7JLw1	Saved-> 	Image files:['487779', '487778', '487777', '487776', '487775', '487774', '487773', '487772']	img count: 8
2023-02-09 22:31:42 [INFO] [SUCCESS]	[ID: 487771]  Uploaded in: Feb 09, 14:30:18 	Title: Jordan jacket   	Price:$	Link:https://shp.pub/6lu1k0	Aff_link:https://s.click.aliexpress.com/e/_EJul0N3	Saved-> 	Image files:['487771', '487770', '487769', '487768', '487767', '487766', '487765', '487764', '487763', '487762']	img count: 10
2023-02-09 22:31:52 [INFO] [SUCCESS]	[ID: 487761]  Uploaded in: Feb 09, 14:15:22 	Title: Rolex watch qualit 	Price:318$	Link:https://bit.ly/3JFN6F0	Aff_link:https://s.click.aliexpress.com/e/_EHNevkd	Saved-> 	Image files:['487761', '487760', '487759', '487758', '487757', '487756', '487755', '487754', '487753', '487752']	img count: 10
2023-02-09 22:31:59 [INFO] [SUCCESS]	[ID: 487751]  Uploaded in: Feb 09, 14:00:45 	Title: LV bag          	Price:49.53$	Link:https://shp.pub/6ltjxc	Aff_link:https://s.click.aliexpress.com/e/_EIQH73j	Saved-> 	Image files:['487751', '487750', '487749', '487748', '487747', '487746']	img count: 6
2023-02-09 22:32:06 [INFO] [SUCCESS]	[ID: 487745]  Uploaded in: Feb 09, 13:30:24 	Title: YSL bag         	Price:26.69$	Link:https://shp.pub/6ltjuf	Aff_link:https://s.click.aliexpress.com/e/_EwSBT21	Saved-> 	Image files:['487745', '487744', '487743', '487742', '487741', '487740', '487739', '487738', '487737']	img count: 9
2023-02-09 22:32:20 [INFO] [SUCCESS]	[ID: 487736]  Uploaded in: Feb 09, 13:15:23 	Title: СK boxer        	Price:25.60$	Link:https://shp.pub/6ltjtg	Aff_link:https://s.click.aliexpress.com/e/_ExHoLyl	Saved-> 	Image files:['487736', '487735', '487734', '487733', '487732', '487731', '487730', '487729']	img count: 8
2023-02-09 22:32:33 [INFO] [SUCCESS]	[ID: 487728]  Uploaded in: Feb 09, 13:00:27 	Title: TNF             	Price:38.60$	Link:https://shp.pub/6ltjt9	Aff_link:https://s.click.aliexpress.com/e/_EyNu9E1	Saved-> 	Image files:['487728', '487727', '487726', '487725', '487724', '487723', '487722']	img count: 7
2023-02-09 22:32:51 [INFO] [SUCCESS]	[ID: 487721]  Uploaded in: Feb 09, 12:30:14 	Title: Levi's          	Price:28.00$	Link:https://shp.pub/6ltjsh	Aff_link:https://s.click.aliexpress.com/e/_EHht6Jf	Saved-> 	Image files:['487721', '487720', '487719', '487718', '487717', '487716', '487715', '487714', '487713']	img count: 9
2023-02-09 22:32:58 [INFO] [SUCCESS]	[ID: 487712]  Uploaded in: Feb 09, 12:15:32 	Title: PALM ANGELS     	Price:59$	Link:https://bit.ly/3i72zlR	Aff_link:https://s.click.aliexpress.com/e/_EvCRLhR	Saved-> 	Image files:['487712', '487711', '487710', '487709', '487708', '487707']	img count: 6
2023-02-09 22:33:04 [INFO] [SUCCESS]	[ID: 487706]  Uploaded in: Feb 09, 12:00:17 	Title: PALM ANGELS     	Price:35$	Link:https://bit.ly/3Vt5S4E	Aff_link:https://s.click.aliexpress.com/e/_EGEamZL	Saved-> 	Image files:['487706', '487705', '487704', '487703', '487702', '487701']	img count: 6
2023-02-09 22:33:08 [INFO] [SUCCESS]	[ID: 487700]  Uploaded in: Feb 09, 11:30:30 	Title: PALM ANGELS     	Price:29$	Link:https://bit.ly/3IcW3ol	Aff_link:https://s.click.aliexpress.com/e/_EyQCi17	Saved-> 	Image files:['487700', '487699', '487698', '487697', '487696']	img count: 5
2023-02-09 22:33:23 [INFO] [SUCCESS]	[ID: 487695]  Uploaded in: Feb 09, 11:15:13 	Title: RL              	Price:24.20$	Link:https://shp.pub/6ltjri	Aff_link:https://s.click.aliexpress.com/e/_Ev7oDPL	Saved-> 	Image files:['487695', '487694', '487693', '487692', '487691', '487690', '487689']	img count: 7
2023-02-09 22:33:34 [INFO] [SUCCESS]	[ID: 487688]  Uploaded in: Feb 09, 11:00:45 	Title: CK boxer        	Price:24.20$	Link:https://shp.pub/6ltjrb	Aff_link:https://s.click.aliexpress.com/e/_ExAjGCD	Saved-> 	Image files:['487688', '487687', '487686', '487685', '487684', '487683', '487682', '487681']	img count: 8
2023-02-09 22:33:50 [INFO] [SUCCESS]	[ID: 487680]  Uploaded in: Feb 09, 10:30:55 	Title: Moschino        	Price:34.40$	Link:https://shp.pub/6ltjqx	Aff_link:https://s.click.aliexpress.com/e/_EHaUCdL	Saved-> 	Image files:['487680', '487679', '487678', '487677', '487676', '487675', '487674', '487673', '487672', '487671']	img count: 10
2023-02-09 22:34:10 [INFO] [SUCCESS]	[ID: 487670]  Uploaded in: Feb 09, 10:15:22 	Title: TNF             	Price:36.80$	Link:https://shp.pub/6ltjpk	Aff_link:https://s.click.aliexpress.com/e/_EzSrwnR	Saved-> 	Image files:['487670', '487669', '487668', '487667', '487666', '487665', '487664', '487663', '487662']	img count: 9
2023-02-09 22:34:27 [INFO] [SUCCESS]	[ID: 487661]  Uploaded in: Feb 09, 10:00:39 	Title: Converse        	Price:28.00$	Link:https://shp.pub/6ltjp6	Aff_link:https://s.click.aliexpress.com/e/_EIugckv	Saved-> 	Image files:['487661', '487660', '487659', '487658', '487657', '487656', '487655']	img count: 7
2023-02-09 22:34:36 [INFO] [SUCCESS]	[ID: 487654]  Uploaded in: Feb 09, 09:51:13 	Title: PRADA           	Price:100$	Link:https://bit.ly/3CbCv02	Aff_link:https://s.click.aliexpress.com/e/_Ezscuct	Saved-> 	Image files:['487654', '487653', '487652', '487651', '487650', '487649', '487648', '487647', '487646', '487645']	img count: 10
2023-02-09 22:34:36 [INFO] full_file_name: None, handle_fd: /Users/user/Desktop/Backup/products_handaling/, id: 487644
2023-02-09 22:34:40 [ERROR] Cannot move from/Users/user/Desktop/Backup/products_handaling/487644 to /Users/user/Desktop/Backup/Item_487643487644
2023-02-09 22:34:40 [ERROR] [FAILED]	[ID: 487643]  Uploaded in: Feb 09, 09:15:26 	Title: Check our new Chan 	Price:$	Link:https://t.me/hypeallie3	Aff_link:No Ali Express link detected	Saved-> 	Image files:['487644', '487643']	img count: 1
2023-02-09 22:34:50 [INFO] [SUCCESS]	[ID: 487642]  Uploaded in: Feb 09, 09:01:24 	Title: GG              	Price:100$	Link:https://bit.ly/3CbCv02	Aff_link:https://s.click.aliexpress.com/e/_Ev1MQKN	Saved-> 	Image files:['487642', '487641', '487640', '487639', '487638', '487637', '487636', '487635']	img count: 8
2023-02-09 22:35:18 [INFO] [SUCCESS]	[ID: 487634]  Uploaded in: Feb 09, 07:30:22 	Title: Fendi bag       	Price:72$	Link:https://bit.ly/3HaMXHW	Aff_link:https://s.click.aliexpress.com/e/_EjG5mpb	Saved-> 	Image files:['487634', '487633', '487632', '487631', '487630', '487629', '487628', '487627', '487626', '487625']	img count: 10
2023-02-09 22:35:26 [INFO] [SUCCESS]	[ID: 487624]  Uploaded in: Feb 09, 07:15:28 	Title: Prada           	Price:95$	Link:https://bit.ly/3WAL4JS	Aff_link:https://s.click.aliexpress.com/e/_ExUyOuD	Saved-> 	Image files:['487624', '487623', '487622', '487621', '487620', '487619', '487618', '487617']	img count: 8
2023-02-09 22:35:45 [INFO] [SUCCESS]	[ID: 487616]  Uploaded in: Feb 09, 07:00:34 	Title: Nike            	Price:54.00$	Link:https://shp.pub/6ltjjx	Aff_link:https://s.click.aliexpress.com/e/_Ezw0Wlj	Saved-> 	Image files:['487616', '487615', '487614', '487613', '487612', '487611', '487610', '487609', '487608', '487607']	img count: 10
2023-02-09 22:36:11 [INFO] [SUCCESS]	[ID: 487606]  Uploaded in: Feb 09, 06:30:48 	Title: Fendi bag       	Price:61$	Link:https://bit.ly/3iP0BqP	Aff_link:https://s.click.aliexpress.com/e/_EjJLsw9	Saved-> 	Image files:['487606', '487605', '487604', '487603', '487602', '487601', '487600', '487599', '487598']	img count: 9
2023-02-09 22:36:18 [INFO] [SUCCESS]	[ID: 487597]  Uploaded in: Feb 09, 06:15:29 	Title: TNF backpack    	Price:22.99$	Link:https://shp.pub/6ltjik	Aff_link:https://s.click.aliexpress.com/e/_EHH4l3j	Saved-> 	Image files:['487597', '487596', '487595', '487594', '487593', '487592']	img count: 6
2023-02-09 22:36:34 [INFO] [SUCCESS]	[ID: 487591]  Uploaded in: Feb 09, 06:00:53 	Title: Fendi bag       	Price:68$	Link:https://bit.ly/3XhXc2Q	Aff_link:https://s.click.aliexpress.com/e/_EuBJdJj	Saved-> 	Image files:['487591', '487590', '487589', '487588', '487587', '487586', '487585', '487584', '487583', '487582']	img count: 10
2023-02-09 22:37:14 [INFO] [SUCCESS]	[ID: 487581]  Uploaded in: Feb 09, 05:30:53 	Title: NB              	Price:46$	Link:https://bit.ly/3iQMYar	Aff_link:https://s.click.aliexpress.com/e/_ExXIdC9	Saved-> 	Image files:['487581', '487580', '487579', '487578', '487577', '487576', '487575', '487574', '487573']	img count: 9
2023-02-09 22:37:19 [INFO] [SUCCESS]	[ID: 487572]  Uploaded in: Feb 09, 05:15:21 	Title: Nike            	Price:46$	Link:https://bit.ly/3iQMYar	Aff_link:https://s.click.aliexpress.com/e/_EuAwxzn	Saved-> 	Image files:['487572', '487571', '487570']	img count: 3
2023-02-09 22:37:34 [INFO] [SUCCESS]	[ID: 487569]  Uploaded in: Feb 09, 05:00:28 	Title: Drew            	Price:42$	Link:https://alli.pub/6lsulz	Aff_link:https://s.click.aliexpress.com/e/_EGk1ca9	Saved-> 	Image files:['487569', '487568', '487567', '487566', '487565', '487564', '487563', '487562', '487561', '487560']	img count: 10
2023-02-09 22:37:38 [ERROR] [FAILED]	[ID: 487559]  Uploaded in: Feb 09, 04:30:58 	Title: Catalogs

1) https 	Price:$	Link:https://hypeallie.online/jackzhang/	Aff_link:No Ali Express link detected	Saved-> 	Image files:['487559']	img count: 1
2023-02-09 22:37:53 [INFO] [SUCCESS]	[ID: 487558]  Uploaded in: Feb 09, 04:15:14 	Title: Drew            	Price:42$	Link:https://alli.pub/6lsulz	Aff_link:https://s.click.aliexpress.com/e/_EGVgSsZ	Saved-> 	Image files:['487558', '487557', '487556', '487555', '487554', '487553', '487552', '487551', '487550', '487549']	img count: 10
2023-02-09 22:38:02 [INFO] [SUCCESS]	[ID: 487548]  Uploaded in: Feb 09, 04:00:20 	Title: Nike            	Price:48$	Link:https://bit.ly/3CRCoGX	Aff_link:https://s.click.aliexpress.com/e/_EudN27r	Saved-> 	Image files:['487548', '487547', '487546', '487545', '487544', '487543', '487542', '487541']	img count: 8
2023-02-09 22:38:13 [INFO] [SUCCESS]	[ID: 487540]  Uploaded in: Feb 09, 03:15:14 	Title: SUPREME         	Price:29$	Link:https://bit.ly/3IcW3ol	Aff_link:https://s.click.aliexpress.com/e/_Eyi21bb	Saved-> 	Image files:['487540', '487539', '487538', '487537', '487536', '487535', '487534', '487533', '487532', '487531']	img count: 10
2023-02-09 22:38:24 [INFO] [SUCCESS]	[ID: 487530]  Uploaded in: Feb 09, 03:00:20 	Title: SUPREME         	Price:27$	Link:https://bit.ly/3IcWeQx	Aff_link:https://s.click.aliexpress.com/e/_EynPGEN	Saved-> 	Image files:['487530', '487529', '487528', '487527', '487526', '487525', '487524', '487523', '487522', '487521']	img count: 10
2023-02-09 22:38:28 [INFO] [SUCCESS]	[ID: 487520]  Uploaded in: Feb 08, 21:00:18 	Title: SUPREME         	Price:30$	Link:https://bit.ly/3CdVCX3	Aff_link:https://s.click.aliexpress.com/e/_EHrSHnL	Saved-> 	Image files:['487520', '487519']	img count: 2
2023-02-09 22:38:43 [INFO] [SUCCESS]	[ID: 487518]  Uploaded in: Feb 08, 20:00:27 	Title: TODS            	Price:76.60$	Link:https://shp.pub/6lsrdi	Aff_link:https://s.click.aliexpress.com/e/_Ey5k8Kd	Saved-> 	Image files:['487518', '487517', '487516', '487515', '487514', '487513', '487512', '487511', '487510', '487509']	img count: 10
2023-02-09 22:38:55 [INFO] [SUCCESS]	[ID: 487508]  Uploaded in: Feb 08, 18:30:49 	Title: UA              	Price:19.90$	Link:https://shp.pub/6lsqzi	Aff_link:https://s.click.aliexpress.com/e/_Exxyot3	Saved-> 	Image files:['487508', '487507', '487506', '487505', '487504', '487503', '487502']	img count: 7
2023-02-09 22:39:07 [INFO] [SUCCESS]	[ID: 487501]  Uploaded in: Feb 08, 18:15:16 	Title: TNF             	Price:36.90$	Link:https://shp.pub/6lsqrx	Aff_link:https://s.click.aliexpress.com/e/_EGlQxm1	Saved-> 	Image files:['487501', '487500', '487499', '487498', '487497', '487496', '487495', '487494', '487493', '487492']	img count: 10
2023-02-09 22:39:23 [ERROR] [FAILED]	[ID: 487491]  Uploaded in: Feb 08, 18:00:31 	Title: Marc Jacobs     	Price:26.9$	Link:https://shp.pub/6lracn	Aff_link:No Ali Express link detected	Saved-> 	Image files:['487491', '487490', '487489', '487488', '487487', '487486', '487485', '487484', '487483', '487482']	img count: 10
2023-02-09 22:39:30 [INFO] [SUCCESS]	[ID: 487481]  Uploaded in: Feb 08, 17:30:09 	Title: PALM ANGELS     	Price:60$	Link:https://bit.ly/3Gv9a2Q	Aff_link:https://s.click.aliexpress.com/e/_EwjZTcV	Saved-> 	Image files:['487481', '487480', '487479', '487478', '487477', '487476', '487475', '487474', '487473']	img count: 9
2023-02-09 22:39:34 [ERROR] [FAILED]	[ID: 487472]  Uploaded in: Feb 08, 17:15:33 	Title: Follow our Look Ch 	Price:$	Link:https://bestallie.x.yupoo.com/	Aff_link:No Ali Express link detected	Saved-> 	Image files:['487472']	img count: 1
2023-02-09 22:39:40 [INFO] [SUCCESS]	[ID: 487471]  Uploaded in: Feb 08, 17:00:29 	Title: PALM ANGELS     	Price:45$	Link:https://bit.ly/3hZn4B0	Aff_link:https://s.click.aliexpress.com/e/_EvREUq9	Saved-> 	Image files:['487471', '487470', '487469', '487468', '487467', '487466', '487465']	img count: 7
2023-02-09 22:39:44 [INFO] [SUCCESS]	[ID: 487464]  Uploaded in: Feb 08, 16:30:37 	Title: PALM ANGELS     	Price:47$	Link:https://bit.ly/3IcM2r9	Aff_link:https://s.click.aliexpress.com/e/_EwY2mUp	Saved-> 	Image files:['487464', '487463', '487462', '487461', '487460']	img count: 5
2023-02-09 22:39:45 [ERROR] [FAILED]	[ID: 487459]  Uploaded in: Feb 08, 16:15:14 	Title: Follow secrect bra 	Price:$	Link:https://t.me/joinchat/FVE33KPWkWBlMDIy	Aff_link:No Ali Express link detected	Saved-> 	Image files:['487459']	img count: 1
2023-02-09 22:39:51 [INFO] [SUCCESS]	[ID: 487458]  Uploaded in: Feb 08, 16:00:21 	Title: PALM ANGELS     	Price:47$	Link:https://bit.ly/3IcM2r9	Aff_link:https://s.click.aliexpress.com/e/_EQefMot	Saved-> 	Image files:['487458', '487457', '487456', '487455', '487454', '487453', '487452']	img count: 7
2023-02-09 22:39:57 [INFO] [SUCCESS]	[ID: 487451]  Uploaded in: Feb 08, 15:30:15 	Title: PALM ANGELS     	Price:47$	Link:https://bit.ly/3IcM2r9	Aff_link:https://s.click.aliexpress.com/e/_EJFG6xf	Saved-> 	Image files:['487451', '487450', '487449', '487448', '487447', '487446']	img count: 6
2023-02-09 22:40:07 [INFO] [SUCCESS]	[ID: 487445]  Uploaded in: Feb 08, 15:15:14 	Title: PALM ANGELS     	Price:47$	Link:https://bit.ly/3IcM2r9	Aff_link:https://s.click.aliexpress.com/e/_Ex4wut3	Saved-> 	Image files:['487445', '487444', '487443', '487442', '487441', '487440', '487439']	img count: 7
2023-02-09 22:40:14 [INFO] [SUCCESS]	[ID: 487438]  Uploaded in: Feb 08, 15:00:41 	Title: PALM ANGELS     	Price:26$	Link:https://bit.ly/3juH4Mc	Aff_link:https://s.click.aliexpress.com/e/_EyYmFrb	Saved-> 	Image files:['487438', '487437', '487436', '487435', '487434', '487433', '487432']	img count: 7
2023-02-09 22:40:23 [INFO] [SUCCESS]	[ID: 487431]  Uploaded in: Feb 08, 14:30:29 	Title: PALM ANGELS     	Price:25$	Link:https://bit.ly/3Z0jS8T	Aff_link:https://s.click.aliexpress.com/e/_EyAjpT7	Saved-> 	Image files:['487431', '487430', '487429', '487428', '487427', '487426', '487425', '487424']	img count: 8
2023-02-09 22:40:28 [INFO] [SUCCESS]	[ID: 487423]  Uploaded in: Feb 08, 14:15:15 	Title: PALM ANGELS     	Price:25$	Link:https://bit.ly/3Z0jS8T	Aff_link:https://s.click.aliexpress.com/e/_EI8BKxJ	Saved-> 	Image files:['487423', '487422', '487421', '487420', '487419', '487418']	img count: 6
2023-02-09 22:40:34 [INFO] [SUCCESS]	[ID: 487417]  Uploaded in: Feb 08, 14:00:20 	Title: PALM ANGELS     	Price:25$	Link:https://bit.ly/3Z0jS8T	Aff_link:https://s.click.aliexpress.com/e/_EJVZGSN	Saved-> 	Image files:['487417', '487416', '487415', '487414', '487413', '487412']	img count: 6
2023-02-09 22:40:44 [ERROR] [FAILED]	[ID: 487411]  Uploaded in: Feb 08, 13:30:21 	Title: NIKE            	Price:55$	Link:https://bit.ly/3WAhT9C	Aff_link:Failed to convert Ali Express link			Saved-> 	Image files:['487411', '487410', '487409', '487408', '487407', '487406', '487405', '487404', '487403', '487402']	img count: 10
2023-02-09 22:40:51 [INFO] [SUCCESS]	[ID: 487401]  Uploaded in: Feb 08, 13:15:15 	Title: PALM ANGELS     	Price:25$	Link:https://bit.ly/3Z0jS8T	Aff_link:https://s.click.aliexpress.com/e/_EwMeS5T	Saved-> 	Image files:['487401', '487400', '487399', '487398', '487397', '487396']	img count: 6
2023-02-09 22:40:56 [INFO] [SUCCESS]	[ID: 487395]  Uploaded in: Feb 08, 13:00:27 	Title: PALM ANGELS     	Price:27$	Link:https://bit.ly/3IcWeQx	Aff_link:https://s.click.aliexpress.com/e/_EvLFkJr	Saved-> 	Image files:['487395', '487394', '487393', '487392', '487391', '487390', '487389']	img count: 7
2023-02-09 22:41:01 [INFO] [SUCCESS]	[ID: 487388]  Uploaded in: Feb 08, 12:30:30 	Title: TNF             	Price:40$	Link:https://bit.ly/3ZcwFp5	Aff_link:https://s.click.aliexpress.com/e/_Ewt1wGD	Saved-> 	Image files:['487388', '487387', '487386', '487385', '487384']	img count: 5
2023-02-09 22:41:07 [INFO] [SUCCESS]	[ID: 487383]  Uploaded in: Feb 08, 12:15:35 	Title: BOSS            	Price:95$	Link:https://bit.ly/3WAL4JS	Aff_link:https://s.click.aliexpress.com/e/_EGTFGi9	Saved-> 	Image files:['487383', '487382', '487381', '487380', '487379']	img count: 5
2023-02-09 22:41:14 [INFO] [SUCCESS]	[ID: 487378]  Uploaded in: Feb 08, 12:00:33 	Title: RB glasses      	Price:21.49$	Link:https://shp.pub/6lsk5q	Aff_link:https://s.click.aliexpress.com/e/_ExBnmup	Saved-> 	Image files:['487378', '487377', '487376', '487375', '487374', '487373']	img count: 6
2023-02-09 22:41:27 [ERROR] [FAILED]	[ID: 487372]  Uploaded in: Feb 08, 11:30:20 	Title: LV              	Price:55$	Link:https://bit.ly/3WAhT9C	Aff_link:Failed to convert Ali Express link			Saved-> 	Image files:['487372', '487371', '487370', '487369', '487368', '487367']	img count: 6
2023-02-09 22:41:32 [INFO] [SUCCESS]	[ID: 487366]  Uploaded in: Feb 08, 11:15:12 	Title: PALM ANGELS     	Price:45$	Link:https://bit.ly/3hZn4B0	Aff_link:https://s.click.aliexpress.com/e/_EIaXfZR	Saved-> 	Image files:['487366', '487365', '487364', '487363', '487362', '487361']	img count: 6
2023-02-09 22:41:39 [INFO] [SUCCESS]	[ID: 487360]  Uploaded in: Feb 08, 11:00:17 	Title: PALM ANGELS     	Price:45$	Link:https://bit.ly/3hZn4B0	Aff_link:https://s.click.aliexpress.com/e/_EJCYYdL	Saved-> 	Image files:['487360', '487359', '487358', '487357', '487356', '487355', '487354', '487353']	img count: 8
2023-02-09 22:41:45 [INFO] [SUCCESS]	[ID: 487352]  Uploaded in: Feb 08, 10:30:09 	Title: PALM ANGELS     	Price:45$	Link:https://bit.ly/3hZn4B0	Aff_link:https://s.click.aliexpress.com/e/_EHi7tZr	Saved-> 	Image files:['487352', '487351', '487350', '487349', '487348', '487347', '487346', '487345', '487344']	img count: 9
2023-02-09 22:41:51 [ERROR] [FAILED]	[ID: 487343]  Uploaded in: Feb 08, 10:15:09 	Title: PALM ANGELS     	Price:55$	Link:https://bit.ly/3WAhT9C	Aff_link:Failed to convert Ali Express link			Saved-> 	Image files:['487343', '487342', '487341', '487340', '487339', '487338', '487337']	img count: 7
2023-02-09 22:42:01 [INFO] [SUCCESS]	[ID: 487336]  Uploaded in: Feb 08, 10:00:12 	Title: GG hat          	Price:29$	Link:https://bit.ly/3IcW3ol	Aff_link:https://s.click.aliexpress.com/e/_EJ90DL3	Saved-> 	Image files:['487336', '487335', '487334', '487333']	img count: 4
2023-02-09 22:42:24 [INFO] [SUCCESS]	[ID: 487332]  Uploaded in: Feb 08, 09:30:17 	Title: LV              	Price:45$	Link:https://bit.ly/3hZn4B0	Aff_link:https://s.click.aliexpress.com/e/_EIEl7zX	Saved-> 	Image files:['487332', '487331', '487330', '487329', '487328', '487327', '487326', '487325', '487324']	img count: 9
2023-02-09 22:42:39 [INFO] [SUCCESS]	[ID: 487323]  Uploaded in: Feb 08, 09:15:12 	Title: LV              	Price:79$	Link:https://bit.ly/3CcLUEj	Aff_link:https://s.click.aliexpress.com/e/_EuhGSlj	Saved-> 	Image files:['487323', '487322', '487321', '487320', '487319', '487318', '487317', '487316', '487315', '487314']	img count: 10
2023-02-09 22:42:43 [INFO] [SUCCESS]	[ID: 487313]  Uploaded in: Feb 08, 09:00:35 	Title: Trapstar        	Price:59$	Link:https://bit.ly/3i72zlR	Aff_link:https://s.click.aliexpress.com/e/_EvSx3XF	Saved-> 	Image files:['487313', '487312', '487311', '487310']	img count: 4
2023-02-09 22:42:51 [INFO] [SUCCESS]	[ID: 487309]  Uploaded in: Feb 08, 08:30:30 	Title: SUPREME         	Price:26$	Link:https://bit.ly/3juH4Mc	Aff_link:https://s.click.aliexpress.com/e/_EQsk9hR	Saved-> 	Image files:['487309', '487308', '487307', '487306', '487305', '487304', '487303', '487302', '487301', '487300']	img count: 10
2023-02-09 22:42:57 [INFO] [SUCCESS]	[ID: 487299]  Uploaded in: Feb 08, 08:15:28 	Title: Supreme         	Price:29$	Link:https://bit.ly/3IcW3ol	Aff_link:https://s.click.aliexpress.com/e/_EukLN77	Saved-> 	Image files:['487299', '487298', '487297', '487296', '487295', '487294', '487293', '487292']	img count: 8
2023-02-09 22:43:10 [ERROR] [FAILED]	[ID: 487291]  Uploaded in: Feb 08, 08:00:25 	Title: Supreme         	Price:55$	Link:https://bit.ly/3WAhT9C	Aff_link:Failed to convert Ali Express link			Saved-> 	Image files:['487291', '487290', '487289', '487288', '487287', '487286', '487285', '487284']	img count: 8
2023-02-09 22:43:19 [INFO] [SUCCESS]	[ID: 487283]  Uploaded in: Feb 08, 07:30:18 	Title: SUPREME         	Price:33$	Link:https://bit.ly/3G2mAlz	Aff_link:https://s.click.aliexpress.com/e/_EITNk5T	Saved-> 	Image files:['487283', '487282', '487281', '487280', '487279', '487278', '487277', '487276', '487275']	img count: 9
2023-02-09 22:43:26 [INFO] [SUCCESS]	[ID: 487274]  Uploaded in: Feb 08, 07:15:09 	Title: SUPREME         	Price:33$	Link:https://bit.ly/3G2mAlz	Aff_link:https://s.click.aliexpress.com/e/_EuAlmsh	Saved-> 	Image files:['487274', '487273', '487272', '487271', '487270', '487269', '487268', '487267', '487266', '487265']	img count: 10
2023-02-09 22:43:33 [INFO] [SUCCESS]	[ID: 487264]  Uploaded in: Feb 08, 07:00:41 	Title: SUPREME         	Price:33$	Link:https://bit.ly/3G2mAlz	Aff_link:https://s.click.aliexpress.com/e/_EQC88NL	Saved-> 	Image files:['487264', '487263', '487262', '487261', '487260', '487259', '487258', '487257', '487256', '487255']	img count: 10
2023-02-09 22:44:25 [INFO] [SUCCESS]	[ID: 487254]  Uploaded in: Feb 08, 06:30:26 	Title: SUPREME         	Price:33$	Link:https://bit.ly/3G2mAlz	Aff_link:https://s.click.aliexpress.com/e/_EHy7Tk5	Saved-> 	Image files:['487254', '487253', '487252', '487251', '487250', '487249', '487248', '487247', '487246', '487245']	img count: 10
2023-02-09 22:44:39 [INFO] [SUCCESS]	[ID: 487244]  Uploaded in: Feb 08, 06:15:19 	Title: SUPREME         	Price:33$	Link:https://bit.ly/3G2mAlz	Aff_link:https://s.click.aliexpress.com/e/_EHjeU1T	Saved-> 	Image files:['487244', '487243', '487242', '487241', '487240', '487239', '487238', '487237', '487236', '487235']	img count: 10
2023-02-09 22:44:53 [INFO] [SUCCESS]	[ID: 487234]  Uploaded in: Feb 08, 06:00:33 	Title: SUPREME         	Price:39$	Link:https://bit.ly/3IcGexS	Aff_link:https://s.click.aliexpress.com/e/_Ejv2qwl	Saved-> 	Image files:['487234', '487233', '487232', '487231', '487230', '487229', '487228', '487227']	img count: 8
2023-02-09 22:45:27 [INFO] [SUCCESS]	[ID: 487226]  Uploaded in: Feb 08, 05:30:34 	Title: SUPREME         	Price:39$	Link:https://bit.ly/3IcGexS	Aff_link:https://s.click.aliexpress.com/e/_EuSuebP	Saved-> 	Image files:['487226', '487225', '487224', '487223', '487222', '487221', '487220', '487219', '487218', '487217']	img count: 10
2023-02-09 22:45:34 [INFO] [SUCCESS]	[ID: 487216]  Uploaded in: Feb 08, 05:15:15 	Title: SUPREME         	Price:35$	Link:https://bit.ly/3Vt5S4E	Aff_link:https://s.click.aliexpress.com/e/_EyHMJHf	Saved-> 	Image files:['487216', '487215', '487214', '487213', '487212', '487211', '487210', '487209', '487208']	img count: 9
2023-02-09 22:45:40 [INFO] [SUCCESS]	[ID: 487207]  Uploaded in: Feb 08, 05:00:30 	Title: SUPREME         	Price:35$	Link:https://bit.ly/3Vt5S4E	Aff_link:https://s.click.aliexpress.com/e/_EjJeGmN	Saved-> 	Image files:['487207', '487206', '487205', '487204', '487203', '487202']	img count: 6
2023-02-09 22:45:43 [ERROR] [FAILED]	[ID: 487201]  Uploaded in: Feb 08, 04:30:10 	Title: Catalogs

1) https 	Price:$	Link:https://hypeallie.online/jackzhang/	Aff_link:No Ali Express link detected	Saved-> 	Image files:['487201']	img count: 1
2023-02-09 22:45:52 [INFO] [SUCCESS]	[ID: 487200]  Uploaded in: Feb 08, 04:15:11 	Title: SUPREME         	Price:35$	Link:https://bit.ly/3Vt5S4E	Aff_link:https://s.click.aliexpress.com/e/_EIeaHVX	Saved-> 	Image files:['487200', '487199', '487198', '487197', '487196', '487195', '487194', '487193', '487192']	img count: 9
2023-02-09 22:46:04 [INFO] [SUCCESS]	[ID: 487191]  Uploaded in: Feb 08, 04:00:30 	Title: SUPREME         	Price:29$	Link:https://bit.ly/3IcW3ol	Aff_link:https://s.click.aliexpress.com/e/_Ew4ZK4v	Saved-> 	Image files:['487191', '487190', '487189', '487188', '487187', '487186', '487185']	img count: 7
2023-02-09 22:46:18 [INFO] [SUCCESS]	[ID: 487184]  Uploaded in: Feb 08, 03:15:23 	Title: Nike socks      	Price:11.72$	Link:https://shp.pub/6lryfa	Aff_link:https://s.click.aliexpress.com/e/_EHSQhJ7	Saved-> 	Image files:['487184', '487183', '487182', '487181', '487180', '487179']	img count: 6
2023-02-09 22:46:31 [INFO] [SUCCESS]	[ID: 487178]  Uploaded in: Feb 08, 03:00:47 	Title: NB shoes        	Price:37.23$	Link:https://shp.pub/6lry04	Aff_link:https://s.click.aliexpress.com/e/_EwRBP8H	Saved-> 	Image files:['487178', '487177', '487176', '487175', '487174', '487173', '487172', '487171', '487170']	img count: 9
2023-02-09 22:47:19 [INFO] [SUCCESS]	[ID: 487169]  Uploaded in: Feb 08, 02:00:21 	Title: Nike            	Price:29.34$	Link:https://shp.pub/6lrxyk	Aff_link:https://s.click.aliexpress.com/e/_Ev4Wkfn	Saved-> 	Image files:['487169', '487168', '487167', '487166', '487165', '487164', '487163', '487162']	img count: 8
2023-02-09 22:47:29 [INFO] [SUCCESS]	[ID: 487161]  Uploaded in: Feb 08, 00:00:12 	Title: SUPREME         	Price:30$	Link:https://bit.ly/3CdVCX3	Aff_link:https://s.click.aliexpress.com/e/_Ex57bQZ	Saved-> 	Image files:['487161', '487160', '487159', '487158', '487157', '487156', '487155', '487154', '487153', '487152']	img count: 10
2023-02-09 22:47:38 [INFO] [SUCCESS]	[ID: 487151]  Uploaded in: Feb 07, 22:30:08 	Title: SUPREME         	Price:30$	Link:https://bit.ly/3CdVCX3	Aff_link:https://s.click.aliexpress.com/e/_Ezz9PBx	Saved-> 	Image files:['487151', '487150', '487149', '487148', '487147', '487146', '487145']	img count: 7
2023-02-09 22:47:43 [INFO] [SUCCESS]	[ID: 487144]  Uploaded in: Feb 07, 22:00:08 	Title: SUPREME         	Price:30$	Link:https://bit.ly/3CdVCX3	Aff_link:https://s.click.aliexpress.com/e/_EJOT7oz	Saved-> 	Image files:['487144', '487143', '487142', '487141', '487140', '487139']	img count: 6
2023-02-09 22:47:49 [INFO] [SUCCESS]	[ID: 487138]  Uploaded in: Feb 07, 21:15:12 	Title: SUPREME         	Price:30$	Link:https://bit.ly/3CdVCX3	Aff_link:https://s.click.aliexpress.com/e/_EGYdl5f	Saved-> 	Image files:['487138', '487137', '487136', '487135', '487134', '487133', '487132', '487131']	img count: 8
2023-02-09 22:48:03 [INFO] [SUCCESS]	[ID: 487130]  Uploaded in: Feb 07, 21:00:29 	Title: SUPREME         	Price:30$	Link:https://bit.ly/3CdVCX3	Aff_link:https://s.click.aliexpress.com/e/_EGbRl8N	Saved-> 	Image files:['487130', '487129', '487128', '487127', '487126', '487125', '487124', '487123', '487122', '487121']	img count: 10
2023-02-09 22:48:11 [INFO] [SUCCESS]	[ID: 487120]  Uploaded in: Feb 07, 20:30:04 	Title: SUPREME         	Price:33$	Link:https://bit.ly/3G2mAlz	Aff_link:https://s.click.aliexpress.com/e/_EInqRcz	Saved-> 	Image files:['487120', '487119', '487118', '487117', '487116']	img count: 5
2023-02-09 22:48:18 [INFO] [SUCCESS]	[ID: 487115]  Uploaded in: Feb 07, 20:15:10 	Title: SUPREME         	Price:39$	Link:https://bit.ly/3IcGexS	Aff_link:https://s.click.aliexpress.com/e/_EGnkKrJ	Saved-> 	Image files:['487115', '487114', '487113', '487112']	img count: 4
2023-02-09 22:48:26 [INFO] [SUCCESS]	[ID: 487111]  Uploaded in: Feb 07, 20:00:18 	Title: SUPREME         	Price:31$	Link:https://bit.ly/3VI88VW	Aff_link:https://s.click.aliexpress.com/e/_EwWxD7L	Saved-> 	Image files:['487111', '487110', '487109', '487108', '487107', '487106', '487105', '487104', '487103']	img count: 9
2023-02-09 22:48:40 [INFO] [SUCCESS]	[ID: 487102]  Uploaded in: Feb 07, 19:30:16 	Title: SUPREME         	Price:36$	Link:https://bit.ly/3GsW2eB	Aff_link:https://s.click.aliexpress.com/e/_ExYOoMv	Saved-> 	Image files:['487102', '487101', '487100', '487099', '487098', '487097', '487096', '487095', '487094']	img count: 9
2023-02-09 22:48:49 [INFO] [SUCCESS]	[ID: 487093]  Uploaded in: Feb 07, 19:15:13 	Title: SUPREME         	Price:45$	Link:https://bit.ly/3hZn4B0	Aff_link:https://s.click.aliexpress.com/e/_Ez27he1	Saved-> 	Image files:['487093', '487092', '487091', '487090', '487089', '487088', '487087', '487086', '487085', '487084']	img count: 10
2023-02-09 22:49:03 [INFO] [SUCCESS]	[ID: 487083]  Uploaded in: Feb 07, 19:00:12 	Title: SUPREME         	Price:37$	Link:https://bit.ly/3CbdW3b	Aff_link:https://s.click.aliexpress.com/e/_EvVihhn	Saved-> 	Image files:['487083', '487082', '487081', '487080', '487079', '487078', '487077', '487076', '487075']	img count: 9
2023-02-09 22:49:10 [INFO] [SUCCESS]	[ID: 487074]  Uploaded in: Feb 07, 18:30:37 	Title: SUPREME         	Price:37$	Link:https://bit.ly/3CbdW3b	Aff_link:https://s.click.aliexpress.com/e/_EJou1Hr	Saved-> 	Image files:['487074', '487073', '487072', '487071', '487070', '487069', '487068', '487067']	img count: 8
2023-02-09 22:49:23 [INFO] [SUCCESS]	[ID: 487066]  Uploaded in: Feb 07, 18:15:13 	Title: VANS backpack size 	Price:31.19$	Link:https://bit.ly/3wU7iev	Aff_link:https://s.click.aliexpress.com/e/_EHdj1cz	Saved-> 	Image files:['487066', '487065', '487064', '487063', '487062', '487061', '487060', '487059', '487058', '487057']	img count: 10
2023-02-09 22:49:32 [INFO] [SUCCESS]	[ID: 487056]  Uploaded in: Feb 07, 18:00:15 	Title: SUPREME         	Price:37$	Link:https://bit.ly/3CbdW3b	Aff_link:https://s.click.aliexpress.com/e/_Euq3YxP	Saved-> 	Image files:['487056', '487055', '487054', '487053', '487052', '487051', '487050', '487049', '487048', '487047']	img count: 10
2023-02-09 22:49:46 [INFO] [SUCCESS]	[ID: 487046]  Uploaded in: Feb 07, 17:30:18 	Title: SUPREME         	Price:22$	Link:https://bit.ly/3VyvBJ4	Aff_link:https://s.click.aliexpress.com/e/_EGHRD5P	Saved-> 	Image files:['487046', '487045', '487044', '487043', '487042', '487041', '487040', '487039', '487038', '487037']	img count: 10
2023-02-09 22:49:51 [ERROR] [FAILED]	[ID: 487036]  Uploaded in: Feb 07, 17:15:38 	Title: Follow our Look Ch 	Price:$	Link:https://bestallie.x.yupoo.com/	Aff_link:No Ali Express link detected	Saved-> 	Image files:['487036']	img count: 1
2023-02-09 22:50:02 [INFO] [SUCCESS]	[ID: 487035]  Uploaded in: Feb 07, 17:00:24 	Title: SUPREME         	Price:40$	Link:https://bit.ly/3ZcwFp5	Aff_link:https://s.click.aliexpress.com/e/_EvHYlHJ	Saved-> 	Image files:['487035', '487034', '487033', '487032', '487031', '487030', '487029', '487028']	img count: 8
2023-02-09 22:50:18 [INFO] [SUCCESS]	[ID: 487027]  Uploaded in: Feb 07, 16:30:25 	Title: SUPREME         	Price:39$	Link:https://bit.ly/3IcGexS	Aff_link:https://s.click.aliexpress.com/e/_EG86xoH	Saved-> 	Image files:['487027', '487026', '487025', '487024', '487023', '487022', '487021', '487020', '487019', '487018']	img count: 10
2023-02-09 22:50:20 [ERROR] [FAILED]	[ID: 487017]  Uploaded in: Feb 07, 16:15:11 	Title: Follow secrect bra 	Price:$	Link:https://t.me/joinchat/FVE33KPWkWBlMDIy	Aff_link:No Ali Express link detected	Saved-> 	Image files:['487017']	img count: 1
2023-02-09 22:50:26 [INFO] [SUCCESS]	[ID: 487016]  Uploaded in: Feb 07, 16:00:39 	Title: SUPREME         	Price:33$	Link:https://bit.ly/3G2mAlz	Aff_link:https://s.click.aliexpress.com/e/_EIJGEkp	Saved-> 	Image files:['487016', '487015', '487014', '487013', '487012', '487011', '487010']	img count: 7
2023-02-09 22:50:31 [INFO] [SUCCESS]	[ID: 487009]  Uploaded in: Feb 07, 15:30:17 	Title: SUPREME         	Price:22$	Link:https://bit.ly/3i0CODQ	Aff_link:https://s.click.aliexpress.com/e/_EQFFOrP	Saved-> 	Image files:['487009', '487008', '487007']	img count: 3
2023-02-09 22:50:46 [INFO] [SUCCESS]	[ID: 487006]  Uploaded in: Feb 07, 15:16:08 	Title: MLB NY bomber jack 	Price:76.79$	Link:https://bit.ly/3Y6qEJx	Aff_link:https://s.click.aliexpress.com/e/_EHB19qh	Saved-> 	Image files:['487006', '487005', '487004', '487003', '487002', '487001', '487000', '486999', '486998', '486997']	img count: 10
2023-02-09 22:50:58 [INFO] [SUCCESS]	[ID: 486996]  Uploaded in: Feb 07, 15:00:37 	Title: SUPREME         	Price:26$	Link:https://bit.ly/3juH4Mc	Aff_link:https://s.click.aliexpress.com/e/_EzDijr3	Saved-> 	Image files:['486996', '486995', '486994', '486993', '486992', '486991', '486990', '486989', '486988']	img count: 9
2023-02-09 22:51:04 [INFO] [SUCCESS]	[ID: 486987]  Uploaded in: Feb 07, 14:30:08 	Title: SUPREME         	Price:25$	Link:https://bit.ly/3Z0jS8T	Aff_link:https://s.click.aliexpress.com/e/_EzAY7oH	Saved-> 	Image files:['486987', '486986', '486985', '486984']	img count: 4
2023-02-09 22:51:14 [INFO] [SUCCESS]	[ID: 486983]  Uploaded in: Feb 07, 14:15:13 	Title: Vans sweater    	Price:61.19$	Link:https://bit.ly/3DF7nGR	Aff_link:https://s.click.aliexpress.com/e/_EHvwho9	Saved-> 	Image files:['486983', '486982', '486981', '486980', '486979', '486978', '486977', '486976', '486975']	img count: 9
2023-02-09 22:51:20 [INFO] [SUCCESS]	[ID: 486974]  Uploaded in: Feb 07, 14:00:21 	Title: SUPREME         	Price:31$	Link:https://bit.ly/3VI88VW	Aff_link:https://s.click.aliexpress.com/e/_Ex9PVpB	Saved-> 	Image files:['486974', '486973', '486972', '486971', '486970', '486969', '486968']	img count: 7
2023-02-09 22:51:30 [INFO] [SUCCESS]	[ID: 486967]  Uploaded in: Feb 07, 13:30:16 	Title: TNF             	Price:40$	Link:https://bit.ly/3ZcwFp5	Aff_link:https://s.click.aliexpress.com/e/_Eyct8pF	Saved-> 	Image files:['486967', '486966', '486965', '486964', '486963']	img count: 5
2023-02-09 22:51:41 [INFO] [SUCCESS]	[ID: 486962]  Uploaded in: Feb 07, 13:15:13 	Title: MLB NY jacket   	Price:61.19$	Link:https://bit.ly/3JGJeDp	Aff_link:https://s.click.aliexpress.com/e/_EHD2q1L	Saved-> 	Image files:['486962', '486961', '486960', '486959', '486958', '486957', '486956', '486955']	img count: 8
2023-02-09 22:51:48 [INFO] [SUCCESS]	[ID: 486954]  Uploaded in: Feb 07, 13:00:15 	Title: SUPREME         	Price:27$	Link:https://bit.ly/3IcWeQx	Aff_link:https://s.click.aliexpress.com/e/_EJthPUV	Saved-> 	Image files:['486954', '486953', '486952', '486951', '486950']	img count: 5
2023-02-09 22:51:53 [INFO] [SUCCESS]	[ID: 486949]  Uploaded in: Feb 07, 12:30:26 	Title: SUPREME         	Price:27$	Link:https://bit.ly/3IcWeQx	Aff_link:https://s.click.aliexpress.com/e/_EJvgHGH	Saved-> 	Image files:['486949', '486948', '486947', '486946']	img count: 4
2023-02-09 22:52:16 [INFO] [SUCCESS]	[ID: 486945]  Uploaded in: Feb 07, 12:15:25 	Title: NIKE            	Price:80$	Link:https://bit.ly/3WX9M75	Aff_link:https://s.click.aliexpress.com/e/_EJvr6yZ	Saved-> 	Image files:['486945', '486944', '486943', '486942', '486941', '486940', '486939', '486938', '486937', '486936']	img count: 10
2023-02-09 22:52:24 [INFO] [SUCCESS]	[ID: 486935]  Uploaded in: Feb 07, 12:00:12 	Title: NIKE            	Price:59$	Link:https://bit.ly/3i72zlR	Aff_link:https://s.click.aliexpress.com/e/_Ev1lbID	Saved-> 	Image files:['486935', '486934', '486933', '486932', '486931', '486930']	img count: 6
2023-02-09 22:52:33 [INFO] [SUCCESS]	[ID: 486929]  Uploaded in: Feb 07, 11:30:11 	Title: NIKE            	Price:59$	Link:https://bit.ly/3i72zlR	Aff_link:https://s.click.aliexpress.com/e/_Ey9qmt7	Saved-> 	Image files:['486929', '486928', '486927', '486926', '486925', '486924', '486923', '486922', '486921', '486920']	img count: 10
2023-02-09 22:52:43 [INFO] [SUCCESS]	[ID: 486919]  Uploaded in: Feb 07, 11:15:28 	Title: NIKE            	Price:69$	Link:https://bit.ly/3WS8wSr	Aff_link:https://s.click.aliexpress.com/e/_EHmPurB	Saved-> 	Image files:['486919', '486918', '486917', '486916', '486915', '486914', '486913', '486912', '486911', '486910']	img count: 10
2023-02-09 22:52:50 [INFO] [SUCCESS]	[ID: 486909]  Uploaded in: Feb 07, 11:00:22 	Title: NIKE            	Price:69$	Link:https://bit.ly/3WS8wSr	Aff_link:https://s.click.aliexpress.com/e/_EJuXxsl	Saved-> 	Image files:['486909', '486908', '486907', '486906', '486905', '486904', '486903']	img count: 7
2023-02-09 22:53:01 [INFO] [SUCCESS]	[ID: 486902]  Uploaded in: Feb 07, 10:30:07 	Title: NIKE            	Price:65$	Link:https://bit.ly/3vtyxfa	Aff_link:https://s.click.aliexpress.com/e/_EJXVN3F	Saved-> 	Image files:['486902', '486901', '486900', '486899', '486898', '486897', '486896', '486895', '486894', '486893']	img count: 10
2023-02-09 22:53:08 [INFO] [SUCCESS]	[ID: 486892]  Uploaded in: Feb 07, 10:15:14 	Title: NIKE            	Price:65$	Link:https://bit.ly/3vtyxfa	Aff_link:https://s.click.aliexpress.com/e/_ExYSIWH	Saved-> 	Image files:['486892', '486891', '486890', '486889', '486888']	img count: 5
2023-02-09 22:53:18 [INFO] [SUCCESS]	[ID: 486887]  Uploaded in: Feb 07, 10:00:09 	Title: NIKE            	Price:75$	Link:https://bit.ly/3Q1O4fG	Aff_link:https://s.click.aliexpress.com/e/_EGkN7vP	Saved-> 	Image files:['486887', '486886', '486885', '486884', '486883', '486882', '486881', '486880', '486879', '486878']	img count: 10
2023-02-09 22:53:29 [INFO] [SUCCESS]	[ID: 486877]  Uploaded in: Feb 07, 09:30:11 	Title: NIKE            	Price:65$	Link:https://bit.ly/3vtyxfa	Aff_link:https://s.click.aliexpress.com/e/_Evpset7	Saved-> 	Image files:['486877', '486876', '486875', '486874', '486873', '486872', '486871', '486870']	img count: 8
2023-02-09 22:53:43 [INFO] [SUCCESS]	[ID: 486869]  Uploaded in: Feb 07, 09:15:19 	Title: NIKE            	Price:110$	Link:https://bit.ly/3WSw1uH	Aff_link:https://s.click.aliexpress.com/e/_ExzMzWv	Saved-> 	Image files:['486869', '486868', '486867', '486866', '486865', '486864', '486863', '486862', '486861', '486860']	img count: 10
2023-02-09 22:54:00 [INFO] [SUCCESS]	[ID: 486859]  Uploaded in: Feb 07, 09:00:39 	Title: NIKE            	Price:65$	Link:https://bit.ly/3vtyxfa	Aff_link:https://s.click.aliexpress.com/e/_EHDdge5	Saved-> 	Image files:['486859', '486858', '486857', '486856', '486855', '486854', '486853', '486852', '486851', '486850']	img count: 10
2023-02-09 22:54:12 [INFO] [SUCCESS]	[ID: 486849]  Uploaded in: Feb 07, 08:30:43 	Title: NIKE            	Price:65$	Link:https://bit.ly/3vtyxfa	Aff_link:https://s.click.aliexpress.com/e/_Eyootg9	Saved-> 	Image files:['486849', '486848', '486847', '486846', '486845', '486844', '486843', '486842', '486841']	img count: 9
2023-02-09 22:54:23 [INFO] [SUCCESS]	[ID: 486840]  Uploaded in: Feb 07, 08:15:27 	Title: Nike            	Price:38.30$	Link:https://shp.pub/6lqm3s	Aff_link:https://s.click.aliexpress.com/e/_EGN1xo9	Saved-> 	Image files:['486840', '486839', '486838', '486837', '486836', '486835', '486834', '486833']	img count: 8
2023-02-09 22:56:02 [INFO] [SUCCESS]	[ID: 486832]  Uploaded in: Feb 07, 08:00:56 	Title: Kanken          	Price:19.99$	Link:https://shp.pub/6lqk84	Aff_link:https://s.click.aliexpress.com/e/_EzVOwxP	Saved-> 	Image files:['486832', '486831', '486830', '486829', '486828', '486827', '486826', '486825', '486824', '486823']	img count: 10
2023-02-09 22:56:09 [INFO] [SUCCESS]	[ID: 486822]  Uploaded in: Feb 07, 07:30:32 	Title: Carhartt        	Price:32.98$	Link:https://shp.pub/6lqk6r	Aff_link:https://s.click.aliexpress.com/e/_Ez0nsnJ	Saved-> 	Image files:['486822', '486821', '486820', '486819', '486818', '486817', '486816', '486815']	img count: 8
2023-02-09 22:56:22 [INFO] [SUCCESS]	[ID: 486814]  Uploaded in: Feb 07, 07:15:21 	Title: TNF backpack    	Price:20.75$	Link:https://shp.pub/6lqk2a	Aff_link:https://s.click.aliexpress.com/e/_EuEyNCz	Saved-> 	Image files:['486814', '486813', '486812', '486811', '486810', '486809', '486808', '486807', '486806', '486805']	img count: 10
2023-02-09 22:56:35 [INFO] [SUCCESS]	[ID: 486804]  Uploaded in: Feb 07, 07:00:44 	Title: TNF backpack    	Price:21.98$	Link:https://shp.pub/6lqjzr	Aff_link:https://s.click.aliexpress.com/e/_EHWbkLn	Saved-> 	Image files:['486804', '486803', '486802', '486801', '486800', '486799', '486798', '486797', '486796']	img count: 9
2023-02-09 22:57:05 [ERROR] [FAILED]	[ID: 486795]  Uploaded in: Feb 07, 06:30:10 	Title: NB 327          	Price:58.70$	Link:https://shp.pub/6lqjrl	Aff_link:Failed to convert Ali Express link			Saved-> 	Image files:['486795', '486794', '486793', '486792', '486791', '486790', '486789', '486788', '486787', '486786']	img count: 10
2023-02-09 22:57:13 [INFO] [SUCCESS]	[ID: 486785]  Uploaded in: Feb 07, 06:15:06 	Title: NIKE            	Price:69$	Link:https://bit.ly/3WS8wSr	Aff_link:https://s.click.aliexpress.com/e/_EQpbmt3	Saved-> 	Image files:['486785', '486784', '486783', '486782', '486781', '486780', '486779']	img count: 7
2023-02-09 22:57:22 [INFO] [SUCCESS]	[ID: 486778]  Uploaded in: Feb 07, 06:00:33 	Title: NIKE            	Price:65$	Link:https://bit.ly/3vtyxfa	Aff_link:https://s.click.aliexpress.com/e/_EwPLj1f	Saved-> 	Image files:['486778', '486777', '486776', '486775', '486774']	img count: 5
2023-02-09 22:57:38 [INFO] [SUCCESS]	[ID: 486773]  Uploaded in: Feb 07, 05:30:41 	Title: NIKE            	Price:65$	Link:https://bit.ly/3vtyxfa	Aff_link:https://s.click.aliexpress.com/e/_EjQ7kSz	Saved-> 	Image files:['486773', '486772', '486771', '486770', '486769', '486768', '486767']	img count: 7
2023-02-09 22:58:14 [INFO] [SUCCESS]	[ID: 486766]  Uploaded in: Feb 07, 05:15:47 	Title: NB 327          	Price:56.30$	Link:https://bit.ly/3YryxJ3	Aff_link:https://s.click.aliexpress.com/e/_EzqAZlr	Saved-> 	Image files:['486766', '486765', '486764', '486763', '486762', '486761', '486760', '486759', '486758', '486757']	img count: 10
2023-02-09 22:58:55 [ERROR] [FAILED]	[ID: 486756]  Uploaded in: Feb 07, 05:00:11 	Title: NB 327          	Price:56.30$	Link:https://shp.pub/6lqja3	Aff_link:Failed to convert Ali Express link			Saved-> 	Image files:['486756', '486755', '486754', '486753', '486752', '486751', '486750', '486749', '486748', '486747']	img count: 10
2023-02-09 22:58:58 [ERROR] [FAILED]	[ID: 486746]  Uploaded in: Feb 07, 04:30:38 	Title: Catalogs

1) https 	Price:$	Link:https://hypeallie.online/jackzhang/	Aff_link:No Ali Express link detected	Saved-> 	Image files:['486746']	img count: 1
2023-02-09 22:59:29 [ERROR] [FAILED]	[ID: 486745]  Uploaded in: Feb 07, 04:15:20 	Title: NB 327          	Price:56.30$	Link:https://shp.pub/6lqj8q	Aff_link:Failed to convert Ali Express link			Saved-> 	Image files:['486745', '486744', '486743', '486742', '486741', '486740', '486739', '486738', '486737', '486736']	img count: 10
2023-02-09 22:59:41 [INFO] [SUCCESS]	[ID: 486735]  Uploaded in: Feb 07, 04:00:26 	Title: GG backpack     	Price:61.30$	Link:https://shp.pub/6lqj5m	Aff_link:https://s.click.aliexpress.com/e/_EwcrNoH	Saved-> 	Image files:['486735', '486734', '486733', '486732', '486731', '486730']	img count: 6
2023-02-09 22:59:47 [ERROR] [FAILED]	[ID: 486729]  Uploaded in: Feb 07, 03:15:11 	Title: NIKE            	Price:59$	Link:https://bit.ly/3WAhT9C	Aff_link:Failed to convert Ali Express link			Saved-> 	Image files:['486729', '486728', '486727', '486726', '486725', '486724', '486723', '486722', '486721', '486720']	img count: 10
2023-02-09 22:59:53 [ERROR] [FAILED]	[ID: 486719]  Uploaded in: Feb 07, 03:00:24 	Title: NIKE            	Price:59$	Link:https://bit.ly/3WAhT9C	Aff_link:Failed to convert Ali Express link			Saved-> 	Image files:['486719', '486718', '486717', '486716', '486715', '486714', '486713', '486712', '486711', '486710']	img count: 10
2023-02-09 22:59:58 [ERROR] [FAILED]	[ID: 486709]  Uploaded in: Feb 07, 02:00:14 	Title: NIKE            	Price:59$	Link:https://bit.ly/3WAhT9C	Aff_link:Failed to convert Ali Express link			Saved-> 	Image files:['486709', '486708', '486707', '486706', '486705', '486704', '486703', '486702', '486701', '486700']	img count: 10
2023-02-09 23:00:05 [ERROR] [FAILED]	[ID: 486699]  Uploaded in: Feb 07, 00:00:14 	Title: NIKE            	Price:59$	Link:https://bit.ly/3WAhT9C	Aff_link:Failed to convert Ali Express link			Saved-> 	Image files:['486699', '486698', '486697', '486696', '486695', '486694', '486693', '486692', '486691', '486690']	img count: 10
2023-02-09 23:00:22 [INFO] [SUCCESS]	[ID: 486689]  Uploaded in: Feb 06, 23:30:04 	Title: NIKE            	Price:60$	Link:https://bit.ly/3Gv9a2Q	Aff_link:https://s.click.aliexpress.com/e/_EyCqrrb	Saved-> 	Image files:['486689', '486688', '486687', '486686', '486685', '486684', '486683', '486682', '486681', '486680']	img count: 10
2023-02-09 23:00:34 [INFO] [SUCCESS]	[ID: 486679]  Uploaded in: Feb 06, 22:30:04 	Title: LOEWE sweater   	Price:56.39$	Link:https://bit.ly/3Yq4IJa	Aff_link:https://s.click.aliexpress.com/e/_EzGSTyN	Saved-> 	Image files:['486679', '486678', '486677', '486676', '486675', '486674', '486673', '486672', '486671', '486670']	img count: 10
2023-02-09 23:00:42 [INFO] [SUCCESS]	[ID: 486669]  Uploaded in: Feb 06, 22:00:07 	Title: THE NORTH FACE TNF 	Price:44.16$	Link:https://bit.ly/3wTXX6I	Aff_link:https://s.click.aliexpress.com/e/_EHV8X8z	Saved-> 	Image files:['486669', '486668', '486667', '486666', '486665', '486664', '486663', '486662', '486661', '486660']	img count: 10
2023-02-09 23:00:53 [INFO] [SUCCESS]	[ID: 486659]  Uploaded in: Feb 06, 21:30:07 	Title: NIKE            	Price:60$	Link:https://bit.ly/3Gv9a2Q	Aff_link:https://s.click.aliexpress.com/e/_EH1PYZF	Saved-> 	Image files:['486659', '486658', '486657', '486656', '486655', '486654', '486653', '486652', '486651', '486650']	img count: 10
2023-02-09 23:01:14 [INFO] [SUCCESS]	[ID: 486649]  Uploaded in: Feb 06, 21:15:06 	Title: Adidas Forum 84 Lo 	Price:58.20$	Link:https://bit.ly/3Dzjg0L	Aff_link:https://s.click.aliexpress.com/e/_EG2esad	Saved-> 	Image files:['486649', '486648', '486647', '486646', '486645', '486644', '486643', '486642', '486641', '486640']	img count: 10
2023-02-09 23:01:26 [ERROR] [FAILED]	[ID: 486639]  Uploaded in: Feb 06, 21:00:31 	Title: NIKE            	Price:50$	Link:https://bit.ly/3WAhT9C	Aff_link:Failed to convert Ali Express link			Saved-> 	Image files:['486639', '486638', '486637', '486636', '486635', '486634', '486633', '486632', '486631', '486630']	img count: 10
2023-02-09 23:01:38 [ERROR] [FAILED]	[ID: 486629]  Uploaded in: Feb 06, 20:30:18 	Title: NIKE            	Price:50$	Link:https://bit.ly/3WAhT9C	Aff_link:Failed to convert Ali Express link			Saved-> 	Image files:['486629', '486628', '486627', '486626', '486625', '486624', '486623', '486622']	img count: 8
2023-02-09 23:01:45 [INFO] [SUCCESS]	[ID: 486621]  Uploaded in: Feb 06, 20:15:03 	Title: Nike Travis Scott  	Price:53.68$	Link:https://bit.ly/3HU7IYJ	Aff_link:https://s.click.aliexpress.com/e/_EI9OFu5	Saved-> 	Image files:['486621', '486620', '486619', '486618', '486617', '486616', '486615']	img count: 7
2023-02-09 23:01:56 [INFO] [SUCCESS]	[ID: 486614]  Uploaded in: Feb 06, 20:00:15 	Title: NIKE            	Price:70$	Link:https://bit.ly/3WWfCFQ	Aff_link:https://s.click.aliexpress.com/e/_EJllOPP	Saved-> 	Image files:['486614', '486613', '486612', '486611', '486610', '486609', '486608']	img count: 7
2023-02-09 23:02:04 [INFO] [SUCCESS]	[ID: 486607]  Uploaded in: Feb 06, 19:30:06 	Title: NIKE            	Price:70$	Link:https://bit.ly/3WWfCFQ	Aff_link:https://s.click.aliexpress.com/e/_EIUf5Cd	Saved-> 	Image files:['486607', '486606', '486605', '486604']	img count: 4
2023-02-09 23:02:11 [INFO] [SUCCESS]	[ID: 486603]  Uploaded in: Feb 06, 19:15:09 	Title: Nike Travis Scott  	Price:53.68$	Link:https://bit.ly/3HU7IYJ	Aff_link:https://s.click.aliexpress.com/e/_EwyNLR7	Saved-> 	Image files:['486603', '486602', '486601', '486600', '486599', '486598', '486597', '486596', '486595', '486594']	img count: 10
2023-02-09 23:02:21 [INFO] [SUCCESS]	[ID: 486593]  Uploaded in: Feb 06, 19:00:15 	Title: NIKE            	Price:75$	Link:https://bit.ly/3Q1O4fG	Aff_link:https://s.click.aliexpress.com/e/_Eu0dUVb	Saved-> 	Image files:['486593', '486592', '486591', '486590', '486589', '486588', '486587', '486586', '486585']	img count: 9
2023-02-09 23:02:26 [INFO] [SUCCESS]	[ID: 486584]  Uploaded in: Feb 06, 18:30:33 	Title: NIKE            	Price:49$	Link:https://bit.ly/3Q1OzGG	Aff_link:https://s.click.aliexpress.com/e/_Eys03SZ	Saved-> 	Image files:['486584', '486583', '486582', '486581']	img count: 4
2023-02-09 23:02:35 [INFO] [SUCCESS]	[ID: 486580]  Uploaded in: Feb 06, 18:15:16 	Title: ESSENTIALS  pants 	Price:39$	Link:https://bit.ly/3IcGexS	Aff_link:https://s.click.aliexpress.com/e/_EHH5Nq1	Saved-> 	Image files:['486580', '486579', '486578', '486577', '486576', '486575', '486574', '486573', '486572', '486571']	img count: 10
2023-02-09 23:02:41 [INFO] [SUCCESS]	[ID: 486570]  Uploaded in: Feb 06, 18:00:36 	Title: ESSENTIAL       	Price:39$	Link:https://bit.ly/3IcGexS	Aff_link:https://s.click.aliexpress.com/e/_EvvvH6v	Saved-> 	Image files:['486570', '486569', '486568', '486567', '486566', '486565', '486564', '486563', '486562', '486561']	img count: 10
2023-02-09 23:02:50 [INFO] [SUCCESS]	[ID: 486560]  Uploaded in: Feb 06, 17:30:18 	Title: CANADA GOOSE    	Price:95$	Link:https://bit.ly/3WAL4JS	Aff_link:https://s.click.aliexpress.com/e/_EJgo1x3	Saved-> 	Image files:['486560', '486559', '486558', '486557', '486556', '486555', '486554', '486553', '486552']	img count: 9
2023-02-09 23:02:55 [ERROR] [FAILED]	[ID: 486551]  Uploaded in: Feb 06, 17:15:26 	Title: Follow our Look Ch 	Price:$	Link:https://bestallie.x.yupoo.com/	Aff_link:No Ali Express link detected	Saved-> 	Image files:['486551']	img count: 1
2023-02-09 23:03:05 [INFO] [SUCCESS]	[ID: 486550]  Uploaded in: Feb 06, 17:00:31 	Title: NIKE            	Price:50$	Link:https://bit.ly/3Z2osDy	Aff_link:https://s.click.aliexpress.com/e/_EyDPnmt	Saved-> 	Image files:['486550', '486549', '486548', '486547', '486546', '486545', '486544', '486543', '486542', '486541']	img count: 10
2023-02-09 23:03:16 [INFO] [SUCCESS]	[ID: 486540]  Uploaded in: Feb 06, 16:30:19 	Title: NIKE            	Price:70$	Link:https://bit.ly/3WWfCFQ	Aff_link:https://s.click.aliexpress.com/e/_EuyrbNX	Saved-> 	Image files:['486540', '486539', '486538', '486537', '486536', '486535', '486534']	img count: 7
2023-02-09 23:03:17 [ERROR] [FAILED]	[ID: 486533]  Uploaded in: Feb 06, 16:15:10 	Title: Follow secrect bra 	Price:$	Link:https://t.me/joinchat/FVE33KPWkWBlMDIy	Aff_link:No Ali Express link detected	Saved-> 	Image files:['486533']	img count: 1
2023-02-09 23:03:32 [INFO] [SUCCESS]	[ID: 486532]  Uploaded in: Feb 06, 16:00:28 	Title: NIKE            	Price:50$	Link:https://bit.ly/3Z2osDy	Aff_link:https://s.click.aliexpress.com/e/_EGXD35B	Saved-> 	Image files:['486532', '486531', '486530', '486529', '486528', '486527', '486526', '486525', '486524', '486523']	img count: 10
2023-02-09 23:03:43 [INFO] [SUCCESS]	[ID: 486522]  Uploaded in: Feb 06, 15:30:09 	Title: NIKE            	Price:60$	Link:https://bit.ly/3Gv9a2Q	Aff_link:https://s.click.aliexpress.com/e/_EHO5AMZ	Saved-> 	Image files:['486522', '486521', '486520', '486519', '486518', '486517', '486516', '486515', '486514', '486513']	img count: 10
2023-02-09 23:03:48 [INFO] [SUCCESS]	[ID: 486512]  Uploaded in: Feb 06, 15:15:15 	Title: NIKE            	Price:70$	Link:https://bit.ly/3WWfCFQ	Aff_link:https://s.click.aliexpress.com/e/_EyUEJn3	Saved-> 	Image files:['486512', '486511', '486510', '486509']	img count: 4
2023-02-09 23:03:57 [ERROR] [FAILED]	[ID: 486508]  Uploaded in: Feb 06, 15:00:36 	Title: NIKE            	Price:75$	Link:https://bit.ly/3WAhT9C	Aff_link:Failed to convert Ali Express link			Saved-> 	Image files:['486508', '486507', '486506', '486505', '486504', '486503', '486502', '486501', '486500', '486499']	img count: 10
2023-02-09 23:04:24 [INFO] [SUCCESS]	[ID: 486498]  Uploaded in: Feb 06, 14:26:24 	Title: Dior bag        	Price:37.50$	Link:https://shp.pub/6ljrzx	Aff_link:https://s.click.aliexpress.com/e/_EvLVlhr	Saved-> 	Image files:['486498', '486497', '486496', '486495', '486494', '486493', '486492', '486491']	img count: 8
2023-02-09 23:04:24 [INFO] full_file_name: None, handle_fd: /Users/user/Desktop/Backup/products_handaling/, id: 486490
2023-02-09 23:04:26 [ERROR] Cannot move from/Users/user/Desktop/Backup/products_handaling/486490 to /Users/user/Desktop/Backup/Item_486489486490
2023-02-09 23:04:28 [ERROR] [FAILED]	[ID: 486489]  Uploaded in: Feb 06, 14:15:55 	Title: POCO X5 PRO 5G. Wo 	Price:$	Link:https://bit.ly/3RAlym9	Aff_link:No Ali Express link detected	Saved-> 	Image files:['486490', '486489']	img count: 1
2023-02-09 23:04:57 [INFO] [SUCCESS]	[ID: 486488]  Uploaded in: Feb 06, 14:00:50 	Title: Nike            	Price:56.30$	Link:https://shp.pub/6lpcl7	Aff_link:https://s.click.aliexpress.com/e/_EGXdBkd	Saved-> 	Image files:['486488', '486487', '486486', '486485', '486484', '486483', '486482', '486481', '486480', '486479']	img count: 10
2023-02-09 23:05:20 [INFO] [SUCCESS]	[ID: 486478]  Uploaded in: Feb 06, 13:30:23 	Title: TNF             	Price:43.40$	Link:https://shp.pub/6lpchw	Aff_link:https://s.click.aliexpress.com/e/_EzryFjx	Saved-> 	Image files:['486478', '486477', '486476', '486475', '486474', '486473', '486472', '486471', '486470']	img count: 9
2023-02-09 23:05:32 [ERROR] [FAILED]	[ID: 486469]  Uploaded in: Feb 06, 13:15:27 	Title: NIKE            	Price:55$	Link:https://bit.ly/3WAhT9C	Aff_link:Failed to convert Ali Express link			Saved-> 	Image files:['486469', '486468', '486467', '486466', '486465', '486464', '486463', '486462', '486461', '486460']	img count: 10
2023-02-09 23:05:45 [INFO] [SUCCESS]	[ID: 486459]  Uploaded in: Feb 06, 13:00:55 	Title: LV bag          	Price:120$	Link:https://bit.ly/3XBucmq	Aff_link:https://s.click.aliexpress.com/e/_EvLbYXB	Saved-> 	Image files:['486459', '486458', '486457', '486456', '486455', '486454', '486453', '486452', '486451', '486450']	img count: 10
2023-02-09 23:06:03 [INFO] [SUCCESS]	[ID: 486449]  Uploaded in: Feb 06, 12:30:31 	Title: PRADA Bag       	Price:25.00$	Link:https://shp.pub/6lpc7e	Aff_link:https://s.click.aliexpress.com/e/_EyiMlzB	Saved-> 	Image files:['486449', '486448', '486447', '486446', '486445', '486444', '486443', '486442', '486441']	img count: 9
2023-02-09 23:06:19 [INFO] [SUCCESS]	[ID: 486440]  Uploaded in: Feb 06, 12:15:23 	Title: NIKE            	Price:33$	Link:https://bit.ly/3G2mAlz	Aff_link:https://s.click.aliexpress.com/e/_Ew3Q8v3	Saved-> 	Image files:['486440', '486439', '486438', '486437', '486436', '486435', '486434', '486433', '486432']	img count: 9
2023-02-09 23:06:28 [INFO] [SUCCESS]	[ID: 486431]  Uploaded in: Feb 06, 12:00:29 	Title: NIKE            	Price:49$	Link:https://bit.ly/3Q1OzGG	Aff_link:https://s.click.aliexpress.com/e/_EGjtm4D	Saved-> 	Image files:['486431', '486430', '486429', '486428', '486427', '486426', '486425', '486424']	img count: 8
2023-02-09 23:06:46 [INFO] [SUCCESS]	[ID: 486423]  Uploaded in: Feb 06, 11:30:38 	Title: LV SET          	Price:89$	Link:https://bit.ly/3G0MupP	Aff_link:https://s.click.aliexpress.com/e/_EIx74PB	Saved-> 	Image files:['486423', '486422', '486421', '486420', '486419', '486418', '486417', '486416', '486415']	img count: 9
2023-02-09 23:06:50 [INFO] [SUCCESS]	[ID: 486414]  Uploaded in: Feb 06, 11:15:25 	Title: NIKE            	Price:50$	Link:https://bit.ly/3Z2osDy	Aff_link:https://s.click.aliexpress.com/e/_EGdGvZn	Saved-> 	Image files:['486414', '486413']	img count: 2
2023-02-09 23:07:00 [INFO] [SUCCESS]	[ID: 486412]  Uploaded in: Feb 06, 11:00:53 	Title: NIKE            	Price:50$	Link:https://bit.ly/3Z2osDy	Aff_link:https://s.click.aliexpress.com/e/_Eyz2t4d	Saved-> 	Image files:['486412', '486411', '486410', '486409', '486408', '486407', '486406', '486405', '486404', '486403']	img count: 10
2023-02-09 23:07:15 [INFO] [SUCCESS]	[ID: 486402]  Uploaded in: Feb 06, 10:31:26 	Title: NIKE            	Price:65$	Link:https://bit.ly/3vtyxfa	Aff_link:https://s.click.aliexpress.com/e/_EvaDCQ5	Saved-> 	Image files:['486402', '486401', '486400', '486399', '486398', '486397', '486396', '486395', '486394', '486393']	img count: 10
2023-02-09 23:07:26 [INFO] [SUCCESS]	[ID: 486392]  Uploaded in: Feb 06, 10:15:21 	Title: Nike            	Price:18.48$	Link:https://shp.pub/6lp1at	Aff_link:https://s.click.aliexpress.com/e/_EvwitU5	Saved-> 	Image files:['486392', '486391', '486390', '486389', '486388', '486387', '486386', '486385']	img count: 8
2023-02-09 23:07:40 [INFO] [SUCCESS]	[ID: 486384]  Uploaded in: Feb 06, 10:00:12 	Title: Carhartt        	Price:16.90$	Link:https://shp.pub/6lp16j	Aff_link:https://s.click.aliexpress.com/e/_EJesBiD	Saved-> 	Image files:['486384', '486383', '486382', '486381', '486380', '486379', '486378']	img count: 7
