2023-02-07 00:18:32 [INFO] [SUCCESS]	[ID: 486659]  Title: NIKE            	Price:60$	Link:https://bit.ly/3Gv9a2Q	Aff_link:https://s.click.aliexpress.com/e/_EystLvx	Saved-> 	Images files:['486659', '486658', '486657', '486656', '486655', '486654', '486653', '486652', '486651', '486650']	img count: 9
2023-02-07 00:18:39 [INFO] [SUCCESS]	[ID: 486649]  Title: Adidas Forum 84 Lo 	Price:58.20$	Link:https://bit.ly/3Dzjg0L	Aff_link:https://s.click.aliexpress.com/e/_EyKUyX7	Saved-> 	Images files:['486649', '486648', '486647', '486646', '486645', '486644', '486643', '486642', '486641', '486640']	img count: 9
2023-02-07 00:18:44 [ERROR] [FAILED]	[ID: 486639]  Title: NIKE            	Price:50$	Link:https://bit.ly/3WAhT9C	Aff_link:Failed to convert Ali Express link	Saved-> 	Images files:['486639', '486638', '486637', '486636', '486635', '486634', '486633', '486632', '486631', '486630']	img count: 9
2023-02-07 00:18:50 [ERROR] [FAILED]	[ID: 486629]  Title: NIKE            	Price:50$	Link:https://bit.ly/3WAhT9C	Aff_link:Failed to convert Ali Express link	Saved-> 	Images files:['486629', '486628', '486627', '486626', '486625', '486624', '486623', '486622']	img count: 7
2023-02-07 00:18:54 [INFO] [SUCCESS]	[ID: 486621]  Title: Nike Travis Scott  	Price:53.68$	Link:https://bit.ly/3HU7IYJ	Aff_link:https://s.click.aliexpress.com/e/_EwFTfrX	Saved-> 	Images files:['486621', '486620', '486619', '486618', '486617', '486616', '486615']	img count: 6
2023-02-07 00:18:59 [INFO] [SUCCESS]	[ID: 486614]  Title: NIKE            	Price:70$	Link:https://bit.ly/3WWfCFQ	Aff_link:https://s.click.aliexpress.com/e/_ExYLQQD	Saved-> 	Images files:['486614', '486613', '486612', '486611', '486610', '486609', '486608']	img count: 6
2023-02-07 00:19:03 [INFO] [SUCCESS]	[ID: 486607]  Title: NIKE            	Price:70$	Link:https://bit.ly/3WWfCFQ	Aff_link:https://s.click.aliexpress.com/e/_ExnDQSh	Saved-> 	Images files:['486607', '486606', '486605', '486604']	img count: 3
2023-02-07 00:19:09 [INFO] [SUCCESS]	[ID: 486603]  Title: Nike Travis Scott  	Price:53.68$	Link:https://bit.ly/3HU7IYJ	Aff_link:https://s.click.aliexpress.com/e/_EvALkx7	Saved-> 	Images files:['486603', '486602', '486601', '486600', '486599', '486598', '486597', '486596', '486595', '486594']	img count: 9
2023-02-07 00:19:14 [INFO] [SUCCESS]	[ID: 486593]  Title: NIKE            	Price:75$	Link:https://bit.ly/3Q1O4fG	Aff_link:https://s.click.aliexpress.com/e/_EGgEb5x	Saved-> 	Images files:['486593', '486592', '486591', '486590', '486589', '486588', '486587', '486586', '486585']	img count: 8
2023-02-07 00:19:17 [INFO] [SUCCESS]	[ID: 486584]  Title: NIKE            	Price:49$	Link:https://bit.ly/3Q1OzGG	Aff_link:https://s.click.aliexpress.com/e/_EG4x2gz	Saved-> 	Images files:['486584', '486583', '486582', '486581']	img count: 3
2023-02-07 00:19:21 [INFO] [SUCCESS]	[ID: 486580]  Title: ESSENTIALS  pants 	Price:39$	Link:https://bit.ly/3IcGexS	Aff_link:https://s.click.aliexpress.com/e/_EuNMEwD	Saved-> 	Images files:['486580', '486579', '486578', '486577', '486576', '486575', '486574', '486573', '486572', '486571']	img count: 9
2023-02-07 00:19:26 [INFO] [SUCCESS]	[ID: 486570]  Title: ESSENTIAL       	Price:39$	Link:https://bit.ly/3IcGexS	Aff_link:https://s.click.aliexpress.com/e/_EIgmsKh	Saved-> 	Images files:['486570', '486569', '486568', '486567', '486566', '486565', '486564', '486563', '486562', '486561']	img count: 9
2023-02-07 00:19:31 [INFO] [SUCCESS]	[ID: 486560]  Title: CANADA GOOSE    	Price:95$	Link:https://bit.ly/3WAL4JS	Aff_link:https://s.click.aliexpress.com/e/_ExriZFR	Saved-> 	Images files:['486560', '486559', '486558', '486557', '486556', '486555', '486554', '486553', '486552']	img count: 8
2023-02-07 00:19:34 [ERROR] [FAILED]	[ID: 486551]  Title: Follow our Look Ch 	Price:$	Link:https://bestallie.x.yupoo.com/	Aff_link:No Ali Express link detected	Saved-> 	Images files:['486551']	img count: 0
2023-02-07 00:19:39 [INFO] [SUCCESS]	[ID: 486550]  Title: NIKE            	Price:50$	Link:https://bit.ly/3Z2osDy	Aff_link:https://s.click.aliexpress.com/e/_EyHqIoH	Saved-> 	Images files:['486550', '486549', '486548', '486547', '486546', '486545', '486544', '486543', '486542', '486541']	img count: 9
2023-02-07 00:19:43 [INFO] [SUCCESS]	[ID: 486540]  Title: NIKE            	Price:70$	Link:https://bit.ly/3WWfCFQ	Aff_link:https://s.click.aliexpress.com/e/_ExZJiBL	Saved-> 	Images files:['486540', '486539', '486538', '486537', '486536', '486535', '486534']	img count: 6
2023-02-07 00:19:44 [ERROR] [FAILED]	[ID: 486533]  Title: Follow secrect bra 	Price:$	Link:https://t.me/joinchat/FVE33KPWkWBlMDIy	Aff_link:No Ali Express link detected	Saved-> 	Images files:['486533']	img count: 0
2023-02-07 00:19:51 [INFO] [SUCCESS]	[ID: 486532]  Title: NIKE            	Price:50$	Link:https://bit.ly/3Z2osDy	Aff_link:https://s.click.aliexpress.com/e/_EJCSWO1	Saved-> 	Images files:['486532', '486531', '486530', '486529', '486528', '486527', '486526', '486525', '486524', '486523']	img count: 9
2023-02-07 00:19:56 [INFO] [SUCCESS]	[ID: 486522]  Title: NIKE            	Price:60$	Link:https://bit.ly/3Gv9a2Q	Aff_link:https://s.click.aliexpress.com/e/_EvJmnIz	Saved-> 	Images files:['486522', '486521', '486520', '486519', '486518', '486517', '486516', '486515', '486514', '486513']	img count: 9
2023-02-07 00:20:00 [INFO] [SUCCESS]	[ID: 486512]  Title: NIKE            	Price:70$	Link:https://bit.ly/3WWfCFQ	Aff_link:https://s.click.aliexpress.com/e/_ExgsWe1	Saved-> 	Images files:['486512', '486511', '486510', '486509']	img count: 3
2023-02-07 00:20:06 [ERROR] [FAILED]	[ID: 486508]  Title: NIKE            	Price:75$	Link:https://bit.ly/3WAhT9C	Aff_link:Failed to convert Ali Express link	Saved-> 	Images files:['486508', '486507', '486506', '486505', '486504', '486503', '486502', '486501', '486500', '486499']	img count: 9
2023-02-07 00:20:20 [INFO] [SUCCESS]	[ID: 486498]  Title: Dior bag        	Price:37.50$	Link:https://shp.pub/6ljrzx	Aff_link:https://s.click.aliexpress.com/e/_EHrQsih	Saved-> 	Images files:['486498', '486497', '486496', '486495', '486494', '486493', '486492', '486491']	img count: 7
2023-02-07 00:20:20 [INFO] full_file_name: None, handle_fd: /Users/user/Desktop/Backup/products_handaling/, id: 486490
2023-02-07 00:20:21 [ERROR] Cannot move from/Users/user/Desktop/Backup/products_handaling/486490 to /Users/user/Desktop/Backup/Item_486489486490
2023-02-07 00:20:22 [ERROR] [FAILED]	[ID: 486489]  Title: POCO X5 PRO 5G. Wo 	Price:$	Link:https://bit.ly/3RAlym9	Aff_link:No Ali Express link detected	Saved-> 	Images files:['486490', '486489']	img count: 0
2023-02-07 00:20:36 [INFO] [SUCCESS]	[ID: 486488]  Title: Nike            	Price:56.30$	Link:https://shp.pub/6lpcl7	Aff_link:https://s.click.aliexpress.com/e/_EHCvC5P	Saved-> 	Images files:['486488', '486487', '486486', '486485', '486484', '486483', '486482', '486481', '486480', '486479']	img count: 9
2023-02-07 00:20:45 [INFO] [SUCCESS]	[ID: 486478]  Title: TNF             	Price:43.40$	Link:https://shp.pub/6lpchw	Aff_link:https://s.click.aliexpress.com/e/_Ev8Dsat	Saved-> 	Images files:['486478', '486477', '486476', '486475', '486474', '486473', '486472', '486471', '486470']	img count: 8
2023-02-07 00:20:55 [ERROR] [FAILED]	[ID: 486469]  Title: NIKE            	Price:55$	Link:https://bit.ly/3WAhT9C	Aff_link:Failed to convert Ali Express link	Saved-> 	Images files:['486469', '486468', '486467', '486466', '486465', '486464', '486463', '486462', '486461', '486460']	img count: 9
2023-02-07 00:21:03 [INFO] [SUCCESS]	[ID: 486459]  Title: LV bag          	Price:120$	Link:https://bit.ly/3XBucmq	Aff_link:https://s.click.aliexpress.com/e/_EIsQqKv	Saved-> 	Images files:['486459', '486458', '486457', '486456', '486455', '486454', '486453', '486452', '486451', '486450']	img count: 9
2023-02-07 00:21:12 [INFO] [SUCCESS]	[ID: 486449]  Title: PRADA Bag       	Price:25.00$	Link:https://shp.pub/6lpc7e	Aff_link:https://s.click.aliexpress.com/e/_EGdkOIp	Saved-> 	Images files:['486449', '486448', '486447', '486446', '486445', '486444', '486443', '486442', '486441']	img count: 8
2023-02-07 00:21:21 [INFO] [SUCCESS]	[ID: 486440]  Title: NIKE            	Price:33$	Link:https://bit.ly/3G2mAlz	Aff_link:https://s.click.aliexpress.com/e/_ExlrY9n	Saved-> 	Images files:['486440', '486439', '486438', '486437', '486436', '486435', '486434', '486433', '486432']	img count: 8
2023-02-07 00:21:26 [INFO] [SUCCESS]	[ID: 486431]  Title: NIKE            	Price:49$	Link:https://bit.ly/3Q1OzGG	Aff_link:https://s.click.aliexpress.com/e/_Ey1PrPJ	Saved-> 	Images files:['486431', '486430', '486429', '486428', '486427', '486426', '486425', '486424']	img count: 7
2023-02-07 00:21:35 [INFO] [SUCCESS]	[ID: 486423]  Title: LV SET          	Price:89$	Link:https://bit.ly/3G0MupP	Aff_link:https://s.click.aliexpress.com/e/_EGKzDff	Saved-> 	Images files:['486423', '486422', '486421', '486420', '486419', '486418', '486417', '486416', '486415']	img count: 8
2023-02-07 00:21:37 [INFO] [SUCCESS]	[ID: 486414]  Title: NIKE            	Price:50$	Link:https://bit.ly/3Z2osDy	Aff_link:https://s.click.aliexpress.com/e/_EveTjD7	Saved-> 	Images files:['486414', '486413']	img count: 1
2023-02-07 00:21:42 [INFO] [SUCCESS]	[ID: 486412]  Title: NIKE            	Price:50$	Link:https://bit.ly/3Z2osDy	Aff_link:https://s.click.aliexpress.com/e/_EHj60sz	Saved-> 	Images files:['486412', '486411', '486410', '486409', '486408', '486407', '486406', '486405', '486404', '486403']	img count: 9
2023-02-07 00:21:48 [INFO] [SUCCESS]	[ID: 486402]  Title: NIKE            	Price:65$	Link:https://bit.ly/3vtyxfa	Aff_link:https://s.click.aliexpress.com/e/_Ex2bQip	Saved-> 	Images files:['486402', '486401', '486400', '486399', '486398', '486397', '486396', '486395', '486394', '486393']	img count: 9
2023-02-07 00:21:56 [INFO] [SUCCESS]	[ID: 486392]  Title: Nike            	Price:18.48$	Link:https://shp.pub/6lp1at	Aff_link:https://s.click.aliexpress.com/e/_Ex7FeID	Saved-> 	Images files:['486392', '486391', '486390', '486389', '486388', '486387', '486386', '486385']	img count: 7
2023-02-07 00:22:02 [INFO] [SUCCESS]	[ID: 486384]  Title: Carhartt        	Price:16.90$	Link:https://shp.pub/6lp16j	Aff_link:https://s.click.aliexpress.com/e/_EGaGNhx	Saved-> 	Images files:['486384', '486383', '486382', '486381', '486380', '486379', '486378']	img count: 6
2023-02-07 00:22:07 [ERROR] [FAILED]	[ID: 486377]  Title: NIKE            	Price:55$	Link:https://bit.ly/3WAhT9C	Aff_link:Failed to convert Ali Express link	Saved-> 	Images files:['486377', '486376', '486375', '486374', '486373', '486372', '486371', '486370']	img count: 7
2023-02-07 00:22:14 [INFO] [SUCCESS]	[ID: 486369]  Title: NIKE            	Price:60$	Link:https://bit.ly/3Gv9a2Q	Aff_link:https://s.click.aliexpress.com/e/_EwIA433	Saved-> 	Images files:['486369', '486368', '486367', '486366', '486365', '486364', '486363', '486362']	img count: 7
2023-02-07 00:22:19 [INFO] [SUCCESS]	[ID: 486361]  Title: NIKE            	Price:50$	Link:https://bit.ly/3Z2osDy	Aff_link:https://s.click.aliexpress.com/e/_EuFIPeN	Saved-> 	Images files:['486361', '486360', '486359', '486358', '486357', '486356']	img count: 5
2023-02-07 00:22:39 [INFO] [SUCCESS]	[ID: 486355]  Title: NIKE            	Price:31$	Link:https://bit.ly/3VI88VW	Aff_link:https://s.click.aliexpress.com/e/_EvJ7Wul	Saved-> 	Images files:['486355', '486354', '486353', '486352', '486351', '486350', '486349', '486348']	img count: 7
2023-02-07 00:22:44 [INFO] [SUCCESS]	[ID: 486347]  Title: OFF jacket      	Price:81.90$	Link:https://shp.pub/6lp16c	Aff_link:https://s.click.aliexpress.com/e/_ExgkL65	Saved-> 	Images files:['486347', '486346', '486345', '486344', '486343', '486342']	img count: 5
2023-02-07 00:23:00 [INFO] [SUCCESS]	[ID: 486341]  Title: NIKE            	Price:31$	Link:https://bit.ly/3VI88VW	Aff_link:https://s.click.aliexpress.com/e/_EI4jNLX	Saved-> 	Images files:['486341', '486340', '486339', '486338', '486337', '486336', '486335', '486334']	img count: 7
2023-02-07 00:23:03 [ERROR] [FAILED]	[ID: 486333]  Title: NIKE            	Price:55$	Link:https://bit.ly/3WAhT9C	Aff_link:Failed to convert Ali Express link	Saved-> 	Images files:['486333', '486332', '486331']	img count: 2
2023-02-07 00:23:12 [INFO] [SUCCESS]	[ID: 486330]  Title: Jordan          	Price:61.90$	Link:https://shp.pub/6lp15d	Aff_link:https://s.click.aliexpress.com/e/_EvHiSGl	Saved-> 	Images files:['486330', '486329', '486328', '486327', '486326', '486325', '486324', '486323', '486322']	img count: 8
2023-02-07 00:23:17 [ERROR] [FAILED]	[ID: 486321]  Title: NIKE            	Price:55$	Link:https://bit.ly/3WAhT9C	Aff_link:Failed to convert Ali Express link	Saved-> 	Images files:['486321', '486320', '486319', '486318', '486317', '486316', '486315', '486314', '486313', '486312']	img count: 9
2023-02-07 00:23:20 [ERROR] [FAILED]	[ID: 486311]  Title: NIKE            	Price:55$	Link:https://bit.ly/3WAhT9C	Aff_link:Failed to convert Ali Express link	Saved-> 	Images files:['486311', '486310', '486309']	img count: 2
2023-02-07 00:23:25 [ERROR] [FAILED]	[ID: 486308]  Title: NIKE            	Price:55$	Link:https://bit.ly/3WAhT9C	Aff_link:Failed to convert Ali Express link	Saved-> 	Images files:['486308', '486307', '486306', '486305', '486304', '486303', '486302', '486301', '486300', '486299']	img count: 9
2023-02-07 00:23:30 [INFO] [SUCCESS]	[ID: 486298]  Title: NIKE            	Price:65$	Link:https://bit.ly/3vtyxfa	Aff_link:https://s.click.aliexpress.com/e/_Eucu4eD	Saved-> 	Images files:['486298', '486297', '486296', '486295', '486294', '486293', '486292', '486291', '486290']	img count: 8
2023-02-07 00:23:35 [INFO] [SUCCESS]	[ID: 486289]  Title: NIKE            	Price:70$	Link:https://bit.ly/3WWfCFQ	Aff_link:https://s.click.aliexpress.com/e/_EHzzSUV	Saved-> 	Images files:['486289', '486288', '486287', '486286', '486285', '486284']	img count: 5
2023-02-07 00:23:41 [INFO] [SUCCESS]	[ID: 486283]  Title: NIKE            	Price:70$	Link:https://bit.ly/3WWfCFQ	Aff_link:https://s.click.aliexpress.com/e/_EvjBTa9	Saved-> 	Images files:['486283', '486282', '486281', '486280', '486279', '486278', '486277']	img count: 6
2023-02-07 00:23:48 [INFO] [SUCCESS]	[ID: 486276]  Title: CC set          	Price:27.90$	Link:https://shp.pub/6lp147	Aff_link:https://s.click.aliexpress.com/e/_EjjYpsZ	Saved-> 	Images files:['486276', '486275', '486274', '486273', '486272', '486271', '486270', '486269', '486268']	img count: 8
2023-02-07 00:23:55 [INFO] [SUCCESS]	[ID: 486267]  Title: YSL set         	Price:48.90$	Link:https://shp.pub/6lp0yr	Aff_link:https://s.click.aliexpress.com/e/_EGurHbr	Saved-> 	Images files:['486267', '486266', '486265', '486264', '486263', '486262', '486261', '486260']	img count: 7
2023-02-07 00:23:59 [ERROR] [FAILED]	[ID: 486259]  Title: Catalogs

1) https 	Price:$	Link:https://hypeallie.online/jackzhang/	Aff_link:No Ali Express link detected	Saved-> 	Images files:['486259']	img count: 0
2023-02-07 00:24:04 [INFO] [SUCCESS]	[ID: 486258]  Title: NIKE            	Price:65$	Link:https://bit.ly/3vtyxfa	Aff_link:https://s.click.aliexpress.com/e/_EzE09PJ	Saved-> 	Images files:['486258', '486257', '486256', '486255', '486254', '486253', '486252', '486251', '486250', '486249']	img count: 9
2023-02-07 00:24:12 [INFO] [SUCCESS]	[ID: 486248]  Title: Lipsticks       	Price:48.90$	Link:https://shp.pub/6lp0vn	Aff_link:https://s.click.aliexpress.com/e/_EIBfZ4t	Saved-> 	Images files:['486248', '486247', '486246', '486245', '486244', '486243', '486242', '486241', '486240']	img count: 8
2023-02-07 00:24:20 [INFO] [SUCCESS]	[ID: 486239]  Title: Lipsticks       	Price:34.90$	Link:https://shp.pub/6lp0uh	Aff_link:https://s.click.aliexpress.com/e/_Ezt82k9	Saved-> 	Images files:['486239', '486238', '486237', '486236', '486235', '486234', '486233', '486232', '486231']	img count: 8
2023-02-07 00:24:26 [INFO] [SUCCESS]	[ID: 486230]  Title: Ralph Lauren hoodi 	Price:47.88$	Link:https://bit.ly/3DE7jHl	Aff_link:https://s.click.aliexpress.com/e/_EzfOxel	Saved-> 	Images files:['486230', '486229', '486228', '486227', '486226', '486225', '486224', '486223', '486222']	img count: 8
2023-02-07 00:24:33 [INFO] [SUCCESS]	[ID: 486221]  Title: NIKE            	Price:80$	Link:https://bit.ly/3WX9M75	Aff_link:https://s.click.aliexpress.com/e/_EvhAsdr	Saved-> 	Images files:['486221', '486220', '486219', '486218', '486217', '486216', '486215', '486214', '486213', '486212']	img count: 9
2023-02-07 00:24:37 [INFO] [SUCCESS]	[ID: 486211]  Title: NIKE            	Price:60$	Link:https://bit.ly/3Gv9a2Q	Aff_link:https://s.click.aliexpress.com/e/_EyjpXgZ	Saved-> 	Images files:['486211', '486210', '486209', '486208', '486207', '486206', '486205']	img count: 6
2023-02-07 00:24:43 [INFO] [SUCCESS]	[ID: 486204]  Title: New Balance CT302  	Price:54.81$	Link:https://bit.ly/3E12Fn9	Aff_link:https://s.click.aliexpress.com/e/_EuYDxzb	Saved-> 	Images files:['486204', '486203', '486202', '486201', '486200', '486199', '486198', '486197', '486196', '486195']	img count: 9
2023-02-07 00:24:46 [INFO] [SUCCESS]	[ID: 486194]  Title: NIKE            	Price:50$	Link:https://bit.ly/3Z2osDy	Aff_link:https://s.click.aliexpress.com/e/_EGs2Dyp	Saved-> 	Images files:['486194', '486193', '486192', '486191', '486190']	img count: 4
2023-02-07 00:24:54 [INFO] [SUCCESS]	[ID: 486189]  Title: Stussy x Nike Air  	Price:57.07$	Link:https://bit.ly/3RtwUsa	Aff_link:https://s.click.aliexpress.com/e/_Exhi9El	Saved-> 	Images files:['486189', '486188', '486187', '486186', '486185', '486184', '486183', '486182', '486181', '486180']	img count: 9
2023-02-07 00:24:59 [INFO] [SUCCESS]	[ID: 486179]  Title: Nike Air Foamposit 	Price:68.37$	Link:https://bit.ly/3YifZLm	Aff_link:https://s.click.aliexpress.com/e/_EI1J7Tf	Saved-> 	Images files:['486179', '486178', '486177', '486176', '486175', '486174', '486173', '486172', '486171', '486170']	img count: 9
2023-02-07 00:25:04 [INFO] [SUCCESS]	[ID: 486169]  Title: NIKE            	Price:50$	Link:https://bit.ly/3Z2osDy	Aff_link:https://s.click.aliexpress.com/e/_EG8QeSD	Saved-> 	Images files:['486169', '486168', '486167', '486166', '486165', '486164', '486163', '486162']	img count: 7
2023-02-07 00:25:13 [INFO] [SUCCESS]	[ID: 486161]  Title: Nike Air Foamposit 	Price:68.37$	Link:https://bit.ly/3YifZLm	Aff_link:https://s.click.aliexpress.com/e/_Ez2ncBT	Saved-> 	Images files:['486161', '486160', '486159', '486158', '486157', '486156', '486155', '486154', '486153', '486152']	img count: 9
2023-02-07 00:25:19 [INFO] [SUCCESS]	[ID: 486151]  Title: NIKE            	Price:69$	Link:https://bit.ly/3WS8wSr	Aff_link:https://s.click.aliexpress.com/e/_EHfpquz	Saved-> 	Images files:['486151', '486150', '486149', '486148', '486147', '486146', '486145']	img count: 6
2023-02-07 00:25:24 [INFO] [SUCCESS]	[ID: 486144]  Title: NIKE            	Price:59$	Link:https://bit.ly/3i72zlR	Aff_link:https://s.click.aliexpress.com/e/_EvWs9YZ	Saved-> 	Images files:['486144', '486143', '486142', '486141', '486140', '486139', '486138', '486137', '486136']	img count: 8
2023-02-07 00:25:31 [INFO] [SUCCESS]	[ID: 486135]  Title: Nike Travis Scott  	Price:53.68$	Link:https://bit.ly/3HU7IYJ	Aff_link:https://s.click.aliexpress.com/e/_EGUdd57	Saved-> 	Images files:['486135', '486134', '486133', '486132', '486131', '486130', '486129', '486128', '486127', '486126']	img count: 9
2023-02-07 00:25:37 [INFO] [SUCCESS]	[ID: 486125]  Title: NIKE            	Price:59$	Link:https://bit.ly/3i72zlR	Aff_link:https://s.click.aliexpress.com/e/_EuhDV5L	Saved-> 	Images files:['486125', '486124', '486123', '486122', '486121', '486120', '486119', '486118', '486117', '486116']	img count: 9
2023-02-07 00:25:44 [INFO] [SUCCESS]	[ID: 486115]  Title: NIKE            	Price:75$	Link:https://bit.ly/3Q1O4fG	Aff_link:https://s.click.aliexpress.com/e/_EvWZ0mh	Saved-> 	Images files:['486115', '486114', '486113', '486112', '486111', '486110', '486109', '486108', '486107']	img count: 8
2023-02-07 00:25:48 [ERROR] [FAILED]	[ID: 486106]  Title: NIKE            	Price:55$	Link:https://bit.ly/3WAhT9C	Aff_link:Failed to convert Ali Express link	Saved-> 	Images files:['486106', '486105', '486104', '486103', '486102', '486101', '486100']	img count: 6
2023-02-07 00:25:57 [INFO] [SUCCESS]	[ID: 486099]  Title: NIKE            	Price:52$	Link:https://bit.ly/3WPCerm	Aff_link:https://s.click.aliexpress.com/e/_EyCha33	Saved-> 	Images files:['486099', '486098', '486097', '486096', '486095', '486094', '486093', '486092', '486091', '486090']	img count: 9
2023-02-07 00:26:06 [INFO] [SUCCESS]	[ID: 486089]  Title: NIKE            	Price:53$	Link:https://bit.ly/3WvKmgS	Aff_link:https://s.click.aliexpress.com/e/_EyiN8bF	Saved-> 	Images files:['486089', '486088', '486087', '486086', '486085', '486084', '486083', '486082']	img count: 7
2023-02-07 00:26:11 [INFO] [SUCCESS]	[ID: 486081]  Title: NIKE            	Price:27$	Link:https://bit.ly/3IcWeQx	Aff_link:https://s.click.aliexpress.com/e/_EJrr0sV	Saved-> 	Images files:['486081', '486080', '486079', '486078', '486077', '486076', '486075']	img count: 6
2023-02-07 00:26:16 [INFO] [SUCCESS]	[ID: 486074]  Title: NIKE            	Price:65$	Link:https://bit.ly/3vtyxfa	Aff_link:https://s.click.aliexpress.com/e/_EvamHi9	Saved-> 	Images files:['486074', '486073', '486072', '486071', '486070', '486069', '486068', '486067', '486066', '486065']	img count: 9
2023-02-07 00:26:24 [INFO] [SUCCESS]	[ID: 486064]  Title: NIKE            	Price:95$	Link:https://bit.ly/3WAL4JS	Aff_link:https://s.click.aliexpress.com/e/_EvGQXe9	Saved-> 	Images files:['486064', '486063', '486062', '486061', '486060', '486059', '486058', '486057', '486056', '486055', '486054', '486053', '486052', '486051', '486050', '486049']	img count: 15
2023-02-07 00:26:27 [INFO] [SUCCESS]	[ID: 486048]  Title: Louis Vuitton wall 	Price:27.36$	Link:https://bit.ly/3YsCvB9	Aff_link:https://s.click.aliexpress.com/e/_EyaqKNn	Saved-> 	Images files:['486048']	img count: 0
2023-02-07 00:26:31 [INFO] [SUCCESS]	[ID: 486047]  Title: Stussy bag      	Price:30.63$	Link:https://bit.ly/3XZSCq6	Aff_link:https://s.click.aliexpress.com/e/_EzO2qcl	Saved-> 	Images files:['486047', '486046', '486045', '486044', '486043', '486042', '486041']	img count: 6
2023-02-07 00:26:36 [INFO] [SUCCESS]	[ID: 486040]  Title: NIKE            	Price:59$	Link:https://bit.ly/3i72zlR	Aff_link:https://s.click.aliexpress.com/e/_EHCFifx	Saved-> 	Images files:['486040', '486039', '486038', '486037', '486036', '486035', '486034', '486033']	img count: 7
2023-02-07 00:26:40 [INFO] [SUCCESS]	[ID: 486032]  Title: NIKE            	Price:59$	Link:https://bit.ly/3i72zlR	Aff_link:https://s.click.aliexpress.com/e/_Evhwy0N	Saved-> 	Images files:['486032', '486031', '486030', '486029', '486028']	img count: 4
2023-02-07 00:26:43 [ERROR] [FAILED]	[ID: 486027]  Title: Follow our Look Ch 	Price:$	Link:https://bestallie.x.yupoo.com/	Aff_link:No Ali Express link detected	Saved-> 	Images files:['486027']	img count: 0
2023-02-07 00:26:48 [INFO] [SUCCESS]	[ID: 486026]  Title: NIKE            	Price:59$	Link:https://bit.ly/3i72zlR	Aff_link:https://s.click.aliexpress.com/e/_Ew4anUZ	Saved-> 	Images files:['486026', '486025', '486024', '486023', '486022', '486021', '486020', '486019', '486018', '486017']	img count: 9
2023-02-07 00:26:58 [ERROR] [FAILED]	[ID: 486016]  Title: Dior bag        	Price:28.10$	Link:https://shp.pub/6ljrrk	Aff_link:Failed to convert Ali Express link	Saved-> 	Images files:['486016', '486015', '486014', '486013', '486012', '486011', '486010', '486009']	img count: 7
2023-02-07 00:26:59 [ERROR] [FAILED]	[ID: 486008]  Title: Follow secrect bra 	Price:$	Link:https://t.me/joinchat/FVE33KPWkWBlMDIy	Aff_link:No Ali Express link detected	Saved-> 	Images files:['486008']	img count: 0
2023-02-07 00:27:03 [INFO] [SUCCESS]	[ID: 486007]  Title: NIKE            	Price:59$	Link:https://bit.ly/3i72zlR	Aff_link:https://s.click.aliexpress.com/e/_EuKKWKt	Saved-> 	Images files:['486007', '486006', '486005', '486004', '486003', '486002', '486001', '486000', '485999', '485998']	img count: 9
2023-02-07 00:27:13 [ERROR] [FAILED]	[ID: 485997]  Title: Dior bag        	Price:28.10$	Link:https://shp.pub/6ljrcs	Aff_link:Failed to convert Ali Express link	Saved-> 	Images files:['485997', '485996', '485995', '485994', '485993', '485992', '485991']	img count: 6
2023-02-07 00:27:19 [INFO] [SUCCESS]	[ID: 485990]  Title: Casio G         	Price:31.36$	Link:https://bit.ly/3HrHF9J	Aff_link:https://s.click.aliexpress.com/e/_EjQbVhj	Saved-> 	Images files:['485990', '485989', '485988', '485987', '485986', '485985', '485984', '485983', '485982', '485981']	img count: 9
2023-02-07 00:27:24 [INFO] [SUCCESS]	[ID: 485980]  Title: NIKE            	Price:59$	Link:https://bit.ly/3i72zlR	Aff_link:https://s.click.aliexpress.com/e/_EH8rg6t	Saved-> 	Images files:['485980', '485979', '485978', '485977', '485976', '485975', '485974', '485973', '485972', '485971']	img count: 9
2023-02-07 00:27:28 [INFO] [SUCCESS]	[ID: 485970]  Title: DIOR bag        	Price:59$	Link:https://bit.ly/3i72zlR	Aff_link:https://s.click.aliexpress.com/e/_EvKtXHb	Saved-> 	Images files:['485970', '485969', '485968', '485967', '485966', '485965', '485964', '485963']	img count: 7
2023-02-07 00:27:33 [ERROR] [FAILED]	[ID: 485962]  Title: no title        	Price:no title	Link:no title	Aff_link:no title	Saved-> 	Images files:['485962', '485961', '485960', '485959', '485958', '485957', '485956', '485955', '485954', '485953']	img count: 9
