2023-02-03 15:24:17 [ERROR] [FAILED]	[ID: 484826]  Title: NIKE            	Price:52$	Link:https://bit.ly/3WPCerm	Aff_link:Failed to convert Ali Express link	Saved-> 	Images files:['484826', '484825', '484824', '484823', '484822', '484821', '484820', '484819', '484818']	img count: 8
2023-02-03 15:24:27 [ERROR] [FAILED]	[ID: 484817]  Title: NIKE            	Price:55$	Link:https://bit.ly/3WAhT9C	Aff_link:Failed to convert Ali Express link	Saved-> 	Images files:['484817', '484816', '484815', '484814', '484813', '484812', '484811', '484810', '484809', '484808']	img count: 9
2023-02-03 15:24:38 [INFO] [SUCCESS]	[ID: 484807]  Title: Nike Air Foamposit 	Price:68.37$	Link:https://bit.ly/3YifZLm	Aff_link:https://s.click.aliexpress.com/e/_EJPvojL	Saved-> 	Images files:['484807', '484806', '484805', '484804', '484803', '484802', '484801', '484800', '484799', '484798']	img count: 9
2023-02-03 15:24:48 [ERROR] [FAILED]	[ID: 484797]  Title: NBA jersey      	Price:31$	Link:https://bit.ly/3VI88VW	Aff_link:Failed to convert Ali Express link	Saved-> 	Images files:['484797', '484796', '484795', '484794', '484793', '484792', '484791', '484790', '484789']	img count: 8
2023-02-03 15:24:58 [ERROR] [FAILED]	[ID: 484788]  Title: Birkenstock     	Price:55$	Link:https://bit.ly/3WAhT9C	Aff_link:Failed to convert Ali Express link	Saved-> 	Images files:['484788', '484787', '484786', '484785', '484784', '484783', '484782', '484781', '484780']	img count: 8
2023-02-03 15:25:10 [ERROR] [FAILED]	[ID: 484779]  Title: NIKE            	Price:53$	Link:https://bit.ly/3WvKmgS	Aff_link:Failed to convert Ali Express link	Saved-> 	Images files:['484779', '484778', '484777', '484776', '484775', '484774', '484773', '484772', '484771', '484770']	img count: 9
2023-02-03 15:25:20 [INFO] [SUCCESS]	[ID: 484769]  Title: Nike Travis Scott  	Price:53.68$	Link:https://bit.ly/3HU7IYJ	Aff_link:https://s.click.aliexpress.com/e/_Ewy12i1	Saved-> 	Images files:['484769', '484768', '484767', '484766', '484765', '484764', '484763', '484762', '484761', '484760']	img count: 9
2023-02-03 15:25:30 [ERROR] [FAILED]	[ID: 484759]  Title: NIKE            	Price:65$	Link:https://bit.ly/3vtyxfa	Aff_link:Failed to convert Ali Express link	Saved-> 	Images files:['484759', '484758', '484757', '484756', '484755', '484754', '484753', '484752', '484751', '484750']	img count: 9
2023-02-03 15:25:39 [ERROR] [FAILED]	[ID: 484749]  Title: NIKE            	Price:39$	Link:https://bit.ly/3IcGexS	Aff_link:Failed to convert Ali Express link	Saved-> 	Images files:['484749', '484748', '484747', '484746', '484745', '484744', '484743']	img count: 6
2023-02-03 15:25:48 [ERROR] [FAILED]	[ID: 484742]  Title: D&G             	Price:79$	Link:https://bit.ly/3CcLUEj	Aff_link:Failed to convert Ali Express link	Saved-> 	Images files:['484742', '484741', '484740', '484739', '484738', '484737']	img count: 5
2023-02-03 15:25:59 [INFO] [SUCCESS]	[ID: 484736]  Title: Nike Travis Scott  	Price:53.68$	Link:https://bit.ly/3HU7IYJ	Aff_link:https://s.click.aliexpress.com/e/_EIugyJL	Saved-> 	Images files:['484736', '484735', '484734', '484733', '484732', '484731', '484730']	img count: 6
2023-02-03 15:26:12 [ERROR] [FAILED]	[ID: 484729]  Title: NIKE            	Price:52$	Link:https://bit.ly/3WPCerm	Aff_link:Failed to convert Ali Express link	Saved-> 	Images files:['484729', '484728', '484727', '484726', '484725', '484724', '484723', '484722']	img count: 7
2023-02-03 15:26:24 [ERROR] [FAILED]	[ID: 484721]  Title: NIKE            	Price:95$	Link:https://bit.ly/3WAL4JS	Aff_link:Failed to convert Ali Express link	Saved-> 	Images files:['484721', '484720', '484719', '484718', '484717', '484716', '484715', '484714', '484713']	img count: 8
2023-02-03 15:26:35 [INFO] [SUCCESS]	[ID: 484712]  Title: Nike Travis Scott  	Price:53.68$	Link:https://bit.ly/3HU7IYJ	Aff_link:https://s.click.aliexpress.com/e/_EyAPl1b	Saved-> 	Images files:['484712', '484711', '484710', '484709', '484708', '484707', '484706', '484705', '484704', '484703']	img count: 9
2023-02-03 15:26:50 [INFO] [SUCCESS]	[ID: 484702]  Title: TH jacket       	Price:51.00$	Link:https://shp.pub/6ll3zy	Aff_link:https://s.click.aliexpress.com/e/_EvZ1mLj	Saved-> 	Images files:['484702', '484701', '484700', '484699', '484698', '484697', '484696', '484695', '484694']	img count: 8
2023-02-03 15:27:01 [INFO] [SUCCESS]	[ID: 484693]  Title: Nike coat       	Price:24.90$	Link:https://shp.pub/6ll3sk	Aff_link:https://s.click.aliexpress.com/e/_EzmJQy5	Saved-> 	Images files:['484693', '484692', '484691', '484690', '484689', '484688', '484687', '484686', '484685', '484684']	img count: 9
2023-02-03 15:27:11 [ERROR] [FAILED]	[ID: 484683]  Title: NIKE            	Price:70$	Link:https://bit.ly/3WWfCFQ	Aff_link:Failed to convert Ali Express link	Saved-> 	Images files:['484683', '484682', '484681', '484680', '484679', '484678', '484677', '484676', '484675']	img count: 8
2023-02-03 15:27:21 [ERROR] [FAILED]	[ID: 484674]  Title: PRADA           	Price:23$	Link:https://bit.ly/3Z0jS8T	Aff_link:Failed to convert Ali Express link	Saved-> 	Images files:['484674', '484673', '484672', '484671', '484670', '484669', '484668', '484667', '484666', '484665']	img count: 9
2023-02-03 15:27:30 [ERROR] [FAILED]	[ID: 484664]  Title: NIKE            	Price:65$	Link:https://bit.ly/3vtyxfa	Aff_link:Failed to convert Ali Express link	Saved-> 	Images files:['484664', '484663', '484662', '484661', '484660', '484659', '484658']	img count: 6
2023-02-03 15:27:38 [ERROR] [FAILED]	[ID: 484657]  Title: NIKE            	Price:60$	Link:https://bit.ly/3Gv9a2Q	Aff_link:Failed to convert Ali Express link	Saved-> 	Images files:['484657', '484656', '484655', '484654', '484653', '484652']	img count: 5
2023-02-03 15:27:54 [ERROR] [FAILED]	[ID: 484651]  Title: JACQUEMUS       	Price:59$	Link:https://bit.ly/3i72zlR	Aff_link:Failed to convert Ali Express link	Saved-> 	Images files:['484651', '484650', '484649', '484648', '484647', '484646', '484645', '484644', '484643', '484642']	img count: 9
2023-02-03 15:28:06 [INFO] [SUCCESS]	[ID: 484641]  Title: LV    Jacket    	Price:76.90$	Link:https://shp.pub/6ll03r	Aff_link:https://s.click.aliexpress.com/e/_EwpFacH	Saved-> 	Images files:['484641', '484640', '484639', '484638', '484637', '484636']	img count: 5
2023-02-03 15:28:14 [ERROR] [FAILED]	[ID: 484635]  Title: NIKE            	Price:55$	Link:https://bit.ly/3WAhT9C	Aff_link:Failed to convert Ali Express link	Saved-> 	Images files:['484635', '484634', '484633', '484632', '484631', '484630']	img count: 5
2023-02-03 15:28:27 [INFO] [SUCCESS]	[ID: 484629]  Title: GG shoes        	Price:48.50$	Link:https://shp.pub/6ll01f	Aff_link:https://s.click.aliexpress.com/e/_EzteAwt	Saved-> 	Images files:['484629', '484628', '484627', '484626', '484625', '484624', '484623', '484622']	img count: 7
2023-02-03 15:28:40 [ERROR] [FAILED]	[ID: 484621]  Title: NIKE            	Price:55$	Link:https://bit.ly/3WAhT9C	Aff_link:Failed to convert Ali Express link	Saved-> 	Images files:['484621', '484620', '484619', '484618', '484617', '484616', '484615', '484614', '484613', '484612']	img count: 9
2023-02-03 15:28:47 [ERROR] [FAILED]	[ID: 484611]  Title: NIKE            	Price:65$	Link:https://bit.ly/3vtyxfa	Aff_link:Failed to convert Ali Express link	Saved-> 	Images files:['484611', '484610', '484609', '484608']	img count: 3
2023-02-03 15:28:55 [ERROR] [FAILED]	[ID: 484607]  Title: NIKE            	Price:65$	Link:https://bit.ly/3vtyxfa	Aff_link:Failed to convert Ali Express link	Saved-> 	Images files:['484607', '484606', '484605', '484604', '484603', '484602', '484601']	img count: 6
2023-02-03 15:29:07 [ERROR] [FAILED]	[ID: 484600]  Title: NIKE            	Price:35$	Link:https://bit.ly/3Vt5S4E	Aff_link:Failed to convert Ali Express link	Saved-> 	Images files:['484600', '484599', '484598', '484597', '484596', '484595', '484594', '484593', '484592']	img count: 8
2023-02-03 15:29:12 [ERROR] [FAILED]	[ID: 484591]  Title: Catalogs

1) https 	Price:$	Link:https://hypeallie.online/jackzhang/	Aff_link:No Ali Express link detected	Saved-> 	Images files:['484591']	img count: 0
2023-02-03 15:29:23 [ERROR] [FAILED]	[ID: 484590]  Title: NIKE            	Price:33$	Link:https://bit.ly/3G2mAlz	Aff_link:Failed to convert Ali Express link	Saved-> 	Images files:['484590', '484589', '484588', '484587', '484586', '484585', '484584']	img count: 6
2023-02-03 15:29:33 [ERROR] [FAILED]	[ID: 484583]  Title: NIKE            	Price:60$	Link:https://bit.ly/3Gv9a2Q	Aff_link:Failed to convert Ali Express link	Saved-> 	Images files:['484583', '484582', '484581', '484580', '484579', '484578', '484577']	img count: 6
2023-02-03 15:29:46 [ERROR] [FAILED]	[ID: 484576]  Title: NIKE            	Price:70$	Link:https://bit.ly/3WWfCFQ	Aff_link:Failed to convert Ali Express link	Saved-> 	Images files:['484576', '484575', '484574', '484573', '484572', '484571', '484570', '484569', '484568', '484567']	img count: 9
2023-02-03 15:29:57 [INFO] [SUCCESS]	[ID: 484566]  Title: Louis Vuitton  LV  	Price:73.45$	Link:https://bit.ly/3jfM1sH	Aff_link:https://s.click.aliexpress.com/e/_EznTyKZ	Saved-> 	Images files:['484566', '484565', '484564', '484563', '484562', '484561', '484560', '484559', '484558', '484557']	img count: 9
2023-02-03 15:30:08 [ERROR] [FAILED]	[ID: 484556]  Title: NIKE            	Price:65$	Link:https://bit.ly/3vtyxfa	Aff_link:Failed to convert Ali Express link	Saved-> 	Images files:['484556', '484555', '484554', '484553', '484552', '484551', '484550', '484549', '484548', '484547']	img count: 9
2023-02-03 15:30:19 [ERROR] [FAILED]	[ID: 484546]  Title: NIKE            	Price:65$	Link:https://bit.ly/3vtyxfa	Aff_link:Failed to convert Ali Express link	Saved-> 	Images files:['484546', '484545', '484544', '484543', '484542', '484541', '484540', '484539', '484538', '484537']	img count: 9
2023-02-03 15:30:29 [ERROR] [FAILED]	[ID: 484536]  Title: Coach bag High qua 	Price:65.76$	Link:https://bit.ly/3HqquFP	Aff_link:No Ali Express link detected	Saved-> 	Images files:['484536', '484535', '484534', '484533', '484532', '484531', '484530', '484529', '484528', '484527']	img count: 9
2023-02-03 15:30:36 [ERROR] [FAILED]	[ID: 484526]  Title: NIKE            	Price:70$	Link:https://bit.ly/3WWfCFQ	Aff_link:Failed to convert Ali Express link	Saved-> 	Images files:['484526', '484525', '484524', '484523']	img count: 3
2023-02-03 15:30:46 [ERROR] [FAILED]	[ID: 484522]  Title: Ralph Lauren RL sw 	Price:60.88$	Link:https://bit.ly/3RnWoal	Aff_link:No Ali Express link detected	Saved-> 	Images files:['484522', '484521', '484520', '484519', '484518', '484517', '484516', '484515', '484514', '484513']	img count: 9
2023-02-03 15:30:55 [INFO] [SUCCESS]	[ID: 484512]  Title: Moncler jacket  	Price:83.88$	Link:https://bit.ly/3YfcMwe	Aff_link:https://s.click.aliexpress.com/e/_EI5Vzff	Saved-> 	Images files:['484512', '484511', '484510', '484509', '484508', '484507', '484506', '484505', '484504']	img count: 8
2023-02-03 15:31:03 [ERROR] [FAILED]	[ID: 484503]  Title: NIKE            	Price:70$	Link:https://bit.ly/3WWfCFQ	Aff_link:Failed to convert Ali Express link	Saved-> 	Images files:['484503', '484502', '484501', '484500', '484499', '484498', '484497']	img count: 6
2023-02-03 15:31:13 [ERROR] [FAILED]	[ID: 484496]  Title: Coach REVEL BAG 	Price:69.54$	Link:https://bit.ly/40j1xV5	Aff_link:No Ali Express link detected	Saved-> 	Images files:['484496', '484495', '484494', '484493', '484492', '484491', '484490', '484489', '484488', '484487']	img count: 9
2023-02-03 15:31:22 [INFO] [SUCCESS]	[ID: 484486]  Title: Nike Air Presto x  	Price:57.60$	Link:https://bit.ly/3Jq70DD	Aff_link:https://s.click.aliexpress.com/e/_EJ9o7SV	Saved-> 	Images files:['484486', '484485', '484484', '484483', '484482', '484481', '484480', '484479']	img count: 7
2023-02-03 15:31:30 [ERROR] [FAILED]	[ID: 484478]  Title: NIKE            	Price:55$	Link:https://bit.ly/3WAhT9C	Aff_link:Failed to convert Ali Express link	Saved-> 	Images files:['484478', '484477', '484476', '484475', '484474', '484473', '484472', '484471']	img count: 7
2023-02-03 15:31:41 [INFO] [SUCCESS]	[ID: 484470]  Title: Ralph Lauren Sweat 	Price:41.28$	Link:https://bit.ly/3jl25cN	Aff_link:https://s.click.aliexpress.com/e/_Ewt78Kv	Saved-> 	Images files:['484470', '484469', '484468', '484467', '484466', '484465', '484464', '484463', '484462']	img count: 8
2023-02-03 15:31:50 [INFO] [SUCCESS]	[ID: 484461]  Title: Chloe sunglasses 	Price:26.40$	Link:https://bit.ly/3Y5nzJk	Aff_link:https://s.click.aliexpress.com/e/_EIV8kK1	Saved-> 	Images files:['484461', '484460', '484459', '484458', '484457', '484456', '484455', '484454']	img count: 7
2023-02-03 15:31:59 [ERROR] [FAILED]	[ID: 484453]  Title: NIKE            	Price:55$	Link:https://bit.ly/3WAhT9C	Aff_link:Failed to convert Ali Express link	Saved-> 	Images files:['484453', '484452', '484451', '484450', '484449', '484448', '484447']	img count: 6
2023-02-03 15:32:14 [ERROR] [FAILED]	[ID: 484446]  Title: NIKE            	Price:55$	Link:https://bit.ly/3WAhT9C	Aff_link:Failed to convert Ali Express link	Saved-> 	Images files:['484446', '484445', '484444', '484443', '484442', '484441', '484440', '484439']	img count: 7
2023-02-03 15:32:47 [INFO] [SUCCESS]	[ID: 484438]  Title: Dyson hair dryer h 	Price:156$	Link:https://bit.ly/3Y0ITzM	Aff_link:https://s.click.aliexpress.com/e/_EIja4P7	Saved-> 	Images files:['484438', '484437', '484436', '484435', '484434', '484433', '484432', '484431', '484430', '484429']	img count: 9
2023-02-03 15:32:56 [INFO] [SUCCESS]	[ID: 484428]  Title: Adidas Originals H 	Price:54$	Link:https://bit.ly/3Re3GNX	Aff_link:https://s.click.aliexpress.com/e/_EQ6BdVx	Saved-> 	Images files:['484428', '484427', '484426', '484425', '484424', '484423', '484422', '484421', '484420', '484419']	img count: 9
2023-02-03 15:33:04 [ERROR] [FAILED]	[ID: 484418]  Title: NIKE            	Price:55$	Link:https://bit.ly/3WAhT9C	Aff_link:Failed to convert Ali Express link	Saved-> 	Images files:['484418', '484417', '484416', '484415', '484414', '484413']	img count: 5
2023-02-03 15:33:11 [ERROR] [FAILED]	[ID: 484412]  Title: NIKE            	Price:55$	Link:https://bit.ly/3WAhT9C	Aff_link:Failed to convert Ali Express link	Saved-> 	Images files:['484412', '484411', '484410', '484409', '484408', '484407']	img count: 5
2023-02-03 15:33:22 [INFO] [SUCCESS]	[ID: 484406]  Title: Louis Vuitton LV Q 	Price:26.38$	Link:https://bit.ly/3HSiZZu	Aff_link:https://s.click.aliexpress.com/e/_Eu4PA45	Saved-> 	Images files:['484406', '484405', '484404', '484403', '484402', '484401', '484400', '484399', '484398', '484397']	img count: 9
2023-02-03 15:33:32 [INFO] [SUCCESS]	[ID: 484396]  Title: RADO watch good qu 	Price:56.28$	Link:https://bit.ly/3YbR7Fb	Aff_link:https://s.click.aliexpress.com/e/_EJxehwz	Saved-> 	Images files:['484396', '484395', '484394', '484393', '484392', '484391', '484390', '484389', '484388', '484387']	img count: 9
2023-02-03 15:33:43 [ERROR] [FAILED]	[ID: 484386]  Title: NIKE            	Price:55$	Link:https://bit.ly/3WAhT9C	Aff_link:Failed to convert Ali Express link	Saved-> 	Images files:['484386', '484385', '484384', '484383', '484382', '484381', '484380', '484379', '484378', '484377']	img count: 9
2023-02-03 15:33:50 [ERROR] [FAILED]	[ID: 484376]  Title: NIKE            	Price:55$	Link:https://bit.ly/3WAhT9C	Aff_link:Failed to convert Ali Express link	Saved-> 	Images files:['484376', '484375', '484374', '484373', '484372', '484371']	img count: 5
2023-02-03 15:34:00 [INFO] [SUCCESS]	[ID: 484370]  Title: RADO watch good qu 	Price:56.28$	Link:https://bit.ly/3YbR7Fb	Aff_link:https://s.click.aliexpress.com/e/_Ejv04ZR	Saved-> 	Images files:['484370', '484369', '484368', '484367', '484366', '484365', '484364', '484363', '484362', '484361']	img count: 9
2023-02-03 15:34:10 [ERROR] [FAILED]	[ID: 484360]  Title: NIKE            	Price:65$	Link:https://bit.ly/3vtyxfa	Aff_link:Failed to convert Ali Express link	Saved-> 	Images files:['484360', '484359', '484358', '484357', '484356', '484355', '484354', '484353']	img count: 7
2023-02-03 15:34:18 [ERROR] [FAILED]	[ID: 484352]  Title: NIKE            	Price:60$	Link:https://bit.ly/3Gv9a2Q	Aff_link:Failed to convert Ali Express link	Saved-> 	Images files:['484352', '484351', '484350', '484349', '484348', '484347', '484346', '484345']	img count: 7
2023-02-03 15:34:23 [ERROR] [FAILED]	[ID: 484344]  Title: Follow our Look Ch 	Price:$	Link:https://bestallie.x.yupoo.com/	Aff_link:No Ali Express link detected	Saved-> 	Images files:['484344']	img count: 0
2023-02-03 15:34:31 [ERROR] [FAILED]	[ID: 484343]  Title: NIKE            	Price:60$	Link:https://bit.ly/3Gv9a2Q	Aff_link:Failed to convert Ali Express link	Saved-> 	Images files:['484343', '484342', '484341', '484340', '484339', '484338', '484337', '484336']	img count: 7
2023-02-03 15:34:40 [ERROR] [FAILED]	[ID: 484335]  Title: NIKE            	Price:60$	Link:https://bit.ly/3Gv9a2Q	Aff_link:Failed to convert Ali Express link	Saved-> 	Images files:['484335', '484334', '484333', '484332', '484331', '484330', '484329', '484328', '484327']	img count: 8
2023-02-03 15:34:48 [INFO] [SUCCESS]	[ID: 484326]  Title: Carhatt backpack 	Price:37.61$	Link:https://bit.ly/3YmBB9z	Aff_link:https://s.click.aliexpress.com/e/_EHODY7F	Saved-> 	Images files:['484326', '484325', '484324', '484323', '484322', '484321']	img count: 5
2023-02-03 15:34:54 [ERROR] [FAILED]	[ID: 484320]  Title: Follow secrect bra 	Price:$	Link:https://t.me/joinchat/FVE33KPWkWBlMDIy	Aff_link:No Ali Express link detected	Saved-> 	Images files:['484320']	img count: 0
2023-02-03 15:35:01 [ERROR] [FAILED]	[ID: 484319]  Title: NIKE            	Price:55$	Link:https://bit.ly/3WAhT9C	Aff_link:Failed to convert Ali Express link	Saved-> 	Images files:['484319', '484318', '484317', '484316', '484315', '484314', '484313']	img count: 6
2023-02-03 15:35:11 [INFO] [SUCCESS]	[ID: 484312]  Title: Nike Air max Tn sh 	Price:57.60$	Link:https://bit.ly/3JpsmB2	Aff_link:https://s.click.aliexpress.com/e/_ExwYSjF	Saved-> 	Images files:['484312', '484311', '484310', '484309', '484308', '484307', '484306', '484305', '484304']	img count: 8
2023-02-03 15:35:20 [ERROR] [FAILED]	[ID: 484303]  Title: NIKE            	Price:55$	Link:https://bit.ly/3WAhT9C	Aff_link:Failed to convert Ali Express link	Saved-> 	Images files:['484303', '484302', '484301', '484300', '484299', '484298', '484297', '484296', '484295', '484294']	img count: 9
2023-02-03 15:35:29 [INFO] [SUCCESS]	[ID: 484293]  Title: Stussy bag      	Price:30.63$	Link:https://bit.ly/3XZSCq6	Aff_link:https://s.click.aliexpress.com/e/_EucS5y1	Saved-> 	Images files:['484293', '484292', '484291', '484290', '484289', '484288', '484287']	img count: 6
2023-02-03 15:35:40 [INFO] [SUCCESS]	[ID: 484286]  Title: Nike Air max Tn sh 	Price:57.60$	Link:https://bit.ly/3JpsmB2	Aff_link:https://s.click.aliexpress.com/e/_EICRy6Z	Saved-> 	Images files:['484286', '484285', '484284', '484283', '484282', '484281', '484280', '484279', '484278', '484277']	img count: 9
2023-02-03 15:35:50 [ERROR] [FAILED]	[ID: 484276]  Title: NIKE            	Price:9.9$	Link:https://bit.ly/3I7OQ9a	Aff_link:Failed to convert Ali Express link	Saved-> 	Images files:['484276', '484275', '484274', '484273', '484272', '484271', '484270', '484269']	img count: 7
2023-02-03 15:36:01 [INFO] [SUCCESS]	[ID: 484268]  Title: NBA jersey      	Price:27.27$	Link:https://shp.pub/6lfazj	Aff_link:https://s.click.aliexpress.com/e/_EurSCHJ	Saved-> 	Images files:['484268', '484267', '484266', '484265', '484264', '484263', '484262', '484261', '484260', '484259']	img count: 9
2023-02-03 15:36:13 [INFO] [SUCCESS]	[ID: 484258]  Title: Casio G         	Price:31.36$	Link:https://bit.ly/3HrHF9J	Aff_link:https://s.click.aliexpress.com/e/_EyAn9Uv	Saved-> 	Images files:['484258', '484257', '484256', '484255', '484254', '484253', '484252', '484251', '484250', '484249']	img count: 9
2023-02-03 15:36:23 [INFO] [SUCCESS]	[ID: 484248]  Title: Nike Air max Tn sh 	Price:57.60$	Link:https://bit.ly/3JpsmB2	Aff_link:https://s.click.aliexpress.com/e/_EzzAIKZ	Saved-> 	Images files:['484248', '484247', '484246', '484245', '484244', '484243', '484242', '484241', '484240', '484239']	img count: 9
2023-02-03 15:36:30 [ERROR] [FAILED]	[ID: 484238]  Title: NIKE            	Price:55$	Link:https://bit.ly/3WAhT9C	Aff_link:Failed to convert Ali Express link	Saved-> 	Images files:['484238', '484237', '484236', '484235', '484234', '484233', '484232']	img count: 6
2023-02-03 15:36:40 [INFO] [SUCCESS]	[ID: 484231]  Title: CHANEL braclet Wri 	Price:30.96$	Link:https://bit.ly/3WPCgPo	Aff_link:https://s.click.aliexpress.com/e/_EGkSHq5	Saved-> 	Images files:['484231', '484230', '484229', '484228', '484227', '484226', '484225', '484224', '484223', '484222']	img count: 9
2023-02-03 15:36:47 [ERROR] [FAILED]	[ID: 484221]  Title: NIKE            	Price:60$	Link:https://bit.ly/3Gv9a2Q	Aff_link:Failed to convert Ali Express link	Saved-> 	Images files:['484221', '484220', '484219', '484218']	img count: 3
2023-02-03 15:36:55 [ERROR] [FAILED]	[ID: 484217]  Title: NIKE            	Price:49$	Link:https://bit.ly/3Q1OzGG	Aff_link:Failed to convert Ali Express link	Saved-> 	Images files:['484217', '484216', '484215', '484214', '484213', '484212', '484211']	img count: 6
2023-02-03 15:37:09 [INFO] [SUCCESS]	[ID: 484210]  Title: LV braclet Wristba 	Price:27.48$	Link:https://bit.ly/3WSBDom	Aff_link:https://s.click.aliexpress.com/e/_EvvQSPT	Saved-> 	Images files:['484210', '484209', '484208', '484207', '484206', '484205', '484204', '484203', '484202', '484201']	img count: 9
2023-02-03 15:37:17 [ERROR] [FAILED]	[ID: 484200]  Title: NIKE            	Price:70$	Link:https://bit.ly/3WWfCFQ	Aff_link:Failed to convert Ali Express link	Saved-> 	Images files:['484200', '484199', '484198', '484197', '484196', '484195', '484194', '484193', '484192', '484191']	img count: 9
2023-02-03 15:37:29 [INFO] [SUCCESS]	[ID: 484190]  Title: Burberry BBR bag 	Price:84.48$	Link:https://bit.ly/3XVDrOF	Aff_link:https://s.click.aliexpress.com/e/_EuNPr69	Saved-> 	Images files:['484190', '484189', '484188', '484187', '484186', '484185', '484184', '484183', '484182', '484181']	img count: 9
2023-02-03 15:37:37 [ERROR] [FAILED]	[ID: 484180]  Title: NIKE            	Price:65$	Link:https://bit.ly/3vtyxfa	Aff_link:Failed to convert Ali Express link	Saved-> 	Images files:['484180', '484179', '484178', '484177', '484176', '484175']	img count: 5
2023-02-03 15:37:45 [ERROR] [FAILED]	[ID: 484174]  Title: NIKE            	Price:65$	Link:https://bit.ly/3vtyxfa	Aff_link:Failed to convert Ali Express link	Saved-> 	Images files:['484174', '484173', '484172', '484171', '484170', '484169', '484168']	img count: 6
2023-02-03 15:37:52 [ERROR] [FAILED]	[ID: 484167]  Title: NIKE            	Price:55$	Link:https://bit.ly/3WAhT9C	Aff_link:Failed to convert Ali Express link	Saved-> 	Images files:['484167', '484166', '484165', '484164', '484163']	img count: 4
2023-02-03 15:38:07 [ERROR] [FAILED]	[ID: 484162]  Title: NIKE            	Price:70$	Link:https://bit.ly/3WWfCFQ	Aff_link:Failed to convert Ali Express link	Saved-> 	Images files:['484162', '484161', '484160', '484159', '484158', '484157', '484156', '484155', '484154', '484153']	img count: 9
2023-02-03 15:38:18 [ERROR] [FAILED]	[ID: 484152]  Title: NIKE            	Price:70$	Link:https://bit.ly/3WWfCFQ	Aff_link:Failed to convert Ali Express link	Saved-> 	Images files:['484152', '484151', '484150', '484149', '484148', '484147', '484146', '484145', '484144', '484143']	img count: 9
2023-02-03 15:38:31 [INFO] [SUCCESS]	[ID: 484142]  Title: Palm            	Price:38.60$	Link:https://shp.pub/6ljqtc	Aff_link:https://s.click.aliexpress.com/e/_Exslo6Z	Saved-> 	Images files:['484142', '484141', '484140', '484139', '484138', '484137', '484136', '484135']	img count: 7
2023-02-03 15:38:41 [ERROR] [FAILED]	[ID: 484134]  Title: NIKE            	Price:75$	Link:https://bit.ly/3Q1O4fG	Aff_link:Failed to convert Ali Express link	Saved-> 	Images files:['484134', '484133', '484132', '484131', '484130', '484129', '484128', '484127', '484126', '484125']	img count: 9
2023-02-03 15:38:51 [ERROR] [FAILED]	[ID: 484124]  Title: NIKE            	Price:70$	Link:https://bit.ly/3WWfCFQ	Aff_link:Failed to convert Ali Express link	Saved-> 	Images files:['484124', '484123', '484122', '484121', '484120', '484119', '484118', '484117', '484116', '484115']	img count: 9
2023-02-03 15:39:10 [INFO] [SUCCESS]	[ID: 484114]  Title: Air Jordan 4    	Price:51.00$	Link:https://shp.pub/6ljnij	Aff_link:https://s.click.aliexpress.com/e/_EvxTbH3	Saved-> 	Images files:['484114', '484113', '484112', '484111', '484110', '484109', '484108', '484107', '484106', '484105']	img count: 9
2023-02-03 15:39:23 [ERROR] [FAILED]	[ID: 484104]  Title: NIKE            	Price:65$	Link:https://bit.ly/3vtyxfa	Aff_link:Failed to convert Ali Express link	Saved-> 	Images files:['484104', '484103', '484102', '484101', '484100', '484099', '484098', '484097', '484096', '484095']	img count: 9
2023-02-03 15:39:33 [ERROR] [FAILED]	[ID: 484094]  Title: NIKE            	Price:55$	Link:https://bit.ly/3WAhT9C	Aff_link:Failed to convert Ali Express link	Saved-> 	Images files:['484094', '484093', '484092', '484091', '484090', '484089', '484088', '484087']	img count: 7
2023-02-03 15:39:39 [ERROR] [FAILED]	[ID: 484086]  Title: NIKE            	Price:55$	Link:https://bit.ly/3WAhT9C	Aff_link:Failed to convert Ali Express link	Saved-> 	Images files:['484086', '484085']	img count: 1
2023-02-03 15:39:49 [ERROR] [FAILED]	[ID: 484084]  Title: NIKE            	Price:55$	Link:https://bit.ly/3WAhT9C	Aff_link:Failed to convert Ali Express link	Saved-> 	Images files:['484084', '484083', '484082', '484081', '484080', '484079', '484078', '484077', '484076', '484075']	img count: 9
2023-02-03 15:39:59 [ERROR] [FAILED]	[ID: 484074]  Title: NIKE            	Price:55$	Link:https://bit.ly/3WAhT9C	Aff_link:Failed to convert Ali Express link	Saved-> 	Images files:['484074', '484073', '484072', '484071', '484070', '484069', '484068', '484067', '484066', '484065']	img count: 9
2023-02-03 15:40:11 [ERROR] [FAILED]	[ID: 484064]  Title: NIKE            	Price:55$	Link:https://bit.ly/3WAhT9C	Aff_link:Failed to convert Ali Express link	Saved-> 	Images files:['484064', '484063', '484062', '484061', '484060', '484059', '484058', '484057']	img count: 7
2023-02-03 15:40:22 [ERROR] [FAILED]	[ID: 484056]  Title: NIKE            	Price:55$	Link:https://bit.ly/3WAhT9C	Aff_link:Failed to convert Ali Express link	Saved-> 	Images files:['484056', '484055', '484054', '484053', '484052', '484051', '484050', '484049']	img count: 7
2023-02-03 15:40:33 [ERROR] [FAILED]	[ID: 484048]  Title: NIKE            	Price:55$	Link:https://bit.ly/3WAhT9C	Aff_link:Failed to convert Ali Express link	Saved-> 	Images files:['484048', '484047', '484046', '484045', '484044', '484043', '484042', '484041', '484040', '484039']	img count: 9
2023-02-03 15:40:38 [ERROR] [FAILED]	[ID: 484038]  Title: Catalogs

1) https 	Price:$	Link:https://hypeallie.online/jackzhang/	Aff_link:No Ali Express link detected	Saved-> 	Images files:['484038']	img count: 0
2023-02-03 15:40:49 [ERROR] [FAILED]	[ID: 484037]  Title: NIKE            	Price:60$	Link:https://bit.ly/3Gv9a2Q	Aff_link:Failed to convert Ali Express link	Saved-> 	Images files:['484037', '484036', '484035', '484034', '484033', '484032', '484031', '484030', '484029']	img count: 8
2023-02-03 15:41:01 [ERROR] [FAILED]	[ID: 484028]  Title: NIKE            	Price:50$	Link:https://bit.ly/3Z2osDy	Aff_link:Failed to convert Ali Express link	Saved-> 	Images files:['484028', '484027', '484026', '484025', '484024', '484023', '484022', '484021', '484020']	img count: 8
2023-02-03 15:41:10 [ERROR] [FAILED]	[ID: 484019]  Title: NIKE            	Price:50$	Link:https://bit.ly/3Z2osDy	Aff_link:Failed to convert Ali Express link	Saved-> 	Images files:['484019', '484018', '484017', '484016', '484015', '484014']	img count: 5
2023-02-03 15:41:20 [INFO] [SUCCESS]	[ID: 484013]  Title: Cartier Quartz wat 	Price:76.78$	Link:https://bit.ly/3DlWj1d	Aff_link:https://s.click.aliexpress.com/e/_EJ1ZTFf	Saved-> 	Images files:['484013', '484012', '484011', '484010', '484009', '484008', '484007', '484006', '484005']	img count: 8
2023-02-03 15:41:31 [ERROR] [FAILED]	[ID: 484004]  Title: NIKE            	Price:50$	Link:https://bit.ly/3Z2osDy	Aff_link:Failed to convert Ali Express link	Saved-> 	Images files:['484004', '484003', '484002', '484001', '484000', '483999', '483998', '483997', '483996', '483995']	img count: 9
2023-02-03 15:41:41 [ERROR] [FAILED]	[ID: 483994]  Title: NIKE            	Price:59$	Link:https://bit.ly/3i72zlR	Aff_link:Failed to convert Ali Express link	Saved-> 	Images files:['483994', '483993', '483992', '483991', '483990', '483989', '483988', '483987', '483986']	img count: 8
2023-02-03 15:41:48 [INFO] [SUCCESS]	[ID: 483985]  Title: Calvin Klein cK kn 	Price:20.34$	Link:https://bit.ly/3HmV6ro	Aff_link:https://s.click.aliexpress.com/e/_EInQT7J	Saved-> 	Images files:['483985', '483984', '483983', '483982']	img count: 3
2023-02-03 15:41:59 [ERROR] [FAILED]	[ID: 483981]  Title: NIKE            	Price:55$	Link:https://bit.ly/3WAhT9C	Aff_link:Failed to convert Ali Express link	Saved-> 	Images files:['483981', '483980', '483979', '483978', '483977', '483976', '483975', '483974']	img count: 7
2023-02-03 15:42:09 [INFO] [SUCCESS]	[ID: 483973]  Title: ROLEX Quartz Watch 	Price:50.28$	Link:https://bit.ly/3j9jKnG	Aff_link:https://s.click.aliexpress.com/e/_EGIUPjr	Saved-> 	Images files:['483973', '483972', '483971', '483970', '483969', '483968', '483967', '483966', '483965']	img count: 8
2023-02-03 15:42:22 [INFO] [SUCCESS]	[ID: 483964]  Title: ROLEX mechanical w 	Price:69.58$	Link:https://bit.ly/3DoyKEM	Aff_link:https://s.click.aliexpress.com/e/_Ew1KNbP	Saved-> 	Images files:['483964', '483963', '483962', '483961', '483960', '483959', '483958', '483957', '483956', '483955']	img count: 9
2023-02-03 15:42:34 [ERROR] [FAILED]	[ID: 483954]  Title: NIKE            	Price:80$	Link:https://bit.ly/3WX9M75	Aff_link:Failed to convert Ali Express link	Saved-> 	Images files:['483954', '483953', '483952', '483951', '483950', '483949', '483948', '483947', '483946', '483945']	img count: 9
2023-02-03 15:42:44 [INFO] [SUCCESS]	[ID: 483944]  Title: Nike Ldwaffle Saca 	Price:57.60$	Link:https://bit.ly/3Dp3q95	Aff_link:https://s.click.aliexpress.com/e/_EHsVUA1	Saved-> 	Images files:['483944', '483943', '483942', '483941', '483940', '483939', '483938', '483937', '483936', '483935']	img count: 9
2023-02-03 15:42:59 [ERROR] [FAILED]	[ID: 483934]  Title: NIKE            	Price:50$	Link:https://bit.ly/3Z2osDy	Aff_link:Failed to convert Ali Express link	Saved-> 	Images files:['483934', '483933', '483932', '483931', '483930', '483929', '483928', '483927', '483926']	img count: 8
2023-02-03 15:43:09 [ERROR] [FAILED]	[ID: 483925]  Title: NIKE            	Price:55$	Link:https://bit.ly/3WAhT9C	Aff_link:Failed to convert Ali Express link	Saved-> 	Images files:['483925', '483924', '483923', '483922', '483921']	img count: 4
2023-02-03 15:43:18 [INFO] [SUCCESS]	[ID: 483920]  Title: CHANEL braclet Wri 	Price:30.96$	Link:https://bit.ly/3kNanKF	Aff_link:https://s.click.aliexpress.com/e/_EyJRWXF	Saved-> 	Images files:['483920', '483919', '483918', '483917', '483916', '483915', '483914', '483913', '483912']	img count: 8
2023-02-03 15:43:34 [ERROR] [FAILED]	[ID: 483911]  Title: NIKE            	Price:85$	Link:https://bit.ly/3G6VWZ3	Aff_link:Failed to convert Ali Express link	Saved-> 	Images files:['483911', '483910', '483909', '483908', '483907', '483906', '483905', '483904', '483903', '483902']	img count: 9
2023-02-03 15:43:43 [ERROR] [FAILED]	[ID: 483901]  Title: THE NORTH FACE  	Price:33$	Link:https://bit.ly/3G2mAlz	Aff_link:Failed to convert Ali Express link	Saved-> 	Images files:['483901', '483900', '483899', '483898', '483897', '483896', '483895']	img count: 6
2023-02-03 15:43:53 [ERROR] [FAILED]	[ID: 483894]  Title: NIKE            	Price:55$	Link:https://bit.ly/3WAhT9C	Aff_link:Failed to convert Ali Express link	Saved-> 	Images files:['483894', '483893', '483892', '483891', '483890', '483889']	img count: 5
2023-02-03 15:44:03 [ERROR] [FAILED]	[ID: 483888]  Title: NIKE            	Price:60$	Link:https://bit.ly/3Gv9a2Q	Aff_link:Failed to convert Ali Express link	Saved-> 	Images files:['483888', '483887', '483886', '483885', '483884']	img count: 4
2023-02-03 15:44:13 [ERROR] [FAILED]	[ID: 483883]  Title: NIKE            	Price:55$	Link:https://bit.ly/3WvKmgS	Aff_link:Failed to convert Ali Express link	Saved-> 	Images files:['483883', '483882', '483881', '483880', '483879']	img count: 4
2023-02-03 15:44:21 [ERROR] [FAILED]	[ID: 483878]  Title: NIKE            	Price:55$	Link:https://bit.ly/3WAhT9C	Aff_link:Failed to convert Ali Express link	Saved-> 	Images files:['483878', '483877', '483876', '483875', '483874', '483873', '483872', '483871']	img count: 7
2023-02-03 15:44:33 [ERROR] [FAILED]	[ID: 483870]  Title: NIKE            	Price:50$	Link:https://bit.ly/3Z2osDy	Aff_link:Failed to convert Ali Express link	Saved-> 	Images files:['483870', '483869', '483868', '483867', '483866', '483865', '483864', '483863', '483862']	img count: 8
2023-02-03 15:44:45 [ERROR] [FAILED]	[ID: 483861]  Title: NIKE            	Price:55$	Link:https://bit.ly/3WAhT9C	Aff_link:Failed to convert Ali Express link	Saved-> 	Images files:['483861', '483860', '483859', '483858', '483857']	img count: 4
2023-02-03 15:44:59 [ERROR] [FAILED]	[ID: 483856]  Title: NIKE            	Price:65$	Link:https://bit.ly/3vtyxfa	Aff_link:Failed to convert Ali Express link	Saved-> 	Images files:['483856', '483855', '483854', '483853', '483852', '483851', '483850', '483849', '483848', '483847']	img count: 9
2023-02-03 15:45:09 [ERROR] [FAILED]	[ID: 483846]  Title: NIKE            	Price:65$	Link:https://bit.ly/3vtyxfa	Aff_link:Failed to convert Ali Express link	Saved-> 	Images files:['483846', '483845', '483844', '483843', '483842', '483841', '483840', '483839', '483838', '483837']	img count: 9
2023-02-03 15:45:17 [ERROR] [FAILED]	[ID: 483836]  Title: NIKE            	Price:65$	Link:https://bit.ly/3vtyxfa	Aff_link:Failed to convert Ali Express link	Saved-> 	Images files:['483836', '483835', '483834', '483833', '483832', '483831', '483830']	img count: 6
2023-02-03 15:45:22 [ERROR] [FAILED]	[ID: 483829]  Title: Follow our Look Ch 	Price:$	Link:https://bestallie.x.yupoo.com/	Aff_link:No Ali Express link detected	Saved-> 	Images files:['483829']	img count: 0
2023-02-03 15:45:32 [ERROR] [FAILED]	[ID: 483828]  Title: NIKE            	Price:65$	Link:https://bit.ly/3vtyxfa	Aff_link:Failed to convert Ali Express link	Saved-> 	Images files:['483828', '483827', '483826', '483825', '483824', '483823', '483822', '483821', '483820', '483819']	img count: 9
2023-02-03 15:45:47 [ERROR] [FAILED]	[ID: 483818]  Title: NIKE            	Price:65$	Link:https://bit.ly/3vtyxfa	Aff_link:Failed to convert Ali Express link	Saved-> 	Images files:['483818', '483817', '483816', '483815', '483814', '483813', '483812', '483811', '483810', '483809']	img count: 9
2023-02-03 15:45:54 [ERROR] [FAILED]	[ID: 483808]  Title: Follow secrect bra 	Price:$	Link:https://t.me/joinchat/FVE33KPWkWBlMDIy	Aff_link:No Ali Express link detected	Saved-> 	Images files:['483808']	img count: 0
2023-02-03 15:46:09 [ERROR] [FAILED]	[ID: 483807]  Title: NIKE            	Price:70$	Link:https://bit.ly/3WWfCFQ	Aff_link:Failed to convert Ali Express link	Saved-> 	Images files:['483807', '483806', '483805', '483804', '483803', '483802', '483801', '483800', '483799']	img count: 8
2023-02-03 15:46:21 [ERROR] [FAILED]	[ID: 483798]  Title: NIKE            	Price:70$	Link:https://bit.ly/3WWfCFQ	Aff_link:Failed to convert Ali Express link	Saved-> 	Images files:['483798', '483797', '483796', '483795', '483794', '483793', '483792', '483791', '483790']	img count: 8
2023-02-03 15:46:30 [ERROR] [FAILED]	[ID: 483789]  Title: PC Components stor 	Price:$	Link:https://bit.ly/3Dq1WeV	Aff_link:No Ali Express link detected	Saved-> 	Images files:['483789', '483788', '483787', '483786', '483785', '483784']	img count: 5
2023-02-03 15:46:36 [ERROR] [FAILED]	[ID: 483783]  Title: NIKE            	Price:55$	Link:https://bit.ly/3WAhT9C	Aff_link:Failed to convert Ali Express link	Saved-> 	Images files:['483783', '483782']	img count: 1
2023-02-03 15:46:46 [ERROR] [FAILED]	[ID: 483781]  Title: NIKE            	Price:55$	Link:https://bit.ly/3WAhT9C	Aff_link:Failed to convert Ali Express link	Saved-> 	Images files:['483781', '483780', '483779', '483778', '483777', '483776', '483775', '483774', '483773', '483772']	img count: 9
2023-02-03 15:46:53 [ERROR] [FAILED]	[ID: 483771]  Title: NIKE            	Price:55$	Link:https://bit.ly/3WAhT9C	Aff_link:Failed to convert Ali Express link	Saved-> 	Images files:['483771', '483770']	img count: 1
2023-02-03 15:47:05 [ERROR] [FAILED]	[ID: 483769]  Title: NIKE            	Price:55$	Link:https://bit.ly/3WAhT9C	Aff_link:Failed to convert Ali Express link	Saved-> 	Images files:['483769', '483768', '483767', '483766', '483765', '483764', '483763', '483762', '483761', '483760']	img count: 9
2023-02-03 15:47:16 [ERROR] [FAILED]	[ID: 483759]  Title: NIKE            	Price:55$	Link:https://bit.ly/3WAhT9C	Aff_link:Failed to convert Ali Express link	Saved-> 	Images files:['483759', '483758', '483757', '483756', '483755', '483754', '483753', '483752', '483751', '483750']	img count: 9
2023-02-03 15:47:28 [INFO] [SUCCESS]	[ID: 483749]  Title: Nba shorts      	Price:28.90$	Link:https://shp.pub/6lhsl6	Aff_link:https://s.click.aliexpress.com/e/_ExrJBz3	Saved-> 	Images files:['483749', '483748', '483747', '483746', '483745', '483744', '483743', '483742']	img count: 7
2023-02-03 15:47:39 [ERROR] [FAILED]	[ID: 483741]  Title: NIKE            	Price:55$	Link:https://bit.ly/3WAhT9C	Aff_link:Failed to convert Ali Express link	Saved-> 	Images files:['483741', '483740', '483739', '483738', '483737', '483736', '483735', '483734', '483733', '483732']	img count: 9
2023-02-03 15:47:50 [ERROR] [FAILED]	[ID: 483731]  Title: NIKE            	Price:65$	Link:https://bit.ly/3vtyxfa	Aff_link:Failed to convert Ali Express link	Saved-> 	Images files:['483731', '483730', '483729', '483728', '483727', '483726', '483725', '483724', '483723']	img count: 8
2023-02-03 15:48:05 [INFO] [SUCCESS]	[ID: 483722]  Title: NBA jersey      	Price:28.90$	Link:https://shp.pub/6lhsjm	Aff_link:https://s.click.aliexpress.com/e/_EHHXXnr	Saved-> 	Images files:['483722', '483721', '483720', '483719', '483718', '483717', '483716', '483715']	img count: 7
2023-02-03 15:48:16 [ERROR] [FAILED]	[ID: 483714]  Title: NIKE            	Price:60$	Link:https://bit.ly/3Gv9a2Q	Aff_link:Failed to convert Ali Express link	Saved-> 	Images files:['483714', '483713', '483712', '483711', '483710', '483709', '483708', '483707', '483706']	img count: 8
2023-02-03 15:48:25 [ERROR] [FAILED]	[ID: 483705]  Title: NIKE            	Price:65$	Link:https://bit.ly/3vtyxfa	Aff_link:Failed to convert Ali Express link	Saved-> 	Images files:['483705', '483704', '483703', '483702', '483701', '483700', '483699', '483698', '483697']	img count: 8
2023-02-03 15:48:39 [INFO] [SUCCESS]	[ID: 483696]  Title: NBA jersey      	Price:28.90$	Link:https://bit.ly/3HkJqWp	Aff_link:https://s.click.aliexpress.com/e/_EJcdBOH	Saved-> 	Images files:['483696', '483695', '483694', '483693', '483692', '483691', '483690', '483689']	img count: 7
2023-02-03 15:48:46 [ERROR] [FAILED]	[ID: 483688]  Title: NIKE            	Price:22$	Link:https://bit.ly/3VyvBJ4	Aff_link:Failed to convert Ali Express link	Saved-> 	Images files:['483688', '483687', '483686', '483685']	img count: 3
2023-02-03 15:48:54 [ERROR] [FAILED]	[ID: 483684]  Title: NIKE            	Price:55$	Link:https://bit.ly/3WAhT9C	Aff_link:Failed to convert Ali Express link	Saved-> 	Images files:['483684', '483683', '483682', '483681', '483680']	img count: 4
2023-02-03 15:49:10 [INFO] [SUCCESS]	[ID: 483679]  Title: Moncler         	Price:24.20$	Link:https://shp.pub/6lhsde	Aff_link:https://s.click.aliexpress.com/e/_Ew6dx81	Saved-> 	Images files:['483679', '483678', '483677', '483676', '483675', '483674', '483673', '483672', '483671', '483670']	img count: 9
2023-02-03 15:49:19 [ERROR] [FAILED]	[ID: 483669]  Title: NIKE            	Price:79$	Link:https://bit.ly/3CcLUEj	Aff_link:Failed to convert Ali Express link	Saved-> 	Images files:['483669', '483668', '483667', '483666', '483665', '483664', '483663']	img count: 6
2023-02-03 15:49:29 [ERROR] [FAILED]	[ID: 483662]  Title: NIKE            	Price:80$	Link:https://bit.ly/3WX9M75	Aff_link:Failed to convert Ali Express link	Saved-> 	Images files:['483662', '483661', '483660', '483659', '483658', '483657', '483656', '483655', '483654', '483653']	img count: 9
2023-02-03 15:49:49 [INFO] [SUCCESS]	[ID: 483652]  Title: Moncler         	Price:24.20$	Link:https://shp.pub/6lhsct	Aff_link:https://s.click.aliexpress.com/e/_EI8m6Nn	Saved-> 	Images files:['483652', '483651', '483650', '483649', '483648', '483647', '483646', '483645', '483644', '483643']	img count: 9
2023-02-03 15:49:58 [ERROR] [FAILED]	[ID: 483642]  Title: NIKE            	Price:79$	Link:https://bit.ly/3CcLUEj	Aff_link:Failed to convert Ali Express link	Saved-> 	Images files:['483642', '483641', '483640', '483639', '483638', '483637', '483636', '483635']	img count: 7
2023-02-03 15:50:06 [ERROR] [FAILED]	[ID: 483634]  Title: NIKE            	Price:62$	Link:https://bit.ly/3C8UXq4	Aff_link:Failed to convert Ali Express link	Saved-> 	Images files:['483634', '483633', '483632', '483631', '483630']	img count: 4
2023-02-03 15:50:19 [INFO] [SUCCESS]	[ID: 483629]  Title: LV bag          	Price:28.99$	Link:https://shp.pub/6lhsb9	Aff_link:https://s.click.aliexpress.com/e/_EzMCgc5	Saved-> 	Images files:['483629', '483628', '483627', '483626', '483625', '483624', '483623', '483622', '483621']	img count: 8
2023-02-03 15:50:26 [ERROR] [FAILED]	[ID: 483620]  Title: NIKE            	Price:55$	Link:https://bit.ly/3WAhT9C	Aff_link:Failed to convert Ali Express link	Saved-> 	Images files:['483620', '483619', '483618', '483617', '483616']	img count: 4
2023-02-03 15:50:35 [ERROR] [FAILED]	[ID: 483615]  Title: NIKE            	Price:59$	Link:https://bit.ly/3i72zlR	Aff_link:Failed to convert Ali Express link	Saved-> 	Images files:['483615', '483614', '483613', '483612', '483611', '483610']	img count: 5
2023-02-03 15:50:49 [INFO] [SUCCESS]	[ID: 483609]  Title: NB              	Price:43.99$	Link:https://bit.ly/3wLyEDG	Aff_link:https://s.click.aliexpress.com/e/_EHLJdiV	Saved-> 	Images files:['483609', '483608', '483607', '483606', '483605', '483604', '483603', '483602', '483601', '483600']	img count: 9
2023-02-03 15:50:58 [ERROR] [FAILED]	[ID: 483599]  Title: NIKE            	Price:55$	Link:https://bit.ly/3WAhT9C	Aff_link:Failed to convert Ali Express link	Saved-> 	Images files:['483599', '483598', '483597', '483596', '483595', '483594', '483593']	img count: 6
2023-02-03 15:51:06 [ERROR] [FAILED]	[ID: 483592]  Title: NIKE            	Price:59$	Link:https://bit.ly/3i72zlR	Aff_link:Failed to convert Ali Express link	Saved-> 	Images files:['483592', '483591', '483590', '483589', '483588', '483587', '483586']	img count: 6
2023-02-03 15:51:19 [INFO] [SUCCESS]	[ID: 483585]  Title: Adidas          	Price:22.98$	Link:https://shp.pub/6lhqpp	Aff_link:https://s.click.aliexpress.com/e/_EIQbai1	Saved-> 	Images files:['483585', '483584', '483583', '483582', '483581', '483580', '483579', '483578', '483577', '483576']	img count: 9
2023-02-03 15:51:27 [ERROR] [FAILED]	[ID: 483575]  Title: NIKE            	Price:69$	Link:https://bit.ly/3WS8wSr	Aff_link:Failed to convert Ali Express link	Saved-> 	Images files:['483575', '483574', '483573', '483572', '483571', '483570', '483569']	img count: 6
2023-02-03 15:51:35 [ERROR] [FAILED]	[ID: 483568]  Title: NIKE            	Price:85$	Link:https://bit.ly/3G6VWZ3	Aff_link:Failed to convert Ali Express link	Saved-> 	Images files:['483568', '483567', '483566', '483565', '483564']	img count: 4
2023-02-03 15:51:46 [INFO] [SUCCESS]	[ID: 483563]  Title: Nike React Vision 	Price:45.91$	Link:https://shp.pub/6lhqe1	Aff_link:https://s.click.aliexpress.com/e/_EuU2Y3T	Saved-> 	Images files:['483563', '483562', '483561', '483560', '483559', '483558', '483557', '483556', '483555', '483554']	img count: 9
2023-02-03 15:51:54 [ERROR] [FAILED]	[ID: 483553]  Title: NIKE            	Price:55$	Link:https://bit.ly/3WAhT9C	Aff_link:Failed to convert Ali Express link	Saved-> 	Images files:['483553', '483552', '483551', '483550', '483549']	img count: 4
2023-02-03 15:52:03 [ERROR] [FAILED]	[ID: 483548]  Title: NIKE            	Price:79$	Link:https://bit.ly/3WAhT9C	Aff_link:Failed to convert Ali Express link	Saved-> 	Images files:['483548', '483547', '483546', '483545', '483544', '483543', '483542', '483541', '483540']	img count: 8
2023-02-03 15:52:07 [ERROR] [FAILED]	[ID: 483539]  Title: Catalogs

1) https 	Price:$	Link:https://hypeallie.online/jackzhang/	Aff_link:No Ali Express link detected	Saved-> 	Images files:['483539']	img count: 0
2023-02-03 15:52:15 [ERROR] [FAILED]	[ID: 483538]  Title: NIKE            	Price:75$	Link:https://bit.ly/3Q1O4fG	Aff_link:Failed to convert Ali Express link	Saved-> 	Images files:['483538', '483537', '483536', '483535', '483534']	img count: 4
2023-02-03 15:52:25 [ERROR] [FAILED]	[ID: 483533]  Title: NIKE            	Price:55$	Link:https://bit.ly/3WAhT9C	Aff_link:Failed to convert Ali Express link	Saved-> 	Images files:['483533', '483532', '483531', '483530', '483529', '483528', '483527', '483526', '483525', '483524']	img count: 9
2023-02-03 15:52:34 [ERROR] [FAILED]	[ID: 483523]  Title: NIKE            	Price:55$	Link:https://bit.ly/3WAhT9C	Aff_link:Failed to convert Ali Express link	Saved-> 	Images files:['483523', '483522', '483521', '483520', '483519', '483518', '483517', '483516', '483515', '483514']	img count: 9
2023-02-03 15:52:43 [ERROR] [FAILED]	[ID: 483513]  Title: Coach bag High qua 	Price:65.76$	Link:https://bit.ly/3HqquFP	Aff_link:No Ali Express link detected	Saved-> 	Images files:['483513', '483512', '483511', '483510', '483509', '483508', '483507', '483506', '483505', '483504']	img count: 9
2023-02-03 15:52:53 [ERROR] [FAILED]	[ID: 483503]  Title: NIKE            	Price:55$	Link:https://bit.ly/3WAhT9C	Aff_link:Failed to convert Ali Express link	Saved-> 	Images files:['483503', '483502', '483501', '483500', '483499', '483498', '483497', '483496', '483495', '483494']	img count: 9
2023-02-03 15:53:02 [ERROR] [FAILED]	[ID: 483493]  Title: NIKE            	Price:75$	Link:https://bit.ly/3Q1O4fG	Aff_link:Failed to convert Ali Express link	Saved-> 	Images files:['483493', '483492', '483491', '483490', '483489', '483488', '483487', '483486', '483485']	img count: 8
2023-02-03 15:53:11 [ERROR] [FAILED]	[ID: 483484]  Title: Coach REVEL BAG 	Price:69.54$	Link:https://bit.ly/40j1xV5	Aff_link:No Ali Express link detected	Saved-> 	Images files:['483484', '483483', '483482', '483481', '483480', '483479', '483478', '483477', '483476', '483475']	img count: 9
2023-02-03 15:53:21 [ERROR] [FAILED]	[ID: 483474]  Title: NIKE            	Price:59$	Link:https://bit.ly/3i72zlR	Aff_link:Failed to convert Ali Express link	Saved-> 	Images files:['483474', '483473', '483472', '483471', '483470', '483469', '483468', '483467', '483466', '483465']	img count: 9
2023-02-03 15:53:33 [INFO] [SUCCESS]	[ID: 483464]  Title: MOSCHINO belt   	Price:39.55$	Link:https://bit.ly/3HGGCUK	Aff_link:https://s.click.aliexpress.com/e/_EGOk34D	Saved-> 	Images files:['483464', '483463', '483462', '483461', '483460', '483459', '483458', '483457', '483456']	img count: 8
2023-02-03 15:53:44 [INFO] [SUCCESS]	[ID: 483455]  Title: NIKE AIR MAX furyo 	Price:73.45$	Link:https://bit.ly/3RrpNjZ	Aff_link:https://s.click.aliexpress.com/e/_EzkBVUt	Saved-> 	Images files:['483455', '483454', '483453', '483452', '483451', '483450', '483449', '483448', '483447', '483446']	img count: 9
2023-02-03 15:54:02 [INFO] [SUCCESS]	[ID: 483445]  Title: CG              	Price:48.00$	Link:https://shp.pub/6lgvsw	Aff_link:https://s.click.aliexpress.com/e/_EvEo593	Saved-> 	Images files:['483445', '483444', '483443', '483442', '483441']	img count: 4
2023-02-03 15:54:12 [INFO] [SUCCESS]	[ID: 483440]  Title: Adidas Originals H 	Price:54$	Link:https://bit.ly/3Re3GNX	Aff_link:https://s.click.aliexpress.com/e/_EQCuUC9	Saved-> 	Images files:['483440', '483439', '483438', '483437', '483436', '483435', '483434', '483433', '483432', '483431']	img count: 9
2023-02-03 15:54:24 [ERROR] [FAILED]	[ID: 483430]  Title: NIKE            	Price:50$	Link:https://bit.ly/3Z2osDy	Aff_link:Failed to convert Ali Express link	Saved-> 	Images files:['483430', '483429', '483428', '483427', '483426', '483425', '483424', '483423', '483422', '483421']	img count: 9
2023-02-03 15:54:37 [INFO] [SUCCESS]	[ID: 483420]  Title: Patagonia       	Price:33.00$	Link:https://shp.pub/6lgv47	Aff_link:https://s.click.aliexpress.com/e/_EuJnvBP	Saved-> 	Images files:['483420', '483419', '483418', '483417', '483416', '483415', '483414', '483413']	img count: 7
2023-02-03 15:54:46 [INFO] [SUCCESS]	[ID: 483412]  Title: Nike Air max Tn sh 	Price:57.60$	Link:https://bit.ly/3JpsmB2	Aff_link:https://s.click.aliexpress.com/e/_EznSAzn	Saved-> 	Images files:['483412', '483411', '483410', '483409', '483408', '483407', '483406', '483405', '483404']	img count: 8
2023-02-03 15:54:55 [ERROR] [FAILED]	[ID: 483403]  Title: NIKE            	Price:53$	Link:https://bit.ly/3WvKmgS	Aff_link:Failed to convert Ali Express link	Saved-> 	Images files:['483403', '483402', '483401', '483400', '483399', '483398', '483397']	img count: 6
2023-02-03 15:55:09 [INFO] [SUCCESS]	[ID: 483396]  Title: TNF             	Price:85.90$	Link:https://shp.pub/6lgu7x	Aff_link:https://s.click.aliexpress.com/e/_EymjTxn	Saved-> 	Images files:['483396', '483395', '483394', '483393', '483392', '483391', '483390', '483389']	img count: 7
2023-02-03 15:55:19 [ERROR] [FAILED]	[ID: 483388]  Title: Ralph Lauren RL sw 	Price:60.88$	Link:https://bit.ly/3RnWoal	Aff_link:No Ali Express link detected	Saved-> 	Images files:['483388', '483387', '483386', '483385', '483384', '483383', '483382', '483381', '483380', '483379']	img count: 9
2023-02-03 15:55:28 [ERROR] [FAILED]	[ID: 483378]  Title: NIKE            	Price:55$	Link:https://bit.ly/3WAhT9C	Aff_link:Failed to convert Ali Express link	Saved-> 	Images files:['483378', '483377', '483376', '483375', '483374', '483373', '483372', '483371', '483370']	img count: 8
2023-02-03 15:55:35 [ERROR] [FAILED]	[ID: 483369]  Title: NIKE            	Price:69$	Link:https://bit.ly/3WS8wSr	Aff_link:Failed to convert Ali Express link	Saved-> 	Images files:['483369', '483368', '483367', '483366', '483365']	img count: 4
2023-02-03 15:55:48 [INFO] [SUCCESS]	[ID: 483364]  Title: Messi jersey    	Price:36.90$	Link:https://shp.pub/6lgt9b	Aff_link:https://s.click.aliexpress.com/e/_EykroZr	Saved-> 	Images files:['483364', '483363', '483362', '483361', '483360', '483359']	img count: 5
2023-02-03 15:56:00 [ERROR] [FAILED]	[ID: 483358]  Title: NIKE            	Price:53$	Link:https://bit.ly/3WvKmgS	Aff_link:Failed to convert Ali Express link	Saved-> 	Images files:['483358', '483357', '483356', '483355', '483354']	img count: 4
2023-02-03 15:56:10 [ERROR] [FAILED]	[ID: 483353]  Title: NIKE            	Price:53$	Link:https://bit.ly/3WvKmgS	Aff_link:Failed to convert Ali Express link	Saved-> 	Images files:['483353', '483352', '483351', '483350', '483349', '483348', '483347']	img count: 6
2023-02-03 15:56:19 [ERROR] [FAILED]	[ID: 483346]  Title: no title        	Price:no title	Link:no title	Aff_link:no title	Saved-> 	Images files:['483346', '483345', '483344', '483343', '483342', '483341', '483340', '483339']	img count: 7
