2023-02-08 23:07:12 [INFO] [SUCCESS]	[ID: 487518]  Uploaded in: Feb 08, 20:00:27 	Title: TODS            	Price:76.60$	Link:https://shp.pub/6lsrdi	Aff_link:https://s.click.aliexpress.com/e/_EjQLPeD	Saved-> 	Image files:['487518', '487517', '487516', '487515', '487514', '487513', '487512', '487511', '487510', '487509']	img count: 10
2023-02-08 23:07:19 [INFO] [SUCCESS]	[ID: 487508]  Uploaded in: Feb 08, 18:30:49 	Title: UA              	Price:19.90$	Link:https://shp.pub/6lsqzi	Aff_link:https://s.click.aliexpress.com/e/_EH7A9hn	Saved-> 	Image files:['487508', '487507', '487506', '487505', '487504', '487503', '487502']	img count: 7
2023-02-08 23:07:24 [INFO] [SUCCESS]	[ID: 487501]  Uploaded in: Feb 08, 18:15:16 	Title: TNF             	Price:36.90$	Link:https://shp.pub/6lsqrx	Aff_link:https://s.click.aliexpress.com/e/_EJlK7L7	Saved-> 	Image files:['487501', '487500', '487499', '487498', '487497', '487496', '487495', '487494', '487493', '487492']	img count: 10
2023-02-08 23:07:29 [ERROR] [FAILED]	[ID: 487491]  Uploaded in: Feb 08, 18:00:31 	Title: Marc Jacobs     	Price:26.9$	Link:https://shp.pub/6lracn	Aff_link:No Ali Express link detected	Saved-> 	Image files:['487491', '487490', '487489', '487488', '487487', '487486', '487485', '487484', '487483', '487482']	img count: 10
2023-02-08 23:07:34 [INFO] [SUCCESS]	[ID: 487481]  Uploaded in: Feb 08, 17:30:09 	Title: PALM ANGELS     	Price:60$	Link:https://bit.ly/3Gv9a2Q	Aff_link:https://s.click.aliexpress.com/e/_EyIomYv	Saved-> 	Image files:['487481', '487480', '487479', '487478', '487477', '487476', '487475', '487474', '487473']	img count: 9
2023-02-08 23:07:36 [ERROR] [FAILED]	[ID: 487472]  Uploaded in: Feb 08, 17:15:33 	Title: Follow our Look Ch 	Price:$	Link:https://bestallie.x.yupoo.com/	Aff_link:No Ali Express link detected	Saved-> 	Image files:['487472']	img count: 1
2023-02-08 23:07:40 [INFO] [SUCCESS]	[ID: 487471]  Uploaded in: Feb 08, 17:00:29 	Title: PALM ANGELS     	Price:45$	Link:https://bit.ly/3hZn4B0	Aff_link:https://s.click.aliexpress.com/e/_EvAK5s9	Saved-> 	Image files:['487471', '487470', '487469', '487468', '487467', '487466', '487465']	img count: 7
2023-02-08 23:07:43 [INFO] [SUCCESS]	[ID: 487464]  Uploaded in: Feb 08, 16:30:37 	Title: PALM ANGELS     	Price:47$	Link:https://bit.ly/3IcM2r9	Aff_link:https://s.click.aliexpress.com/e/_EyMI5Qv	Saved-> 	Image files:['487464', '487463', '487462', '487461', '487460']	img count: 5
2023-02-08 23:07:44 [ERROR] [FAILED]	[ID: 487459]  Uploaded in: Feb 08, 16:15:14 	Title: Follow secrect bra 	Price:$	Link:https://t.me/joinchat/FVE33KPWkWBlMDIy	Aff_link:No Ali Express link detected	Saved-> 	Image files:['487459']	img count: 1
2023-02-08 23:07:48 [INFO] [SUCCESS]	[ID: 487458]  Uploaded in: Feb 08, 16:00:21 	Title: PALM ANGELS     	Price:47$	Link:https://bit.ly/3IcM2r9	Aff_link:https://s.click.aliexpress.com/e/_EyQgOQd	Saved-> 	Image files:['487458', '487457', '487456', '487455', '487454', '487453', '487452']	img count: 7
2023-02-08 23:07:52 [INFO] [SUCCESS]	[ID: 487451]  Uploaded in: Feb 08, 15:30:15 	Title: PALM ANGELS     	Price:47$	Link:https://bit.ly/3IcM2r9	Aff_link:https://s.click.aliexpress.com/e/_EuGiDZR	Saved-> 	Image files:['487451', '487450', '487449', '487448', '487447', '487446']	img count: 6
2023-02-08 23:07:56 [INFO] [SUCCESS]	[ID: 487445]  Uploaded in: Feb 08, 15:15:14 	Title: PALM ANGELS     	Price:47$	Link:https://bit.ly/3IcM2r9	Aff_link:https://s.click.aliexpress.com/e/_EHnWdlX	Saved-> 	Image files:['487445', '487444', '487443', '487442', '487441', '487440', '487439']	img count: 7
2023-02-08 23:08:00 [INFO] [SUCCESS]	[ID: 487438]  Uploaded in: Feb 08, 15:00:41 	Title: PALM ANGELS     	Price:26$	Link:https://bit.ly/3juH4Mc	Aff_link:https://s.click.aliexpress.com/e/_EGaSjYH	Saved-> 	Image files:['487438', '487437', '487436', '487435', '487434', '487433', '487432']	img count: 7
2023-02-08 23:08:04 [INFO] [SUCCESS]	[ID: 487431]  Uploaded in: Feb 08, 14:30:29 	Title: PALM ANGELS     	Price:25$	Link:https://bit.ly/3Z0jS8T	Aff_link:https://s.click.aliexpress.com/e/_EIglwI9	Saved-> 	Image files:['487431', '487430', '487429', '487428', '487427', '487426', '487425', '487424']	img count: 8
2023-02-08 23:08:08 [INFO] [SUCCESS]	[ID: 487423]  Uploaded in: Feb 08, 14:15:15 	Title: PALM ANGELS     	Price:25$	Link:https://bit.ly/3Z0jS8T	Aff_link:https://s.click.aliexpress.com/e/_EvadD5P	Saved-> 	Image files:['487423', '487422', '487421', '487420', '487419', '487418']	img count: 6
2023-02-08 23:08:12 [INFO] [SUCCESS]	[ID: 487417]  Uploaded in: Feb 08, 14:00:20 	Title: PALM ANGELS     	Price:25$	Link:https://bit.ly/3Z0jS8T	Aff_link:https://s.click.aliexpress.com/e/_EHbqkjJ	Saved-> 	Image files:['487417', '487416', '487415', '487414', '487413', '487412']	img count: 6
2023-02-08 23:08:17 [ERROR] [FAILED]	[ID: 487411]  Uploaded in: Feb 08, 13:30:21 	Title: NIKE            	Price:55$	Link:https://bit.ly/3WAhT9C	Aff_link:Failed to convert Ali Express link			Saved-> 	Image files:['487411', '487410', '487409', '487408', '487407', '487406', '487405', '487404', '487403', '487402']	img count: 10
2023-02-08 23:08:21 [INFO] [SUCCESS]	[ID: 487401]  Uploaded in: Feb 08, 13:15:15 	Title: PALM ANGELS     	Price:25$	Link:https://bit.ly/3Z0jS8T	Aff_link:https://s.click.aliexpress.com/e/_EyRBN9n	Saved-> 	Image files:['487401', '487400', '487399', '487398', '487397', '487396']	img count: 6
2023-02-08 23:08:25 [INFO] [SUCCESS]	[ID: 487395]  Uploaded in: Feb 08, 13:00:27 	Title: PALM ANGELS     	Price:27$	Link:https://bit.ly/3IcWeQx	Aff_link:https://s.click.aliexpress.com/e/_Ewsf0mH	Saved-> 	Image files:['487395', '487394', '487393', '487392', '487391', '487390', '487389']	img count: 7
2023-02-08 23:08:28 [INFO] [SUCCESS]	[ID: 487388]  Uploaded in: Feb 08, 12:30:30 	Title: TNF             	Price:40$	Link:https://bit.ly/3ZcwFp5	Aff_link:https://s.click.aliexpress.com/e/_EzaMyWz	Saved-> 	Image files:['487388', '487387', '487386', '487385', '487384']	img count: 5
2023-02-08 23:08:32 [INFO] [SUCCESS]	[ID: 487383]  Uploaded in: Feb 08, 12:15:35 	Title: BOSS            	Price:95$	Link:https://bit.ly/3WAL4JS	Aff_link:https://s.click.aliexpress.com/e/_EIU7idL	Saved-> 	Image files:['487383', '487382', '487381', '487380', '487379']	img count: 5
2023-02-08 23:08:37 [INFO] [SUCCESS]	[ID: 487378]  Uploaded in: Feb 08, 12:00:33 	Title: RB glasses      	Price:21.49$	Link:https://shp.pub/6lsk5q	Aff_link:https://s.click.aliexpress.com/e/_Eyh0eLf	Saved-> 	Image files:['487378', '487377', '487376', '487375', '487374', '487373']	img count: 6
2023-02-08 23:08:41 [ERROR] [FAILED]	[ID: 487372]  Uploaded in: Feb 08, 11:30:20 	Title: LV              	Price:55$	Link:https://bit.ly/3WAhT9C	Aff_link:Failed to convert Ali Express link			Saved-> 	Image files:['487372', '487371', '487370', '487369', '487368', '487367']	img count: 6
2023-02-08 23:08:45 [INFO] [SUCCESS]	[ID: 487366]  Uploaded in: Feb 08, 11:15:12 	Title: PALM ANGELS     	Price:45$	Link:https://bit.ly/3hZn4B0	Aff_link:https://s.click.aliexpress.com/e/_EvV7uXr	Saved-> 	Image files:['487366', '487365', '487364', '487363', '487362', '487361']	img count: 6
2023-02-08 23:08:49 [INFO] [SUCCESS]	[ID: 487360]  Uploaded in: Feb 08, 11:00:17 	Title: PALM ANGELS     	Price:45$	Link:https://bit.ly/3hZn4B0	Aff_link:https://s.click.aliexpress.com/e/_EwRCQHb	Saved-> 	Image files:['487360', '487359', '487358', '487357', '487356', '487355', '487354', '487353']	img count: 8
2023-02-08 23:08:54 [INFO] [SUCCESS]	[ID: 487352]  Uploaded in: Feb 08, 10:30:09 	Title: PALM ANGELS     	Price:45$	Link:https://bit.ly/3hZn4B0	Aff_link:https://s.click.aliexpress.com/e/_EGV6dn7	Saved-> 	Image files:['487352', '487351', '487350', '487349', '487348', '487347', '487346', '487345', '487344']	img count: 9
2023-02-08 23:08:58 [ERROR] [FAILED]	[ID: 487343]  Uploaded in: Feb 08, 10:15:09 	Title: PALM ANGELS     	Price:55$	Link:https://bit.ly/3WAhT9C	Aff_link:Failed to convert Ali Express link			Saved-> 	Image files:['487343', '487342', '487341', '487340', '487339', '487338', '487337']	img count: 7
2023-02-08 23:09:02 [INFO] [SUCCESS]	[ID: 487336]  Uploaded in: Feb 08, 10:00:12 	Title: GG hat          	Price:29$	Link:https://bit.ly/3IcW3ol	Aff_link:https://s.click.aliexpress.com/e/_Ex1QOzj	Saved-> 	Image files:['487336', '487335', '487334', '487333']	img count: 4
2023-02-08 23:09:10 [INFO] [SUCCESS]	[ID: 487332]  Uploaded in: Feb 08, 09:30:17 	Title: LV              	Price:45$	Link:https://bit.ly/3hZn4B0	Aff_link:https://s.click.aliexpress.com/e/_EIqKJq1	Saved-> 	Image files:['487332', '487331', '487330', '487329', '487328', '487327', '487326', '487325', '487324']	img count: 9
2023-02-08 23:09:18 [INFO] [SUCCESS]	[ID: 487323]  Uploaded in: Feb 08, 09:15:12 	Title: LV              	Price:79$	Link:https://bit.ly/3CcLUEj	Aff_link:https://s.click.aliexpress.com/e/_Ez6ksDj	Saved-> 	Image files:['487323', '487322', '487321', '487320', '487319', '487318', '487317', '487316', '487315', '487314']	img count: 10
2023-02-08 23:09:21 [INFO] [SUCCESS]	[ID: 487313]  Uploaded in: Feb 08, 09:00:35 	Title: Trapstar        	Price:59$	Link:https://bit.ly/3i72zlR	Aff_link:https://s.click.aliexpress.com/e/_EIJb9Uz	Saved-> 	Image files:['487313', '487312', '487311', '487310']	img count: 4
2023-02-08 23:09:27 [INFO] [SUCCESS]	[ID: 487309]  Uploaded in: Feb 08, 08:30:30 	Title: SUPREME         	Price:26$	Link:https://bit.ly/3juH4Mc	Aff_link:https://s.click.aliexpress.com/e/_EvrbIPP	Saved-> 	Image files:['487309', '487308', '487307', '487306', '487305', '487304', '487303', '487302', '487301', '487300']	img count: 10
2023-02-08 23:09:31 [INFO] [SUCCESS]	[ID: 487299]  Uploaded in: Feb 08, 08:15:28 	Title: Supreme         	Price:29$	Link:https://bit.ly/3IcW3ol	Aff_link:https://s.click.aliexpress.com/e/_EwEdKXf	Saved-> 	Image files:['487299', '487298', '487297', '487296', '487295', '487294', '487293', '487292']	img count: 8
2023-02-08 23:09:39 [ERROR] [FAILED]	[ID: 487291]  Uploaded in: Feb 08, 08:00:25 	Title: Supreme         	Price:55$	Link:https://bit.ly/3WAhT9C	Aff_link:Failed to convert Ali Express link			Saved-> 	Image files:['487291', '487290', '487289', '487288', '487287', '487286', '487285', '487284']	img count: 8
2023-02-08 23:09:43 [INFO] [SUCCESS]	[ID: 487283]  Uploaded in: Feb 08, 07:30:18 	Title: SUPREME         	Price:33$	Link:https://bit.ly/3G2mAlz	Aff_link:https://s.click.aliexpress.com/e/_EGw8QS9	Saved-> 	Image files:['487283', '487282', '487281', '487280', '487279', '487278', '487277', '487276', '487275']	img count: 9
2023-02-08 23:09:48 [INFO] [SUCCESS]	[ID: 487274]  Uploaded in: Feb 08, 07:15:09 	Title: SUPREME         	Price:33$	Link:https://bit.ly/3G2mAlz	Aff_link:https://s.click.aliexpress.com/e/_EzSxKTr	Saved-> 	Image files:['487274', '487273', '487272', '487271', '487270', '487269', '487268', '487267', '487266', '487265']	img count: 10
2023-02-08 23:09:54 [INFO] [SUCCESS]	[ID: 487264]  Uploaded in: Feb 08, 07:00:41 	Title: SUPREME         	Price:33$	Link:https://bit.ly/3G2mAlz	Aff_link:https://s.click.aliexpress.com/e/_Eujoc5F	Saved-> 	Image files:['487264', '487263', '487262', '487261', '487260', '487259', '487258', '487257', '487256', '487255']	img count: 10
2023-02-08 23:10:14 [INFO] [SUCCESS]	[ID: 487254]  Uploaded in: Feb 08, 06:30:26 	Title: SUPREME         	Price:33$	Link:https://bit.ly/3G2mAlz	Aff_link:https://s.click.aliexpress.com/e/_EJWIgm9	Saved-> 	Image files:['487254', '487253', '487252', '487251', '487250', '487249', '487248', '487247', '487246', '487245']	img count: 10
2023-02-08 23:10:21 [INFO] [SUCCESS]	[ID: 487244]  Uploaded in: Feb 08, 06:15:19 	Title: SUPREME         	Price:33$	Link:https://bit.ly/3G2mAlz	Aff_link:https://s.click.aliexpress.com/e/_Ev2WZSp	Saved-> 	Image files:['487244', '487243', '487242', '487241', '487240', '487239', '487238', '487237', '487236', '487235']	img count: 10
2023-02-08 23:10:28 [INFO] [SUCCESS]	[ID: 487234]  Uploaded in: Feb 08, 06:00:33 	Title: SUPREME         	Price:39$	Link:https://bit.ly/3IcGexS	Aff_link:https://s.click.aliexpress.com/e/_EulJdJT	Saved-> 	Image files:['487234', '487233', '487232', '487231', '487230', '487229', '487228', '487227']	img count: 8
2023-02-08 23:10:39 [INFO] [SUCCESS]	[ID: 487226]  Uploaded in: Feb 08, 05:30:34 	Title: SUPREME         	Price:39$	Link:https://bit.ly/3IcGexS	Aff_link:https://s.click.aliexpress.com/e/_EvSaO9j	Saved-> 	Image files:['487226', '487225', '487224', '487223', '487222', '487221', '487220', '487219', '487218', '487217']	img count: 10
2023-02-08 23:10:44 [INFO] [SUCCESS]	[ID: 487216]  Uploaded in: Feb 08, 05:15:15 	Title: SUPREME         	Price:35$	Link:https://bit.ly/3Vt5S4E	Aff_link:https://s.click.aliexpress.com/e/_EIDLps5	Saved-> 	Image files:['487216', '487215', '487214', '487213', '487212', '487211', '487210', '487209', '487208']	img count: 9
2023-02-08 23:10:47 [INFO] [SUCCESS]	[ID: 487207]  Uploaded in: Feb 08, 05:00:30 	Title: SUPREME         	Price:35$	Link:https://bit.ly/3Vt5S4E	Aff_link:https://s.click.aliexpress.com/e/_EuqI3nb	Saved-> 	Image files:['487207', '487206', '487205', '487204', '487203', '487202']	img count: 6
2023-02-08 23:10:49 [ERROR] [FAILED]	[ID: 487201]  Uploaded in: Feb 08, 04:30:10 	Title: Catalogs

1) https 	Price:$	Link:https://hypeallie.online/jackzhang/	Aff_link:No Ali Express link detected	Saved-> 	Image files:['487201']	img count: 1
2023-02-08 23:10:54 [INFO] [SUCCESS]	[ID: 487200]  Uploaded in: Feb 08, 04:15:11 	Title: SUPREME         	Price:35$	Link:https://bit.ly/3Vt5S4E	Aff_link:https://s.click.aliexpress.com/e/_Ewe5sUp	Saved-> 	Image files:['487200', '487199', '487198', '487197', '487196', '487195', '487194', '487193', '487192']	img count: 9
2023-02-08 23:10:59 [INFO] [SUCCESS]	[ID: 487191]  Uploaded in: Feb 08, 04:00:30 	Title: SUPREME         	Price:29$	Link:https://bit.ly/3IcW3ol	Aff_link:https://s.click.aliexpress.com/e/_Ex4uXtr	Saved-> 	Image files:['487191', '487190', '487189', '487188', '487187', '487186', '487185']	img count: 7
2023-02-08 23:11:06 [INFO] [SUCCESS]	[ID: 487184]  Uploaded in: Feb 08, 03:15:23 	Title: Nike socks      	Price:11.72$	Link:https://shp.pub/6lryfa	Aff_link:https://s.click.aliexpress.com/e/_ExEiFYH	Saved-> 	Image files:['487184', '487183', '487182', '487181', '487180', '487179']	img count: 6
2023-02-08 23:11:12 [INFO] [SUCCESS]	[ID: 487178]  Uploaded in: Feb 08, 03:00:47 	Title: NB shoes        	Price:37.23$	Link:https://shp.pub/6lry04	Aff_link:https://s.click.aliexpress.com/e/_EvjL6kv	Saved-> 	Image files:['487178', '487177', '487176', '487175', '487174', '487173', '487172', '487171', '487170']	img count: 9
2023-02-08 23:11:31 [INFO] [SUCCESS]	[ID: 487169]  Uploaded in: Feb 08, 02:00:21 	Title: Nike            	Price:29.34$	Link:https://shp.pub/6lrxyk	Aff_link:https://s.click.aliexpress.com/e/_ExOUmmd	Saved-> 	Image files:['487169', '487168', '487167', '487166', '487165', '487164', '487163', '487162']	img count: 8
2023-02-08 23:11:36 [INFO] [SUCCESS]	[ID: 487161]  Uploaded in: Feb 08, 00:00:12 	Title: SUPREME         	Price:30$	Link:https://bit.ly/3CdVCX3	Aff_link:https://s.click.aliexpress.com/e/_EJXR67r	Saved-> 	Image files:['487161', '487160', '487159', '487158', '487157', '487156', '487155', '487154', '487153', '487152']	img count: 10
2023-02-08 23:11:41 [INFO] [SUCCESS]	[ID: 487151]  Uploaded in: Feb 07, 22:30:08 	Title: SUPREME         	Price:30$	Link:https://bit.ly/3CdVCX3	Aff_link:https://s.click.aliexpress.com/e/_EIxXhMN	Saved-> 	Image files:['487151', '487150', '487149', '487148', '487147', '487146', '487145']	img count: 7
2023-02-08 23:11:45 [INFO] [SUCCESS]	[ID: 487144]  Uploaded in: Feb 07, 22:00:08 	Title: SUPREME         	Price:30$	Link:https://bit.ly/3CdVCX3	Aff_link:https://s.click.aliexpress.com/e/_EGKP5kN	Saved-> 	Image files:['487144', '487143', '487142', '487141', '487140', '487139']	img count: 6
2023-02-08 23:11:48 [INFO] [SUCCESS]	[ID: 487138]  Uploaded in: Feb 07, 21:15:12 	Title: SUPREME         	Price:30$	Link:https://bit.ly/3CdVCX3	Aff_link:https://s.click.aliexpress.com/e/_EwNa7L7	Saved-> 	Image files:['487138', '487137', '487136', '487135', '487134', '487133', '487132', '487131']	img count: 8
