2023-02-08 00:46:56 [INFO] [SUCCESS]	[ID: 487144]  Title: SUPREME         	Price:30$	Link:https://bit.ly/3CdVCX3	Aff_link:https://s.click.aliexpress.com/e/_EzNHy2N	Saved-> 	Image files:['487144', '487143', '487142', '487141', '487140', '487139']	img count: 6
2023-02-08 00:47:00 [INFO] [SUCCESS]	[ID: 487138]  Title: SUPREME         	Price:30$	Link:https://bit.ly/3CdVCX3	Aff_link:https://s.click.aliexpress.com/e/_Ev9l3Nr	Saved-> 	Image files:['487138', '487137', '487136', '487135', '487134', '487133', '487132', '487131']	img count: 8
2023-02-08 00:47:07 [INFO] [SUCCESS]	[ID: 487130]  Title: SUPREME         	Price:30$	Link:https://bit.ly/3CdVCX3	Aff_link:https://s.click.aliexpress.com/e/_EIW02c1	Saved-> 	Image files:['487130', '487129', '487128', '487127', '487126', '487125', '487124', '487123', '487122', '487121']	img count: 10
2023-02-08 00:47:11 [INFO] [SUCCESS]	[ID: 487120]  Title: SUPREME         	Price:33$	Link:https://bit.ly/3G2mAlz	Aff_link:https://s.click.aliexpress.com/e/_EyNASTf	Saved-> 	Image files:['487120', '487119', '487118', '487117', '487116']	img count: 5
2023-02-08 00:47:15 [INFO] [SUCCESS]	[ID: 487115]  Title: SUPREME         	Price:39$	Link:https://bit.ly/3IcGexS	Aff_link:https://s.click.aliexpress.com/e/_Eub33kH	Saved-> 	Image files:['487115', '487114', '487113', '487112']	img count: 4
2023-02-08 00:47:20 [INFO] [SUCCESS]	[ID: 487111]  Title: SUPREME         	Price:31$	Link:https://bit.ly/3VI88VW	Aff_link:https://s.click.aliexpress.com/e/_EG0HtSv	Saved-> 	Image files:['487111', '487110', '487109', '487108', '487107', '487106', '487105', '487104', '487103']	img count: 9
2023-02-08 00:47:26 [INFO] [SUCCESS]	[ID: 487102]  Title: SUPREME         	Price:36$	Link:https://bit.ly/3GsW2eB	Aff_link:https://s.click.aliexpress.com/e/_EH6RcJB	Saved-> 	Image files:['487102', '487101', '487100', '487099', '487098', '487097', '487096', '487095', '487094']	img count: 9
2023-02-08 00:47:31 [INFO] [SUCCESS]	[ID: 487093]  Title: SUPREME         	Price:45$	Link:https://bit.ly/3hZn4B0	Aff_link:https://s.click.aliexpress.com/e/_EvbhG41	Saved-> 	Image files:['487093', '487092', '487091', '487090', '487089', '487088', '487087', '487086', '487085', '487084']	img count: 10
2023-02-08 00:47:37 [INFO] [SUCCESS]	[ID: 487083]  Title: SUPREME         	Price:37$	Link:https://bit.ly/3CbdW3b	Aff_link:https://s.click.aliexpress.com/e/_EyA0ocZ	Saved-> 	Image files:['487083', '487082', '487081', '487080', '487079', '487078', '487077', '487076', '487075']	img count: 9
2023-02-08 00:47:41 [INFO] [SUCCESS]	[ID: 487074]  Title: SUPREME         	Price:37$	Link:https://bit.ly/3CbdW3b	Aff_link:https://s.click.aliexpress.com/e/_EGFx2SH	Saved-> 	Image files:['487074', '487073', '487072', '487071', '487070', '487069', '487068', '487067']	img count: 8
2023-02-08 00:47:47 [INFO] [SUCCESS]	[ID: 487066]  Title: VANS backpack size 	Price:31.19$	Link:https://bit.ly/3wU7iev	Aff_link:https://s.click.aliexpress.com/e/_EutHGqV	Saved-> 	Image files:['487066', '487065', '487064', '487063', '487062', '487061', '487060', '487059', '487058', '487057']	img count: 10
2023-02-08 00:47:52 [INFO] [SUCCESS]	[ID: 487056]  Title: SUPREME         	Price:37$	Link:https://bit.ly/3CbdW3b	Aff_link:https://s.click.aliexpress.com/e/_Ewr5JIt	Saved-> 	Image files:['487056', '487055', '487054', '487053', '487052', '487051', '487050', '487049', '487048', '487047']	img count: 10
2023-02-08 00:47:58 [INFO] [SUCCESS]	[ID: 487046]  Title: SUPREME         	Price:22$	Link:https://bit.ly/3VyvBJ4	Aff_link:https://s.click.aliexpress.com/e/_Exj6U4Z	Saved-> 	Image files:['487046', '487045', '487044', '487043', '487042', '487041', '487040', '487039', '487038', '487037']	img count: 10
2023-02-08 00:48:01 [ERROR] [FAILED]	[ID: 487036]  Title: Follow our Look Ch 	Price:$	Link:https://bestallie.x.yupoo.com/	Aff_link:No Ali Express link detected	Saved-> 	Image files:['487036']	img count: 1
2023-02-08 00:48:06 [INFO] [SUCCESS]	[ID: 487035]  Title: SUPREME         	Price:40$	Link:https://bit.ly/3ZcwFp5	Aff_link:https://s.click.aliexpress.com/e/_Ex8LWAl	Saved-> 	Image files:['487035', '487034', '487033', '487032', '487031', '487030', '487029', '487028']	img count: 8
2023-02-08 00:48:13 [INFO] [SUCCESS]	[ID: 487027]  Title: SUPREME         	Price:39$	Link:https://bit.ly/3IcGexS	Aff_link:https://s.click.aliexpress.com/e/_Eyvyn4l	Saved-> 	Image files:['487027', '487026', '487025', '487024', '487023', '487022', '487021', '487020', '487019', '487018']	img count: 10
2023-02-08 00:48:14 [ERROR] [FAILED]	[ID: 487017]  Title: Follow secrect bra 	Price:$	Link:https://t.me/joinchat/FVE33KPWkWBlMDIy	Aff_link:No Ali Express link detected	Saved-> 	Image files:['487017']	img count: 1
2023-02-08 00:48:18 [INFO] [SUCCESS]	[ID: 487016]  Title: SUPREME         	Price:33$	Link:https://bit.ly/3G2mAlz	Aff_link:https://s.click.aliexpress.com/e/_EI3qGGt	Saved-> 	Image files:['487016', '487015', '487014', '487013', '487012', '487011', '487010']	img count: 7
2023-02-08 00:48:21 [INFO] [SUCCESS]	[ID: 487009]  Title: SUPREME         	Price:22$	Link:https://bit.ly/3i0CODQ	Aff_link:https://s.click.aliexpress.com/e/_EwV6QA5	Saved-> 	Image files:['487009', '487008', '487007']	img count: 3
2023-02-08 00:48:26 [INFO] [SUCCESS]	[ID: 487006]  Title: MLB NY bomber jack 	Price:76.79$	Link:https://bit.ly/3Y6qEJx	Aff_link:https://s.click.aliexpress.com/e/_EyDGxAp	Saved-> 	Image files:['487006', '487005', '487004', '487003', '487002', '487001', '487000', '486999', '486998', '486997']	img count: 10
2023-02-08 00:48:31 [INFO] [SUCCESS]	[ID: 486996]  Title: SUPREME         	Price:26$	Link:https://bit.ly/3juH4Mc	Aff_link:https://s.click.aliexpress.com/e/_EvhzvEZ	Saved-> 	Image files:['486996', '486995', '486994', '486993', '486992', '486991', '486990', '486989', '486988']	img count: 9
2023-02-08 00:48:34 [INFO] [SUCCESS]	[ID: 486987]  Title: SUPREME         	Price:25$	Link:https://bit.ly/3Z0jS8T	Aff_link:https://s.click.aliexpress.com/e/_EG1CkDb	Saved-> 	Image files:['486987', '486986', '486985', '486984']	img count: 4
2023-02-08 00:48:39 [INFO] [SUCCESS]	[ID: 486983]  Title: Vans sweater    	Price:61.19$	Link:https://bit.ly/3DF7nGR	Aff_link:https://s.click.aliexpress.com/e/_EGKjyVb	Saved-> 	Image files:['486983', '486982', '486981', '486980', '486979', '486978', '486977', '486976', '486975']	img count: 9
2023-02-08 00:48:44 [INFO] [SUCCESS]	[ID: 486974]  Title: SUPREME         	Price:31$	Link:https://bit.ly/3VI88VW	Aff_link:https://s.click.aliexpress.com/e/_Ew7zm25	Saved-> 	Image files:['486974', '486973', '486972', '486971', '486970', '486969', '486968']	img count: 7
2023-02-08 00:48:47 [INFO] [SUCCESS]	[ID: 486967]  Title: TNF             	Price:40$	Link:https://bit.ly/3ZcwFp5	Aff_link:https://s.click.aliexpress.com/e/_EGtJmSV	Saved-> 	Image files:['486967', '486966', '486965', '486964', '486963']	img count: 5
2023-02-08 00:48:52 [INFO] [SUCCESS]	[ID: 486962]  Title: MLB NY jacket   	Price:61.19$	Link:https://bit.ly/3JGJeDp	Aff_link:https://s.click.aliexpress.com/e/_EJ9t8rr	Saved-> 	Image files:['486962', '486961', '486960', '486959', '486958', '486957', '486956', '486955']	img count: 8
2023-02-08 00:48:56 [INFO] [SUCCESS]	[ID: 486954]  Title: SUPREME         	Price:27$	Link:https://bit.ly/3IcWeQx	Aff_link:https://s.click.aliexpress.com/e/_Ejwo6hF	Saved-> 	Image files:['486954', '486953', '486952', '486951', '486950']	img count: 5
2023-02-08 00:48:59 [INFO] [SUCCESS]	[ID: 486949]  Title: SUPREME         	Price:27$	Link:https://bit.ly/3IcWeQx	Aff_link:https://s.click.aliexpress.com/e/_EI0Xns9	Saved-> 	Image files:['486949', '486948', '486947', '486946']	img count: 4
2023-02-08 00:49:06 [INFO] [SUCCESS]	[ID: 486945]  Title: NIKE            	Price:80$	Link:https://bit.ly/3WX9M75	Aff_link:https://s.click.aliexpress.com/e/_EJykCh3	Saved-> 	Image files:['486945', '486944', '486943', '486942', '486941', '486940', '486939', '486938', '486937', '486936']	img count: 10
2023-02-08 00:49:10 [INFO] [SUCCESS]	[ID: 486935]  Title: NIKE            	Price:59$	Link:https://bit.ly/3i72zlR	Aff_link:https://s.click.aliexpress.com/e/_Ex0H7ih	Saved-> 	Image files:['486935', '486934', '486933', '486932', '486931', '486930']	img count: 6
2023-02-08 00:49:15 [INFO] [SUCCESS]	[ID: 486929]  Title: NIKE            	Price:59$	Link:https://bit.ly/3i72zlR	Aff_link:https://s.click.aliexpress.com/e/_Ez7kyQ9	Saved-> 	Image files:['486929', '486928', '486927', '486926', '486925', '486924', '486923', '486922', '486921', '486920']	img count: 10
2023-02-08 00:49:21 [INFO] [SUCCESS]	[ID: 486919]  Title: NIKE            	Price:69$	Link:https://bit.ly/3WS8wSr	Aff_link:https://s.click.aliexpress.com/e/_EubUdgz	Saved-> 	Image files:['486919', '486918', '486917', '486916', '486915', '486914', '486913', '486912', '486911', '486910']	img count: 10
2023-02-08 00:49:26 [INFO] [SUCCESS]	[ID: 486909]  Title: NIKE            	Price:69$	Link:https://bit.ly/3WS8wSr	Aff_link:https://s.click.aliexpress.com/e/_ExOLOVL	Saved-> 	Image files:['486909', '486908', '486907', '486906', '486905', '486904', '486903']	img count: 7
2023-02-08 00:49:32 [INFO] [SUCCESS]	[ID: 486902]  Title: NIKE            	Price:65$	Link:https://bit.ly/3vtyxfa	Aff_link:https://s.click.aliexpress.com/e/_EyJwgyD	Saved-> 	Image files:['486902', '486901', '486900', '486899', '486898', '486897', '486896', '486895', '486894', '486893']	img count: 10
2023-02-08 00:49:36 [INFO] [SUCCESS]	[ID: 486892]  Title: NIKE            	Price:65$	Link:https://bit.ly/3vtyxfa	Aff_link:https://s.click.aliexpress.com/e/_EQB4VnF	Saved-> 	Image files:['486892', '486891', '486890', '486889', '486888']	img count: 5
2023-02-08 00:49:43 [INFO] [SUCCESS]	[ID: 486887]  Title: NIKE            	Price:75$	Link:https://bit.ly/3Q1O4fG	Aff_link:https://s.click.aliexpress.com/e/_EzhyTTx	Saved-> 	Image files:['486887', '486886', '486885', '486884', '486883', '486882', '486881', '486880', '486879', '486878']	img count: 10
2023-02-08 00:49:47 [INFO] [SUCCESS]	[ID: 486877]  Title: NIKE            	Price:65$	Link:https://bit.ly/3vtyxfa	Aff_link:https://s.click.aliexpress.com/e/_EH98c6V	Saved-> 	Image files:['486877', '486876', '486875', '486874', '486873', '486872', '486871', '486870']	img count: 8
2023-02-08 00:49:55 [INFO] [SUCCESS]	[ID: 486869]  Title: NIKE            	Price:110$	Link:https://bit.ly/3WSw1uH	Aff_link:https://s.click.aliexpress.com/e/_EHDHdP3	Saved-> 	Image files:['486869', '486868', '486867', '486866', '486865', '486864', '486863', '486862', '486861', '486860']	img count: 10
2023-02-08 00:50:02 [INFO] [SUCCESS]	[ID: 486859]  Title: NIKE            	Price:65$	Link:https://bit.ly/3vtyxfa	Aff_link:https://s.click.aliexpress.com/e/_EwPkkfn	Saved-> 	Image files:['486859', '486858', '486857', '486856', '486855', '486854', '486853', '486852', '486851', '486850']	img count: 10
2023-02-08 00:50:09 [INFO] [SUCCESS]	[ID: 486849]  Title: NIKE            	Price:65$	Link:https://bit.ly/3vtyxfa	Aff_link:https://s.click.aliexpress.com/e/_Ev8AqNb	Saved-> 	Image files:['486849', '486848', '486847', '486846', '486845', '486844', '486843', '486842', '486841']	img count: 9
2023-02-08 00:50:17 [INFO] [SUCCESS]	[ID: 486840]  Title: Nike            	Price:38.30$	Link:https://shp.pub/6lqm3s	Aff_link:https://s.click.aliexpress.com/e/_EwIsS7P	Saved-> 	Image files:['486840', '486839', '486838', '486837', '486836', '486835', '486834', '486833']	img count: 8
