2023-02-07 18:06:50 [INFO] [SUCCESS]	[ID: 487009]  Title: SUPREME         					Price:22$	Link:https://bit.ly/3i0CODQ	Aff_link:https://s.click.aliexpress.com/e/_EvTJphJ	Saved-> 	Images files:['487009', '487008', '487007']	img count: 2
2023-02-07 18:06:56 [INFO] [SUCCESS]	[ID: 487006]  Title: MLB NY bomber jack 					Price:76.79$	Link:https://bit.ly/3Y6qEJx	Aff_link:https://s.click.aliexpress.com/e/_EIczGut	Saved-> 	Images files:['487006', '487005', '487004', '487003', '487002', '487001', '487000', '486999', '486998', '486997']	img count: 9
2023-02-07 18:07:02 [INFO] [SUCCESS]	[ID: 486996]  Title: SUPREME         					Price:26$	Link:https://bit.ly/3juH4Mc	Aff_link:https://s.click.aliexpress.com/e/_EIhoskt	Saved-> 	Images files:['486996', '486995', '486994', '486993', '486992', '486991', '486990', '486989', '486988']	img count: 8
2023-02-07 18:07:05 [INFO] [SUCCESS]	[ID: 486987]  Title: SUPREME         					Price:25$	Link:https://bit.ly/3Z0jS8T	Aff_link:https://s.click.aliexpress.com/e/_EIeXiLJ	Saved-> 	Images files:['486987', '486986', '486985', '486984']	img count: 3
2023-02-07 18:07:10 [INFO] [SUCCESS]	[ID: 486983]  Title: Vans sweater    					Price:61.19$	Link:https://bit.ly/3DF7nGR	Aff_link:https://s.click.aliexpress.com/e/_ExISmJJ	Saved-> 	Images files:['486983', '486982', '486981', '486980', '486979', '486978', '486977', '486976', '486975']	img count: 8
2023-02-07 18:07:15 [INFO] [SUCCESS]	[ID: 486974]  Title: SUPREME         					Price:31$	Link:https://bit.ly/3VI88VW	Aff_link:https://s.click.aliexpress.com/e/_EJTgGY1	Saved-> 	Images files:['486974', '486973', '486972', '486971', '486970', '486969', '486968']	img count: 6
2023-02-07 18:07:19 [INFO] [SUCCESS]	[ID: 486967]  Title: TNF             					Price:40$	Link:https://bit.ly/3ZcwFp5	Aff_link:https://s.click.aliexpress.com/e/_EQEsGnP	Saved-> 	Images files:['486967', '486966', '486965', '486964', '486963']	img count: 4
2023-02-07 18:07:24 [INFO] [SUCCESS]	[ID: 486962]  Title: MLB NY jacket   					Price:61.19$	Link:https://bit.ly/3JGJeDp	Aff_link:https://s.click.aliexpress.com/e/_EvztS9x	Saved-> 	Images files:['486962', '486961', '486960', '486959', '486958', '486957', '486956', '486955']	img count: 7
2023-02-07 18:07:27 [INFO] [SUCCESS]	[ID: 486954]  Title: SUPREME         					Price:27$	Link:https://bit.ly/3IcWeQx	Aff_link:https://s.click.aliexpress.com/e/_ExJHX9B	Saved-> 	Images files:['486954', '486953', '486952', '486951', '486950']	img count: 4
2023-02-07 18:07:30 [INFO] [SUCCESS]	[ID: 486949]  Title: SUPREME         					Price:27$	Link:https://bit.ly/3IcWeQx	Aff_link:https://s.click.aliexpress.com/e/_Eyf0zn7	Saved-> 	Images files:['486949', '486948', '486947', '486946']	img count: 3
2023-02-07 18:07:38 [INFO] [SUCCESS]	[ID: 486945]  Title: NIKE            					Price:80$	Link:https://bit.ly/3WX9M75	Aff_link:https://s.click.aliexpress.com/e/_EIYIwEl	Saved-> 	Images files:['486945', '486944', '486943', '486942', '486941', '486940', '486939', '486938', '486937', '486936']	img count: 9
2023-02-07 18:07:42 [INFO] [SUCCESS]	[ID: 486935]  Title: NIKE            					Price:59$	Link:https://bit.ly/3i72zlR	Aff_link:https://s.click.aliexpress.com/e/_EGKNck1	Saved-> 	Images files:['486935', '486934', '486933', '486932', '486931', '486930']	img count: 5
2023-02-07 18:07:47 [INFO] [SUCCESS]	[ID: 486929]  Title: NIKE            					Price:59$	Link:https://bit.ly/3i72zlR	Aff_link:https://s.click.aliexpress.com/e/_Ew5bj5r	Saved-> 	Images files:['486929', '486928', '486927', '486926', '486925', '486924', '486923', '486922', '486921', '486920']	img count: 9
2023-02-07 18:07:55 [INFO] [SUCCESS]	[ID: 486919]  Title: NIKE            					Price:69$	Link:https://bit.ly/3WS8wSr	Aff_link:https://s.click.aliexpress.com/e/_EISzNNP	Saved-> 	Images files:['486919', '486918', '486917', '486916', '486915', '486914', '486913', '486912', '486911', '486910']	img count: 9
2023-02-07 18:07:59 [INFO] [SUCCESS]	[ID: 486909]  Title: NIKE            					Price:69$	Link:https://bit.ly/3WS8wSr	Aff_link:https://s.click.aliexpress.com/e/_EyGUKCt	Saved-> 	Images files:['486909', '486908', '486907', '486906', '486905', '486904', '486903']	img count: 6
2023-02-07 18:08:06 [INFO] [SUCCESS]	[ID: 486902]  Title: NIKE            					Price:65$	Link:https://bit.ly/3vtyxfa	Aff_link:https://s.click.aliexpress.com/e/_EuXGMGv	Saved-> 	Images files:['486902', '486901', '486900', '486899', '486898', '486897', '486896', '486895', '486894', '486893']	img count: 9
2023-02-07 18:08:10 [INFO] [SUCCESS]	[ID: 486892]  Title: NIKE            					Price:65$	Link:https://bit.ly/3vtyxfa	Aff_link:https://s.click.aliexpress.com/e/_EQpLlsH	Saved-> 	Images files:['486892', '486891', '486890', '486889', '486888']	img count: 4
2023-02-07 18:08:17 [INFO] [SUCCESS]	[ID: 486887]  Title: NIKE            					Price:75$	Link:https://bit.ly/3Q1O4fG	Aff_link:https://s.click.aliexpress.com/e/_EJ4fg4p	Saved-> 	Images files:['486887', '486886', '486885', '486884', '486883', '486882', '486881', '486880', '486879', '486878']	img count: 9
2023-02-07 18:08:21 [INFO] [SUCCESS]	[ID: 486877]  Title: NIKE            					Price:65$	Link:https://bit.ly/3vtyxfa	Aff_link:https://s.click.aliexpress.com/e/_EHbYuTB	Saved-> 	Images files:['486877', '486876', '486875', '486874', '486873', '486872', '486871', '486870']	img count: 7
2023-02-07 18:08:29 [INFO] [SUCCESS]	[ID: 486869]  Title: NIKE            					Price:110$	Link:https://bit.ly/3WSw1uH	Aff_link:https://s.click.aliexpress.com/e/_EHqlKPf	Saved-> 	Images files:['486869', '486868', '486867', '486866', '486865', '486864', '486863', '486862', '486861', '486860']	img count: 9
2023-02-07 18:08:36 [INFO] [SUCCESS]	[ID: 486859]  Title: NIKE            					Price:65$	Link:https://bit.ly/3vtyxfa	Aff_link:https://s.click.aliexpress.com/e/_Ev4CNJF	Saved-> 	Images files:['486859', '486858', '486857', '486856', '486855', '486854', '486853', '486852', '486851', '486850']	img count: 9
2023-02-07 18:08:44 [INFO] [SUCCESS]	[ID: 486849]  Title: NIKE            					Price:65$	Link:https://bit.ly/3vtyxfa	Aff_link:https://s.click.aliexpress.com/e/_Ev8gWw9	Saved-> 	Images files:['486849', '486848', '486847', '486846', '486845', '486844', '486843', '486842', '486841']	img count: 8
2023-02-07 18:08:51 [INFO] [SUCCESS]	[ID: 486840]  Title: Nike            					Price:38.30$	Link:https://shp.pub/6lqm3s	Aff_link:https://s.click.aliexpress.com/e/_EzsAv6h	Saved-> 	Images files:['486840', '486839', '486838', '486837', '486836', '486835', '486834', '486833']	img count: 7
2023-02-07 18:09:33 [INFO] [SUCCESS]	[ID: 486832]  Title: Kanken          					Price:19.99$	Link:https://shp.pub/6lqk84	Aff_link:https://s.click.aliexpress.com/e/_Eya8Mg1	Saved-> 	Images files:['486832', '486831', '486830', '486829', '486828', '486827', '486826', '486825', '486824', '486823']	img count: 9
2023-02-07 18:09:39 [INFO] [SUCCESS]	[ID: 486822]  Title: Carhartt        					Price:32.98$	Link:https://shp.pub/6lqk6r	Aff_link:https://s.click.aliexpress.com/e/_EHVKZol	Saved-> 	Images files:['486822', '486821', '486820', '486819', '486818', '486817', '486816', '486815']	img count: 7
2023-02-07 18:09:47 [INFO] [SUCCESS]	[ID: 486814]  Title: TNF backpack    					Price:20.75$	Link:https://shp.pub/6lqk2a	Aff_link:https://s.click.aliexpress.com/e/_Ew4HYvF	Saved-> 	Images files:['486814', '486813', '486812', '486811', '486810', '486809', '486808', '486807', '486806', '486805']	img count: 9
2023-02-07 18:09:53 [INFO] [SUCCESS]	[ID: 486804]  Title: TNF backpack    					Price:21.98$	Link:https://shp.pub/6lqjzr	Aff_link:https://s.click.aliexpress.com/e/_Ew1F9Lx	Saved-> 	Images files:['486804', '486803', '486802', '486801', '486800', '486799', '486798', '486797', '486796']	img count: 8
2023-02-07 18:10:08 [ERROR] [FAILED]	[ID: 486795]  Title: NB 327          					Price:58.70$	Link:https://shp.pub/6lqjrl	Aff_link:Failed to convert	Saved-> 	Images files:['486795', '486794', '486793', '486792', '486791', '486790', '486789', '486788', '486787', '486786']	img count: 9
2023-02-07 18:10:12 [INFO] [SUCCESS]	[ID: 486785]  Title: NIKE            					Price:69$	Link:https://bit.ly/3WS8wSr	Aff_link:https://s.click.aliexpress.com/e/_EHOb9sV	Saved-> 	Images files:['486785', '486784', '486783', '486782', '486781', '486780', '486779']	img count: 6
2023-02-07 18:10:17 [INFO] [SUCCESS]	[ID: 486778]  Title: NIKE            					Price:65$	Link:https://bit.ly/3vtyxfa	Aff_link:https://s.click.aliexpress.com/e/_Ex9Xl7L	Saved-> 	Images files:['486778', '486777', '486776', '486775', '486774']	img count: 4
2023-02-07 18:10:23 [INFO] [SUCCESS]	[ID: 486773]  Title: NIKE            					Price:65$	Link:https://bit.ly/3vtyxfa	Aff_link:https://s.click.aliexpress.com/e/_EGHNm4t	Saved-> 	Images files:['486773', '486772', '486771', '486770', '486769', '486768', '486767']	img count: 6
2023-02-07 18:10:38 [INFO] [SUCCESS]	[ID: 486766]  Title: NB 327          					Price:56.30$	Link:https://bit.ly/3YryxJ3	Aff_link:https://s.click.aliexpress.com/e/_EyonXuz	Saved-> 	Images files:['486766', '486765', '486764', '486763', '486762', '486761', '486760', '486759', '486758', '486757']	img count: 9
2023-02-07 18:10:55 [ERROR] [FAILED]	[ID: 486756]  Title: NB 327          					Price:56.30$	Link:https://shp.pub/6lqja3	Aff_link:Failed to convert	Saved-> 	Images files:['486756', '486755', '486754', '486753', '486752', '486751', '486750', '486749', '486748', '486747']	img count: 9
2023-02-07 18:10:58 [ERROR] [FAILED]	[ID: 486746]  Title: Catalogs

1) https 					Price:$	Link:https://hypeallie.online/jackzhang/	Aff_link:BROKEN: https://hypeallie.online Detected	Saved-> 	Images files:['486746']	img count: 0
2023-02-07 18:11:15 [ERROR] [FAILED]	[ID: 486745]  Title: NB 327          					Price:56.30$	Link:https://shp.pub/6lqj8q	Aff_link:Failed to convert	Saved-> 	Images files:['486745', '486744', '486743', '486742', '486741', '486740', '486739', '486738', '486737', '486736']	img count: 9
2023-02-07 18:11:22 [INFO] [SUCCESS]	[ID: 486735]  Title: GG backpack     					Price:61.30$	Link:https://shp.pub/6lqj5m	Aff_link:https://s.click.aliexpress.com/e/_EvVwGmN	Saved-> 	Images files:['486735', '486734', '486733', '486732', '486731', '486730']	img count: 5
2023-02-07 18:11:27 [ERROR] [FAILED]	[ID: 486729]  Title: NIKE            					Price:59$	Link:https://bit.ly/3WAhT9C	Aff_link:Failed to convert	Saved-> 	Images files:['486729', '486728', '486727', '486726', '486725', '486724', '486723', '486722', '486721', '486720']	img count: 9
2023-02-07 18:11:31 [ERROR] [FAILED]	[ID: 486719]  Title: NIKE            					Price:59$	Link:https://bit.ly/3WAhT9C	Aff_link:Failed to convert	Saved-> 	Images files:['486719', '486718', '486717', '486716', '486715', '486714', '486713', '486712', '486711', '486710']	img count: 9
2023-02-07 18:11:39 [ERROR] [FAILED]	[ID: 486709]  Title: NIKE            					Price:59$	Link:https://bit.ly/3WAhT9C	Aff_link:Failed to convert	Saved-> 	Images files:['486709', '486708', '486707', '486706', '486705', '486704', '486703', '486702', '486701', '486700']	img count: 9
2023-02-07 18:11:47 [ERROR] [FAILED]	[ID: 486699]  Title: NIKE            					Price:59$	Link:https://bit.ly/3WAhT9C	Aff_link:Failed to convert	Saved-> 	Images files:['486699', '486698', '486697', '486696', '486695', '486694', '486693', '486692', '486691', '486690']	img count: 9
2023-02-07 18:11:57 [INFO] [SUCCESS]	[ID: 486689]  Title: NIKE            					Price:60$	Link:https://bit.ly/3Gv9a2Q	Aff_link:https://s.click.aliexpress.com/e/_EJYClQt	Saved-> 	Images files:['486689', '486688', '486687', '486686', '486685', '486684', '486683', '486682', '486681', '486680']	img count: 9
2023-02-07 18:12:03 [INFO] [SUCCESS]	[ID: 486679]  Title: LOEWE sweater   					Price:56.39$	Link:https://bit.ly/3Yq4IJa	Aff_link:https://s.click.aliexpress.com/e/_EzpnV1B	Saved-> 	Images files:['486679', '486678', '486677', '486676', '486675', '486674', '486673', '486672', '486671', '486670']	img count: 9
2023-02-07 18:12:08 [INFO] [SUCCESS]	[ID: 486669]  Title: THE NORTH FACE TNF 					Price:44.16$	Link:https://bit.ly/3wTXX6I	Aff_link:https://s.click.aliexpress.com/e/_ExNilX7	Saved-> 	Images files:['486669', '486668', '486667', '486666', '486665', '486664', '486663', '486662', '486661', '486660']	img count: 9
2023-02-07 18:12:15 [INFO] [SUCCESS]	[ID: 486659]  Title: NIKE            					Price:60$	Link:https://bit.ly/3Gv9a2Q	Aff_link:https://s.click.aliexpress.com/e/_EJL5kN3	Saved-> 	Images files:['486659', '486658', '486657', '486656', '486655', '486654', '486653', '486652', '486651', '486650']	img count: 9
2023-02-07 18:12:24 [INFO] [SUCCESS]	[ID: 486649]  Title: Adidas Forum 84 Lo 					Price:58.20$	Link:https://bit.ly/3Dzjg0L	Aff_link:https://s.click.aliexpress.com/e/_EvDeCBR	Saved-> 	Images files:['486649', '486648', '486647', '486646', '486645', '486644', '486643', '486642', '486641', '486640']	img count: 9
2023-02-07 18:12:30 [ERROR] [FAILED]	[ID: 486639]  Title: NIKE            					Price:50$	Link:https://bit.ly/3WAhT9C	Aff_link:Failed to convert	Saved-> 	Images files:['486639', '486638', '486637', '486636', '486635', '486634', '486633', '486632', '486631', '486630']	img count: 9
2023-02-07 18:12:36 [ERROR] [FAILED]	[ID: 486629]  Title: NIKE            					Price:50$	Link:https://bit.ly/3WAhT9C	Aff_link:Failed to convert	Saved-> 	Images files:['486629', '486628', '486627', '486626', '486625', '486624', '486623', '486622']	img count: 7
2023-02-07 18:12:41 [INFO] [SUCCESS]	[ID: 486621]  Title: Nike Travis Scott  					Price:53.68$	Link:https://bit.ly/3HU7IYJ	Aff_link:https://s.click.aliexpress.com/e/_EvLuQXJ	Saved-> 	Images files:['486621', '486620', '486619', '486618', '486617', '486616', '486615']	img count: 6
2023-02-07 18:12:46 [INFO] [SUCCESS]	[ID: 486614]  Title: NIKE            					Price:70$	Link:https://bit.ly/3WWfCFQ	Aff_link:https://s.click.aliexpress.com/e/_EI7g0sh	Saved-> 	Images files:['486614', '486613', '486612', '486611', '486610', '486609', '486608']	img count: 6
2023-02-07 18:12:50 [INFO] [SUCCESS]	[ID: 486607]  Title: NIKE            					Price:70$	Link:https://bit.ly/3WWfCFQ	Aff_link:https://s.click.aliexpress.com/e/_ExiuvcH	Saved-> 	Images files:['486607', '486606', '486605', '486604']	img count: 3
2023-02-07 18:12:55 [INFO] [SUCCESS]	[ID: 486603]  Title: Nike Travis Scott  					Price:53.68$	Link:https://bit.ly/3HU7IYJ	Aff_link:https://s.click.aliexpress.com/e/_EyGzUQV	Saved-> 	Images files:['486603', '486602', '486601', '486600', '486599', '486598', '486597', '486596', '486595', '486594']	img count: 9
2023-02-07 18:13:01 [INFO] [SUCCESS]	[ID: 486593]  Title: NIKE            					Price:75$	Link:https://bit.ly/3Q1O4fG	Aff_link:https://s.click.aliexpress.com/e/_EIDQf77	Saved-> 	Images files:['486593', '486592', '486591', '486590', '486589', '486588', '486587', '486586', '486585']	img count: 8
2023-02-07 18:13:04 [INFO] [SUCCESS]	[ID: 486584]  Title: NIKE            					Price:49$	Link:https://bit.ly/3Q1OzGG	Aff_link:https://s.click.aliexpress.com/e/_EJCF5mp	Saved-> 	Images files:['486584', '486583', '486582', '486581']	img count: 3
2023-02-07 18:13:12 [INFO] [SUCCESS]	[ID: 486580]  Title: ESSENTIALS  pants 					Price:39$	Link:https://bit.ly/3IcGexS	Aff_link:https://s.click.aliexpress.com/e/_EQ1X2op	Saved-> 	Images files:['486580', '486579', '486578', '486577', '486576', '486575', '486574', '486573', '486572', '486571']	img count: 9
2023-02-07 18:13:19 [INFO] [SUCCESS]	[ID: 486570]  Title: ESSENTIAL       					Price:39$	Link:https://bit.ly/3IcGexS	Aff_link:https://s.click.aliexpress.com/e/_EIlpN5n	Saved-> 	Images files:['486570', '486569', '486568', '486567', '486566', '486565', '486564', '486563', '486562', '486561']	img count: 9
2023-02-07 18:13:25 [INFO] [SUCCESS]	[ID: 486560]  Title: CANADA GOOSE    					Price:95$	Link:https://bit.ly/3WAL4JS	Aff_link:https://s.click.aliexpress.com/e/_EGbi7LL	Saved-> 	Images files:['486560', '486559', '486558', '486557', '486556', '486555', '486554', '486553', '486552']	img count: 8
2023-02-07 18:13:28 [ERROR] [FAILED]	[ID: 486551]  Title: Follow our Look Ch 					Price:$	Link:https://bestallie.x.yupoo.com/	Aff_link:No AliExpress Link Detected	Saved-> 	Images files:['486551']	img count: 0
2023-02-07 18:13:33 [INFO] [SUCCESS]	[ID: 486550]  Title: NIKE            					Price:50$	Link:https://bit.ly/3Z2osDy	Aff_link:https://s.click.aliexpress.com/e/_EHs7jID	Saved-> 	Images files:['486550', '486549', '486548', '486547', '486546', '486545', '486544', '486543', '486542', '486541']	img count: 9
2023-02-07 18:13:39 [INFO] [SUCCESS]	[ID: 486540]  Title: NIKE            					Price:70$	Link:https://bit.ly/3WWfCFQ	Aff_link:https://s.click.aliexpress.com/e/_Ev90gSd	Saved-> 	Images files:['486540', '486539', '486538', '486537', '486536', '486535', '486534']	img count: 6
2023-02-07 18:13:42 [ERROR] [FAILED]	[ID: 486533]  Title: Follow secrect bra 					Price:$	Link:https://t.me/joinchat/FVE33KPWkWBlMDIy	Aff_link:BROKEN: https://t.me Detected	Saved-> 	Images files:['486533']	img count: 0
2023-02-07 18:13:50 [INFO] [SUCCESS]	[ID: 486532]  Title: NIKE            					Price:50$	Link:https://bit.ly/3Z2osDy	Aff_link:https://s.click.aliexpress.com/e/_Ew0HE97	Saved-> 	Images files:['486532', '486531', '486530', '486529', '486528', '486527', '486526', '486525', '486524', '486523']	img count: 9
2023-02-07 18:13:59 [INFO] [SUCCESS]	[ID: 486522]  Title: NIKE            					Price:60$	Link:https://bit.ly/3Gv9a2Q	Aff_link:https://s.click.aliexpress.com/e/_EuWrap3	Saved-> 	Images files:['486522', '486521', '486520', '486519', '486518', '486517', '486516', '486515', '486514', '486513']	img count: 9
2023-02-07 18:14:03 [INFO] [SUCCESS]	[ID: 486512]  Title: NIKE            					Price:70$	Link:https://bit.ly/3WWfCFQ	Aff_link:https://s.click.aliexpress.com/e/_EGNoijf	Saved-> 	Images files:['486512', '486511', '486510', '486509']	img count: 3
2023-02-07 18:14:10 [ERROR] [FAILED]	[ID: 486508]  Title: NIKE            					Price:75$	Link:https://bit.ly/3WAhT9C	Aff_link:Failed to convert	Saved-> 	Images files:['486508', '486507', '486506', '486505', '486504', '486503', '486502', '486501', '486500', '486499']	img count: 9
2023-02-07 18:14:20 [INFO] [SUCCESS]	[ID: 486498]  Title: Dior bag        					Price:37.50$	Link:https://shp.pub/6ljrzx	Aff_link:https://s.click.aliexpress.com/e/_EJpEyUZ	Saved-> 	Images files:['486498', '486497', '486496', '486495', '486494', '486493', '486492', '486491']	img count: 7
2023-02-07 18:14:20 [INFO] full_file_name: None, handle_fd: /Users/user/Desktop/Backup/products_handaling/, id: 486490
2023-02-07 18:14:21 [ERROR] Cannot move from/Users/user/Desktop/Backup/products_handaling/486490 to /Users/user/Desktop/Backup/Item_486489486490
2023-02-07 18:14:22 [ERROR] [FAILED]	[ID: 486489]  Title: POCO X5 PRO 5G. Wo 					Price:$	Link:https://bit.ly/3RAlym9	Aff_link:No AliExpress Link Detected	Saved-> 	Images files:['486490', '486489']	img count: 0
2023-02-07 18:14:36 [INFO] [SUCCESS]	[ID: 486488]  Title: Nike            					Price:56.30$	Link:https://shp.pub/6lpcl7	Aff_link:https://s.click.aliexpress.com/e/_EJ6D6qN	Saved-> 	Images files:['486488', '486487', '486486', '486485', '486484', '486483', '486482', '486481', '486480', '486479']	img count: 9
2023-02-07 18:14:47 [INFO] [SUCCESS]	[ID: 486478]  Title: TNF             					Price:43.40$	Link:https://shp.pub/6lpchw	Aff_link:https://s.click.aliexpress.com/e/_EvgOSv7	Saved-> 	Images files:['486478', '486477', '486476', '486475', '486474', '486473', '486472', '486471', '486470']	img count: 8
2023-02-07 18:14:54 [ERROR] [FAILED]	[ID: 486469]  Title: NIKE            					Price:55$	Link:https://bit.ly/3WAhT9C	Aff_link:Failed to convert	Saved-> 	Images files:['486469', '486468', '486467', '486466', '486465', '486464', '486463', '486462', '486461', '486460']	img count: 9
2023-02-07 18:15:02 [INFO] [SUCCESS]	[ID: 486459]  Title: LV bag          					Price:120$	Link:https://bit.ly/3XBucmq	Aff_link:https://s.click.aliexpress.com/e/_ExviJwD	Saved-> 	Images files:['486459', '486458', '486457', '486456', '486455', '486454', '486453', '486452', '486451', '486450']	img count: 9
2023-02-07 18:15:11 [INFO] [SUCCESS]	[ID: 486449]  Title: PRADA Bag       					Price:25.00$	Link:https://shp.pub/6lpc7e	Aff_link:https://s.click.aliexpress.com/e/_EJal6s1	Saved-> 	Images files:['486449', '486448', '486447', '486446', '486445', '486444', '486443', '486442', '486441']	img count: 8
2023-02-07 18:15:20 [INFO] [SUCCESS]	[ID: 486440]  Title: NIKE            					Price:33$	Link:https://bit.ly/3G2mAlz	Aff_link:https://s.click.aliexpress.com/e/_EzKlFKp	Saved-> 	Images files:['486440', '486439', '486438', '486437', '486436', '486435', '486434', '486433', '486432']	img count: 8
2023-02-07 18:15:24 [INFO] [SUCCESS]	[ID: 486431]  Title: NIKE            					Price:49$	Link:https://bit.ly/3Q1OzGG	Aff_link:https://s.click.aliexpress.com/e/_EHX4D5B	Saved-> 	Images files:['486431', '486430', '486429', '486428', '486427', '486426', '486425', '486424']	img count: 7
2023-02-07 18:15:32 [INFO] [SUCCESS]	[ID: 486423]  Title: LV SET          					Price:89$	Link:https://bit.ly/3G0MupP	Aff_link:https://s.click.aliexpress.com/e/_ExFb1oH	Saved-> 	Images files:['486423', '486422', '486421', '486420', '486419', '486418', '486417', '486416', '486415']	img count: 8
2023-02-07 18:15:35 [INFO] [SUCCESS]	[ID: 486414]  Title: NIKE            					Price:50$	Link:https://bit.ly/3Z2osDy	Aff_link:https://s.click.aliexpress.com/e/_EHW3XE1	Saved-> 	Images files:['486414', '486413']	img count: 1
2023-02-07 18:15:40 [INFO] [SUCCESS]	[ID: 486412]  Title: NIKE            					Price:50$	Link:https://bit.ly/3Z2osDy	Aff_link:https://s.click.aliexpress.com/e/_EHSQuZb	Saved-> 	Images files:['486412', '486411', '486410', '486409', '486408', '486407', '486406', '486405', '486404', '486403']	img count: 9
2023-02-07 18:15:48 [INFO] [SUCCESS]	[ID: 486402]  Title: NIKE            					Price:65$	Link:https://bit.ly/3vtyxfa	Aff_link:https://s.click.aliexpress.com/e/_EGnwmCt	Saved-> 	Images files:['486402', '486401', '486400', '486399', '486398', '486397', '486396', '486395', '486394', '486393']	img count: 9
2023-02-07 18:15:55 [INFO] [SUCCESS]	[ID: 486392]  Title: Nike            					Price:18.48$	Link:https://shp.pub/6lp1at	Aff_link:https://s.click.aliexpress.com/e/_EQSPGD7	Saved-> 	Images files:['486392', '486391', '486390', '486389', '486388', '486387', '486386', '486385']	img count: 7
2023-02-07 18:16:08 [INFO] [SUCCESS]	[ID: 486384]  Title: Carhartt        					Price:16.90$	Link:https://shp.pub/6lp16j	Aff_link:https://s.click.aliexpress.com/e/_EuX8OTf	Saved-> 	Images files:['486384', '486383', '486382', '486381', '486380', '486379', '486378']	img count: 6
2023-02-07 18:16:13 [ERROR] [FAILED]	[ID: 486377]  Title: NIKE            					Price:55$	Link:https://bit.ly/3WAhT9C	Aff_link:Failed to convert	Saved-> 	Images files:['486377', '486376', '486375', '486374', '486373', '486372', '486371', '486370']	img count: 7
2023-02-07 18:16:19 [INFO] [SUCCESS]	[ID: 486369]  Title: NIKE            					Price:60$	Link:https://bit.ly/3Gv9a2Q	Aff_link:https://s.click.aliexpress.com/e/_Eywp2rR	Saved-> 	Images files:['486369', '486368', '486367', '486366', '486365', '486364', '486363', '486362']	img count: 7
2023-02-07 18:16:23 [INFO] [SUCCESS]	[ID: 486361]  Title: NIKE            					Price:50$	Link:https://bit.ly/3Z2osDy	Aff_link:https://s.click.aliexpress.com/e/_ExeTfWv	Saved-> 	Images files:['486361', '486360', '486359', '486358', '486357', '486356']	img count: 5
2023-02-07 18:16:41 [INFO] [SUCCESS]	[ID: 486355]  Title: NIKE            					Price:31$	Link:https://bit.ly/3VI88VW	Aff_link:https://s.click.aliexpress.com/e/_EHfLmid	Saved-> 	Images files:['486355', '486354', '486353', '486352', '486351', '486350', '486349', '486348']	img count: 7
2023-02-07 18:16:46 [INFO] [SUCCESS]	[ID: 486347]  Title: OFF jacket      					Price:81.90$	Link:https://shp.pub/6lp16c	Aff_link:https://s.click.aliexpress.com/e/_EGdPFc5	Saved-> 	Images files:['486347', '486346', '486345', '486344', '486343', '486342']	img count: 5
2023-02-07 18:17:08 [INFO] [SUCCESS]	[ID: 486341]  Title: NIKE            					Price:31$	Link:https://bit.ly/3VI88VW	Aff_link:https://s.click.aliexpress.com/e/_Ew1vJb3	Saved-> 	Images files:['486341', '486340', '486339', '486338', '486337', '486336', '486335', '486334']	img count: 7
2023-02-07 18:17:12 [ERROR] [FAILED]	[ID: 486333]  Title: NIKE            					Price:55$	Link:https://bit.ly/3WAhT9C	Aff_link:Failed to convert	Saved-> 	Images files:['486333', '486332', '486331']	img count: 2
2023-02-07 18:17:21 [INFO] [SUCCESS]	[ID: 486330]  Title: Jordan          					Price:61.90$	Link:https://shp.pub/6lp15d	Aff_link:https://s.click.aliexpress.com/e/_EyK4tVJ	Saved-> 	Images files:['486330', '486329', '486328', '486327', '486326', '486325', '486324', '486323', '486322']	img count: 8
2023-02-07 18:17:27 [ERROR] [FAILED]	[ID: 486321]  Title: NIKE            					Price:55$	Link:https://bit.ly/3WAhT9C	Aff_link:Failed to convert	Saved-> 	Images files:['486321', '486320', '486319', '486318', '486317', '486316', '486315', '486314', '486313', '486312']	img count: 9
2023-02-07 18:17:30 [ERROR] [FAILED]	[ID: 486311]  Title: NIKE            					Price:55$	Link:https://bit.ly/3WAhT9C	Aff_link:Failed to convert	Saved-> 	Images files:['486311', '486310', '486309']	img count: 2
2023-02-07 18:17:35 [ERROR] [FAILED]	[ID: 486308]  Title: NIKE            					Price:55$	Link:https://bit.ly/3WAhT9C	Aff_link:Failed to convert	Saved-> 	Images files:['486308', '486307', '486306', '486305', '486304', '486303', '486302', '486301', '486300', '486299']	img count: 9
2023-02-07 18:17:39 [INFO] [SUCCESS]	[ID: 486298]  Title: NIKE            					Price:65$	Link:https://bit.ly/3vtyxfa	Aff_link:https://s.click.aliexpress.com/e/_EIJLbOD	Saved-> 	Images files:['486298', '486297', '486296', '486295', '486294', '486293', '486292', '486291', '486290']	img count: 8
2023-02-07 18:17:44 [INFO] [SUCCESS]	[ID: 486289]  Title: NIKE            					Price:70$	Link:https://bit.ly/3WWfCFQ	Aff_link:https://s.click.aliexpress.com/e/_EIpFxDR	Saved-> 	Images files:['486289', '486288', '486287', '486286', '486285', '486284']	img count: 5
2023-02-07 18:17:49 [INFO] [SUCCESS]	[ID: 486283]  Title: NIKE            					Price:70$	Link:https://bit.ly/3WWfCFQ	Aff_link:https://s.click.aliexpress.com/e/_EvzSrav	Saved-> 	Images files:['486283', '486282', '486281', '486280', '486279', '486278', '486277']	img count: 6
2023-02-07 18:17:55 [INFO] [SUCCESS]	[ID: 486276]  Title: CC set          					Price:27.90$	Link:https://shp.pub/6lp147	Aff_link:https://s.click.aliexpress.com/e/_EJhkbPj	Saved-> 	Images files:['486276', '486275', '486274', '486273', '486272', '486271', '486270', '486269', '486268']	img count: 8
2023-02-07 18:18:02 [INFO] [SUCCESS]	[ID: 486267]  Title: YSL set         					Price:48.90$	Link:https://shp.pub/6lp0yr	Aff_link:https://s.click.aliexpress.com/e/_Ew7jgxR	Saved-> 	Images files:['486267', '486266', '486265', '486264', '486263', '486262', '486261', '486260']	img count: 7
2023-02-07 18:18:04 [ERROR] [FAILED]	[ID: 486259]  Title: Catalogs

1) https 					Price:$	Link:https://hypeallie.online/jackzhang/	Aff_link:BROKEN: https://hypeallie.online Detected	Saved-> 	Images files:['486259']	img count: 0
2023-02-07 18:18:10 [INFO] [SUCCESS]	[ID: 486258]  Title: NIKE            					Price:65$	Link:https://bit.ly/3vtyxfa	Aff_link:https://s.click.aliexpress.com/e/_EznT1vB	Saved-> 	Images files:['486258', '486257', '486256', '486255', '486254', '486253', '486252', '486251', '486250', '486249']	img count: 9
2023-02-07 18:18:18 [INFO] [SUCCESS]	[ID: 486248]  Title: Lipsticks       					Price:48.90$	Link:https://shp.pub/6lp0vn	Aff_link:https://s.click.aliexpress.com/e/_EJtQEFf	Saved-> 	Images files:['486248', '486247', '486246', '486245', '486244', '486243', '486242', '486241', '486240']	img count: 8
2023-02-07 18:18:26 [INFO] [SUCCESS]	[ID: 486239]  Title: Lipsticks       					Price:34.90$	Link:https://shp.pub/6lp0uh	Aff_link:https://s.click.aliexpress.com/e/_EIKRYv7	Saved-> 	Images files:['486239', '486238', '486237', '486236', '486235', '486234', '486233', '486232', '486231']	img count: 8
2023-02-07 18:18:31 [INFO] [SUCCESS]	[ID: 486230]  Title: Ralph Lauren hoodi 					Price:47.88$	Link:https://bit.ly/3DE7jHl	Aff_link:https://s.click.aliexpress.com/e/_EuWLYLn	Saved-> 	Images files:['486230', '486229', '486228', '486227', '486226', '486225', '486224', '486223', '486222']	img count: 8
2023-02-07 18:18:39 [INFO] [SUCCESS]	[ID: 486221]  Title: NIKE            					Price:80$	Link:https://bit.ly/3WX9M75	Aff_link:https://s.click.aliexpress.com/e/_EvQ770N	Saved-> 	Images files:['486221', '486220', '486219', '486218', '486217', '486216', '486215', '486214', '486213', '486212']	img count: 9
2023-02-07 18:18:43 [INFO] [SUCCESS]	[ID: 486211]  Title: NIKE            					Price:60$	Link:https://bit.ly/3Gv9a2Q	Aff_link:https://s.click.aliexpress.com/e/_EHMF1x7	Saved-> 	Images files:['486211', '486210', '486209', '486208', '486207', '486206', '486205']	img count: 6
2023-02-07 18:18:49 [INFO] [SUCCESS]	[ID: 486204]  Title: New Balance CT302  					Price:54.81$	Link:https://bit.ly/3E12Fn9	Aff_link:https://s.click.aliexpress.com/e/_EGhyftX	Saved-> 	Images files:['486204', '486203', '486202', '486201', '486200', '486199', '486198', '486197', '486196', '486195']	img count: 9
2023-02-07 18:18:53 [INFO] [SUCCESS]	[ID: 486194]  Title: NIKE            					Price:50$	Link:https://bit.ly/3Z2osDy	Aff_link:https://s.click.aliexpress.com/e/_EyvQvih	Saved-> 	Images files:['486194', '486193', '486192', '486191', '486190']	img count: 4
2023-02-07 18:19:00 [INFO] [SUCCESS]	[ID: 486189]  Title: Stussy x Nike Air  					Price:57.07$	Link:https://bit.ly/3RtwUsa	Aff_link:https://s.click.aliexpress.com/e/_Eu3ROFr	Saved-> 	Images files:['486189', '486188', '486187', '486186', '486185', '486184', '486183', '486182', '486181', '486180']	img count: 9
2023-02-07 18:19:05 [INFO] [SUCCESS]	[ID: 486179]  Title: Nike Air Foamposit 					Price:68.37$	Link:https://bit.ly/3YifZLm	Aff_link:https://s.click.aliexpress.com/e/_EwRhTw1	Saved-> 	Images files:['486179', '486178', '486177', '486176', '486175', '486174', '486173', '486172', '486171', '486170']	img count: 9
2023-02-07 18:19:10 [INFO] [SUCCESS]	[ID: 486169]  Title: NIKE            					Price:50$	Link:https://bit.ly/3Z2osDy	Aff_link:https://s.click.aliexpress.com/e/_EwhnIXP	Saved-> 	Images files:['486169', '486168', '486167', '486166', '486165', '486164', '486163', '486162']	img count: 7
2023-02-07 18:19:16 [INFO] [SUCCESS]	[ID: 486161]  Title: Nike Air Foamposit 					Price:68.37$	Link:https://bit.ly/3YifZLm	Aff_link:https://s.click.aliexpress.com/e/_EH6F6eN	Saved-> 	Images files:['486161', '486160', '486159', '486158', '486157', '486156', '486155', '486154', '486153', '486152']	img count: 9
2023-02-07 18:19:20 [INFO] [SUCCESS]	[ID: 486151]  Title: NIKE            					Price:69$	Link:https://bit.ly/3WS8wSr	Aff_link:https://s.click.aliexpress.com/e/_EwNSInB	Saved-> 	Images files:['486151', '486150', '486149', '486148', '486147', '486146', '486145']	img count: 6
2023-02-07 18:19:24 [INFO] [SUCCESS]	[ID: 486144]  Title: NIKE            					Price:59$	Link:https://bit.ly/3i72zlR	Aff_link:https://s.click.aliexpress.com/e/_EQZJkal	Saved-> 	Images files:['486144', '486143', '486142', '486141', '486140', '486139', '486138', '486137', '486136']	img count: 8
2023-02-07 18:19:30 [INFO] [SUCCESS]	[ID: 486135]  Title: Nike Travis Scott  					Price:53.68$	Link:https://bit.ly/3HU7IYJ	Aff_link:https://s.click.aliexpress.com/e/_EvW2pTj	Saved-> 	Images files:['486135', '486134', '486133', '486132', '486131', '486130', '486129', '486128', '486127', '486126']	img count: 9
2023-02-07 18:19:35 [INFO] [SUCCESS]	[ID: 486125]  Title: NIKE            					Price:59$	Link:https://bit.ly/3i72zlR	Aff_link:https://s.click.aliexpress.com/e/_EuUYjzP	Saved-> 	Images files:['486125', '486124', '486123', '486122', '486121', '486120', '486119', '486118', '486117', '486116']	img count: 9
2023-02-07 18:19:42 [INFO] [SUCCESS]	[ID: 486115]  Title: NIKE            					Price:75$	Link:https://bit.ly/3Q1O4fG	Aff_link:https://s.click.aliexpress.com/e/_EI8o3Kv	Saved-> 	Images files:['486115', '486114', '486113', '486112', '486111', '486110', '486109', '486108', '486107']	img count: 8
2023-02-07 18:19:46 [ERROR] [FAILED]	[ID: 486106]  Title: NIKE            					Price:55$	Link:https://bit.ly/3WAhT9C	Aff_link:Failed to convert	Saved-> 	Images files:['486106', '486105', '486104', '486103', '486102', '486101', '486100']	img count: 6
2023-02-07 18:19:55 [INFO] [SUCCESS]	[ID: 486099]  Title: NIKE            					Price:52$	Link:https://bit.ly/3WPCerm	Aff_link:https://s.click.aliexpress.com/e/_EI0cXkl	Saved-> 	Images files:['486099', '486098', '486097', '486096', '486095', '486094', '486093', '486092', '486091', '486090']	img count: 9
2023-02-07 18:20:02 [INFO] [SUCCESS]	[ID: 486089]  Title: NIKE            					Price:53$	Link:https://bit.ly/3WvKmgS	Aff_link:https://s.click.aliexpress.com/e/_EHL8EwN	Saved-> 	Images files:['486089', '486088', '486087', '486086', '486085', '486084', '486083', '486082']	img count: 7
2023-02-07 18:20:06 [INFO] [SUCCESS]	[ID: 486081]  Title: NIKE            					Price:27$	Link:https://bit.ly/3IcWeQx	Aff_link:https://s.click.aliexpress.com/e/_EyQdTFj	Saved-> 	Images files:['486081', '486080', '486079', '486078', '486077', '486076', '486075']	img count: 6
2023-02-07 18:20:12 [INFO] [SUCCESS]	[ID: 486074]  Title: NIKE            					Price:65$	Link:https://bit.ly/3vtyxfa	Aff_link:https://s.click.aliexpress.com/e/_Ez1hB9J	Saved-> 	Images files:['486074', '486073', '486072', '486071', '486070', '486069', '486068', '486067', '486066', '486065']	img count: 9
2023-02-07 18:20:21 [INFO] [SUCCESS]	[ID: 486064]  Title: NIKE            					Price:95$	Link:https://bit.ly/3WAL4JS	Aff_link:https://s.click.aliexpress.com/e/_EHvVI7X	Saved-> 	Images files:['486064', '486063', '486062', '486061', '486060', '486059', '486058', '486057', '486056', '486055', '486054', '486053', '486052', '486051', '486050', '486049']	img count: 15
2023-02-07 18:20:23 [INFO] [SUCCESS]	[ID: 486048]  Title: Louis Vuitton wall 					Price:27.36$	Link:https://bit.ly/3YsCvB9	Aff_link:https://s.click.aliexpress.com/e/_EvEpVpr	Saved-> 	Images files:['486048']	img count: 0
2023-02-07 18:20:28 [INFO] [SUCCESS]	[ID: 486047]  Title: Stussy bag      					Price:30.63$	Link:https://bit.ly/3XZSCq6	Aff_link:https://s.click.aliexpress.com/e/_EuApx4d	Saved-> 	Images files:['486047', '486046', '486045', '486044', '486043', '486042', '486041']	img count: 6
2023-02-07 18:20:32 [INFO] [SUCCESS]	[ID: 486040]  Title: NIKE            					Price:59$	Link:https://bit.ly/3i72zlR	Aff_link:https://s.click.aliexpress.com/e/_Ey07n3j	Saved-> 	Images files:['486040', '486039', '486038', '486037', '486036', '486035', '486034', '486033']	img count: 7
2023-02-07 18:20:39 [INFO] [SUCCESS]	[ID: 486032]  Title: NIKE            					Price:59$	Link:https://bit.ly/3i72zlR	Aff_link:https://s.click.aliexpress.com/e/_Exa5Deh	Saved-> 	Images files:['486032', '486031', '486030', '486029', '486028']	img count: 4
2023-02-07 18:20:42 [ERROR] [FAILED]	[ID: 486027]  Title: Follow our Look Ch 					Price:$	Link:https://bestallie.x.yupoo.com/	Aff_link:No AliExpress Link Detected	Saved-> 	Images files:['486027']	img count: 0
2023-02-07 18:20:48 [INFO] [SUCCESS]	[ID: 486026]  Title: NIKE            					Price:59$	Link:https://bit.ly/3i72zlR	Aff_link:https://s.click.aliexpress.com/e/_EQ7EOgv	Saved-> 	Images files:['486026', '486025', '486024', '486023', '486022', '486021', '486020', '486019', '486018', '486017']	img count: 9
2023-02-07 18:20:59 [ERROR] [FAILED]	[ID: 486016]  Title: Dior bag        					Price:28.10$	Link:https://shp.pub/6ljrrk	Aff_link:Failed to convert	Saved-> 	Images files:['486016', '486015', '486014', '486013', '486012', '486011', '486010', '486009']	img count: 7
2023-02-07 18:21:00 [ERROR] [FAILED]	[ID: 486008]  Title: Follow secrect bra 					Price:$	Link:https://t.me/joinchat/FVE33KPWkWBlMDIy	Aff_link:BROKEN: https://t.me Detected	Saved-> 	Images files:['486008']	img count: 0
2023-02-07 18:21:05 [INFO] [SUCCESS]	[ID: 486007]  Title: NIKE            					Price:59$	Link:https://bit.ly/3i72zlR	Aff_link:https://s.click.aliexpress.com/e/_Eubjt3x	Saved-> 	Images files:['486007', '486006', '486005', '486004', '486003', '486002', '486001', '486000', '485999', '485998']	img count: 9
2023-02-07 18:21:14 [ERROR] [FAILED]	[ID: 485997]  Title: Dior bag        					Price:28.10$	Link:https://shp.pub/6ljrcs	Aff_link:Failed to convert	Saved-> 	Images files:['485997', '485996', '485995', '485994', '485993', '485992', '485991']	img count: 6
2023-02-07 18:21:20 [INFO] [SUCCESS]	[ID: 485990]  Title: Casio G         					Price:31.36$	Link:https://bit.ly/3HrHF9J	Aff_link:https://s.click.aliexpress.com/e/_EHOw72v	Saved-> 	Images files:['485990', '485989', '485988', '485987', '485986', '485985', '485984', '485983', '485982', '485981']	img count: 9
2023-02-07 18:21:25 [INFO] [SUCCESS]	[ID: 485980]  Title: NIKE            					Price:59$	Link:https://bit.ly/3i72zlR	Aff_link:https://s.click.aliexpress.com/e/_EHRLFGV	Saved-> 	Images files:['485980', '485979', '485978', '485977', '485976', '485975', '485974', '485973', '485972', '485971']	img count: 9
2023-02-07 18:21:30 [INFO] [SUCCESS]	[ID: 485970]  Title: DIOR bag        					Price:59$	Link:https://bit.ly/3i72zlR	Aff_link:https://s.click.aliexpress.com/e/_EGj0iDF	Saved-> 	Images files:['485970', '485969', '485968', '485967', '485966', '485965', '485964', '485963']	img count: 7
2023-02-07 18:21:37 [INFO] [SUCCESS]	[ID: 485962]  Title: NIKE            					Price:80$	Link:https://bit.ly/3WX9M75	Aff_link:https://s.click.aliexpress.com/e/_EHKIe1F	Saved-> 	Images files:['485962', '485961', '485960', '485959', '485958', '485957', '485956', '485955', '485954', '485953']	img count: 9
2023-02-07 18:21:44 [INFO] [SUCCESS]	[ID: 485952]  Title: Lancome         					Price:45.90$	Link:https://shp.pub/6lo6y1	Aff_link:https://s.click.aliexpress.com/e/_EHc66gt	Saved-> 	Images files:['485952', '485951', '485950', '485949', '485948', '485947', '485946', '485945', '485944']	img count: 8
2023-02-07 18:21:51 [INFO] [SUCCESS]	[ID: 485943]  Title: CC set          					Price:50.90$	Link:https://shp.pub/6lo6ph	Aff_link:https://s.click.aliexpress.com/e/_EGKNum5	Saved-> 	Images files:['485943', '485942', '485941', '485940', '485939', '485938', '485937']	img count: 6
2023-02-07 18:22:01 [INFO] [SUCCESS]	[ID: 485936]  Title: Armani          					Price:41.90$	Link:https://shp.pub/6lo6io	Aff_link:https://s.click.aliexpress.com/e/_EQqorgH	Saved-> 	Images files:['485936', '485935', '485934', '485933', '485932', '485931', '485930', '485929']	img count: 7
2023-02-07 18:22:06 [INFO] [SUCCESS]	[ID: 485928]  Title: Jo malone       					Price:38.90$	Link:https://shp.pub/6lo52r	Aff_link:https://s.click.aliexpress.com/e/_EH1uN61	Saved-> 	Images files:['485928', '485927', '485926', '485925', '485924']	img count: 4
2023-02-07 18:22:10 [INFO] [SUCCESS]	[ID: 485923]  Title: Balmain         					Price:27.90$	Link:https://shp.pub/6lo4hr	Aff_link:https://s.click.aliexpress.com/e/_EynBWdL	Saved-> 	Images files:['485923', '485922', '485921', '485920', '485919', '485918']	img count: 5
2023-02-07 18:22:15 [INFO] [SUCCESS]	[ID: 485917]  Title: NIKE            					Price:59$	Link:https://bit.ly/3i72zlR	Aff_link:https://s.click.aliexpress.com/e/_Ev3VAA9	Saved-> 	Images files:['485917', '485916', '485915', '485914', '485913', '485912', '485911', '485910', '485909', '485908']	img count: 9
2023-02-07 18:22:20 [INFO] [SUCCESS]	[ID: 485907]  Title: NIKE            					Price:59$	Link:https://bit.ly/3i72zlR	Aff_link:https://s.click.aliexpress.com/e/_EuXYfav	Saved-> 	Images files:['485907', '485906', '485905', '485904', '485903']	img count: 4
2023-02-07 18:22:26 [INFO] [SUCCESS]	[ID: 485902]  Title: Balmain         					Price:27.90$	Link:https://shp.pub/6lo4hr	Aff_link:https://s.click.aliexpress.com/e/_Exu6Md7	Saved-> 	Images files:['485902', '485901', '485900', '485899', '485898', '485897', '485896', '485895', '485894', '485893']	img count: 9
2023-02-07 18:22:31 [INFO] [SUCCESS]	[ID: 485892]  Title: LV belt         					Price:47$	Link:https://bit.ly/3IcM2r9	Aff_link:https://s.click.aliexpress.com/e/_EvJbzc9	Saved-> 	Images files:['485892', '485891', '485890', '485889', '485888', '485887', '485886', '485885', '485884']	img count: 8
2023-02-07 18:22:38 [INFO] [SUCCESS]	[ID: 485883]  Title: NIKE            					Price:70$	Link:https://bit.ly/3WWfCFQ	Aff_link:https://s.click.aliexpress.com/e/_Euv7f21	Saved-> 	Images files:['485883', '485882', '485881', '485880', '485879', '485878', '485877', '485876']	img count: 7
2023-02-07 18:22:42 [INFO] [SUCCESS]	[ID: 485875]  Title: LV belts        					Price:35$	Link:https://bit.ly/3Vt5S4E	Aff_link:https://s.click.aliexpress.com/e/_Eyk9M53	Saved-> 	Images files:['485875', '485874', '485873', '485872', '485871', '485870']	img count: 5
2023-02-07 18:22:47 [ERROR] [FAILED]	[ID: 485869]  Title: GG shoes        					Price:55$	Link:https://bit.ly/3WAhT9C	Aff_link:Failed to convert	Saved-> 	Images files:['485869', '485868', '485867', '485866', '485865', '485864', '485863', '485862', '485861']	img count: 8
2023-02-07 18:22:57 [INFO] [SUCCESS]	[ID: 485860]  Title: TNF             					Price:75$	Link:https://bit.ly/3Q1O4fG	Aff_link:https://s.click.aliexpress.com/e/_EyB6Och	Saved-> 	Images files:['485860', '485859', '485858', '485857', '485856', '485855', '485854', '485853']	img count: 7
2023-02-07 18:23:04 [INFO] [SUCCESS]	[ID: 485852]  Title: VANS backpack size 					Price:31.19$	Link:https://bit.ly/3wU7iev	Aff_link:https://s.click.aliexpress.com/e/_EJp81Av	Saved-> 	Images files:['485852', '485851', '485850', '485849', '485848', '485847', '485846', '485845', '485844', '485843']	img count: 9
2023-02-07 18:23:07 [INFO] [SUCCESS]	[ID: 485842]  Title: NIKE            					Price:70$	Link:https://bit.ly/3WWfCFQ	Aff_link:https://s.click.aliexpress.com/e/_EwdbcI5	Saved-> 	Images files:['485842', '485841', '485840']	img count: 2
2023-02-07 18:23:12 [INFO] [SUCCESS]	[ID: 485839]  Title: NIKE            					Price:70$	Link:https://bit.ly/3WWfCFQ	Aff_link:https://s.click.aliexpress.com/e/_EGVnvRT	Saved-> 	Images files:['485839', '485838', '485837', '485836', '485835', '485834', '485833', '485832', '485831', '485830']	img count: 9
2023-02-07 18:23:17 [INFO] [SUCCESS]	[ID: 485829]  Title: NIKE            					Price:70$	Link:https://bit.ly/3WWfCFQ	Aff_link:https://s.click.aliexpress.com/e/_Eu1q1Ov	Saved-> 	Images files:['485829', '485828', '485827', '485826', '485825', '485824', '485823', '485822', '485821', '485820']	img count: 9
2023-02-07 18:23:20 [INFO] [SUCCESS]	[ID: 485819]  Title: NIKE            					Price:75$	Link:https://bit.ly/3Q1O4fG	Aff_link:https://s.click.aliexpress.com/e/_Euck08v	Saved-> 	Images files:['485819', '485818', '485817', '485816', '485815', '485814']	img count: 5
2023-02-07 18:23:25 [INFO] [SUCCESS]	[ID: 485813]  Title: NIKE            					Price:59$	Link:https://bit.ly/3i72zlR	Aff_link:https://s.click.aliexpress.com/e/_EwbeppP	Saved-> 	Images files:['485813', '485812', '485811', '485810', '485809', '485808', '485807', '485806', '485805']	img count: 8
2023-02-07 18:23:29 [ERROR] [FAILED]	[ID: 485804]  Title: NIKE            					Price:55$	Link:https://bit.ly/3WAhT9C	Aff_link:Failed to convert	Saved-> 	Images files:['485804', '485803', '485802', '485801', '485800', '485799']	img count: 5
2023-02-07 18:23:36 [INFO] [SUCCESS]	[ID: 485798]  Title: NIKE            					Price:65$	Link:https://bit.ly/3vtyxfa	Aff_link:https://s.click.aliexpress.com/e/_EGWQTkl	Saved-> 	Images files:['485798', '485797', '485796', '485795', '485794', '485793', '485792', '485791', '485790']	img count: 8
2023-02-07 18:23:41 [INFO] [SUCCESS]	[ID: 485789]  Title: NIKE            					Price:69$	Link:https://bit.ly/3WS8wSr	Aff_link:https://s.click.aliexpress.com/e/_EQePWNL	Saved-> 	Images files:['485789', '485788', '485787', '485786', '485785', '485784', '485783', '485782', '485781']	img count: 8
2023-02-07 18:23:45 [INFO] [SUCCESS]	[ID: 485780]  Title: NIKE            					Price:59$	Link:https://bit.ly/3i72zlR	Aff_link:https://s.click.aliexpress.com/e/_EQthHQ1	Saved-> 	Images files:['485780', '485779', '485778', '485777', '485776', '485775']	img count: 5
2023-02-07 18:23:50 [INFO] [SUCCESS]	[ID: 485774]  Title: NIKE            					Price:100$	Link:https://bit.ly/3CbCv02	Aff_link:https://s.click.aliexpress.com/e/_EG7OrLL	Saved-> 	Images files:['485774', '485773', '485772', '485771', '485770', '485769', '485768', '485767', '485766']	img count: 8
2023-02-07 18:23:55 [INFO] [SUCCESS]	[ID: 485765]  Title: NIKE            					Price:89$	Link:https://bit.ly/3G0MupP	Aff_link:https://s.click.aliexpress.com/e/_EGsBvf3	Saved-> 	Images files:['485765', '485764', '485763', '485762', '485761', '485760', '485759', '485758', '485757', '485756']	img count: 9
2023-02-07 18:24:00 [ERROR] [FAILED]	[ID: 485755]  Title: NIKE            					Price:125$	Link:https://bit.ly/3WAhT9C	Aff_link:Failed to convert	Saved-> 	Images files:['485755', '485754', '485753', '485752', '485751', '485750']	img count: 5
2023-02-07 18:24:05 [ERROR] [FAILED]	[ID: 485749]  Title: NIKE            					Price:125$	Link:https://bit.ly/3WAhT9C	Aff_link:Failed to convert	Saved-> 	Images files:['485749', '485748', '485747', '485746', '485745', '485744', '485743']	img count: 6
2023-02-07 18:24:07 [ERROR] [FAILED]	[ID: 485742]  Title: Catalogs

1) https 					Price:$	Link:https://hypeallie.online/jackzhang/	Aff_link:BROKEN: https://hypeallie.online Detected	Saved-> 	Images files:['485742']	img count: 0
2023-02-07 18:24:11 [INFO] [SUCCESS]	[ID: 485741]  Title: NIKE            					Price:105$	Link:https://bit.ly/3Q3lef2	Aff_link:https://s.click.aliexpress.com/e/_EI63PGd	Saved-> 	Images files:['485741', '485740', '485739', '485738', '485737']	img count: 4
2023-02-07 18:24:18 [INFO] [SUCCESS]	[ID: 485736]  Title: NIKE            					Price:65$	Link:https://bit.ly/3vtyxfa	Aff_link:https://s.click.aliexpress.com/e/_EyUm91P	Saved-> 	Images files:['485736', '485735', '485734', '485733', '485732', '485731', '485730', '485729', '485728']	img count: 8
2023-02-07 18:24:22 [INFO] [SUCCESS]	[ID: 485727]  Title: NIKE            					Price:70$	Link:https://bit.ly/3WWfCFQ	Aff_link:https://s.click.aliexpress.com/e/_EwoXMtx	Saved-> 	Images files:['485727', '485726', '485725', '485724', '485723', '485722']	img count: 5
2023-02-07 18:24:29 [INFO] [SUCCESS]	[ID: 485721]  Title: Dior Saddle Baby B 					Price:67.80$	Link:https://bit.ly/3DDGZNx	Aff_link:https://s.click.aliexpress.com/e/_Eul4Srr	Saved-> 	Images files:['485721', '485720', '485719', '485718', '485717', '485716', '485715', '485714', '485713']	img count: 8
2023-02-07 18:24:34 [INFO] [SUCCESS]	[ID: 485712]  Title: NIKE            					Price:70$	Link:https://bit.ly/3WWfCFQ	Aff_link:https://s.click.aliexpress.com/e/_EIJ826N	Saved-> 	Images files:['485712', '485711', '485710', '485709', '485708', '485707', '485706', '485705', '485704', '485703']	img count: 9
2023-02-07 18:24:39 [INFO] [SUCCESS]	[ID: 485702]  Title: NIKE            					Price:70$	Link:https://bit.ly/3WWfCFQ	Aff_link:https://s.click.aliexpress.com/e/_EGhrKBn	Saved-> 	Images files:['485702', '485701', '485700', '485699', '485698', '485697', '485696', '485695', '485694', '485693']	img count: 9
2023-02-07 18:24:44 [INFO] [SUCCESS]	[ID: 485692]  Title: cK hoodie       					Price:35.88$	Link:https://bit.ly/3jBsGlH	Aff_link:https://s.click.aliexpress.com/e/_EjGf5wt	Saved-> 	Images files:['485692', '485691', '485690', '485689', '485688', '485687', '485686', '485685', '485684']	img count: 8
2023-02-07 18:24:50 [INFO] [SUCCESS]	[ID: 485683]  Title: NIKE            					Price:59$	Link:https://bit.ly/3i72zlR	Aff_link:https://s.click.aliexpress.com/e/_EwnW0mN	Saved-> 	Images files:['485683', '485682', '485681', '485680', '485679', '485678', '485677']	img count: 6
2023-02-07 18:24:54 [INFO] [SUCCESS]	[ID: 485676]  Title: Carhartt WIP Delta 					Price:20.28$	Link:https://bit.ly/3HUP2rT	Aff_link:https://s.click.aliexpress.com/e/_EJECRMl	Saved-> 	Images files:['485676', '485675', '485674', '485673', '485672', '485671', '485670', '485669']	img count: 7
2023-02-07 18:24:59 [INFO] [SUCCESS]	[ID: 485668]  Title: Ralph Lauren Sweat 					Price:41.28$	Link:https://bit.ly/3jl25cN	Aff_link:https://s.click.aliexpress.com/e/_EHj0nU9	Saved-> 	Images files:['485668', '485667', '485666', '485665', '485664', '485663', '485662', '485661', '485660']	img count: 8
2023-02-07 18:25:04 [INFO] [SUCCESS]	[ID: 485659]  Title: NIKE            					Price:59$	Link:https://bit.ly/3i72zlR	Aff_link:https://s.click.aliexpress.com/e/_EGQkvCN	Saved-> 	Images files:['485659', '485658', '485657', '485656', '485655', '485654', '485653']	img count: 6
2023-02-07 18:25:11 [INFO] [SUCCESS]	[ID: 485652]  Title: Burberry BBR bag 					Price:84.48$	Link:https://bit.ly/3XVDrOF	Aff_link:https://s.click.aliexpress.com/e/_ExM9xwp	Saved-> 	Images files:['485652', '485651', '485650', '485649', '485648', '485647', '485646', '485645', '485644', '485643']	img count: 9
2023-02-07 18:25:16 [INFO] [SUCCESS]	[ID: 485642]  Title: NIKE            					Price:69$	Link:https://bit.ly/3WS8wSr	Aff_link:https://s.click.aliexpress.com/e/_EJHi6bR	Saved-> 	Images files:['485642', '485641', '485640', '485639', '485638', '485637', '485636']	img count: 6
2023-02-07 18:25:20 [INFO] [SUCCESS]	[ID: 485635]  Title: Sportswear      					Price:50$	Link:https://bit.ly/3Z2osDy	Aff_link:https://s.click.aliexpress.com/e/_EjR2VRL	Saved-> 	Images files:['485635', '485634', '485633', '485632', '485631', '485630', '485629']	img count: 6
2023-02-07 18:25:25 [INFO] [SUCCESS]	[ID: 485628]  Title: Vans sweater    					Price:61.19$	Link:https://bit.ly/3DF7nGR	Aff_link:https://s.click.aliexpress.com/e/_Eu3OhYl	Saved-> 	Images files:['485628', '485627', '485626', '485625', '485624', '485623', '485622', '485621', '485620']	img count: 8
2023-02-07 18:25:33 [INFO] [SUCCESS]	[ID: 485619]  Title: Moncler jacket  					Price:83.88$	Link:https://bit.ly/3YfcMwe	Aff_link:https://s.click.aliexpress.com/e/_EzRjXhR	Saved-> 	Images files:['485619', '485618', '485617', '485616', '485615', '485614', '485613', '485612', '485611']	img count: 8
2023-02-07 18:25:38 [INFO] [SUCCESS]	[ID: 485610]  Title: Sportswear      					Price:50$	Link:https://bit.ly/3Z2osDy	Aff_link:https://s.click.aliexpress.com/e/_EJU1Gp7	Saved-> 	Images files:['485610', '485609', '485608', '485607', '485606', '485605', '485604', '485603', '485602', '485601']	img count: 9
2023-02-07 18:25:43 [INFO] [SUCCESS]	[ID: 485600]  Title: Sportswear      					Price:50$	Link:https://bit.ly/3Z2osDy	Aff_link:https://s.click.aliexpress.com/e/_EG4BO13	Saved-> 	Images files:['485600', '485599', '485598', '485597', '485596', '485595', '485594', '485593', '485592', '485591']	img count: 9
2023-02-07 18:25:49 [INFO] [SUCCESS]	[ID: 485590]  Title: MLB NY jacket   					Price:61.19$	Link:https://bit.ly/3JGJeDp	Aff_link:https://s.click.aliexpress.com/e/_EHB5XeZ	Saved-> 	Images files:['485590', '485589', '485588', '485587', '485586', '485585', '485584', '485583']	img count: 7
2023-02-07 18:25:54 [INFO] [SUCCESS]	[ID: 485582]  Title: Sportswear      					Price:50$	Link:https://bit.ly/3Z2osDy	Aff_link:https://s.click.aliexpress.com/e/_EIWPZbF	Saved-> 	Images files:['485582', '485581', '485580', '485579', '485578', '485577', '485576', '485575', '485574', '485573']	img count: 9
2023-02-07 18:25:56 [INFO] [SUCCESS]	[ID: 485572]  Title: FIFA            					Price:50$	Link:https://bit.ly/3Z2osDy	Aff_link:https://s.click.aliexpress.com/e/_ExZsRkl	Saved-> 	Images files:['485572', '485571']	img count: 1
2023-02-07 18:26:01 [INFO] [SUCCESS]	[ID: 485570]  Title: FIFA            					Price:50$	Link:https://bit.ly/3Z2osDy	Aff_link:https://s.click.aliexpress.com/e/_EIN0O2z	Saved-> 	Images files:['485570', '485569', '485568', '485567', '485566', '485565', '485564', '485563', '485562', '485561']	img count: 9
2023-02-07 18:26:08 [INFO] [SUCCESS]	[ID: 485560]  Title: LOEWE sweater   					Price:56.39$	Link:https://bit.ly/3Yq4IJa	Aff_link:https://s.click.aliexpress.com/e/_Ey5pHqp	Saved-> 	Images files:['485560', '485559', '485558', '485557', '485556', '485555', '485554', '485553', '485552', '485551']	img count: 9
2023-02-07 18:26:11 [INFO] [SUCCESS]	[ID: 485550]  Title: NIKE            					Price:59$	Link:https://bit.ly/3i72zlR	Aff_link:https://s.click.aliexpress.com/e/_EvvbrxT	Saved-> 	Images files:['485550', '485549', '485548', '485547']	img count: 3
2023-02-07 18:26:15 [INFO] [SUCCESS]	[ID: 485546]  Title: NIKE            					Price:59$	Link:https://bit.ly/3i72zlR	Aff_link:https://s.click.aliexpress.com/e/_EG0g1hn	Saved-> 	Images files:['485546', '485545', '485544', '485543', '485542', '485541', '485540', '485539', '485538', '485537']	img count: 9
2023-02-07 18:26:21 [INFO] [SUCCESS]	[ID: 485536]  Title: NIKE            					Price:59$	Link:https://bit.ly/3i72zlR	Aff_link:https://s.click.aliexpress.com/e/_EJOnW97	Saved-> 	Images files:['485536', '485535', '485534', '485533', '485532', '485531', '485530', '485529', '485528']	img count: 8
2023-02-07 18:26:22 [INFO] full_file_name: /Users/user/Desktop/Backup/photo_2023-02-07_18-26-21.jpg, handle_fd: /Users/user/Desktop/Backup/products_handaling/, id: 485526
2023-02-07 18:26:22 [INFO] full_file_name: /Users/user/Desktop/Backup/.jpg, handle_fd: /Users/user/Desktop/Backup/products_handaling/, id: 485525
2023-02-07 18:26:22 [INFO] full_file_name: /Users/user/Desktop/Backup/photo_2023-02-07_18-26-22.jpg, handle_fd: /Users/user/Desktop/Backup/products_handaling/, id: 485524
2023-02-07 18:26:23 [INFO] full_file_name: /Users/user/Desktop/Backup/photo_2023-02-07_18-26-22 (1).jpg, handle_fd: /Users/user/Desktop/Backup/products_handaling/, id: 485523
2023-02-07 18:26:24 [INFO] full_file_name: /Users/user/Desktop/Backup/photo_2023-02-07_18-26-23.jpg, handle_fd: /Users/user/Desktop/Backup/products_handaling/, id: 485522
2023-02-07 18:26:24 [INFO] full_file_name: /Users/user/Desktop/Backup/photo_2023-02-07_18-26-24.jpg, handle_fd: /Users/user/Desktop/Backup/products_handaling/, id: 485521
2023-02-07 18:26:25 [INFO] full_file_name: /Users/user/Desktop/Backup/photo_2023-02-07_18-26-24 (1).jpg, handle_fd: /Users/user/Desktop/Backup/products_handaling/, id: 485520
2023-02-07 18:26:25 [INFO] full_file_name: /Users/user/Desktop/Backup/photo_2023-02-07_18-26-25.jpg, handle_fd: /Users/user/Desktop/Backup/products_handaling/, id: 485519
2023-02-07 18:26:25 [INFO] full_file_name: /Users/user/Desktop/Backup/photo_2023-02-07_18-26-25 (1).jpg, handle_fd: /Users/user/Desktop/Backup/products_handaling/, id: 485518
