2023-02-04 16:38:48 [ERROR] [FAILED]	[ID: 485447]  Title: NIKE            	Price:55$	Link:https://bit.ly/3WAhT9C	Aff_link:Failed to convert Ali Express link	Saved-> 	Images files:['485447', '485446', '485445', '485444', '485443', '485442']	img count: 5
2023-02-04 16:38:57 [INFO] [SUCCESS]	[ID: 485441]  Title: NIKE            	Price:89$	Link:https://bit.ly/3G0MupP	Aff_link:https://s.click.aliexpress.com/e/_EuVmNrf	Saved-> 	Images files:['485441', '485440', '485439', '485438', '485437', '485436', '485435', '485434']	img count: 7
2023-02-04 16:39:06 [ERROR] [FAILED]	[ID: 485433]  Title: NIKE            	Price:55$	Link:https://bit.ly/3WAhT9C	Aff_link:Failed to convert Ali Express link	Saved-> 	Images files:['485433', '485432', '485431', '485430', '485429', '485428', '485427']	img count: 6
2023-02-04 16:39:14 [INFO] [SUCCESS]	[ID: 485426]  Title: NIKE            	Price:65$	Link:https://bit.ly/3vtyxfa	Aff_link:https://s.click.aliexpress.com/e/_Ewvkj2z	Saved-> 	Images files:['485426', '485425', '485424', '485423', '485422', '485421', '485420', '485419']	img count: 7
2023-02-04 16:39:23 [ERROR] [FAILED]	[ID: 485418]  Title: NIKE            	Price:55$	Link:https://bit.ly/3WAhT9C	Aff_link:Failed to convert Ali Express link	Saved-> 	Images files:['485418', '485417', '485416', '485415', '485414', '485413', '485412', '485411', '485410']	img count: 8
2023-02-04 16:39:32 [ERROR] [FAILED]	[ID: 485409]  Title: NIKE            	Price:55$	Link:https://bit.ly/3WAhT9C	Aff_link:Failed to convert Ali Express link	Saved-> 	Images files:['485409', '485408', '485407', '485406', '485405', '485404', '485403', '485402', '485401', '485400']	img count: 9
2023-02-04 16:39:41 [ERROR] [FAILED]	[ID: 485399]  Title: NIKE            	Price:55$	Link:https://bit.ly/3WAhT9C	Aff_link:Failed to convert Ali Express link	Saved-> 	Images files:['485399', '485398', '485397', '485396', '485395', '485394', '485393', '485392', '485391', '485390']	img count: 9
2023-02-04 16:39:49 [ERROR] [FAILED]	[ID: 485389]  Title: NIKE            	Price:55$	Link:https://bit.ly/3WAhT9C	Aff_link:Failed to convert Ali Express link	Saved-> 	Images files:['485389', '485388', '485387', '485386', '485385', '485384', '485383', '485382']	img count: 7
2023-02-04 16:39:59 [ERROR] [FAILED]	[ID: 485381]  Title: NIKE            	Price:55$	Link:https://bit.ly/3WAhT9C	Aff_link:Failed to convert Ali Express link	Saved-> 	Images files:['485381', '485380', '485379', '485378', '485377', '485376', '485375', '485374', '485373', '485372']	img count: 9
2023-02-04 16:40:06 [INFO] [SUCCESS]	[ID: 485371]  Title: NIKE            	Price:75$	Link:https://bit.ly/3Q1O4fG	Aff_link:https://s.click.aliexpress.com/e/_EvuLSkN	Saved-> 	Images files:['485371', '485370', '485369', '485368', '485367', '485366']	img count: 5
2023-02-04 16:40:14 [INFO] [SUCCESS]	[ID: 485365]  Title: NIKE            	Price:75$	Link:https://bit.ly/3Q1O4fG	Aff_link:https://s.click.aliexpress.com/e/_EzAdLfn	Saved-> 	Images files:['485365', '485364', '485363', '485362', '485361', '485360', '485359']	img count: 6
2023-02-04 16:40:25 [INFO] [SUCCESS]	[ID: 485358]  Title: Martens         	Price:49.88$	Link:https://shp.pub/6lmx4d	Aff_link:https://s.click.aliexpress.com/e/_EGIhL4v	Saved-> 	Images files:['485358', '485357', '485356', '485355', '485354', '485353', '485352', '485351', '485350', '485349']	img count: 9
2023-02-04 16:40:44 [INFO] [SUCCESS]	[ID: 485348]  Title: Jacquemus͚      	Price:51.00$	Link:https://shp.pub/6lmuvh	Aff_link:https://s.click.aliexpress.com/e/_EyhkUQp	Saved-> 	Images files:['485348', '485347', '485346', '485345', '485344', '485343', '485342', '485341', '485340', '485339']	img count: 9
2023-02-04 16:41:02 [INFO] [SUCCESS]	[ID: 485338]  Title: MK bag          	Price:54.00$	Link:https://shp.pub/6lmttr	Aff_link:https://s.click.aliexpress.com/e/_Ex95Tmz	Saved-> 	Images files:['485338', '485337', '485336', '485335', '485334', '485333', '485332', '485331', '485330', '485329']	img count: 9
2023-02-04 16:41:25 [INFO] [SUCCESS]	[ID: 485328]  Title: Nike            	Price:33.58$	Link:https://shp.pub/6lmp65	Aff_link:https://s.click.aliexpress.com/e/_EzD3iVR	Saved-> 	Images files:['485328', '485327', '485326', '485325', '485324', '485323', '485322', '485321']	img count: 7
2023-02-04 16:41:36 [INFO] [SUCCESS]	[ID: 485320]  Title: NIKE            	Price:60$	Link:https://bit.ly/3Gv9a2Q	Aff_link:https://s.click.aliexpress.com/e/_EGXUkUN	Saved-> 	Images files:['485320', '485319', '485318', '485317', '485316', '485315', '485314', '485313']	img count: 7
2023-02-04 16:41:48 [ERROR] [FAILED]	[ID: 485312]  Title: NIKE            	Price:55$	Link:https://bit.ly/3WAhT9C	Aff_link:Failed to convert Ali Express link	Saved-> 	Images files:['485312', '485311', '485310', '485309', '485308', '485307', '485306', '485305', '485304', '485303']	img count: 9
2023-02-04 16:41:58 [INFO] [SUCCESS]	[ID: 485302]  Title: TNF             	Price:61.99$	Link:https://shp.pub/6lmnpg	Aff_link:https://s.click.aliexpress.com/e/_EyLcxrX	Saved-> 	Images files:['485302', '485301', '485300', '485299', '485298', '485297', '485296', '485295']	img count: 7
2023-02-04 16:42:05 [INFO] [SUCCESS]	[ID: 485294]  Title: NIKE            	Price:75$	Link:https://bit.ly/3Q1O4fG	Aff_link:https://s.click.aliexpress.com/e/_EJUmvg1	Saved-> 	Images files:['485294', '485293', '485292', '485291', '485290', '485289']	img count: 5
2023-02-04 16:42:14 [INFO] [SUCCESS]	[ID: 485288]  Title: NIKE            	Price:75$	Link:https://bit.ly/3Q1O4fG	Aff_link:https://s.click.aliexpress.com/e/_EJ4cwzX	Saved-> 	Images files:['485288', '485287', '485286', '485285', '485284', '485283', '485282', '485281']	img count: 7
2023-02-04 16:42:22 [INFO] [SUCCESS]	[ID: 485280]  Title: NIKE            	Price:89$	Link:https://bit.ly/3G0MupP	Aff_link:https://s.click.aliexpress.com/e/_EvivU45	Saved-> 	Images files:['485280', '485279', '485278', '485277', '485276', '485275']	img count: 5
2023-02-04 16:42:31 [INFO] [SUCCESS]	[ID: 485274]  Title: NIKE            	Price:29$	Link:https://bit.ly/3IcW3ol	Aff_link:https://s.click.aliexpress.com/e/_EyhwAVX	Saved-> 	Images files:['485274', '485273', '485272', '485271', '485270', '485269', '485268', '485267', '485266']	img count: 8
2023-02-04 16:42:40 [INFO] [SUCCESS]	[ID: 485265]  Title: NIKE            	Price:29$	Link:https://bit.ly/3IcW3ol	Aff_link:https://s.click.aliexpress.com/e/_ExPoiwp	Saved-> 	Images files:['485265', '485264', '485263', '485262', '485261', '485260', '485259', '485258', '485257', '485256']	img count: 9
2023-02-04 16:42:49 [INFO] [SUCCESS]	[ID: 485255]  Title: NIKE            	Price:29$	Link:https://bit.ly/3IcW3ol	Aff_link:https://s.click.aliexpress.com/e/_EzyJvYt	Saved-> 	Images files:['485255', '485254', '485253', '485252', '485251', '485250', '485249', '485248']	img count: 7
2023-02-04 16:42:55 [INFO] [SUCCESS]	[ID: 485247]  Title: NIKE            	Price:53$	Link:https://bit.ly/3WvKmgS	Aff_link:https://s.click.aliexpress.com/e/_EHqo4fT	Saved-> 	Images files:['485247', '485246', '485245', '485244']	img count: 3
2023-02-04 16:43:04 [INFO] [SUCCESS]	[ID: 485243]  Title: NIKE            	Price:29$	Link:https://bit.ly/3IcW3ol	Aff_link:https://s.click.aliexpress.com/e/_Ex6YDKV	Saved-> 	Images files:['485243', '485242', '485241', '485240', '485239', '485238', '485237', '485236', '485235', '485234']	img count: 9
2023-02-04 16:43:10 [INFO] [SUCCESS]	[ID: 485233]  Title: NIKE            	Price:59$	Link:https://bit.ly/3i72zlR	Aff_link:https://s.click.aliexpress.com/e/_EQFyDg1	Saved-> 	Images files:['485233', '485232', '485231', '485230']	img count: 3
2023-02-04 16:43:18 [ERROR] [FAILED]	[ID: 485229]  Title: Catalogs

1) https 	Price:$	Link:https://hypeallie.online/jackzhang/	Aff_link:No Ali Express link detected	Saved-> 	Images files:['485229']	img count: 0
2023-02-04 16:43:27 [INFO] [SUCCESS]	[ID: 485228]  Title: NIKE            	Price:59$	Link:https://bit.ly/3i72zlR	Aff_link:https://s.click.aliexpress.com/e/_EQtmS4H	Saved-> 	Images files:['485228', '485227', '485226', '485225', '485224', '485223', '485222', '485221', '485220', '485219']	img count: 9
2023-02-04 16:43:36 [INFO] [SUCCESS]	[ID: 485218]  Title: NIKE            	Price:59$	Link:https://bit.ly/3i72zlR	Aff_link:https://s.click.aliexpress.com/e/_Exkex7n	Saved-> 	Images files:['485218', '485217', '485216', '485215', '485214', '485213', '485212', '485211', '485210', '485209']	img count: 9
2023-02-04 16:43:43 [INFO] [SUCCESS]	[ID: 485208]  Title: NIKE            	Price:9.9$	Link:https://bit.ly/3I7OQ9a	Aff_link:https://s.click.aliexpress.com/e/_EvFsfmV	Saved-> 	Images files:['485208', '485207', '485206', '485205', '485204']	img count: 4
2023-02-04 16:44:10 [INFO] [SUCCESS]	[ID: 485203]  Title: Dyson hair dryer h 	Price:156$	Link:https://bit.ly/3Y0ITzM	Aff_link:https://s.click.aliexpress.com/e/_EHg95Ad	Saved-> 	Images files:['485203', '485202', '485201', '485200', '485199', '485198', '485197', '485196', '485195', '485194']	img count: 9
2023-02-04 16:44:15 [INFO] [SUCCESS]	[ID: 485193]  Title: NIKE            	Price:9.9$	Link:https://bit.ly/3I7OQ9a	Aff_link:https://s.click.aliexpress.com/e/_EzhkaLj	Saved-> 	Images files:['485193', '485192', '485191']	img count: 2
2023-02-04 16:44:23 [INFO] [SUCCESS]	[ID: 485190]  Title: NIKE            	Price:52$	Link:https://bit.ly/3WPCerm	Aff_link:https://s.click.aliexpress.com/e/_EwX0Hnf	Saved-> 	Images files:['485190', '485189', '485188', '485187', '485186', '485185', '485184']	img count: 6
2023-02-04 16:44:34 [INFO] [SUCCESS]	[ID: 485183]  Title: Louis Vuitton LV Q 	Price:26.38$	Link:https://bit.ly/3HSiZZu	Aff_link:https://s.click.aliexpress.com/e/_EuXKGB3	Saved-> 	Images files:['485183', '485182', '485181', '485180', '485179', '485178', '485177', '485176', '485175', '485174']	img count: 9
2023-02-04 16:44:40 [INFO] [SUCCESS]	[ID: 485173]  Title: NIKE            	Price:62$	Link:https://bit.ly/3C8UXq4	Aff_link:https://s.click.aliexpress.com/e/_EJAAStn	Saved-> 	Images files:['485173', '485172', '485171']	img count: 2
2023-02-04 16:44:47 [INFO] [SUCCESS]	[ID: 485170]  Title: Carhartt backpack 	Price:37.61$	Link:https://bit.ly/3YmBB9z	Aff_link:https://s.click.aliexpress.com/e/_EIqzviN	Saved-> 	Images files:['485170', '485169', '485168', '485167', '485166', '485165']	img count: 5
2023-02-04 16:44:56 [INFO] [SUCCESS]	[ID: 485164]  Title: MOSCHINO belt   	Price:39.55$	Link:https://bit.ly/3HGGCUK	Aff_link:https://s.click.aliexpress.com/e/_EIFNgRF	Saved-> 	Images files:['485164', '485163', '485162', '485161', '485160', '485159', '485158', '485157', '485156']	img count: 8
2023-02-04 16:45:06 [ERROR] [FAILED]	[ID: 485155]  Title: NIKE            	Price:55$	Link:https://bit.ly/3WAhT9C	Aff_link:Failed to convert Ali Express link	Saved-> 	Images files:['485155', '485154', '485153', '485152', '485151']	img count: 4
2023-02-04 16:45:17 [INFO] [SUCCESS]	[ID: 485150]  Title: NIKE AIR MAX furyo 	Price:73.45$	Link:https://bit.ly/3RrpNjZ	Aff_link:https://s.click.aliexpress.com/e/_Eux0Vqz	Saved-> 	Images files:['485150', '485149', '485148', '485147', '485146', '485145', '485144', '485143', '485142', '485141']	img count: 9
2023-02-04 16:45:28 [INFO] [SUCCESS]	[ID: 485140]  Title: Rolex watch qualit 	Price:318$	Link:https://bit.ly/3JFN6F0	Aff_link:https://s.click.aliexpress.com/e/_EJ3wy8N	Saved-> 	Images files:['485140', '485139', '485138', '485137', '485136', '485135', '485134', '485133', '485132', '485131']	img count: 9
2023-02-04 16:45:37 [INFO] [SUCCESS]	[ID: 485130]  Title: GUCCI hoodie Sweat 	Price:46.33$	Link:https://bit.ly/40dC2on	Aff_link:https://s.click.aliexpress.com/e/_ExnaXQ5	Saved-> 	Images files:['485130', '485129', '485128', '485127', '485126', '485125', '485124', '485123', '485122', '485121']	img count: 9
2023-02-04 16:45:44 [INFO] [SUCCESS]	[ID: 485120]  Title: NIKE            	Price:53$	Link:https://bit.ly/3WvKmgS	Aff_link:https://s.click.aliexpress.com/e/_Eysfarj	Saved-> 	Images files:['485120', '485119', '485118', '485117', '485116']	img count: 4
2023-02-04 16:45:54 [INFO] [SUCCESS]	[ID: 485115]  Title: Ralph Lauren hoodi 	Price:47.88$	Link:https://bit.ly/3DE7jHl	Aff_link:https://s.click.aliexpress.com/e/_EIIppDF	Saved-> 	Images files:['485115', '485114', '485113', '485112', '485111', '485110', '485109', '485108', '485107']	img count: 8
2023-02-04 16:46:05 [INFO] [SUCCESS]	[ID: 485106]  Title: Balenciaga ‘TRACK’ 	Price:124.30$	Link:https://bit.ly/40eQRXL	Aff_link:https://s.click.aliexpress.com/e/_Ew6Q09R	Saved-> 	Images files:['485106', '485105', '485104', '485103', '485102', '485101', '485100', '485099', '485098']	img count: 8
2023-02-04 16:46:18 [INFO] [SUCCESS]	[ID: 485097]  Title: NIKE            	Price:62$	Link:https://bit.ly/3C8UXq4	Aff_link:https://s.click.aliexpress.com/e/_Ejur5ov	Saved-> 	Images files:['485097', '485096', '485095', '485094', '485093', '485092', '485091', '485090', '485089', '485088']	img count: 9
2023-02-04 16:46:25 [ERROR] [FAILED]	[ID: 485087]  Title: NIKE            	Price:55$	Link:https://bit.ly/3WAhT9C	Aff_link:Failed to convert Ali Express link	Saved-> 	Images files:['485087', '485086', '485085', '485084', '485083']	img count: 4
2023-02-04 16:46:34 [INFO] [SUCCESS]	[ID: 485082]  Title: cK hoodie       	Price:35.88$	Link:https://bit.ly/3jBsGlH	Aff_link:https://s.click.aliexpress.com/e/_EI8eXnX	Saved-> 	Images files:['485082', '485081', '485080', '485079', '485078', '485077', '485076', '485075', '485074']	img count: 8
2023-02-04 16:46:44 [INFO] [SUCCESS]	[ID: 485073]  Title: Balenciaga ‘TRACK’ 	Price:124.30$	Link:https://bit.ly/40eQRXL	Aff_link:https://s.click.aliexpress.com/e/_EQ1iQjb	Saved-> 	Images files:['485073', '485072', '485071', '485070', '485069', '485068', '485067', '485066', '485065', '485064']	img count: 9
2023-02-04 16:46:53 [INFO] [SUCCESS]	[ID: 485063]  Title: NIKE            	Price:50$	Link:https://bit.ly/3Z2osDy	Aff_link:https://s.click.aliexpress.com/e/_EzdJPmz	Saved-> 	Images files:['485063', '485062', '485061', '485060', '485059', '485058', '485057', '485056', '485055', '485054']	img count: 9
2023-02-04 16:47:02 [INFO] [SUCCESS]	[ID: 485053]  Title: Adidas          	Price:29.90$	Link:https://shp.pub/6lgsy1	Aff_link:https://s.click.aliexpress.com/e/_EIUs8YH	Saved-> 	Images files:['485053', '485052', '485051', '485050', '485049', '485048', '485047']	img count: 6
2023-02-04 16:47:12 [INFO] [SUCCESS]	[ID: 485046]  Title: THE NORTH FACE  	Price:75$	Link:https://bit.ly/3Q1O4fG	Aff_link:https://s.click.aliexpress.com/e/_EQMNB2V	Saved-> 	Images files:['485046', '485045', '485044', '485043', '485042', '485041', '485040']	img count: 6
2023-02-04 16:47:22 [INFO] [SUCCESS]	[ID: 485039]  Title: Carhartt WIP Delta 	Price:20.28$	Link:https://bit.ly/3HUP2rT	Aff_link:https://s.click.aliexpress.com/e/_Eu4kg9n	Saved-> 	Images files:['485039', '485038', '485037', '485036', '485035', '485034', '485033', '485032']	img count: 7
2023-02-04 16:47:38 [INFO] [SUCCESS]	[ID: 485031]  Title: Balenciaga ‘TRACK’ 	Price:124.30$	Link:https://bit.ly/40eQRXL	Aff_link:https://s.click.aliexpress.com/e/_EQotj5x	Saved-> 	Images files:['485031', '485030', '485029', '485028', '485027', '485026', '485025', '485024', '485023', '485022']	img count: 9
2023-02-04 16:47:54 [INFO] [SUCCESS]	[ID: 485021]  Title: LV              	Price:59$	Link:https://bit.ly/3i72zlR	Aff_link:https://s.click.aliexpress.com/e/_EuCSZYh	Saved-> 	Images files:['485021', '485020', '485019', '485018', '485017', '485016', '485015']	img count: 6
2023-02-04 16:48:01 [ERROR] [FAILED]	[ID: 485014]  Title: NIKE            	Price:55$	Link:https://bit.ly/3WAhT9C	Aff_link:Failed to convert Ali Express link	Saved-> 	Images files:['485014', '485013', '485012', '485011', '485010']	img count: 4
2023-02-04 16:48:10 [INFO] [SUCCESS]	[ID: 485009]  Title: THE NORTH FACE TNF 	Price:44.16$	Link:https://bit.ly/3wTXX6I	Aff_link:https://s.click.aliexpress.com/e/_EHiRU6p	Saved-> 	Images files:['485009', '485008', '485007', '485006', '485005', '485004', '485003', '485002', '485001', '485000']	img count: 9
2023-02-04 16:48:19 [ERROR] [FAILED]	[ID: 484999]  Title: NIKE            	Price:55$	Link:https://bit.ly/3WAhT9C	Aff_link:Failed to convert Ali Express link	Saved-> 	Images files:['484999', '484998', '484997', '484996', '484995', '484994', '484993', '484992', '484991', '484990']	img count: 9
2023-02-04 16:48:32 [ERROR] [FAILED]	[ID: 484989]  Title: NIKE            	Price:55$	Link:https://bit.ly/3WAhT9C	Aff_link:Failed to convert Ali Express link	Saved-> 	Images files:['484989', '484988', '484987', '484986', '484985', '484984', '484983', '484982', '484981', '484980']	img count: 9
2023-02-04 16:48:42 [ERROR] [FAILED]	[ID: 484979]  Title: NIKE            	Price:55$	Link:https://bit.ly/3WAhT9C	Aff_link:Failed to convert Ali Express link	Saved-> 	Images files:['484979', '484978', '484977', '484976', '484975', '484974', '484973', '484972', '484971', '484970']	img count: 9
2023-02-04 16:48:52 [INFO] [SUCCESS]	[ID: 484969]  Title: Dior Saddle Baby B 	Price:67.80$	Link:https://bit.ly/3DDGZNx	Aff_link:https://s.click.aliexpress.com/e/_EHayvop	Saved-> 	Images files:['484969', '484968', '484967', '484966', '484965', '484964', '484963', '484962', '484961']	img count: 8
2023-02-04 16:48:57 [ERROR] [FAILED]	[ID: 484960]  Title: Follow our Look Ch 	Price:$	Link:https://bestallie.x.yupoo.com/	Aff_link:No Ali Express link detected	Saved-> 	Images files:['484960']	img count: 0
2023-02-04 16:49:06 [INFO] [SUCCESS]	[ID: 484959]  Title: NIKE            	Price:69$	Link:https://bit.ly/3WS8wSr	Aff_link:https://s.click.aliexpress.com/e/_EyHavp3	Saved-> 	Images files:['484959', '484958', '484957', '484956', '484955', '484954', '484953', '484952']	img count: 7
2023-02-04 16:49:15 [INFO] [SUCCESS]	[ID: 484951]  Title: NIKE            	Price:62$	Link:https://bit.ly/3C8UXq4	Aff_link:https://s.click.aliexpress.com/e/_EJgapEH	Saved-> 	Images files:['484951', '484950', '484949', '484948', '484947', '484946', '484945', '484944']	img count: 7
2023-02-04 16:49:26 [INFO] [SUCCESS]	[ID: 484943]  Title: New Balance CT302  	Price:54.81$	Link:https://bit.ly/3E12Fn9	Aff_link:https://s.click.aliexpress.com/e/_EuE35K9	Saved-> 	Images files:['484943', '484942', '484941', '484940', '484939', '484938', '484937', '484936', '484935', '484934']	img count: 9
2023-02-04 16:49:30 [ERROR] [FAILED]	[ID: 484933]  Title: Follow secrect bra 	Price:$	Link:https://t.me/joinchat/FVE33KPWkWBlMDIy	Aff_link:No Ali Express link detected	Saved-> 	Images files:['484933']	img count: 0
2023-02-04 16:49:37 [INFO] [SUCCESS]	[ID: 484932]  Title: NIKE            	Price:70$	Link:https://bit.ly/3WWfCFQ	Aff_link:https://s.click.aliexpress.com/e/_Exrj6vX	Saved-> 	Images files:['484932', '484931', '484930', '484929', '484928']	img count: 4
2023-02-04 16:49:44 [INFO] [SUCCESS]	[ID: 484927]  Title: NIKE            	Price:59$	Link:https://bit.ly/3i72zlR	Aff_link:https://s.click.aliexpress.com/e/_EuEaSGV	Saved-> 	Images files:['484927', '484926', '484925', '484924', '484923']	img count: 4
2023-02-04 16:49:58 [INFO] [SUCCESS]	[ID: 484922]  Title: Adidas Forum 84 Lo 	Price:58.20$	Link:https://bit.ly/3Dzjg0L	Aff_link:https://s.click.aliexpress.com/e/_EIXmeAt	Saved-> 	Images files:['484922', '484921', '484920', '484919', '484918', '484917', '484916', '484915', '484914', '484913']	img count: 9
2023-02-04 16:50:08 [INFO] [SUCCESS]	[ID: 484912]  Title: NIKE            	Price:59$	Link:https://bit.ly/3i72zlR	Aff_link:https://s.click.aliexpress.com/e/_EyF2JKl	Saved-> 	Images files:['484912', '484911', '484910', '484909', '484908', '484907', '484906', '484905', '484904', '484903']	img count: 9
2023-02-04 16:50:18 [INFO] [SUCCESS]	[ID: 484902]  Title: NIKE            	Price:59$	Link:https://bit.ly/3i72zlR	Aff_link:https://s.click.aliexpress.com/e/_EuZU6fL	Saved-> 	Images files:['484902', '484901', '484900', '484899', '484898', '484897', '484896', '484895', '484894', '484893']	img count: 9
2023-02-04 16:50:28 [INFO] [SUCCESS]	[ID: 484892]  Title: NIKE            	Price:59$	Link:https://bit.ly/3i72zlR	Aff_link:https://s.click.aliexpress.com/e/_EJxDndx	Saved-> 	Images files:['484892', '484891', '484890', '484889', '484888', '484887', '484886', '484885', '484884', '484883']	img count: 9
2023-02-04 16:50:41 [INFO] [SUCCESS]	[ID: 484882]  Title: Stussy x Nike Air  	Price:57.07$	Link:https://bit.ly/3RtwUsa	Aff_link:https://s.click.aliexpress.com/e/_EI2Vk5r	Saved-> 	Images files:['484882', '484881', '484880', '484879', '484878', '484877', '484876', '484875', '484874', '484873']	img count: 9
2023-02-04 16:50:49 [INFO] [SUCCESS]	[ID: 484872]  Title: NIKE            	Price:59$	Link:https://bit.ly/3i72zlR	Aff_link:https://s.click.aliexpress.com/e/_EwxrdxR	Saved-> 	Images files:['484872', '484871', '484870', '484869', '484868', '484867', '484866']	img count: 6
2023-02-04 16:51:00 [INFO] [SUCCESS]	[ID: 484865]  Title: NIKE            	Price:59$	Link:https://bit.ly/3i72zlR	Aff_link:https://s.click.aliexpress.com/e/_EHogIyH	Saved-> 	Images files:['484865', '484864', '484863', '484862', '484861', '484860', '484859', '484858', '484857', '484856']	img count: 9
2023-02-04 16:51:12 [INFO] [SUCCESS]	[ID: 484855]  Title: NIKE            	Price:70$	Link:https://bit.ly/3WWfCFQ	Aff_link:https://s.click.aliexpress.com/e/_EGzvoZR	Saved-> 	Images files:['484855', '484854', '484853', '484852', '484851', '484850', '484849', '484848', '484847']	img count: 8
2023-02-04 16:51:23 [INFO] [SUCCESS]	[ID: 484846]  Title: Nike Air Foamposit 	Price:68.37$	Link:https://bit.ly/3YifZLm	Aff_link:https://s.click.aliexpress.com/e/_Ewpfasd	Saved-> 	Images files:['484846', '484845', '484844', '484843', '484842', '484841', '484840', '484839', '484838', '484837']	img count: 9
2023-02-04 16:51:32 [INFO] [SUCCESS]	[ID: 484836]  Title: NIKE            	Price:70$	Link:https://bit.ly/3WWfCFQ	Aff_link:https://s.click.aliexpress.com/e/_EISgHFJ	Saved-> 	Images files:['484836', '484835', '484834', '484833', '484832', '484831', '484830', '484829', '484828', '484827']	img count: 9
2023-02-04 16:51:41 [INFO] [SUCCESS]	[ID: 484826]  Title: NIKE            	Price:52$	Link:https://bit.ly/3WPCerm	Aff_link:https://s.click.aliexpress.com/e/_EvVhQcz	Saved-> 	Images files:['484826', '484825', '484824', '484823', '484822', '484821', '484820', '484819', '484818']	img count: 8
2023-02-04 16:51:51 [ERROR] [FAILED]	[ID: 484817]  Title: NIKE            	Price:55$	Link:https://bit.ly/3WAhT9C	Aff_link:Failed to convert Ali Express link	Saved-> 	Images files:['484817', '484816', '484815', '484814', '484813', '484812', '484811', '484810', '484809', '484808']	img count: 9
2023-02-04 16:52:02 [INFO] [SUCCESS]	[ID: 484807]  Title: Nike Air Foamposit 	Price:68.37$	Link:https://bit.ly/3YifZLm	Aff_link:https://s.click.aliexpress.com/e/_EI29EW1	Saved-> 	Images files:['484807', '484806', '484805', '484804', '484803', '484802', '484801', '484800', '484799', '484798']	img count: 9
2023-02-04 16:52:12 [INFO] [SUCCESS]	[ID: 484797]  Title: NBA jersey      	Price:31$	Link:https://bit.ly/3VI88VW	Aff_link:https://s.click.aliexpress.com/e/_Expc0r3	Saved-> 	Images files:['484797', '484796', '484795', '484794', '484793', '484792', '484791', '484790', '484789']	img count: 8
2023-02-04 16:52:20 [ERROR] [FAILED]	[ID: 484788]  Title: Birkenstock     	Price:55$	Link:https://bit.ly/3WAhT9C	Aff_link:Failed to convert Ali Express link	Saved-> 	Images files:['484788', '484787', '484786', '484785', '484784', '484783', '484782', '484781', '484780']	img count: 8
2023-02-04 16:52:34 [INFO] [SUCCESS]	[ID: 484779]  Title: NIKE            	Price:53$	Link:https://bit.ly/3WvKmgS	Aff_link:https://s.click.aliexpress.com/e/_Ex3u4Nf	Saved-> 	Images files:['484779', '484778', '484777', '484776', '484775', '484774', '484773', '484772', '484771', '484770']	img count: 9
2023-02-04 16:52:44 [INFO] [SUCCESS]	[ID: 484769]  Title: Nike Travis Scott  	Price:53.68$	Link:https://bit.ly/3HU7IYJ	Aff_link:https://s.click.aliexpress.com/e/_EGP61Ut	Saved-> 	Images files:['484769', '484768', '484767', '484766', '484765', '484764', '484763', '484762', '484761', '484760']	img count: 9
2023-02-04 16:52:53 [INFO] [SUCCESS]	[ID: 484759]  Title: NIKE            	Price:65$	Link:https://bit.ly/3vtyxfa	Aff_link:https://s.click.aliexpress.com/e/_EHKspY1	Saved-> 	Images files:['484759', '484758', '484757', '484756', '484755', '484754', '484753', '484752', '484751', '484750']	img count: 9
2023-02-04 16:53:02 [INFO] [SUCCESS]	[ID: 484749]  Title: NIKE            	Price:39$	Link:https://bit.ly/3IcGexS	Aff_link:https://s.click.aliexpress.com/e/_EJSyJc1	Saved-> 	Images files:['484749', '484748', '484747', '484746', '484745', '484744', '484743']	img count: 6
2023-02-04 16:53:11 [INFO] [SUCCESS]	[ID: 484742]  Title: D&G             	Price:79$	Link:https://bit.ly/3CcLUEj	Aff_link:https://s.click.aliexpress.com/e/_ExoQAnF	Saved-> 	Images files:['484742', '484741', '484740', '484739', '484738', '484737']	img count: 5
2023-02-04 16:53:19 [INFO] [SUCCESS]	[ID: 484736]  Title: Nike Travis Scott  	Price:53.68$	Link:https://bit.ly/3HU7IYJ	Aff_link:https://s.click.aliexpress.com/e/_EHagAGd	Saved-> 	Images files:['484736', '484735', '484734', '484733', '484732', '484731', '484730']	img count: 6
2023-02-04 16:53:30 [INFO] [SUCCESS]	[ID: 484729]  Title: NIKE            	Price:52$	Link:https://bit.ly/3WPCerm	Aff_link:https://s.click.aliexpress.com/e/_Ezb7y1n	Saved-> 	Images files:['484729', '484728', '484727', '484726', '484725', '484724', '484723', '484722']	img count: 7
2023-02-04 16:53:41 [INFO] [SUCCESS]	[ID: 484721]  Title: NIKE            	Price:95$	Link:https://bit.ly/3WAL4JS	Aff_link:https://s.click.aliexpress.com/e/_EjxaYQh	Saved-> 	Images files:['484721', '484720', '484719', '484718', '484717', '484716', '484715', '484714', '484713']	img count: 8
2023-02-04 16:53:51 [INFO] [SUCCESS]	[ID: 484712]  Title: Nike Travis Scott  	Price:53.68$	Link:https://bit.ly/3HU7IYJ	Aff_link:https://s.click.aliexpress.com/e/_ExcxM21	Saved-> 	Images files:['484712', '484711', '484710', '484709', '484708', '484707', '484706', '484705', '484704', '484703']	img count: 9
2023-02-04 16:54:03 [INFO] [SUCCESS]	[ID: 484693]  Title: Nike coat       	Price:24.90$	Link:https://shp.pub/6ll3sk	Aff_link:https://s.click.aliexpress.com/e/_EGuQYep	Saved-> 	Images files:['484693', '484692', '484691', '484690', '484689', '484688', '484687', '484686', '484685', '484684']	img count: 9
2023-02-04 16:54:12 [INFO] [SUCCESS]	[ID: 484683]  Title: NIKE            	Price:70$	Link:https://bit.ly/3WWfCFQ	Aff_link:https://s.click.aliexpress.com/e/_EuJHRPn	Saved-> 	Images files:['484683', '484682', '484681', '484680', '484679', '484678', '484677', '484676', '484675']	img count: 8
2023-02-04 16:54:21 [INFO] [SUCCESS]	[ID: 484674]  Title: PRADA           	Price:23$	Link:https://bit.ly/3Z0jS8T	Aff_link:https://s.click.aliexpress.com/e/_EIDVyzJ	Saved-> 	Images files:['484674', '484673', '484672', '484671', '484670', '484669', '484668', '484667', '484666', '484665']	img count: 9
2023-02-04 16:54:30 [INFO] [SUCCESS]	[ID: 484664]  Title: NIKE            	Price:65$	Link:https://bit.ly/3vtyxfa	Aff_link:https://s.click.aliexpress.com/e/_EJsWcAh	Saved-> 	Images files:['484664', '484663', '484662', '484661', '484660', '484659', '484658']	img count: 6
2023-02-04 16:54:38 [INFO] [SUCCESS]	[ID: 484657]  Title: NIKE            	Price:60$	Link:https://bit.ly/3Gv9a2Q	Aff_link:https://s.click.aliexpress.com/e/_EuI91bP	Saved-> 	Images files:['484657', '484656', '484655', '484654', '484653', '484652']	img count: 5
2023-02-04 16:54:51 [INFO] [SUCCESS]	[ID: 484651]  Title: JACQUEMUS       	Price:59$	Link:https://bit.ly/3i72zlR	Aff_link:https://s.click.aliexpress.com/e/_EJJdc5B	Saved-> 	Images files:['484651', '484650', '484649', '484648', '484647', '484646', '484645', '484644', '484643', '484642']	img count: 9
2023-02-04 16:55:01 [INFO] [SUCCESS]	[ID: 484641]  Title: LV    Jacket    	Price:76.90$	Link:https://shp.pub/6ll03r	Aff_link:https://s.click.aliexpress.com/e/_EuJMGXb	Saved-> 	Images files:['484641', '484640', '484639', '484638', '484637', '484636']	img count: 5
2023-02-04 16:55:09 [ERROR] [FAILED]	[ID: 484635]  Title: NIKE            	Price:55$	Link:https://bit.ly/3WAhT9C	Aff_link:Failed to convert Ali Express link	Saved-> 	Images files:['484635', '484634', '484633', '484632', '484631', '484630']	img count: 5
2023-02-04 16:55:21 [INFO] [SUCCESS]	[ID: 484629]  Title: GG shoes        	Price:48.50$	Link:https://shp.pub/6ll01f	Aff_link:https://s.click.aliexpress.com/e/_EueijuZ	Saved-> 	Images files:['484629', '484628', '484627', '484626', '484625', '484624', '484623', '484622']	img count: 7
2023-02-04 16:55:33 [ERROR] [FAILED]	[ID: 484621]  Title: NIKE            	Price:55$	Link:https://bit.ly/3WAhT9C	Aff_link:Failed to convert Ali Express link	Saved-> 	Images files:['484621', '484620', '484619', '484618', '484617', '484616', '484615', '484614', '484613', '484612']	img count: 9
2023-02-04 16:55:40 [INFO] [SUCCESS]	[ID: 484611]  Title: NIKE            	Price:65$	Link:https://bit.ly/3vtyxfa	Aff_link:https://s.click.aliexpress.com/e/_EIeEjVb	Saved-> 	Images files:['484611', '484610', '484609', '484608']	img count: 3
2023-02-04 16:55:48 [INFO] [SUCCESS]	[ID: 484607]  Title: NIKE            	Price:65$	Link:https://bit.ly/3vtyxfa	Aff_link:https://s.click.aliexpress.com/e/_ExL5IP3	Saved-> 	Images files:['484607', '484606', '484605', '484604', '484603', '484602', '484601']	img count: 6
2023-02-04 16:55:57 [INFO] [SUCCESS]	[ID: 484600]  Title: NIKE            	Price:35$	Link:https://bit.ly/3Vt5S4E	Aff_link:https://s.click.aliexpress.com/e/_EHAqcXb	Saved-> 	Images files:['484600', '484599', '484598', '484597', '484596', '484595', '484594', '484593', '484592']	img count: 8
2023-02-04 16:56:00 [ERROR] [FAILED]	[ID: 484591]  Title: Catalogs

1) https 	Price:$	Link:https://hypeallie.online/jackzhang/	Aff_link:No Ali Express link detected	Saved-> 	Images files:['484591']	img count: 0
2023-02-04 16:56:09 [INFO] [SUCCESS]	[ID: 484590]  Title: NIKE            	Price:33$	Link:https://bit.ly/3G2mAlz	Aff_link:https://s.click.aliexpress.com/e/_EuwbylJ	Saved-> 	Images files:['484590', '484589', '484588', '484587', '484586', '484585', '484584']	img count: 6
2023-02-04 16:56:17 [INFO] [SUCCESS]	[ID: 484583]  Title: NIKE            	Price:60$	Link:https://bit.ly/3Gv9a2Q	Aff_link:https://s.click.aliexpress.com/e/_EGHbRV7	Saved-> 	Images files:['484583', '484582', '484581', '484580', '484579', '484578', '484577']	img count: 6
2023-02-04 16:56:28 [INFO] [SUCCESS]	[ID: 484576]  Title: NIKE            	Price:70$	Link:https://bit.ly/3WWfCFQ	Aff_link:https://s.click.aliexpress.com/e/_EG608vr	Saved-> 	Images files:['484576', '484575', '484574', '484573', '484572', '484571', '484570', '484569', '484568', '484567']	img count: 9
2023-02-04 16:56:38 [INFO] [SUCCESS]	[ID: 484566]  Title: Louis Vuitton  LV  	Price:73.45$	Link:https://bit.ly/3jfM1sH	Aff_link:https://s.click.aliexpress.com/e/_EQ47GUV	Saved-> 	Images files:['484566', '484565', '484564', '484563', '484562', '484561', '484560', '484559', '484558', '484557']	img count: 9
2023-02-04 16:56:50 [INFO] [SUCCESS]	[ID: 484556]  Title: NIKE            	Price:65$	Link:https://bit.ly/3vtyxfa	Aff_link:https://s.click.aliexpress.com/e/_EJYsy9R	Saved-> 	Images files:['484556', '484555', '484554', '484553', '484552', '484551', '484550', '484549', '484548', '484547']	img count: 9
2023-02-04 16:57:00 [INFO] [SUCCESS]	[ID: 484546]  Title: NIKE            	Price:65$	Link:https://bit.ly/3vtyxfa	Aff_link:https://s.click.aliexpress.com/e/_EHGawIZ	Saved-> 	Images files:['484546', '484545', '484544', '484543', '484542', '484541', '484540', '484539', '484538', '484537']	img count: 9
2023-02-04 16:57:09 [ERROR] [FAILED]	[ID: 484536]  Title: Coach bag High qua 	Price:65.76$	Link:https://bit.ly/3HqquFP	Aff_link:No Ali Express link detected	Saved-> 	Images files:['484536', '484535', '484534', '484533', '484532', '484531', '484530', '484529', '484528', '484527']	img count: 9
2023-02-04 16:57:15 [INFO] [SUCCESS]	[ID: 484526]  Title: NIKE            	Price:70$	Link:https://bit.ly/3WWfCFQ	Aff_link:https://s.click.aliexpress.com/e/_EGu9H0D	Saved-> 	Images files:['484526', '484525', '484524', '484523']	img count: 3
2023-02-04 16:57:24 [ERROR] [FAILED]	[ID: 484522]  Title: Ralph Lauren RL sw 	Price:60.88$	Link:https://bit.ly/3RnWoal	Aff_link:No Ali Express link detected	Saved-> 	Images files:['484522', '484521', '484520', '484519', '484518', '484517', '484516', '484515', '484514', '484513']	img count: 9
2023-02-04 16:57:33 [INFO] [SUCCESS]	[ID: 484512]  Title: Moncler jacket  	Price:83.88$	Link:https://bit.ly/3YfcMwe	Aff_link:https://s.click.aliexpress.com/e/_EJKUQRL	Saved-> 	Images files:['484512', '484511', '484510', '484509', '484508', '484507', '484506', '484505', '484504']	img count: 8
2023-02-04 16:57:40 [INFO] [SUCCESS]	[ID: 484503]  Title: NIKE            	Price:70$	Link:https://bit.ly/3WWfCFQ	Aff_link:https://s.click.aliexpress.com/e/_ExyMdAz	Saved-> 	Images files:['484503', '484502', '484501', '484500', '484499', '484498', '484497']	img count: 6
2023-02-04 16:57:49 [ERROR] [FAILED]	[ID: 484496]  Title: Coach REVEL BAG 	Price:69.54$	Link:https://bit.ly/40j1xV5	Aff_link:No Ali Express link detected	Saved-> 	Images files:['484496', '484495', '484494', '484493', '484492', '484491', '484490', '484489', '484488', '484487']	img count: 9
2023-02-04 16:57:57 [INFO] [SUCCESS]	[ID: 484486]  Title: Nike Air Presto x  	Price:57.60$	Link:https://bit.ly/3Jq70DD	Aff_link:https://s.click.aliexpress.com/e/_EGVrjGv	Saved-> 	Images files:['484486', '484485', '484484', '484483', '484482', '484481', '484480', '484479']	img count: 7
2023-02-04 16:58:05 [ERROR] [FAILED]	[ID: 484478]  Title: NIKE            	Price:55$	Link:https://bit.ly/3WAhT9C	Aff_link:Failed to convert Ali Express link	Saved-> 	Images files:['484478', '484477', '484476', '484475', '484474', '484473', '484472', '484471']	img count: 7
2023-02-04 16:58:13 [INFO] [SUCCESS]	[ID: 484470]  Title: Ralph Lauren Sweat 	Price:41.28$	Link:https://bit.ly/3jl25cN	Aff_link:https://s.click.aliexpress.com/e/_EHMgshr	Saved-> 	Images files:['484470', '484469', '484468', '484467', '484466', '484465', '484464', '484463', '484462']	img count: 8
2023-02-04 16:58:22 [INFO] [SUCCESS]	[ID: 484461]  Title: Chloe sunglasses 	Price:26.40$	Link:https://bit.ly/3Y5nzJk	Aff_link:https://s.click.aliexpress.com/e/_EHjeWHB	Saved-> 	Images files:['484461', '484460', '484459', '484458', '484457', '484456', '484455', '484454']	img count: 7
2023-02-04 16:58:29 [ERROR] [FAILED]	[ID: 484453]  Title: NIKE            	Price:55$	Link:https://bit.ly/3WAhT9C	Aff_link:Failed to convert Ali Express link	Saved-> 	Images files:['484453', '484452', '484451', '484450', '484449', '484448', '484447']	img count: 6
2023-02-04 16:58:38 [ERROR] [FAILED]	[ID: 484446]  Title: NIKE            	Price:55$	Link:https://bit.ly/3WAhT9C	Aff_link:Failed to convert Ali Express link	Saved-> 	Images files:['484446', '484445', '484444', '484443', '484442', '484441', '484440', '484439']	img count: 7
2023-02-04 16:59:03 [INFO] [SUCCESS]	[ID: 484438]  Title: Dyson hair dryer h 	Price:156$	Link:https://bit.ly/3Y0ITzM	Aff_link:https://s.click.aliexpress.com/e/_EzDAn0v	Saved-> 	Images files:['484438', '484437', '484436', '484435', '484434', '484433', '484432', '484431', '484430', '484429']	img count: 9
2023-02-04 16:59:13 [INFO] [SUCCESS]	[ID: 484428]  Title: Adidas Originals H 	Price:54$	Link:https://bit.ly/3Re3GNX	Aff_link:https://s.click.aliexpress.com/e/_EJPzKX3	Saved-> 	Images files:['484428', '484427', '484426', '484425', '484424', '484423', '484422', '484421', '484420', '484419']	img count: 9
2023-02-04 16:59:20 [ERROR] [FAILED]	[ID: 484418]  Title: NIKE            	Price:55$	Link:https://bit.ly/3WAhT9C	Aff_link:Failed to convert Ali Express link	Saved-> 	Images files:['484418', '484417', '484416', '484415', '484414', '484413']	img count: 5
2023-02-04 16:59:27 [ERROR] [FAILED]	[ID: 484412]  Title: NIKE            	Price:55$	Link:https://bit.ly/3WAhT9C	Aff_link:Failed to convert Ali Express link	Saved-> 	Images files:['484412', '484411', '484410', '484409', '484408', '484407']	img count: 5
2023-02-04 16:59:39 [INFO] [SUCCESS]	[ID: 484406]  Title: Louis Vuitton LV Q 	Price:26.38$	Link:https://bit.ly/3HSiZZu	Aff_link:https://s.click.aliexpress.com/e/_ExTPcah	Saved-> 	Images files:['484406', '484405', '484404', '484403', '484402', '484401', '484400', '484399', '484398', '484397']	img count: 9
2023-02-04 16:59:49 [INFO] [SUCCESS]	[ID: 484396]  Title: RADO watch good qu 	Price:56.28$	Link:https://bit.ly/3YbR7Fb	Aff_link:https://s.click.aliexpress.com/e/_EwJaSXx	Saved-> 	Images files:['484396', '484395', '484394', '484393', '484392', '484391', '484390', '484389', '484388', '484387']	img count: 9
2023-02-04 16:59:58 [ERROR] [FAILED]	[ID: 484386]  Title: NIKE            	Price:55$	Link:https://bit.ly/3WAhT9C	Aff_link:Failed to convert Ali Express link	Saved-> 	Images files:['484386', '484385', '484384', '484383', '484382', '484381', '484380', '484379', '484378', '484377']	img count: 9
2023-02-04 17:00:04 [ERROR] [FAILED]	[ID: 484376]  Title: NIKE            	Price:55$	Link:https://bit.ly/3WAhT9C	Aff_link:Failed to convert Ali Express link	Saved-> 	Images files:['484376', '484375', '484374', '484373', '484372', '484371']	img count: 5
2023-02-04 17:00:15 [INFO] [SUCCESS]	[ID: 484370]  Title: RADO watch good qu 	Price:56.28$	Link:https://bit.ly/3YbR7Fb	Aff_link:https://s.click.aliexpress.com/e/_EzYxs8V	Saved-> 	Images files:['484370', '484369', '484368', '484367', '484366', '484365', '484364', '484363', '484362', '484361']	img count: 9
2023-02-04 17:00:23 [INFO] [SUCCESS]	[ID: 484360]  Title: NIKE            	Price:65$	Link:https://bit.ly/3vtyxfa	Aff_link:https://s.click.aliexpress.com/e/_EGfvC1n	Saved-> 	Images files:['484360', '484359', '484358', '484357', '484356', '484355', '484354', '484353']	img count: 7
2023-02-04 17:00:31 [INFO] [SUCCESS]	[ID: 484352]  Title: NIKE            	Price:60$	Link:https://bit.ly/3Gv9a2Q	Aff_link:https://s.click.aliexpress.com/e/_EuRzwzR	Saved-> 	Images files:['484352', '484351', '484350', '484349', '484348', '484347', '484346', '484345']	img count: 7
2023-02-04 17:00:38 [ERROR] [FAILED]	[ID: 484344]  Title: Follow our Look Ch 	Price:$	Link:https://bestallie.x.yupoo.com/	Aff_link:No Ali Express link detected	Saved-> 	Images files:['484344']	img count: 0
2023-02-04 17:00:47 [INFO] [SUCCESS]	[ID: 484343]  Title: NIKE            	Price:60$	Link:https://bit.ly/3Gv9a2Q	Aff_link:https://s.click.aliexpress.com/e/_EjzwZop	Saved-> 	Images files:['484343', '484342', '484341', '484340', '484339', '484338', '484337', '484336']	img count: 7
2023-02-04 17:00:55 [INFO] [SUCCESS]	[ID: 484335]  Title: NIKE            	Price:60$	Link:https://bit.ly/3Gv9a2Q	Aff_link:https://s.click.aliexpress.com/e/_EJSr1gD	Saved-> 	Images files:['484335', '484334', '484333', '484332', '484331', '484330', '484329', '484328', '484327']	img count: 8
2023-02-04 17:01:03 [INFO] [SUCCESS]	[ID: 484326]  Title: Carhatt backpack 	Price:37.61$	Link:https://bit.ly/3YmBB9z	Aff_link:https://s.click.aliexpress.com/e/_EJJ2chB	Saved-> 	Images files:['484326', '484325', '484324', '484323', '484322', '484321']	img count: 5
2023-02-04 17:01:08 [ERROR] [FAILED]	[ID: 484320]  Title: Follow secrect bra 	Price:$	Link:https://t.me/joinchat/FVE33KPWkWBlMDIy	Aff_link:No Ali Express link detected	Saved-> 	Images files:['484320']	img count: 0
2023-02-04 17:01:16 [ERROR] [FAILED]	[ID: 484319]  Title: NIKE            	Price:55$	Link:https://bit.ly/3WAhT9C	Aff_link:Failed to convert Ali Express link	Saved-> 	Images files:['484319', '484318', '484317', '484316', '484315', '484314', '484313']	img count: 6
2023-02-04 17:01:26 [INFO] [SUCCESS]	[ID: 484312]  Title: Nike Air max Tn sh 	Price:57.60$	Link:https://bit.ly/3JpsmB2	Aff_link:https://s.click.aliexpress.com/e/_EjuVFA9	Saved-> 	Images files:['484312', '484311', '484310', '484309', '484308', '484307', '484306', '484305', '484304']	img count: 8
2023-02-04 17:01:35 [ERROR] [FAILED]	[ID: 484303]  Title: NIKE            	Price:55$	Link:https://bit.ly/3WAhT9C	Aff_link:Failed to convert Ali Express link	Saved-> 	Images files:['484303', '484302', '484301', '484300', '484299', '484298', '484297', '484296', '484295', '484294']	img count: 9
2023-02-04 17:01:47 [INFO] [SUCCESS]	[ID: 484293]  Title: Stussy bag      	Price:30.63$	Link:https://bit.ly/3XZSCq6	Aff_link:https://s.click.aliexpress.com/e/_ExxLTUt	Saved-> 	Images files:['484293', '484292', '484291', '484290', '484289', '484288', '484287']	img count: 6
2023-02-04 17:01:59 [INFO] [SUCCESS]	[ID: 484286]  Title: Nike Air max Tn sh 	Price:57.60$	Link:https://bit.ly/3JpsmB2	Aff_link:https://s.click.aliexpress.com/e/_ExtilFr	Saved-> 	Images files:['484286', '484285', '484284', '484283', '484282', '484281', '484280', '484279', '484278', '484277']	img count: 9
2023-02-04 17:02:10 [INFO] [SUCCESS]	[ID: 484276]  Title: NIKE            	Price:9.9$	Link:https://bit.ly/3I7OQ9a	Aff_link:https://s.click.aliexpress.com/e/_ExSWSQh	Saved-> 	Images files:['484276', '484275', '484274', '484273', '484272', '484271', '484270', '484269']	img count: 7
2023-02-04 17:02:21 [INFO] [SUCCESS]	[ID: 484268]  Title: NBA jersey      	Price:27.27$	Link:https://shp.pub/6lfazj	Aff_link:https://s.click.aliexpress.com/e/_Ew7f0rF	Saved-> 	Images files:['484268', '484267', '484266', '484265', '484264', '484263', '484262', '484261', '484260', '484259']	img count: 9
2023-02-04 17:02:32 [INFO] [SUCCESS]	[ID: 484258]  Title: Casio G         	Price:31.36$	Link:https://bit.ly/3HrHF9J	Aff_link:https://s.click.aliexpress.com/e/_EG1gWet	Saved-> 	Images files:['484258', '484257', '484256', '484255', '484254', '484253', '484252', '484251', '484250', '484249']	img count: 9
2023-02-04 17:02:42 [INFO] [SUCCESS]	[ID: 484248]  Title: Nike Air max Tn sh 	Price:57.60$	Link:https://bit.ly/3JpsmB2	Aff_link:https://s.click.aliexpress.com/e/_EHDWxTn	Saved-> 	Images files:['484248', '484247', '484246', '484245', '484244', '484243', '484242', '484241', '484240', '484239']	img count: 9
2023-02-04 17:02:50 [ERROR] [FAILED]	[ID: 484238]  Title: NIKE            	Price:55$	Link:https://bit.ly/3WAhT9C	Aff_link:Failed to convert Ali Express link	Saved-> 	Images files:['484238', '484237', '484236', '484235', '484234', '484233', '484232']	img count: 6
2023-02-04 17:02:59 [INFO] [SUCCESS]	[ID: 484231]  Title: CHANEL braclet Wri 	Price:30.96$	Link:https://bit.ly/3WPCgPo	Aff_link:https://s.click.aliexpress.com/e/_Ev3kyav	Saved-> 	Images files:['484231', '484230', '484229', '484228', '484227', '484226', '484225', '484224', '484223', '484222']	img count: 9
2023-02-04 17:03:06 [INFO] [SUCCESS]	[ID: 484221]  Title: NIKE            	Price:60$	Link:https://bit.ly/3Gv9a2Q	Aff_link:https://s.click.aliexpress.com/e/_ExULidn	Saved-> 	Images files:['484221', '484220', '484219', '484218']	img count: 3
2023-02-04 17:03:14 [INFO] [SUCCESS]	[ID: 484217]  Title: NIKE            	Price:49$	Link:https://bit.ly/3Q1OzGG	Aff_link:https://s.click.aliexpress.com/e/_EQoPp17	Saved-> 	Images files:['484217', '484216', '484215', '484214', '484213', '484212', '484211']	img count: 6
2023-02-04 17:03:28 [INFO] [SUCCESS]	[ID: 484210]  Title: LV braclet Wristba 	Price:27.48$	Link:https://bit.ly/3WSBDom	Aff_link:https://s.click.aliexpress.com/e/_Ezxyu0z	Saved-> 	Images files:['484210', '484209', '484208', '484207', '484206', '484205', '484204', '484203', '484202', '484201']	img count: 9
2023-02-04 17:03:36 [INFO] [SUCCESS]	[ID: 484200]  Title: NIKE            	Price:70$	Link:https://bit.ly/3WWfCFQ	Aff_link:https://s.click.aliexpress.com/e/_EuWG4G9	Saved-> 	Images files:['484200', '484199', '484198', '484197', '484196', '484195', '484194', '484193', '484192', '484191']	img count: 9
2023-02-04 17:03:48 [INFO] [SUCCESS]	[ID: 484190]  Title: Burberry BBR bag 	Price:84.48$	Link:https://bit.ly/3XVDrOF	Aff_link:https://s.click.aliexpress.com/e/_EGwf9JB	Saved-> 	Images files:['484190', '484189', '484188', '484187', '484186', '484185', '484184', '484183', '484182', '484181']	img count: 9
2023-02-04 17:03:55 [INFO] [SUCCESS]	[ID: 484180]  Title: NIKE            	Price:65$	Link:https://bit.ly/3vtyxfa	Aff_link:https://s.click.aliexpress.com/e/_EzkkV6l	Saved-> 	Images files:['484180', '484179', '484178', '484177', '484176', '484175']	img count: 5
2023-02-04 17:04:03 [INFO] [SUCCESS]	[ID: 484174]  Title: NIKE            	Price:65$	Link:https://bit.ly/3vtyxfa	Aff_link:https://s.click.aliexpress.com/e/_EGzHuSh	Saved-> 	Images files:['484174', '484173', '484172', '484171', '484170', '484169', '484168']	img count: 6
2023-02-04 17:04:10 [ERROR] [FAILED]	[ID: 484167]  Title: NIKE            	Price:55$	Link:https://bit.ly/3WAhT9C	Aff_link:Failed to convert Ali Express link	Saved-> 	Images files:['484167', '484166', '484165', '484164', '484163']	img count: 4
2023-02-04 17:04:20 [INFO] [SUCCESS]	[ID: 484162]  Title: NIKE            	Price:70$	Link:https://bit.ly/3WWfCFQ	Aff_link:https://s.click.aliexpress.com/e/_EvUQ1lj	Saved-> 	Images files:['484162', '484161', '484160', '484159', '484158', '484157', '484156', '484155', '484154', '484153']	img count: 9
2023-02-04 17:04:29 [INFO] [SUCCESS]	[ID: 484152]  Title: NIKE            	Price:70$	Link:https://bit.ly/3WWfCFQ	Aff_link:https://s.click.aliexpress.com/e/_EzWu63j	Saved-> 	Images files:['484152', '484151', '484150', '484149', '484148', '484147', '484146', '484145', '484144', '484143']	img count: 9
2023-02-04 17:04:41 [INFO] [SUCCESS]	[ID: 484142]  Title: Palm            	Price:38.60$	Link:https://shp.pub/6ljqtc	Aff_link:https://s.click.aliexpress.com/e/_EvbXxsv	Saved-> 	Images files:['484142', '484141', '484140', '484139', '484138', '484137', '484136', '484135']	img count: 7
2023-02-04 17:04:50 [INFO] [SUCCESS]	[ID: 484134]  Title: NIKE            	Price:75$	Link:https://bit.ly/3Q1O4fG	Aff_link:https://s.click.aliexpress.com/e/_EzNavcv	Saved-> 	Images files:['484134', '484133', '484132', '484131', '484130', '484129', '484128', '484127', '484126', '484125']	img count: 9
2023-02-04 17:05:00 [INFO] [SUCCESS]	[ID: 484124]  Title: NIKE            	Price:70$	Link:https://bit.ly/3WWfCFQ	Aff_link:https://s.click.aliexpress.com/e/_EyHCrNb	Saved-> 	Images files:['484124', '484123', '484122', '484121', '484120', '484119', '484118', '484117', '484116', '484115']	img count: 9
2023-02-04 17:05:19 [INFO] [SUCCESS]	[ID: 484114]  Title: Air Jordan 4    	Price:51.00$	Link:https://shp.pub/6ljnij	Aff_link:https://s.click.aliexpress.com/e/_Ey4wsEt	Saved-> 	Images files:['484114', '484113', '484112', '484111', '484110', '484109', '484108', '484107', '484106', '484105']	img count: 9
2023-02-04 17:05:32 [INFO] [SUCCESS]	[ID: 484104]  Title: NIKE            	Price:65$	Link:https://bit.ly/3vtyxfa	Aff_link:https://s.click.aliexpress.com/e/_EJ0jP29	Saved-> 	Images files:['484104', '484103', '484102', '484101', '484100', '484099', '484098', '484097', '484096', '484095']	img count: 9
2023-02-04 17:05:42 [ERROR] [FAILED]	[ID: 484094]  Title: NIKE            	Price:55$	Link:https://bit.ly/3WAhT9C	Aff_link:Failed to convert Ali Express link	Saved-> 	Images files:['484094', '484093', '484092', '484091', '484090', '484089', '484088', '484087']	img count: 7
2023-02-04 17:05:48 [ERROR] [FAILED]	[ID: 484086]  Title: NIKE            	Price:55$	Link:https://bit.ly/3WAhT9C	Aff_link:Failed to convert Ali Express link	Saved-> 	Images files:['484086', '484085']	img count: 1
2023-02-04 17:05:57 [ERROR] [FAILED]	[ID: 484084]  Title: NIKE            	Price:55$	Link:https://bit.ly/3WAhT9C	Aff_link:Failed to convert Ali Express link	Saved-> 	Images files:['484084', '484083', '484082', '484081', '484080', '484079', '484078', '484077', '484076', '484075']	img count: 9
2023-02-04 17:06:06 [ERROR] [FAILED]	[ID: 484074]  Title: NIKE            	Price:55$	Link:https://bit.ly/3WAhT9C	Aff_link:Failed to convert Ali Express link	Saved-> 	Images files:['484074', '484073', '484072', '484071', '484070', '484069', '484068', '484067', '484066', '484065']	img count: 9
2023-02-04 17:06:17 [ERROR] [FAILED]	[ID: 484064]  Title: NIKE            	Price:55$	Link:https://bit.ly/3WAhT9C	Aff_link:Failed to convert Ali Express link	Saved-> 	Images files:['484064', '484063', '484062', '484061', '484060', '484059', '484058', '484057']	img count: 7
2023-02-04 17:06:28 [ERROR] [FAILED]	[ID: 484056]  Title: NIKE            	Price:55$	Link:https://bit.ly/3WAhT9C	Aff_link:Failed to convert Ali Express link	Saved-> 	Images files:['484056', '484055', '484054', '484053', '484052', '484051', '484050', '484049']	img count: 7
2023-02-04 17:06:37 [ERROR] [FAILED]	[ID: 484048]  Title: NIKE            	Price:55$	Link:https://bit.ly/3WAhT9C	Aff_link:Failed to convert Ali Express link	Saved-> 	Images files:['484048', '484047', '484046', '484045', '484044', '484043', '484042', '484041', '484040', '484039']	img count: 9
2023-02-04 17:06:41 [ERROR] [FAILED]	[ID: 484038]  Title: Catalogs

1) https 	Price:$	Link:https://hypeallie.online/jackzhang/	Aff_link:No Ali Express link detected	Saved-> 	Images files:['484038']	img count: 0
2023-02-04 17:06:52 [INFO] [SUCCESS]	[ID: 484037]  Title: NIKE            	Price:60$	Link:https://bit.ly/3Gv9a2Q	Aff_link:https://s.click.aliexpress.com/e/_EJmfD17	Saved-> 	Images files:['484037', '484036', '484035', '484034', '484033', '484032', '484031', '484030', '484029']	img count: 8
2023-02-04 17:07:03 [INFO] [SUCCESS]	[ID: 484028]  Title: NIKE            	Price:50$	Link:https://bit.ly/3Z2osDy	Aff_link:https://s.click.aliexpress.com/e/_EwT8ZuZ	Saved-> 	Images files:['484028', '484027', '484026', '484025', '484024', '484023', '484022', '484021', '484020']	img count: 8
2023-02-04 17:07:12 [INFO] [SUCCESS]	[ID: 484019]  Title: NIKE            	Price:50$	Link:https://bit.ly/3Z2osDy	Aff_link:https://s.click.aliexpress.com/e/_EICIZK5	Saved-> 	Images files:['484019', '484018', '484017', '484016', '484015', '484014']	img count: 5
2023-02-04 17:07:21 [INFO] [SUCCESS]	[ID: 484013]  Title: Cartier Quartz wat 	Price:76.78$	Link:https://bit.ly/3DlWj1d	Aff_link:https://s.click.aliexpress.com/e/_EuBLLnf	Saved-> 	Images files:['484013', '484012', '484011', '484010', '484009', '484008', '484007', '484006', '484005']	img count: 8
2023-02-04 17:07:32 [INFO] [SUCCESS]	[ID: 484004]  Title: NIKE            	Price:50$	Link:https://bit.ly/3Z2osDy	Aff_link:https://s.click.aliexpress.com/e/_Ezv1stP	Saved-> 	Images files:['484004', '484003', '484002', '484001', '484000', '483999', '483998', '483997', '483996', '483995']	img count: 9
2023-02-04 17:07:41 [INFO] [SUCCESS]	[ID: 483994]  Title: NIKE            	Price:59$	Link:https://bit.ly/3i72zlR	Aff_link:https://s.click.aliexpress.com/e/_EJM246D	Saved-> 	Images files:['483994', '483993', '483992', '483991', '483990', '483989', '483988', '483987', '483986']	img count: 8
2023-02-04 17:07:48 [INFO] [SUCCESS]	[ID: 483985]  Title: Calvin Klein cK kn 	Price:20.34$	Link:https://bit.ly/3HmV6ro	Aff_link:https://s.click.aliexpress.com/e/_EGLOiT3	Saved-> 	Images files:['483985', '483984', '483983', '483982']	img count: 3
2023-02-04 17:07:57 [ERROR] [FAILED]	[ID: 483981]  Title: NIKE            	Price:55$	Link:https://bit.ly/3WAhT9C	Aff_link:Failed to convert Ali Express link	Saved-> 	Images files:['483981', '483980', '483979', '483978', '483977', '483976', '483975', '483974']	img count: 7
2023-02-04 17:08:06 [INFO] [SUCCESS]	[ID: 483973]  Title: ROLEX Quartz Watch 	Price:50.28$	Link:https://bit.ly/3j9jKnG	Aff_link:https://s.click.aliexpress.com/e/_EHQxhmz	Saved-> 	Images files:['483973', '483972', '483971', '483970', '483969', '483968', '483967', '483966', '483965']	img count: 8
2023-02-04 17:08:18 [INFO] [SUCCESS]	[ID: 483964]  Title: ROLEX mechanical w 	Price:69.58$	Link:https://bit.ly/3DoyKEM	Aff_link:https://s.click.aliexpress.com/e/_EIrpyL3	Saved-> 	Images files:['483964', '483963', '483962', '483961', '483960', '483959', '483958', '483957', '483956', '483955']	img count: 9
2023-02-04 17:08:30 [INFO] [SUCCESS]	[ID: 483954]  Title: NIKE            	Price:80$	Link:https://bit.ly/3WX9M75	Aff_link:https://s.click.aliexpress.com/e/_EwCg7vj	Saved-> 	Images files:['483954', '483953', '483952', '483951', '483950', '483949', '483948', '483947', '483946', '483945']	img count: 9
2023-02-04 17:08:40 [INFO] [SUCCESS]	[ID: 483944]  Title: Nike Ldwaffle Saca 	Price:57.60$	Link:https://bit.ly/3Dp3q95	Aff_link:https://s.click.aliexpress.com/e/_EHEL33X	Saved-> 	Images files:['483944', '483943', '483942', '483941', '483940', '483939', '483938', '483937', '483936', '483935']	img count: 9
2023-02-04 17:08:50 [INFO] [SUCCESS]	[ID: 483934]  Title: NIKE            	Price:50$	Link:https://bit.ly/3Z2osDy	Aff_link:https://s.click.aliexpress.com/e/_EHYtZjR	Saved-> 	Images files:['483934', '483933', '483932', '483931', '483930', '483929', '483928', '483927', '483926']	img count: 8
2023-02-04 17:08:58 [ERROR] [FAILED]	[ID: 483925]  Title: NIKE            	Price:55$	Link:https://bit.ly/3WAhT9C	Aff_link:Failed to convert Ali Express link	Saved-> 	Images files:['483925', '483924', '483923', '483922', '483921']	img count: 4
2023-02-04 17:09:07 [INFO] [SUCCESS]	[ID: 483920]  Title: CHANEL braclet Wri 	Price:30.96$	Link:https://bit.ly/3kNanKF	Aff_link:https://s.click.aliexpress.com/e/_EJUNW2D	Saved-> 	Images files:['483920', '483919', '483918', '483917', '483916', '483915', '483914', '483913', '483912']	img count: 8
2023-02-04 17:09:19 [INFO] [SUCCESS]	[ID: 483911]  Title: NIKE            	Price:85$	Link:https://bit.ly/3G6VWZ3	Aff_link:https://s.click.aliexpress.com/e/_EJnP3Db	Saved-> 	Images files:['483911', '483910', '483909', '483908', '483907', '483906', '483905', '483904', '483903', '483902']	img count: 9
2023-02-04 17:09:27 [INFO] [SUCCESS]	[ID: 483901]  Title: THE NORTH FACE  	Price:33$	Link:https://bit.ly/3G2mAlz	Aff_link:https://s.click.aliexpress.com/e/_EvA6dFB	Saved-> 	Images files:['483901', '483900', '483899', '483898', '483897', '483896', '483895']	img count: 6
2023-02-04 17:09:37 [ERROR] [FAILED]	[ID: 483894]  Title: NIKE            	Price:55$	Link:https://bit.ly/3WAhT9C	Aff_link:Failed to convert Ali Express link	Saved-> 	Images files:['483894', '483893', '483892', '483891', '483890', '483889']	img count: 5
2023-02-04 17:09:44 [INFO] [SUCCESS]	[ID: 483888]  Title: NIKE            	Price:60$	Link:https://bit.ly/3Gv9a2Q	Aff_link:https://s.click.aliexpress.com/e/_EGiUPC1	Saved-> 	Images files:['483888', '483887', '483886', '483885', '483884']	img count: 4
2023-02-04 17:09:53 [INFO] [SUCCESS]	[ID: 483883]  Title: NIKE            	Price:55$	Link:https://bit.ly/3WvKmgS	Aff_link:https://s.click.aliexpress.com/e/_EyyIKzf	Saved-> 	Images files:['483883', '483882', '483881', '483880', '483879']	img count: 4
2023-02-04 17:10:00 [ERROR] [FAILED]	[ID: 483878]  Title: NIKE            	Price:55$	Link:https://bit.ly/3WAhT9C	Aff_link:Failed to convert Ali Express link	Saved-> 	Images files:['483878', '483877', '483876', '483875', '483874', '483873', '483872', '483871']	img count: 7
2023-02-04 17:10:09 [INFO] [SUCCESS]	[ID: 483870]  Title: NIKE            	Price:50$	Link:https://bit.ly/3Z2osDy	Aff_link:https://s.click.aliexpress.com/e/_EHI5Vjf	Saved-> 	Images files:['483870', '483869', '483868', '483867', '483866', '483865', '483864', '483863', '483862']	img count: 8
2023-02-04 17:10:16 [ERROR] [FAILED]	[ID: 483861]  Title: NIKE            	Price:55$	Link:https://bit.ly/3WAhT9C	Aff_link:Failed to convert Ali Express link	Saved-> 	Images files:['483861', '483860', '483859', '483858', '483857']	img count: 4
2023-02-04 17:10:29 [INFO] [SUCCESS]	[ID: 483856]  Title: NIKE            	Price:65$	Link:https://bit.ly/3vtyxfa	Aff_link:https://s.click.aliexpress.com/e/_EzLK6MN	Saved-> 	Images files:['483856', '483855', '483854', '483853', '483852', '483851', '483850', '483849', '483848', '483847']	img count: 9
2023-02-04 17:10:39 [INFO] [SUCCESS]	[ID: 483846]  Title: NIKE            	Price:65$	Link:https://bit.ly/3vtyxfa	Aff_link:https://s.click.aliexpress.com/e/_Ext5oFb	Saved-> 	Images files:['483846', '483845', '483844', '483843', '483842', '483841', '483840', '483839', '483838', '483837']	img count: 9
2023-02-04 17:10:46 [INFO] [SUCCESS]	[ID: 483836]  Title: NIKE            	Price:65$	Link:https://bit.ly/3vtyxfa	Aff_link:https://s.click.aliexpress.com/e/_EwdhWYd	Saved-> 	Images files:['483836', '483835', '483834', '483833', '483832', '483831', '483830']	img count: 6
2023-02-04 17:10:51 [ERROR] [FAILED]	[ID: 483829]  Title: Follow our Look Ch 	Price:$	Link:https://bestallie.x.yupoo.com/	Aff_link:No Ali Express link detected	Saved-> 	Images files:['483829']	img count: 0
2023-02-04 17:11:01 [INFO] [SUCCESS]	[ID: 483828]  Title: NIKE            	Price:65$	Link:https://bit.ly/3vtyxfa	Aff_link:https://s.click.aliexpress.com/e/_EGzkhCp	Saved-> 	Images files:['483828', '483827', '483826', '483825', '483824', '483823', '483822', '483821', '483820', '483819']	img count: 9
2023-02-04 17:11:10 [INFO] [SUCCESS]	[ID: 483818]  Title: NIKE            	Price:65$	Link:https://bit.ly/3vtyxfa	Aff_link:https://s.click.aliexpress.com/e/_EyBppWl	Saved-> 	Images files:['483818', '483817', '483816', '483815', '483814', '483813', '483812', '483811', '483810', '483809']	img count: 9
2023-02-04 17:11:13 [ERROR] [FAILED]	[ID: 483808]  Title: Follow secrect bra 	Price:$	Link:https://t.me/joinchat/FVE33KPWkWBlMDIy	Aff_link:No Ali Express link detected	Saved-> 	Images files:['483808']	img count: 0
2023-02-04 17:11:24 [INFO] [SUCCESS]	[ID: 483807]  Title: NIKE            	Price:70$	Link:https://bit.ly/3WWfCFQ	Aff_link:https://s.click.aliexpress.com/e/_ExKpQlP	Saved-> 	Images files:['483807', '483806', '483805', '483804', '483803', '483802', '483801', '483800', '483799']	img count: 8
2023-02-04 17:11:35 [INFO] [SUCCESS]	[ID: 483798]  Title: NIKE            	Price:70$	Link:https://bit.ly/3WWfCFQ	Aff_link:https://s.click.aliexpress.com/e/_Ey98dOl	Saved-> 	Images files:['483798', '483797', '483796', '483795', '483794', '483793', '483792', '483791', '483790']	img count: 8
2023-02-04 17:11:44 [ERROR] [FAILED]	[ID: 483789]  Title: PC Components stor 	Price:$	Link:https://bit.ly/3Dq1WeV	Aff_link:No Ali Express link detected	Saved-> 	Images files:['483789', '483788', '483787', '483786', '483785', '483784']	img count: 5
2023-02-04 17:11:49 [ERROR] [FAILED]	[ID: 483783]  Title: NIKE            	Price:55$	Link:https://bit.ly/3WAhT9C	Aff_link:Failed to convert Ali Express link	Saved-> 	Images files:['483783', '483782']	img count: 1
2023-02-04 17:11:58 [ERROR] [FAILED]	[ID: 483781]  Title: NIKE            	Price:55$	Link:https://bit.ly/3WAhT9C	Aff_link:Failed to convert Ali Express link	Saved-> 	Images files:['483781', '483780', '483779', '483778', '483777', '483776', '483775', '483774', '483773', '483772']	img count: 9
2023-02-04 17:12:03 [ERROR] [FAILED]	[ID: 483771]  Title: NIKE            	Price:55$	Link:https://bit.ly/3WAhT9C	Aff_link:Failed to convert Ali Express link	Saved-> 	Images files:['483771', '483770']	img count: 1
2023-02-04 17:12:13 [ERROR] [FAILED]	[ID: 483769]  Title: NIKE            	Price:55$	Link:https://bit.ly/3WAhT9C	Aff_link:Failed to convert Ali Express link	Saved-> 	Images files:['483769', '483768', '483767', '483766', '483765', '483764', '483763', '483762', '483761', '483760']	img count: 9
2023-02-04 17:12:21 [ERROR] [FAILED]	[ID: 483759]  Title: NIKE            	Price:55$	Link:https://bit.ly/3WAhT9C	Aff_link:Failed to convert Ali Express link	Saved-> 	Images files:['483759', '483758', '483757', '483756', '483755', '483754', '483753', '483752', '483751', '483750']	img count: 9
2023-02-04 17:12:32 [INFO] [SUCCESS]	[ID: 483749]  Title: Nba shorts      	Price:28.90$	Link:https://shp.pub/6lhsl6	Aff_link:https://s.click.aliexpress.com/e/_Evsq3z7	Saved-> 	Images files:['483749', '483748', '483747', '483746', '483745', '483744', '483743', '483742']	img count: 7
2023-02-04 17:12:42 [ERROR] [FAILED]	[ID: 483741]  Title: NIKE            	Price:55$	Link:https://bit.ly/3WAhT9C	Aff_link:Failed to convert Ali Express link	Saved-> 	Images files:['483741', '483740', '483739', '483738', '483737', '483736', '483735', '483734', '483733', '483732']	img count: 9
2023-02-04 17:12:51 [INFO] [SUCCESS]	[ID: 483731]  Title: NIKE            	Price:65$	Link:https://bit.ly/3vtyxfa	Aff_link:https://s.click.aliexpress.com/e/_Ez4bAUH	Saved-> 	Images files:['483731', '483730', '483729', '483728', '483727', '483726', '483725', '483724', '483723']	img count: 8
2023-02-04 17:13:05 [INFO] [SUCCESS]	[ID: 483722]  Title: NBA jersey      	Price:28.90$	Link:https://shp.pub/6lhsjm	Aff_link:https://s.click.aliexpress.com/e/_EQq5KyV	Saved-> 	Images files:['483722', '483721', '483720', '483719', '483718', '483717', '483716', '483715']	img count: 7
2023-02-04 17:13:14 [INFO] [SUCCESS]	[ID: 483714]  Title: NIKE            	Price:60$	Link:https://bit.ly/3Gv9a2Q	Aff_link:https://s.click.aliexpress.com/e/_EGXO4rj	Saved-> 	Images files:['483714', '483713', '483712', '483711', '483710', '483709', '483708', '483707', '483706']	img count: 8
2023-02-04 17:13:23 [INFO] [SUCCESS]	[ID: 483705]  Title: NIKE            	Price:65$	Link:https://bit.ly/3vtyxfa	Aff_link:https://s.click.aliexpress.com/e/_ExQn4Nf	Saved-> 	Images files:['483705', '483704', '483703', '483702', '483701', '483700', '483699', '483698', '483697']	img count: 8
2023-02-04 17:13:35 [INFO] [SUCCESS]	[ID: 483696]  Title: NBA jersey      	Price:28.90$	Link:https://bit.ly/3HkJqWp	Aff_link:https://s.click.aliexpress.com/e/_EHUfyHP	Saved-> 	Images files:['483696', '483695', '483694', '483693', '483692', '483691', '483690', '483689']	img count: 7
2023-02-04 17:13:41 [INFO] [SUCCESS]	[ID: 483688]  Title: NIKE            	Price:22$	Link:https://bit.ly/3VyvBJ4	Aff_link:https://s.click.aliexpress.com/e/_EvAJCO1	Saved-> 	Images files:['483688', '483687', '483686', '483685']	img count: 3
2023-02-04 17:13:49 [ERROR] [FAILED]	[ID: 483684]  Title: NIKE            	Price:55$	Link:https://bit.ly/3WAhT9C	Aff_link:Failed to convert Ali Express link	Saved-> 	Images files:['483684', '483683', '483682', '483681', '483680']	img count: 4
2023-02-04 17:14:04 [INFO] [SUCCESS]	[ID: 483679]  Title: Moncler         	Price:24.20$	Link:https://shp.pub/6lhsde	Aff_link:https://s.click.aliexpress.com/e/_Ex2e2UV	Saved-> 	Images files:['483679', '483678', '483677', '483676', '483675', '483674', '483673', '483672', '483671', '483670']	img count: 9
2023-02-04 17:14:12 [INFO] [SUCCESS]	[ID: 483669]  Title: NIKE            	Price:79$	Link:https://bit.ly/3CcLUEj	Aff_link:https://s.click.aliexpress.com/e/_EJqVv2H	Saved-> 	Images files:['483669', '483668', '483667', '483666', '483665', '483664', '483663']	img count: 6
2023-02-04 17:14:23 [INFO] [SUCCESS]	[ID: 483662]  Title: NIKE            	Price:80$	Link:https://bit.ly/3WX9M75	Aff_link:https://s.click.aliexpress.com/e/_EI4bI5J	Saved-> 	Images files:['483662', '483661', '483660', '483659', '483658', '483657', '483656', '483655', '483654', '483653']	img count: 9
2023-02-04 17:14:39 [INFO] [SUCCESS]	[ID: 483652]  Title: Moncler         	Price:24.20$	Link:https://shp.pub/6lhsct	Aff_link:https://s.click.aliexpress.com/e/_EIxRv0v	Saved-> 	Images files:['483652', '483651', '483650', '483649', '483648', '483647', '483646', '483645', '483644', '483643']	img count: 9
2023-02-04 17:14:48 [INFO] [SUCCESS]	[ID: 483642]  Title: NIKE            	Price:79$	Link:https://bit.ly/3CcLUEj	Aff_link:https://s.click.aliexpress.com/e/_EIZnFwz	Saved-> 	Images files:['483642', '483641', '483640', '483639', '483638', '483637', '483636', '483635']	img count: 7
2023-02-04 17:14:55 [INFO] [SUCCESS]	[ID: 483634]  Title: NIKE            	Price:62$	Link:https://bit.ly/3C8UXq4	Aff_link:https://s.click.aliexpress.com/e/_EvgXftb	Saved-> 	Images files:['483634', '483633', '483632', '483631', '483630']	img count: 4
2023-02-04 17:15:08 [INFO] [SUCCESS]	[ID: 483629]  Title: LV bag          	Price:28.99$	Link:https://shp.pub/6lhsb9	Aff_link:https://s.click.aliexpress.com/e/_EzrPpDF	Saved-> 	Images files:['483629', '483628', '483627', '483626', '483625', '483624', '483623', '483622', '483621']	img count: 8
2023-02-04 17:15:15 [ERROR] [FAILED]	[ID: 483620]  Title: NIKE            	Price:55$	Link:https://bit.ly/3WAhT9C	Aff_link:Failed to convert Ali Express link	Saved-> 	Images files:['483620', '483619', '483618', '483617', '483616']	img count: 4
2023-02-04 17:15:23 [INFO] [SUCCESS]	[ID: 483615]  Title: NIKE            	Price:59$	Link:https://bit.ly/3i72zlR	Aff_link:https://s.click.aliexpress.com/e/_EziKjBB	Saved-> 	Images files:['483615', '483614', '483613', '483612', '483611', '483610']	img count: 5
2023-02-04 17:15:38 [INFO] [SUCCESS]	[ID: 483609]  Title: NB              	Price:43.99$	Link:https://bit.ly/3wLyEDG	Aff_link:https://s.click.aliexpress.com/e/_EjGOxgh	Saved-> 	Images files:['483609', '483608', '483607', '483606', '483605', '483604', '483603', '483602', '483601', '483600']	img count: 9
2023-02-04 17:15:46 [ERROR] [FAILED]	[ID: 483599]  Title: NIKE            	Price:55$	Link:https://bit.ly/3WAhT9C	Aff_link:Failed to convert Ali Express link	Saved-> 	Images files:['483599', '483598', '483597', '483596', '483595', '483594', '483593']	img count: 6
2023-02-04 17:15:54 [INFO] [SUCCESS]	[ID: 483592]  Title: NIKE            	Price:59$	Link:https://bit.ly/3i72zlR	Aff_link:https://s.click.aliexpress.com/e/_EJYJmYN	Saved-> 	Images files:['483592', '483591', '483590', '483589', '483588', '483587', '483586']	img count: 6
2023-02-04 17:16:06 [INFO] [SUCCESS]	[ID: 483585]  Title: Adidas          	Price:22.98$	Link:https://shp.pub/6lhqpp	Aff_link:https://s.click.aliexpress.com/e/_ExtSoXb	Saved-> 	Images files:['483585', '483584', '483583', '483582', '483581', '483580', '483579', '483578', '483577', '483576']	img count: 9
2023-02-04 17:16:14 [INFO] [SUCCESS]	[ID: 483575]  Title: NIKE            	Price:69$	Link:https://bit.ly/3WS8wSr	Aff_link:https://s.click.aliexpress.com/e/_EQKkR25	Saved-> 	Images files:['483575', '483574', '483573', '483572', '483571', '483570', '483569']	img count: 6
2023-02-04 17:16:20 [INFO] [SUCCESS]	[ID: 483568]  Title: NIKE            	Price:85$	Link:https://bit.ly/3G6VWZ3	Aff_link:https://s.click.aliexpress.com/e/_EGYEpGD	Saved-> 	Images files:['483568', '483567', '483566', '483565', '483564']	img count: 4
2023-02-04 17:16:32 [INFO] [SUCCESS]	[ID: 483563]  Title: Nike React Vision 	Price:45.91$	Link:https://shp.pub/6lhqe1	Aff_link:https://s.click.aliexpress.com/e/_Ev9Vj9j	Saved-> 	Images files:['483563', '483562', '483561', '483560', '483559', '483558', '483557', '483556', '483555', '483554']	img count: 9
