2023-02-07 17:24:42 [INFO] [SUCCESS]	[ID: 486996]  Title: SUPREME         	Price:26$	Link:https://bit.ly/3juH4Mc	Aff_link:https://s.click.aliexpress.com/e/_EuXw5bT	Saved-> 	Images files:['486996', '486995', '486994', '486993', '486992', '486991', '486990', '486989', '486988']	img count: 8
2023-02-07 17:24:45 [INFO] [SUCCESS]	[ID: 486987]  Title: SUPREME         	Price:25$	Link:https://bit.ly/3Z0jS8T	Aff_link:https://s.click.aliexpress.com/e/_EQmm4O9	Saved-> 	Images files:['486987', '486986', '486985', '486984']	img count: 3
2023-02-07 17:24:52 [INFO] [SUCCESS]	[ID: 486983]  Title: Vans sweater    	Price:61.19$	Link:https://bit.ly/3DF7nGR	Aff_link:https://s.click.aliexpress.com/e/_Exkd3OD	Saved-> 	Images files:['486983', '486982', '486981', '486980', '486979', '486978', '486977', '486976', '486975']	img count: 8
2023-02-07 17:24:58 [INFO] [SUCCESS]	[ID: 486974]  Title: SUPREME         	Price:31$	Link:https://bit.ly/3VI88VW	Aff_link:https://s.click.aliexpress.com/e/_EQNeQ0v	Saved-> 	Images files:['486974', '486973', '486972', '486971', '486970', '486969', '486968']	img count: 6
2023-02-07 17:25:05 [INFO] [SUCCESS]	[ID: 486967]  Title: TNF             	Price:40$	Link:https://bit.ly/3ZcwFp5	Aff_link:https://s.click.aliexpress.com/e/_EukMhuN	Saved-> 	Images files:['486967', '486966', '486965', '486964', '486963']	img count: 4
2023-02-07 17:25:14 [INFO] [SUCCESS]	[ID: 486962]  Title: MLB NY jacket   	Price:61.19$	Link:https://bit.ly/3JGJeDp	Aff_link:https://s.click.aliexpress.com/e/_EvKbWXP	Saved-> 	Images files:['486962', '486961', '486960', '486959', '486958', '486957', '486956', '486955']	img count: 7
2023-02-07 17:25:22 [INFO] [SUCCESS]	[ID: 486954]  Title: SUPREME         	Price:27$	Link:https://bit.ly/3IcWeQx	Aff_link:https://s.click.aliexpress.com/e/_EySd63J	Saved-> 	Images files:['486954', '486953', '486952', '486951', '486950']	img count: 4
2023-02-07 17:25:25 [INFO] [SUCCESS]	[ID: 486949]  Title: SUPREME         	Price:27$	Link:https://bit.ly/3IcWeQx	Aff_link:https://s.click.aliexpress.com/e/_Ey8mmCv	Saved-> 	Images files:['486949', '486948', '486947', '486946']	img count: 3
2023-02-07 17:25:36 [INFO] [SUCCESS]	[ID: 486945]  Title: NIKE            	Price:80$	Link:https://bit.ly/3WX9M75	Aff_link:https://s.click.aliexpress.com/e/_EJE7KYp	Saved-> 	Images files:['486945', '486944', '486943', '486942', '486941', '486940', '486939', '486938', '486937', '486936']	img count: 9
2023-02-07 17:25:42 [INFO] [SUCCESS]	[ID: 486935]  Title: NIKE            	Price:59$	Link:https://bit.ly/3i72zlR	Aff_link:https://s.click.aliexpress.com/e/_EIXVUSd	Saved-> 	Images files:['486935', '486934', '486933', '486932', '486931', '486930']	img count: 5
2023-02-07 17:25:48 [INFO] [SUCCESS]	[ID: 486929]  Title: NIKE            	Price:59$	Link:https://bit.ly/3i72zlR	Aff_link:https://s.click.aliexpress.com/e/_EyzKjEv	Saved-> 	Images files:['486929', '486928', '486927', '486926', '486925', '486924', '486923', '486922', '486921', '486920']	img count: 9
2023-02-07 17:25:56 [INFO] [SUCCESS]	[ID: 486919]  Title: NIKE            	Price:69$	Link:https://bit.ly/3WS8wSr	Aff_link:https://s.click.aliexpress.com/e/_EuESKw5	Saved-> 	Images files:['486919', '486918', '486917', '486916', '486915', '486914', '486913', '486912', '486911', '486910']	img count: 9
2023-02-07 17:26:01 [INFO] [SUCCESS]	[ID: 486909]  Title: NIKE            	Price:69$	Link:https://bit.ly/3WS8wSr	Aff_link:https://s.click.aliexpress.com/e/_EzMHW1b	Saved-> 	Images files:['486909', '486908', '486907', '486906', '486905', '486904', '486903']	img count: 6
2023-02-07 17:26:08 [INFO] [SUCCESS]	[ID: 486902]  Title: NIKE            	Price:65$	Link:https://bit.ly/3vtyxfa	Aff_link:https://s.click.aliexpress.com/e/_EIrGtNJ	Saved-> 	Images files:['486902', '486901', '486900', '486899', '486898', '486897', '486896', '486895', '486894', '486893']	img count: 9
2023-02-07 17:26:13 [INFO] [SUCCESS]	[ID: 486892]  Title: NIKE            	Price:65$	Link:https://bit.ly/3vtyxfa	Aff_link:https://s.click.aliexpress.com/e/_EugUz6h	Saved-> 	Images files:['486892', '486891', '486890', '486889', '486888']	img count: 4
2023-02-07 17:26:22 [INFO] [SUCCESS]	[ID: 486887]  Title: NIKE            	Price:75$	Link:https://bit.ly/3Q1O4fG	Aff_link:https://s.click.aliexpress.com/e/_Evy7dkl	Saved-> 	Images files:['486887', '486886', '486885', '486884', '486883', '486882', '486881', '486880', '486879', '486878']	img count: 9
2023-02-07 17:26:28 [INFO] [SUCCESS]	[ID: 486877]  Title: NIKE            	Price:65$	Link:https://bit.ly/3vtyxfa	Aff_link:https://s.click.aliexpress.com/e/_Ex9n8IH	Saved-> 	Images files:['486877', '486876', '486875', '486874', '486873', '486872', '486871', '486870']	img count: 7
2023-02-07 17:26:40 [INFO] [SUCCESS]	[ID: 486869]  Title: NIKE            	Price:110$	Link:https://bit.ly/3WSw1uH	Aff_link:https://s.click.aliexpress.com/e/_Ez8lnTT	Saved-> 	Images files:['486869', '486868', '486867', '486866', '486865', '486864', '486863', '486862', '486861', '486860']	img count: 9
2023-02-07 17:26:49 [INFO] [SUCCESS]	[ID: 486859]  Title: NIKE            	Price:65$	Link:https://bit.ly/3vtyxfa	Aff_link:https://s.click.aliexpress.com/e/_Ev95MD7	Saved-> 	Images files:['486859', '486858', '486857', '486856', '486855', '486854', '486853', '486852', '486851', '486850']	img count: 9
2023-02-07 17:26:56 [INFO] [SUCCESS]	[ID: 486849]  Title: NIKE            	Price:65$	Link:https://bit.ly/3vtyxfa	Aff_link:https://s.click.aliexpress.com/e/_EwNuYsh	Saved-> 	Images files:['486849', '486848', '486847', '486846', '486845', '486844', '486843', '486842', '486841']	img count: 8
2023-02-07 17:27:04 [INFO] [SUCCESS]	[ID: 486840]  Title: Nike            	Price:38.30$	Link:https://shp.pub/6lqm3s	Aff_link:https://s.click.aliexpress.com/e/_EIsg9PL	Saved-> 	Images files:['486840', '486839', '486838', '486837', '486836', '486835', '486834', '486833']	img count: 7
2023-02-07 17:28:10 [INFO] [SUCCESS]	[ID: 486832]  Title: Kanken          	Price:19.99$	Link:https://shp.pub/6lqk84	Aff_link:https://s.click.aliexpress.com/e/_Ewc9qFJ	Saved-> 	Images files:['486832', '486831', '486830', '486829', '486828', '486827', '486826', '486825', '486824', '486823']	img count: 9
2023-02-07 17:28:17 [INFO] [SUCCESS]	[ID: 486822]  Title: Carhartt        	Price:32.98$	Link:https://shp.pub/6lqk6r	Aff_link:https://s.click.aliexpress.com/e/_EGnpuCt	Saved-> 	Images files:['486822', '486821', '486820', '486819', '486818', '486817', '486816', '486815']	img count: 7
2023-02-07 17:28:26 [INFO] [SUCCESS]	[ID: 486814]  Title: TNF backpack    	Price:20.75$	Link:https://shp.pub/6lqk2a	Aff_link:https://s.click.aliexpress.com/e/_EH5Esnf	Saved-> 	Images files:['486814', '486813', '486812', '486811', '486810', '486809', '486808', '486807', '486806', '486805']	img count: 9
2023-02-07 17:28:36 [INFO] [SUCCESS]	[ID: 486804]  Title: TNF backpack    	Price:21.98$	Link:https://shp.pub/6lqjzr	Aff_link:https://s.click.aliexpress.com/e/_ExbeeCZ	Saved-> 	Images files:['486804', '486803', '486802', '486801', '486800', '486799', '486798', '486797', '486796']	img count: 8
2023-02-07 17:29:01 [ERROR] [FAILED]	[ID: 486795]  Title: NB 327          	Price:58.70$	Link:https://shp.pub/6lqjrl	Aff_link:Failed to convert	Saved-> 	Images files:['486795', '486794', '486793', '486792', '486791', '486790', '486789', '486788', '486787', '486786']	img count: 9
2023-02-07 17:29:05 [INFO] [SUCCESS]	[ID: 486785]  Title: NIKE            	Price:69$	Link:https://bit.ly/3WS8wSr	Aff_link:https://s.click.aliexpress.com/e/_Eu5b6tT	Saved-> 	Images files:['486785', '486784', '486783', '486782', '486781', '486780', '486779']	img count: 6
2023-02-07 17:29:10 [INFO] [SUCCESS]	[ID: 486778]  Title: NIKE            	Price:65$	Link:https://bit.ly/3vtyxfa	Aff_link:https://s.click.aliexpress.com/e/_Eut9WN7	Saved-> 	Images files:['486778', '486777', '486776', '486775', '486774']	img count: 4
2023-02-07 17:29:20 [INFO] [SUCCESS]	[ID: 486773]  Title: NIKE            	Price:65$	Link:https://bit.ly/3vtyxfa	Aff_link:https://s.click.aliexpress.com/e/_EvFyI4h	Saved-> 	Images files:['486773', '486772', '486771', '486770', '486769', '486768', '486767']	img count: 6
2023-02-07 17:29:42 [INFO] [SUCCESS]	[ID: 486766]  Title: NB 327          	Price:56.30$	Link:https://bit.ly/3YryxJ3	Aff_link:https://s.click.aliexpress.com/e/_Eu9jhAp	Saved-> 	Images files:['486766', '486765', '486764', '486763', '486762', '486761', '486760', '486759', '486758', '486757']	img count: 9
2023-02-07 17:30:09 [ERROR] [FAILED]	[ID: 486756]  Title: NB 327          	Price:56.30$	Link:https://shp.pub/6lqja3	Aff_link:Failed to convert	Saved-> 	Images files:['486756', '486755', '486754', '486753', '486752', '486751', '486750', '486749', '486748', '486747']	img count: 9
2023-02-07 17:30:11 [ERROR] [FAILED]	[ID: 486746]  Title: Catalogs

1) https 	Price:$	Link:https://hypeallie.online/jackzhang/	Aff_link:BROKEN: https://hypeallie.online Detected	Saved-> 	Images files:['486746']	img count: 0
2023-02-07 17:30:34 [ERROR] [FAILED]	[ID: 486745]  Title: NB 327          	Price:56.30$	Link:https://shp.pub/6lqj8q	Aff_link:Failed to convert	Saved-> 	Images files:['486745', '486744', '486743', '486742', '486741', '486740', '486739', '486738', '486737', '486736']	img count: 9
2023-02-07 17:30:43 [INFO] [SUCCESS]	[ID: 486735]  Title: GG backpack     	Price:61.30$	Link:https://shp.pub/6lqj5m	Aff_link:https://s.click.aliexpress.com/e/_EyGtvfj	Saved-> 	Images files:['486735', '486734', '486733', '486732', '486731', '486730']	img count: 5
2023-02-07 17:30:48 [ERROR] [FAILED]	[ID: 486729]  Title: NIKE            	Price:59$	Link:https://bit.ly/3WAhT9C	Aff_link:Failed to convert	Saved-> 	Images files:['486729', '486728', '486727', '486726', '486725', '486724', '486723', '486722', '486721', '486720']	img count: 9
2023-02-07 17:30:55 [ERROR] [FAILED]	[ID: 486719]  Title: NIKE            	Price:59$	Link:https://bit.ly/3WAhT9C	Aff_link:Failed to convert	Saved-> 	Images files:['486719', '486718', '486717', '486716', '486715', '486714', '486713', '486712', '486711', '486710']	img count: 9
2023-02-07 17:30:59 [ERROR] [FAILED]	[ID: 486709]  Title: NIKE            	Price:59$	Link:https://bit.ly/3WAhT9C	Aff_link:Failed to convert	Saved-> 	Images files:['486709', '486708', '486707', '486706', '486705', '486704', '486703', '486702', '486701', '486700']	img count: 9
2023-02-07 17:31:05 [ERROR] [FAILED]	[ID: 486699]  Title: NIKE            	Price:59$	Link:https://bit.ly/3WAhT9C	Aff_link:Failed to convert	Saved-> 	Images files:['486699', '486698', '486697', '486696', '486695', '486694', '486693', '486692', '486691', '486690']	img count: 9
2023-02-07 17:31:16 [INFO] [SUCCESS]	[ID: 486689]  Title: NIKE            	Price:60$	Link:https://bit.ly/3Gv9a2Q	Aff_link:https://s.click.aliexpress.com/e/_Eytt5Xb	Saved-> 	Images files:['486689', '486688', '486687', '486686', '486685', '486684', '486683', '486682', '486681', '486680']	img count: 9
2023-02-07 17:31:25 [INFO] [SUCCESS]	[ID: 486679]  Title: LOEWE sweater   	Price:56.39$	Link:https://bit.ly/3Yq4IJa	Aff_link:https://s.click.aliexpress.com/e/_Eyrnuzj	Saved-> 	Images files:['486679', '486678', '486677', '486676', '486675', '486674', '486673', '486672', '486671', '486670']	img count: 9
2023-02-07 17:31:32 [INFO] [SUCCESS]	[ID: 486669]  Title: THE NORTH FACE TNF 	Price:44.16$	Link:https://bit.ly/3wTXX6I	Aff_link:https://s.click.aliexpress.com/e/_Ezhy9zB	Saved-> 	Images files:['486669', '486668', '486667', '486666', '486665', '486664', '486663', '486662', '486661', '486660']	img count: 9
2023-02-07 17:31:40 [INFO] [SUCCESS]	[ID: 486659]  Title: NIKE            	Price:60$	Link:https://bit.ly/3Gv9a2Q	Aff_link:https://s.click.aliexpress.com/e/_EItbweN	Saved-> 	Images files:['486659', '486658', '486657', '486656', '486655', '486654', '486653', '486652', '486651', '486650']	img count: 9
2023-02-07 17:31:53 [INFO] [SUCCESS]	[ID: 486649]  Title: Adidas Forum 84 Lo 	Price:58.20$	Link:https://bit.ly/3Dzjg0L	Aff_link:https://s.click.aliexpress.com/e/_EGnjN2Z	Saved-> 	Images files:['486649', '486648', '486647', '486646', '486645', '486644', '486643', '486642', '486641', '486640']	img count: 9
2023-02-07 17:32:08 [ERROR] [FAILED]	[ID: 486639]  Title: NIKE            	Price:50$	Link:https://bit.ly/3WAhT9C	Aff_link:Failed to convert	Saved-> 	Images files:['486639', '486638', '486637', '486636', '486635', '486634', '486633', '486632', '486631', '486630']	img count: 9
2023-02-07 17:32:17 [ERROR] [FAILED]	[ID: 486629]  Title: NIKE            	Price:50$	Link:https://bit.ly/3WAhT9C	Aff_link:Failed to convert	Saved-> 	Images files:['486629', '486628', '486627', '486626', '486625', '486624', '486623', '486622']	img count: 7
2023-02-07 17:32:24 [INFO] [SUCCESS]	[ID: 486621]  Title: Nike Travis Scott  	Price:53.68$	Link:https://bit.ly/3HU7IYJ	Aff_link:https://s.click.aliexpress.com/e/_Ez7CxoH	Saved-> 	Images files:['486621', '486620', '486619', '486618', '486617', '486616', '486615']	img count: 6
2023-02-07 17:32:31 [INFO] [SUCCESS]	[ID: 486614]  Title: NIKE            	Price:70$	Link:https://bit.ly/3WWfCFQ	Aff_link:https://s.click.aliexpress.com/e/_EJIraYh	Saved-> 	Images files:['486614', '486613', '486612', '486611', '486610', '486609', '486608']	img count: 6
2023-02-07 17:32:35 [INFO] [SUCCESS]	[ID: 486607]  Title: NIKE            	Price:70$	Link:https://bit.ly/3WWfCFQ	Aff_link:https://s.click.aliexpress.com/e/_EwbHm3r	Saved-> 	Images files:['486607', '486606', '486605', '486604']	img count: 3
2023-02-07 17:32:40 [INFO] [SUCCESS]	[ID: 486603]  Title: Nike Travis Scott  	Price:53.68$	Link:https://bit.ly/3HU7IYJ	Aff_link:https://s.click.aliexpress.com/e/_EwHniXR	Saved-> 	Images files:['486603', '486602', '486601', '486600', '486599', '486598', '486597', '486596', '486595', '486594']	img count: 9
2023-02-07 17:32:48 [INFO] [SUCCESS]	[ID: 486593]  Title: NIKE            	Price:75$	Link:https://bit.ly/3Q1O4fG	Aff_link:https://s.click.aliexpress.com/e/_Ezl8Du9	Saved-> 	Images files:['486593', '486592', '486591', '486590', '486589', '486588', '486587', '486586', '486585']	img count: 8
2023-02-07 17:32:52 [INFO] [SUCCESS]	[ID: 486584]  Title: NIKE            	Price:49$	Link:https://bit.ly/3Q1OzGG	Aff_link:https://s.click.aliexpress.com/e/_EH2PO0h	Saved-> 	Images files:['486584', '486583', '486582', '486581']	img count: 3
2023-02-07 17:32:57 [INFO] [SUCCESS]	[ID: 486580]  Title: ESSENTIALS  pants 	Price:39$	Link:https://bit.ly/3IcGexS	Aff_link:https://s.click.aliexpress.com/e/_EGI0oUt	Saved-> 	Images files:['486580', '486579', '486578', '486577', '486576', '486575', '486574', '486573', '486572', '486571']	img count: 9
2023-02-07 17:33:03 [INFO] [SUCCESS]	[ID: 486570]  Title: ESSENTIAL       	Price:39$	Link:https://bit.ly/3IcGexS	Aff_link:https://s.click.aliexpress.com/e/_EIOAiqd	Saved-> 	Images files:['486570', '486569', '486568', '486567', '486566', '486565', '486564', '486563', '486562', '486561']	img count: 9
2023-02-07 17:33:10 [INFO] [SUCCESS]	[ID: 486560]  Title: CANADA GOOSE    	Price:95$	Link:https://bit.ly/3WAL4JS	Aff_link:https://s.click.aliexpress.com/e/_Ev2RZPb	Saved-> 	Images files:['486560', '486559', '486558', '486557', '486556', '486555', '486554', '486553', '486552']	img count: 8
2023-02-07 17:33:14 [ERROR] [FAILED]	[ID: 486551]  Title: Follow our Look Ch 	Price:$	Link:https://bestallie.x.yupoo.com/	Aff_link:No AliExpress Link Detected	Saved-> 	Images files:['486551']	img count: 0
2023-02-07 17:33:24 [INFO] [SUCCESS]	[ID: 486550]  Title: NIKE            	Price:50$	Link:https://bit.ly/3Z2osDy	Aff_link:https://s.click.aliexpress.com/e/_EIV0sv3	Saved-> 	Images files:['486550', '486549', '486548', '486547', '486546', '486545', '486544', '486543', '486542', '486541']	img count: 9
2023-02-07 17:33:30 [INFO] [SUCCESS]	[ID: 486540]  Title: NIKE            	Price:70$	Link:https://bit.ly/3WWfCFQ	Aff_link:https://s.click.aliexpress.com/e/_EIEaHgl	Saved-> 	Images files:['486540', '486539', '486538', '486537', '486536', '486535', '486534']	img count: 6
2023-02-07 17:33:31 [ERROR] [FAILED]	[ID: 486533]  Title: Follow secrect bra 	Price:$	Link:https://t.me/joinchat/FVE33KPWkWBlMDIy	Aff_link:BROKEN: https://t.me Detected	Saved-> 	Images files:['486533']	img count: 0
2023-02-07 17:33:42 [INFO] [SUCCESS]	[ID: 486532]  Title: NIKE            	Price:50$	Link:https://bit.ly/3Z2osDy	Aff_link:https://s.click.aliexpress.com/e/_EGd9LTb	Saved-> 	Images files:['486532', '486531', '486530', '486529', '486528', '486527', '486526', '486525', '486524', '486523']	img count: 9
2023-02-07 17:33:51 [INFO] [SUCCESS]	[ID: 486522]  Title: NIKE            	Price:60$	Link:https://bit.ly/3Gv9a2Q	Aff_link:https://s.click.aliexpress.com/e/_Eu3eGlL	Saved-> 	Images files:['486522', '486521', '486520', '486519', '486518', '486517', '486516', '486515', '486514', '486513']	img count: 9
2023-02-07 17:33:56 [INFO] [SUCCESS]	[ID: 486512]  Title: NIKE            	Price:70$	Link:https://bit.ly/3WWfCFQ	Aff_link:https://s.click.aliexpress.com/e/_Ez464vb	Saved-> 	Images files:['486512', '486511', '486510', '486509']	img count: 3
2023-02-07 17:34:04 [ERROR] [FAILED]	[ID: 486508]  Title: NIKE            	Price:75$	Link:https://bit.ly/3WAhT9C	Aff_link:Failed to convert	Saved-> 	Images files:['486508', '486507', '486506', '486505', '486504', '486503', '486502', '486501', '486500', '486499']	img count: 9
2023-02-07 17:34:23 [INFO] [SUCCESS]	[ID: 486498]  Title: Dior bag        	Price:37.50$	Link:https://shp.pub/6ljrzx	Aff_link:https://s.click.aliexpress.com/e/_EJlmqed	Saved-> 	Images files:['486498', '486497', '486496', '486495', '486494', '486493', '486492', '486491']	img count: 7
2023-02-07 17:34:23 [INFO] full_file_name: None, handle_fd: /Users/user/Desktop/Backup/products_handaling/, id: 486490
2023-02-07 17:34:23 [ERROR] Cannot move from/Users/user/Desktop/Backup/products_handaling/486490 to /Users/user/Desktop/Backup/Item_486489486490
2023-02-07 17:34:24 [ERROR] [FAILED]	[ID: 486489]  Title: POCO X5 PRO 5G. Wo 	Price:$	Link:https://bit.ly/3RAlym9	Aff_link:No AliExpress Link Detected	Saved-> 	Images files:['486490', '486489']	img count: 0
2023-02-07 17:34:46 [INFO] [SUCCESS]	[ID: 486488]  Title: Nike            	Price:56.30$	Link:https://shp.pub/6lpcl7	Aff_link:https://s.click.aliexpress.com/e/_EG5lIu1	Saved-> 	Images files:['486488', '486487', '486486', '486485', '486484', '486483', '486482', '486481', '486480', '486479']	img count: 9
2023-02-07 17:35:05 [INFO] [SUCCESS]	[ID: 486478]  Title: TNF             	Price:43.40$	Link:https://shp.pub/6lpchw	Aff_link:https://s.click.aliexpress.com/e/_EuYx7nx	Saved-> 	Images files:['486478', '486477', '486476', '486475', '486474', '486473', '486472', '486471', '486470']	img count: 8
2023-02-07 17:35:14 [ERROR] [FAILED]	[ID: 486469]  Title: NIKE            	Price:55$	Link:https://bit.ly/3WAhT9C	Aff_link:Failed to convert	Saved-> 	Images files:['486469', '486468', '486467', '486466', '486465', '486464', '486463', '486462', '486461', '486460']	img count: 9
2023-02-07 17:35:29 [INFO] [SUCCESS]	[ID: 486459]  Title: LV bag          	Price:120$	Link:https://bit.ly/3XBucmq	Aff_link:https://s.click.aliexpress.com/e/_EyQaQPB	Saved-> 	Images files:['486459', '486458', '486457', '486456', '486455', '486454', '486453', '486452', '486451', '486450']	img count: 9
2023-02-07 17:35:41 [INFO] [SUCCESS]	[ID: 486449]  Title: PRADA Bag       	Price:25.00$	Link:https://shp.pub/6lpc7e	Aff_link:https://s.click.aliexpress.com/e/_EJp1lq1	Saved-> 	Images files:['486449', '486448', '486447', '486446', '486445', '486444', '486443', '486442', '486441']	img count: 8
2023-02-07 17:35:54 [INFO] [SUCCESS]	[ID: 486440]  Title: NIKE            	Price:33$	Link:https://bit.ly/3G2mAlz	Aff_link:https://s.click.aliexpress.com/e/_EvZOpGH	Saved-> 	Images files:['486440', '486439', '486438', '486437', '486436', '486435', '486434', '486433', '486432']	img count: 8
2023-02-07 17:36:01 [INFO] [SUCCESS]	[ID: 486431]  Title: NIKE            	Price:49$	Link:https://bit.ly/3Q1OzGG	Aff_link:https://s.click.aliexpress.com/e/_EQl7Vqp	Saved-> 	Images files:['486431', '486430', '486429', '486428', '486427', '486426', '486425', '486424']	img count: 7
2023-02-07 17:36:15 [INFO] [SUCCESS]	[ID: 486423]  Title: LV SET          	Price:89$	Link:https://bit.ly/3G0MupP	Aff_link:https://s.click.aliexpress.com/e/_ExhwOyh	Saved-> 	Images files:['486423', '486422', '486421', '486420', '486419', '486418', '486417', '486416', '486415']	img count: 8
2023-02-07 17:36:18 [INFO] [SUCCESS]	[ID: 486414]  Title: NIKE            	Price:50$	Link:https://bit.ly/3Z2osDy	Aff_link:https://s.click.aliexpress.com/e/_EQsVyGp	Saved-> 	Images files:['486414', '486413']	img count: 1
2023-02-07 17:36:31 [INFO] [SUCCESS]	[ID: 486412]  Title: NIKE            	Price:50$	Link:https://bit.ly/3Z2osDy	Aff_link:https://s.click.aliexpress.com/e/_EQSt1wD	Saved-> 	Images files:['486412', '486411', '486410', '486409', '486408', '486407', '486406', '486405', '486404', '486403']	img count: 9
2023-02-07 17:36:41 [INFO] [SUCCESS]	[ID: 486402]  Title: NIKE            	Price:65$	Link:https://bit.ly/3vtyxfa	Aff_link:https://s.click.aliexpress.com/e/_EJ0hsl3	Saved-> 	Images files:['486402', '486401', '486400', '486399', '486398', '486397', '486396', '486395', '486394', '486393']	img count: 9
2023-02-07 17:36:47 [INFO] [SUCCESS]	[ID: 486392]  Title: Nike            	Price:18.48$	Link:https://shp.pub/6lp1at	Aff_link:https://s.click.aliexpress.com/e/_EzwJfFT	Saved-> 	Images files:['486392', '486391', '486390', '486389', '486388', '486387', '486386', '486385']	img count: 7
2023-02-07 17:36:57 [INFO] [SUCCESS]	[ID: 486384]  Title: Carhartt        	Price:16.90$	Link:https://shp.pub/6lp16j	Aff_link:https://s.click.aliexpress.com/e/_EwUDPjT	Saved-> 	Images files:['486384', '486383', '486382', '486381', '486380', '486379', '486378']	img count: 6
2023-02-07 17:37:04 [ERROR] [FAILED]	[ID: 486377]  Title: NIKE            	Price:55$	Link:https://bit.ly/3WAhT9C	Aff_link:Failed to convert	Saved-> 	Images files:['486377', '486376', '486375', '486374', '486373', '486372', '486371', '486370']	img count: 7
2023-02-07 17:37:14 [INFO] [SUCCESS]	[ID: 486369]  Title: NIKE            	Price:60$	Link:https://bit.ly/3Gv9a2Q	Aff_link:https://s.click.aliexpress.com/e/_EICqiEl	Saved-> 	Images files:['486369', '486368', '486367', '486366', '486365', '486364', '486363', '486362']	img count: 7
2023-02-07 17:37:19 [INFO] [SUCCESS]	[ID: 486361]  Title: NIKE            	Price:50$	Link:https://bit.ly/3Z2osDy	Aff_link:https://s.click.aliexpress.com/e/_EJ5Kb8z	Saved-> 	Images files:['486361', '486360', '486359', '486358', '486357', '486356']	img count: 5
2023-02-07 17:37:53 [INFO] [SUCCESS]	[ID: 486355]  Title: NIKE            	Price:31$	Link:https://bit.ly/3VI88VW	Aff_link:https://s.click.aliexpress.com/e/_EzQnarf	Saved-> 	Images files:['486355', '486354', '486353', '486352', '486351', '486350', '486349', '486348']	img count: 7
2023-02-07 17:38:00 [INFO] [SUCCESS]	[ID: 486347]  Title: OFF jacket      	Price:81.90$	Link:https://shp.pub/6lp16c	Aff_link:https://s.click.aliexpress.com/e/_EG8bEbB	Saved-> 	Images files:['486347', '486346', '486345', '486344', '486343', '486342']	img count: 5
2023-02-07 17:38:30 [INFO] [SUCCESS]	[ID: 486341]  Title: NIKE            	Price:31$	Link:https://bit.ly/3VI88VW	Aff_link:https://s.click.aliexpress.com/e/_Euyz6rP	Saved-> 	Images files:['486341', '486340', '486339', '486338', '486337', '486336', '486335', '486334']	img count: 7
2023-02-07 17:38:33 [ERROR] [FAILED]	[ID: 486333]  Title: NIKE            	Price:55$	Link:https://bit.ly/3WAhT9C	Aff_link:Failed to convert	Saved-> 	Images files:['486333', '486332', '486331']	img count: 2
2023-02-07 17:38:49 [INFO] [SUCCESS]	[ID: 486330]  Title: Jordan          	Price:61.90$	Link:https://shp.pub/6lp15d	Aff_link:https://s.click.aliexpress.com/e/_ExfpRo9	Saved-> 	Images files:['486330', '486329', '486328', '486327', '486326', '486325', '486324', '486323', '486322']	img count: 8
2023-02-07 17:38:57 [ERROR] [FAILED]	[ID: 486321]  Title: NIKE            	Price:55$	Link:https://bit.ly/3WAhT9C	Aff_link:Failed to convert	Saved-> 	Images files:['486321', '486320', '486319', '486318', '486317', '486316', '486315', '486314', '486313', '486312']	img count: 9
2023-02-07 17:39:00 [ERROR] [FAILED]	[ID: 486311]  Title: NIKE            	Price:55$	Link:https://bit.ly/3WAhT9C	Aff_link:Failed to convert	Saved-> 	Images files:['486311', '486310', '486309']	img count: 2
2023-02-07 17:39:08 [ERROR] [FAILED]	[ID: 486308]  Title: NIKE            	Price:55$	Link:https://bit.ly/3WAhT9C	Aff_link:Failed to convert	Saved-> 	Images files:['486308', '486307', '486306', '486305', '486304', '486303', '486302', '486301', '486300', '486299']	img count: 9
2023-02-07 17:39:18 [INFO] [SUCCESS]	[ID: 486298]  Title: NIKE            	Price:65$	Link:https://bit.ly/3vtyxfa	Aff_link:https://s.click.aliexpress.com/e/_EJtKM57	Saved-> 	Images files:['486298', '486297', '486296', '486295', '486294', '486293', '486292', '486291', '486290']	img count: 8
2023-02-07 17:39:24 [INFO] [SUCCESS]	[ID: 486289]  Title: NIKE            	Price:70$	Link:https://bit.ly/3WWfCFQ	Aff_link:https://s.click.aliexpress.com/e/_EwwV8EN	Saved-> 	Images files:['486289', '486288', '486287', '486286', '486285', '486284']	img count: 5
2023-02-07 17:39:32 [INFO] [SUCCESS]	[ID: 486283]  Title: NIKE            	Price:70$	Link:https://bit.ly/3WWfCFQ	Aff_link:https://s.click.aliexpress.com/e/_EzjZlVR	Saved-> 	Images files:['486283', '486282', '486281', '486280', '486279', '486278', '486277']	img count: 6
2023-02-07 17:39:42 [INFO] [SUCCESS]	[ID: 486276]  Title: CC set          	Price:27.90$	Link:https://shp.pub/6lp147	Aff_link:https://s.click.aliexpress.com/e/_EHZiS7P	Saved-> 	Images files:['486276', '486275', '486274', '486273', '486272', '486271', '486270', '486269', '486268']	img count: 8
2023-02-07 17:39:54 [INFO] [SUCCESS]	[ID: 486267]  Title: YSL set         	Price:48.90$	Link:https://shp.pub/6lp0yr	Aff_link:https://s.click.aliexpress.com/e/_EwdW4el	Saved-> 	Images files:['486267', '486266', '486265', '486264', '486263', '486262', '486261', '486260']	img count: 7
2023-02-07 17:40:00 [ERROR] [FAILED]	[ID: 486259]  Title: Catalogs

1) https 	Price:$	Link:https://hypeallie.online/jackzhang/	Aff_link:BROKEN: https://hypeallie.online Detected	Saved-> 	Images files:['486259']	img count: 0
2023-02-07 17:40:08 [INFO] [SUCCESS]	[ID: 486258]  Title: NIKE            	Price:65$	Link:https://bit.ly/3vtyxfa	Aff_link:https://s.click.aliexpress.com/e/_EISRzSv	Saved-> 	Images files:['486258', '486257', '486256', '486255', '486254', '486253', '486252', '486251', '486250', '486249']	img count: 9
2023-02-07 17:40:22 [INFO] [SUCCESS]	[ID: 486248]  Title: Lipsticks       	Price:48.90$	Link:https://shp.pub/6lp0vn	Aff_link:https://s.click.aliexpress.com/e/_EurJcPB	Saved-> 	Images files:['486248', '486247', '486246', '486245', '486244', '486243', '486242', '486241', '486240']	img count: 8
2023-02-07 17:40:35 [INFO] [SUCCESS]	[ID: 486239]  Title: Lipsticks       	Price:34.90$	Link:https://shp.pub/6lp0uh	Aff_link:https://s.click.aliexpress.com/e/_EQZaAl3	Saved-> 	Images files:['486239', '486238', '486237', '486236', '486235', '486234', '486233', '486232', '486231']	img count: 8
2023-02-07 17:40:44 [INFO] [SUCCESS]	[ID: 486230]  Title: Ralph Lauren hoodi 	Price:47.88$	Link:https://bit.ly/3DE7jHl	Aff_link:https://s.click.aliexpress.com/e/_EJCAQNb	Saved-> 	Images files:['486230', '486229', '486228', '486227', '486226', '486225', '486224', '486223', '486222']	img count: 8
2023-02-07 17:40:55 [INFO] [SUCCESS]	[ID: 486221]  Title: NIKE            	Price:80$	Link:https://bit.ly/3WX9M75	Aff_link:https://s.click.aliexpress.com/e/_Ewc4R5P	Saved-> 	Images files:['486221', '486220', '486219', '486218', '486217', '486216', '486215', '486214', '486213', '486212']	img count: 9
2023-02-07 17:41:01 [INFO] [SUCCESS]	[ID: 486211]  Title: NIKE            	Price:60$	Link:https://bit.ly/3Gv9a2Q	Aff_link:https://s.click.aliexpress.com/e/_Eyn6i7R	Saved-> 	Images files:['486211', '486210', '486209', '486208', '486207', '486206', '486205']	img count: 6
2023-02-07 17:41:13 [INFO] [SUCCESS]	[ID: 486204]  Title: New Balance CT302  	Price:54.81$	Link:https://bit.ly/3E12Fn9	Aff_link:https://s.click.aliexpress.com/e/_EzRvdzf	Saved-> 	Images files:['486204', '486203', '486202', '486201', '486200', '486199', '486198', '486197', '486196', '486195']	img count: 9
2023-02-07 17:41:16 [INFO] [SUCCESS]	[ID: 486194]  Title: NIKE            	Price:50$	Link:https://bit.ly/3Z2osDy	Aff_link:https://s.click.aliexpress.com/e/_EycYavx	Saved-> 	Images files:['486194', '486193', '486192', '486191', '486190']	img count: 4
2023-02-07 17:41:27 [INFO] [SUCCESS]	[ID: 486189]  Title: Stussy x Nike Air  	Price:57.07$	Link:https://bit.ly/3RtwUsa	Aff_link:https://s.click.aliexpress.com/e/_EzZIc1b	Saved-> 	Images files:['486189', '486188', '486187', '486186', '486185', '486184', '486183', '486182', '486181', '486180']	img count: 9
2023-02-07 17:41:35 [INFO] [SUCCESS]	[ID: 486179]  Title: Nike Air Foamposit 	Price:68.37$	Link:https://bit.ly/3YifZLm	Aff_link:https://s.click.aliexpress.com/e/_EyBrChx	Saved-> 	Images files:['486179', '486178', '486177', '486176', '486175', '486174', '486173', '486172', '486171', '486170']	img count: 9
2023-02-07 17:41:42 [INFO] [SUCCESS]	[ID: 486169]  Title: NIKE            	Price:50$	Link:https://bit.ly/3Z2osDy	Aff_link:https://s.click.aliexpress.com/e/_EGcvPjT	Saved-> 	Images files:['486169', '486168', '486167', '486166', '486165', '486164', '486163', '486162']	img count: 7
2023-02-07 17:41:48 [INFO] [SUCCESS]	[ID: 486161]  Title: Nike Air Foamposit 	Price:68.37$	Link:https://bit.ly/3YifZLm	Aff_link:https://s.click.aliexpress.com/e/_EyiZZQh	Saved-> 	Images files:['486161', '486160', '486159', '486158', '486157', '486156', '486155', '486154', '486153', '486152']	img count: 9
2023-02-07 17:41:53 [INFO] [SUCCESS]	[ID: 486151]  Title: NIKE            	Price:69$	Link:https://bit.ly/3WS8wSr	Aff_link:https://s.click.aliexpress.com/e/_ExVKnRj	Saved-> 	Images files:['486151', '486150', '486149', '486148', '486147', '486146', '486145']	img count: 6
2023-02-07 17:41:57 [INFO] [SUCCESS]	[ID: 486144]  Title: NIKE            	Price:59$	Link:https://bit.ly/3i72zlR	Aff_link:https://s.click.aliexpress.com/e/_EHPnTxT	Saved-> 	Images files:['486144', '486143', '486142', '486141', '486140', '486139', '486138', '486137', '486136']	img count: 8
2023-02-07 17:42:04 [INFO] [SUCCESS]	[ID: 486135]  Title: Nike Travis Scott  	Price:53.68$	Link:https://bit.ly/3HU7IYJ	Aff_link:https://s.click.aliexpress.com/e/_EzTGlSp	Saved-> 	Images files:['486135', '486134', '486133', '486132', '486131', '486130', '486129', '486128', '486127', '486126']	img count: 9
2023-02-07 17:42:10 [INFO] [SUCCESS]	[ID: 486125]  Title: NIKE            	Price:59$	Link:https://bit.ly/3i72zlR	Aff_link:https://s.click.aliexpress.com/e/_Eywz5uH	Saved-> 	Images files:['486125', '486124', '486123', '486122', '486121', '486120', '486119', '486118', '486117', '486116']	img count: 9
2023-02-07 17:42:18 [INFO] [SUCCESS]	[ID: 486115]  Title: NIKE            	Price:75$	Link:https://bit.ly/3Q1O4fG	Aff_link:https://s.click.aliexpress.com/e/_EGtGMHL	Saved-> 	Images files:['486115', '486114', '486113', '486112', '486111', '486110', '486109', '486108', '486107']	img count: 8
2023-02-07 17:42:22 [ERROR] [FAILED]	[ID: 486106]  Title: NIKE            	Price:55$	Link:https://bit.ly/3WAhT9C	Aff_link:Failed to convert	Saved-> 	Images files:['486106', '486105', '486104', '486103', '486102', '486101', '486100']	img count: 6
2023-02-07 17:42:27 [INFO] [SUCCESS]	[ID: 486099]  Title: NIKE            	Price:52$	Link:https://bit.ly/3WPCerm	Aff_link:https://s.click.aliexpress.com/e/_EGC1DUz	Saved-> 	Images files:['486099', '486098', '486097', '486096', '486095', '486094', '486093', '486092', '486091', '486090']	img count: 9
2023-02-07 17:42:36 [INFO] [SUCCESS]	[ID: 486089]  Title: NIKE            	Price:53$	Link:https://bit.ly/3WvKmgS	Aff_link:https://s.click.aliexpress.com/e/_EGNgn4l	Saved-> 	Images files:['486089', '486088', '486087', '486086', '486085', '486084', '486083', '486082']	img count: 7
2023-02-07 17:42:43 [INFO] [SUCCESS]	[ID: 486081]  Title: NIKE            	Price:27$	Link:https://bit.ly/3IcWeQx	Aff_link:https://s.click.aliexpress.com/e/_EI8djc5	Saved-> 	Images files:['486081', '486080', '486079', '486078', '486077', '486076', '486075']	img count: 6
2023-02-07 17:42:50 [INFO] [SUCCESS]	[ID: 486074]  Title: NIKE            	Price:65$	Link:https://bit.ly/3vtyxfa	Aff_link:https://s.click.aliexpress.com/e/_Ey0MCh3	Saved-> 	Images files:['486074', '486073', '486072', '486071', '486070', '486069', '486068', '486067', '486066', '486065']	img count: 9
2023-02-07 17:43:05 [INFO] [SUCCESS]	[ID: 486064]  Title: NIKE            	Price:95$	Link:https://bit.ly/3WAL4JS	Aff_link:https://s.click.aliexpress.com/e/_EvhAFWh	Saved-> 	Images files:['486064', '486063', '486062', '486061', '486060', '486059', '486058', '486057', '486056', '486055', '486054', '486053', '486052', '486051', '486050', '486049']	img count: 15
2023-02-07 17:43:10 [INFO] [SUCCESS]	[ID: 486048]  Title: Louis Vuitton wall 	Price:27.36$	Link:https://bit.ly/3YsCvB9	Aff_link:https://s.click.aliexpress.com/e/_EvBrSKV	Saved-> 	Images files:['486048']	img count: 0
2023-02-07 17:43:14 [INFO] [SUCCESS]	[ID: 486047]  Title: Stussy bag      	Price:30.63$	Link:https://bit.ly/3XZSCq6	Aff_link:https://s.click.aliexpress.com/e/_EyV5d3L	Saved-> 	Images files:['486047', '486046', '486045', '486044', '486043', '486042', '486041']	img count: 6
2023-02-07 17:43:18 [INFO] [SUCCESS]	[ID: 486040]  Title: NIKE            	Price:59$	Link:https://bit.ly/3i72zlR	Aff_link:https://s.click.aliexpress.com/e/_EH7ad4d	Saved-> 	Images files:['486040', '486039', '486038', '486037', '486036', '486035', '486034', '486033']	img count: 7
2023-02-07 17:43:22 [INFO] [SUCCESS]	[ID: 486032]  Title: NIKE            	Price:59$	Link:https://bit.ly/3i72zlR	Aff_link:https://s.click.aliexpress.com/e/_EGvUfkN	Saved-> 	Images files:['486032', '486031', '486030', '486029', '486028']	img count: 4
2023-02-07 17:43:26 [ERROR] [FAILED]	[ID: 486027]  Title: Follow our Look Ch 	Price:$	Link:https://bestallie.x.yupoo.com/	Aff_link:No AliExpress Link Detected	Saved-> 	Images files:['486027']	img count: 0
2023-02-07 17:43:31 [INFO] [SUCCESS]	[ID: 486026]  Title: NIKE            	Price:59$	Link:https://bit.ly/3i72zlR	Aff_link:https://s.click.aliexpress.com/e/_EQmY5s9	Saved-> 	Images files:['486026', '486025', '486024', '486023', '486022', '486021', '486020', '486019', '486018', '486017']	img count: 9
2023-02-07 17:43:47 [ERROR] [FAILED]	[ID: 486016]  Title: Dior bag        	Price:28.10$	Link:https://shp.pub/6ljrrk	Aff_link:Failed to convert	Saved-> 	Images files:['486016', '486015', '486014', '486013', '486012', '486011', '486010', '486009']	img count: 7
2023-02-07 17:43:52 [ERROR] [FAILED]	[ID: 486008]  Title: Follow secrect bra 	Price:$	Link:https://t.me/joinchat/FVE33KPWkWBlMDIy	Aff_link:BROKEN: https://t.me Detected	Saved-> 	Images files:['486008']	img count: 0
2023-02-07 17:43:57 [INFO] [SUCCESS]	[ID: 486007]  Title: NIKE            	Price:59$	Link:https://bit.ly/3i72zlR	Aff_link:https://s.click.aliexpress.com/e/_EQCqBG9	Saved-> 	Images files:['486007', '486006', '486005', '486004', '486003', '486002', '486001', '486000', '485999', '485998']	img count: 9
2023-02-07 17:44:41 [ERROR] [FAILED]	[ID: 485997]  Title: Dior bag        	Price:28.10$	Link:https://shp.pub/6ljrcs	Aff_link:Failed to convert	Saved-> 	Images files:['485997', '485996', '485995', '485994', '485993', '485992', '485991']	img count: 6
2023-02-07 17:44:50 [INFO] [SUCCESS]	[ID: 485990]  Title: Casio G         	Price:31.36$	Link:https://bit.ly/3HrHF9J	Aff_link:https://s.click.aliexpress.com/e/_EIOOHhf	Saved-> 	Images files:['485990', '485989', '485988', '485987', '485986', '485985', '485984', '485983', '485982', '485981']	img count: 9
2023-02-07 17:44:55 [INFO] [SUCCESS]	[ID: 485980]  Title: NIKE            	Price:59$	Link:https://bit.ly/3i72zlR	Aff_link:https://s.click.aliexpress.com/e/_EIv7k5j	Saved-> 	Images files:['485980', '485979', '485978', '485977', '485976', '485975', '485974', '485973', '485972', '485971']	img count: 9
2023-02-07 17:45:03 [INFO] [SUCCESS]	[ID: 485970]  Title: DIOR bag        	Price:59$	Link:https://bit.ly/3i72zlR	Aff_link:https://s.click.aliexpress.com/e/_EGZBJAv	Saved-> 	Images files:['485970', '485969', '485968', '485967', '485966', '485965', '485964', '485963']	img count: 7
2023-02-07 17:45:14 [INFO] [SUCCESS]	[ID: 485962]  Title: NIKE            	Price:80$	Link:https://bit.ly/3WX9M75	Aff_link:https://s.click.aliexpress.com/e/_ExW2hvn	Saved-> 	Images files:['485962', '485961', '485960', '485959', '485958', '485957', '485956', '485955', '485954', '485953']	img count: 9
2023-02-07 17:45:26 [INFO] [SUCCESS]	[ID: 485952]  Title: Lancome         	Price:45.90$	Link:https://shp.pub/6lo6y1	Aff_link:https://s.click.aliexpress.com/e/_EIX6nTL	Saved-> 	Images files:['485952', '485951', '485950', '485949', '485948', '485947', '485946', '485945', '485944']	img count: 8
2023-02-07 17:45:35 [INFO] [SUCCESS]	[ID: 485943]  Title: CC set          	Price:50.90$	Link:https://shp.pub/6lo6ph	Aff_link:https://s.click.aliexpress.com/e/_Eycn2cZ	Saved-> 	Images files:['485943', '485942', '485941', '485940', '485939', '485938', '485937']	img count: 6
2023-02-07 17:45:52 [INFO] [SUCCESS]	[ID: 485936]  Title: Armani          	Price:41.90$	Link:https://shp.pub/6lo6io	Aff_link:https://s.click.aliexpress.com/e/_Eu5C8Ut	Saved-> 	Images files:['485936', '485935', '485934', '485933', '485932', '485931', '485930', '485929']	img count: 7
2023-02-07 17:46:00 [INFO] [SUCCESS]	[ID: 485928]  Title: Jo malone       	Price:38.90$	Link:https://shp.pub/6lo52r	Aff_link:https://s.click.aliexpress.com/e/_Evtieed	Saved-> 	Images files:['485928', '485927', '485926', '485925', '485924']	img count: 4
2023-02-07 17:46:05 [INFO] [SUCCESS]	[ID: 485923]  Title: Balmain         	Price:27.90$	Link:https://shp.pub/6lo4hr	Aff_link:https://s.click.aliexpress.com/e/_EGckknR	Saved-> 	Images files:['485923', '485922', '485921', '485920', '485919', '485918']	img count: 5
2023-02-07 17:46:10 [INFO] [SUCCESS]	[ID: 485917]  Title: NIKE            	Price:59$	Link:https://bit.ly/3i72zlR	Aff_link:https://s.click.aliexpress.com/e/_EIn1zW1	Saved-> 	Images files:['485917', '485916', '485915', '485914', '485913', '485912', '485911', '485910', '485909', '485908']	img count: 9
2023-02-07 17:46:16 [INFO] [SUCCESS]	[ID: 485907]  Title: NIKE            	Price:59$	Link:https://bit.ly/3i72zlR	Aff_link:https://s.click.aliexpress.com/e/_EudGHZR	Saved-> 	Images files:['485907', '485906', '485905', '485904', '485903']	img count: 4
2023-02-07 17:46:22 [INFO] [SUCCESS]	[ID: 485902]  Title: Balmain         	Price:27.90$	Link:https://shp.pub/6lo4hr	Aff_link:https://s.click.aliexpress.com/e/_EwpkZa1	Saved-> 	Images files:['485902', '485901', '485900', '485899', '485898', '485897', '485896', '485895', '485894', '485893']	img count: 9
2023-02-07 17:46:31 [INFO] [SUCCESS]	[ID: 485892]  Title: LV belt         	Price:47$	Link:https://bit.ly/3IcM2r9	Aff_link:https://s.click.aliexpress.com/e/_EyQhUBr	Saved-> 	Images files:['485892', '485891', '485890', '485889', '485888', '485887', '485886', '485885', '485884']	img count: 8
2023-02-07 17:46:43 [INFO] [SUCCESS]	[ID: 485883]  Title: NIKE            	Price:70$	Link:https://bit.ly/3WWfCFQ	Aff_link:https://s.click.aliexpress.com/e/_EuHOgm9	Saved-> 	Images files:['485883', '485882', '485881', '485880', '485879', '485878', '485877', '485876']	img count: 7
2023-02-07 17:46:46 [INFO] [SUCCESS]	[ID: 485875]  Title: LV belts        	Price:35$	Link:https://bit.ly/3Vt5S4E	Aff_link:https://s.click.aliexpress.com/e/_EuJzVVR	Saved-> 	Images files:['485875', '485874', '485873', '485872', '485871', '485870']	img count: 5
2023-02-07 17:46:52 [ERROR] [FAILED]	[ID: 485869]  Title: GG shoes        	Price:55$	Link:https://bit.ly/3WAhT9C	Aff_link:Failed to convert	Saved-> 	Images files:['485869', '485868', '485867', '485866', '485865', '485864', '485863', '485862', '485861']	img count: 8
2023-02-07 17:47:09 [INFO] [SUCCESS]	[ID: 485860]  Title: TNF             	Price:75$	Link:https://bit.ly/3Q1O4fG	Aff_link:https://s.click.aliexpress.com/e/_EvZD9CV	Saved-> 	Images files:['485860', '485859', '485858', '485857', '485856', '485855', '485854', '485853']	img count: 7
2023-02-07 17:47:18 [INFO] [SUCCESS]	[ID: 485852]  Title: VANS backpack size 	Price:31.19$	Link:https://bit.ly/3wU7iev	Aff_link:https://s.click.aliexpress.com/e/_EJIYZo9	Saved-> 	Images files:['485852', '485851', '485850', '485849', '485848', '485847', '485846', '485845', '485844', '485843']	img count: 9
2023-02-07 17:47:20 [INFO] [SUCCESS]	[ID: 485842]  Title: NIKE            	Price:70$	Link:https://bit.ly/3WWfCFQ	Aff_link:https://s.click.aliexpress.com/e/_EQO65uN	Saved-> 	Images files:['485842', '485841', '485840']	img count: 2
2023-02-07 17:47:26 [INFO] [SUCCESS]	[ID: 485839]  Title: NIKE            	Price:70$	Link:https://bit.ly/3WWfCFQ	Aff_link:https://s.click.aliexpress.com/e/_EvwKw41	Saved-> 	Images files:['485839', '485838', '485837', '485836', '485835', '485834', '485833', '485832', '485831', '485830']	img count: 9
2023-02-07 17:47:35 [INFO] [SUCCESS]	[ID: 485829]  Title: NIKE            	Price:70$	Link:https://bit.ly/3WWfCFQ	Aff_link:https://s.click.aliexpress.com/e/_EzUz1Rj	Saved-> 	Images files:['485829', '485828', '485827', '485826', '485825', '485824', '485823', '485822', '485821', '485820']	img count: 9
2023-02-07 17:47:39 [INFO] [SUCCESS]	[ID: 485819]  Title: NIKE            	Price:75$	Link:https://bit.ly/3Q1O4fG	Aff_link:https://s.click.aliexpress.com/e/_EvbppVn	Saved-> 	Images files:['485819', '485818', '485817', '485816', '485815', '485814']	img count: 5
2023-02-07 17:47:43 [INFO] [SUCCESS]	[ID: 485813]  Title: NIKE            	Price:59$	Link:https://bit.ly/3i72zlR	Aff_link:https://s.click.aliexpress.com/e/_EICuh5r	Saved-> 	Images files:['485813', '485812', '485811', '485810', '485809', '485808', '485807', '485806', '485805']	img count: 8
2023-02-07 17:47:48 [ERROR] [FAILED]	[ID: 485804]  Title: NIKE            	Price:55$	Link:https://bit.ly/3WAhT9C	Aff_link:Failed to convert	Saved-> 	Images files:['485804', '485803', '485802', '485801', '485800', '485799']	img count: 5
2023-02-07 17:48:01 [INFO] [SUCCESS]	[ID: 485798]  Title: NIKE            	Price:65$	Link:https://bit.ly/3vtyxfa	Aff_link:https://s.click.aliexpress.com/e/_EIYMPn3	Saved-> 	Images files:['485798', '485797', '485796', '485795', '485794', '485793', '485792', '485791', '485790']	img count: 8
2023-02-07 17:48:05 [INFO] [SUCCESS]	[ID: 485789]  Title: NIKE            	Price:69$	Link:https://bit.ly/3WS8wSr	Aff_link:https://s.click.aliexpress.com/e/_Ez2LMed	Saved-> 	Images files:['485789', '485788', '485787', '485786', '485785', '485784', '485783', '485782', '485781']	img count: 8
2023-02-07 17:48:09 [INFO] [SUCCESS]	[ID: 485780]  Title: NIKE            	Price:59$	Link:https://bit.ly/3i72zlR	Aff_link:https://s.click.aliexpress.com/e/_EyN2VQt	Saved-> 	Images files:['485780', '485779', '485778', '485777', '485776', '485775']	img count: 5
2023-02-07 17:48:15 [INFO] [SUCCESS]	[ID: 485774]  Title: NIKE            	Price:100$	Link:https://bit.ly/3CbCv02	Aff_link:https://s.click.aliexpress.com/e/_EH9vZSZ	Saved-> 	Images files:['485774', '485773', '485772', '485771', '485770', '485769', '485768', '485767', '485766']	img count: 8
2023-02-07 17:48:24 [INFO] [SUCCESS]	[ID: 485765]  Title: NIKE            	Price:89$	Link:https://bit.ly/3G0MupP	Aff_link:https://s.click.aliexpress.com/e/_Ey31Czb	Saved-> 	Images files:['485765', '485764', '485763', '485762', '485761', '485760', '485759', '485758', '485757', '485756']	img count: 9
2023-02-07 17:48:30 [ERROR] [FAILED]	[ID: 485755]  Title: NIKE            	Price:125$	Link:https://bit.ly/3WAhT9C	Aff_link:Failed to convert	Saved-> 	Images files:['485755', '485754', '485753', '485752', '485751', '485750']	img count: 5
2023-02-07 17:48:38 [ERROR] [FAILED]	[ID: 485749]  Title: NIKE            	Price:125$	Link:https://bit.ly/3WAhT9C	Aff_link:Failed to convert	Saved-> 	Images files:['485749', '485748', '485747', '485746', '485745', '485744', '485743']	img count: 6
2023-02-07 17:48:40 [ERROR] [FAILED]	[ID: 485742]  Title: Catalogs

1) https 	Price:$	Link:https://hypeallie.online/jackzhang/	Aff_link:BROKEN: https://hypeallie.online Detected	Saved-> 	Images files:['485742']	img count: 0
2023-02-07 17:48:47 [INFO] [SUCCESS]	[ID: 485741]  Title: NIKE            	Price:105$	Link:https://bit.ly/3Q3lef2	Aff_link:https://s.click.aliexpress.com/e/_EIvxyvx	Saved-> 	Images files:['485741', '485740', '485739', '485738', '485737']	img count: 4
2023-02-07 17:48:58 [INFO] [SUCCESS]	[ID: 485736]  Title: NIKE            	Price:65$	Link:https://bit.ly/3vtyxfa	Aff_link:https://s.click.aliexpress.com/e/_EH0IpM5	Saved-> 	Images files:['485736', '485735', '485734', '485733', '485732', '485731', '485730', '485729', '485728']	img count: 8
2023-02-07 17:49:01 [INFO] [SUCCESS]	[ID: 485727]  Title: NIKE            	Price:70$	Link:https://bit.ly/3WWfCFQ	Aff_link:https://s.click.aliexpress.com/e/_EH4Vzb7	Saved-> 	Images files:['485727', '485726', '485725', '485724', '485723', '485722']	img count: 5
2023-02-07 17:49:10 [INFO] [SUCCESS]	[ID: 485721]  Title: Dior Saddle Baby B 	Price:67.80$	Link:https://bit.ly/3DDGZNx	Aff_link:https://s.click.aliexpress.com/e/_EINpfkd	Saved-> 	Images files:['485721', '485720', '485719', '485718', '485717', '485716', '485715', '485714', '485713']	img count: 8
2023-02-07 17:49:15 [INFO] [SUCCESS]	[ID: 485712]  Title: NIKE            	Price:70$	Link:https://bit.ly/3WWfCFQ	Aff_link:https://s.click.aliexpress.com/e/_EzH9kbP	Saved-> 	Images files:['485712', '485711', '485710', '485709', '485708', '485707', '485706', '485705', '485704', '485703']	img count: 9
2023-02-07 17:49:19 [INFO] [SUCCESS]	[ID: 485702]  Title: NIKE            	Price:70$	Link:https://bit.ly/3WWfCFQ	Aff_link:https://s.click.aliexpress.com/e/_ExH0M6V	Saved-> 	Images files:['485702', '485701', '485700', '485699', '485698', '485697', '485696', '485695', '485694', '485693']	img count: 9
2023-02-07 17:49:27 [INFO] [SUCCESS]	[ID: 485692]  Title: cK hoodie       	Price:35.88$	Link:https://bit.ly/3jBsGlH	Aff_link:https://s.click.aliexpress.com/e/_Eu7Bxuz	Saved-> 	Images files:['485692', '485691', '485690', '485689', '485688', '485687', '485686', '485685', '485684']	img count: 8
2023-02-07 17:49:35 [INFO] [SUCCESS]	[ID: 485683]  Title: NIKE            	Price:59$	Link:https://bit.ly/3i72zlR	Aff_link:https://s.click.aliexpress.com/e/_EGsXqnf	Saved-> 	Images files:['485683', '485682', '485681', '485680', '485679', '485678', '485677']	img count: 6
2023-02-07 17:49:41 [INFO] [SUCCESS]	[ID: 485676]  Title: Carhartt WIP Delta 	Price:20.28$	Link:https://bit.ly/3HUP2rT	Aff_link:https://s.click.aliexpress.com/e/_EjHcFzf	Saved-> 	Images files:['485676', '485675', '485674', '485673', '485672', '485671', '485670', '485669']	img count: 7
2023-02-07 17:49:50 [INFO] [SUCCESS]	[ID: 485668]  Title: Ralph Lauren Sweat 	Price:41.28$	Link:https://bit.ly/3jl25cN	Aff_link:https://s.click.aliexpress.com/e/_EwAmp0N	Saved-> 	Images files:['485668', '485667', '485666', '485665', '485664', '485663', '485662', '485661', '485660']	img count: 8
2023-02-07 17:49:56 [INFO] [SUCCESS]	[ID: 485659]  Title: NIKE            	Price:59$	Link:https://bit.ly/3i72zlR	Aff_link:https://s.click.aliexpress.com/e/_EJeRE8v	Saved-> 	Images files:['485659', '485658', '485657', '485656', '485655', '485654', '485653']	img count: 6
2023-02-07 17:50:08 [INFO] [SUCCESS]	[ID: 485652]  Title: Burberry BBR bag 	Price:84.48$	Link:https://bit.ly/3XVDrOF	Aff_link:https://s.click.aliexpress.com/e/_EQDXGW5	Saved-> 	Images files:['485652', '485651', '485650', '485649', '485648', '485647', '485646', '485645', '485644', '485643']	img count: 9
2023-02-07 17:50:14 [INFO] [SUCCESS]	[ID: 485642]  Title: NIKE            	Price:69$	Link:https://bit.ly/3WS8wSr	Aff_link:https://s.click.aliexpress.com/e/_EzrokNF	Saved-> 	Images files:['485642', '485641', '485640', '485639', '485638', '485637', '485636']	img count: 6
2023-02-07 17:50:18 [INFO] [SUCCESS]	[ID: 485635]  Title: Sportswear      	Price:50$	Link:https://bit.ly/3Z2osDy	Aff_link:https://s.click.aliexpress.com/e/_EwR7ZCV	Saved-> 	Images files:['485635', '485634', '485633', '485632', '485631', '485630', '485629']	img count: 6
2023-02-07 17:50:27 [INFO] [SUCCESS]	[ID: 485628]  Title: Vans sweater    	Price:61.19$	Link:https://bit.ly/3DF7nGR	Aff_link:https://s.click.aliexpress.com/e/_EyNEl85	Saved-> 	Images files:['485628', '485627', '485626', '485625', '485624', '485623', '485622', '485621', '485620']	img count: 8
2023-02-07 17:50:35 [INFO] [SUCCESS]	[ID: 485619]  Title: Moncler jacket  	Price:83.88$	Link:https://bit.ly/3YfcMwe	Aff_link:https://s.click.aliexpress.com/e/_EwddUxf	Saved-> 	Images files:['485619', '485618', '485617', '485616', '485615', '485614', '485613', '485612', '485611']	img count: 8
2023-02-07 17:50:40 [INFO] [SUCCESS]	[ID: 485610]  Title: Sportswear      	Price:50$	Link:https://bit.ly/3Z2osDy	Aff_link:https://s.click.aliexpress.com/e/_Ew4rLID	Saved-> 	Images files:['485610', '485609', '485608', '485607', '485606', '485605', '485604', '485603', '485602', '485601']	img count: 9
2023-02-07 17:50:45 [INFO] [SUCCESS]	[ID: 485600]  Title: Sportswear      	Price:50$	Link:https://bit.ly/3Z2osDy	Aff_link:https://s.click.aliexpress.com/e/_EIRbPJF	Saved-> 	Images files:['485600', '485599', '485598', '485597', '485596', '485595', '485594', '485593', '485592', '485591']	img count: 9
2023-02-07 17:50:54 [INFO] [SUCCESS]	[ID: 485590]  Title: MLB NY jacket   	Price:61.19$	Link:https://bit.ly/3JGJeDp	Aff_link:https://s.click.aliexpress.com/e/_Ewt0AxP	Saved-> 	Images files:['485590', '485589', '485588', '485587', '485586', '485585', '485584', '485583']	img count: 7
2023-02-07 17:51:00 [INFO] [SUCCESS]	[ID: 485582]  Title: Sportswear      	Price:50$	Link:https://bit.ly/3Z2osDy	Aff_link:https://s.click.aliexpress.com/e/_EvWZ9hB	Saved-> 	Images files:['485582', '485581', '485580', '485579', '485578', '485577', '485576', '485575', '485574', '485573']	img count: 9
2023-02-07 17:51:04 [INFO] [SUCCESS]	[ID: 485572]  Title: FIFA            	Price:50$	Link:https://bit.ly/3Z2osDy	Aff_link:https://s.click.aliexpress.com/e/_EzXsdFT	Saved-> 	Images files:['485572', '485571']	img count: 1
2023-02-07 17:51:11 [INFO] [SUCCESS]	[ID: 485570]  Title: FIFA            	Price:50$	Link:https://bit.ly/3Z2osDy	Aff_link:https://s.click.aliexpress.com/e/_EvkwItx	Saved-> 	Images files:['485570', '485569', '485568', '485567', '485566', '485565', '485564', '485563', '485562', '485561']	img count: 9
2023-02-07 17:51:23 [INFO] [SUCCESS]	[ID: 485560]  Title: LOEWE sweater   	Price:56.39$	Link:https://bit.ly/3Yq4IJa	Aff_link:https://s.click.aliexpress.com/e/_EvXiYnf	Saved-> 	Images files:['485560', '485559', '485558', '485557', '485556', '485555', '485554', '485553', '485552', '485551']	img count: 9
2023-02-07 17:51:27 [INFO] [SUCCESS]	[ID: 485550]  Title: NIKE            	Price:59$	Link:https://bit.ly/3i72zlR	Aff_link:https://s.click.aliexpress.com/e/_EuA9V6t	Saved-> 	Images files:['485550', '485549', '485548', '485547']	img count: 3
2023-02-07 17:51:31 [INFO] [SUCCESS]	[ID: 485546]  Title: NIKE            	Price:59$	Link:https://bit.ly/3i72zlR	Aff_link:https://s.click.aliexpress.com/e/_Ewb4vFj	Saved-> 	Images files:['485546', '485545', '485544', '485543', '485542', '485541', '485540', '485539', '485538', '485537']	img count: 9
2023-02-07 17:51:39 [INFO] [SUCCESS]	[ID: 485536]  Title: NIKE            	Price:59$	Link:https://bit.ly/3i72zlR	Aff_link:https://s.click.aliexpress.com/e/_EJqeLkl	Saved-> 	Images files:['485536', '485535', '485534', '485533', '485532', '485531', '485530', '485529', '485528']	img count: 8
2023-02-07 17:51:46 [INFO] [SUCCESS]	[ID: 485527]  Title: NIKE            	Price:59$	Link:https://bit.ly/3i72zlR	Aff_link:https://s.click.aliexpress.com/e/_EJplO6d	Saved-> 	Images files:['485527', '485526', '485525', '485524', '485523', '485522', '485521', '485520', '485519', '485518']	img count: 9
2023-02-07 17:51:50 [INFO] [SUCCESS]	[ID: 485517]  Title: NIKE            	Price:53$	Link:https://bit.ly/3WvKmgS	Aff_link:https://s.click.aliexpress.com/e/_EJpxYpL	Saved-> 	Images files:['485517', '485516', '485515', '485514', '485513', '485512']	img count: 5
2023-02-07 17:51:55 [ERROR] [FAILED]	[ID: 485511]  Title: NIKE            	Price:55$	Link:https://bit.ly/3WAhT9C	Aff_link:Failed to convert	Saved-> 	Images files:['485511', '485510', '485509', '485508', '485507']	img count: 4
2023-02-07 17:52:01 [ERROR] [FAILED]	[ID: 485506]  Title: Follow our Look Ch 	Price:$	Link:https://bestallie.x.yupoo.com/	Aff_link:No AliExpress Link Detected	Saved-> 	Images files:['485506']	img count: 0
2023-02-07 17:52:08 [INFO] [SUCCESS]	[ID: 485505]  Title: NIKE            	Price:89$	Link:https://bit.ly/3G0MupP	Aff_link:https://s.click.aliexpress.com/e/_EQpvKLJ	Saved-> 	Images files:['485505', '485504', '485503', '485502', '485501', '485500', '485499', '485498']	img count: 7
2023-02-07 17:52:17 [INFO] [SUCCESS]	[ID: 485497]  Title: NIKE            	Price:75$	Link:https://bit.ly/3Q1O4fG	Aff_link:https://s.click.aliexpress.com/e/_Euu9flr	Saved-> 	Images files:['485497', '485496', '485495', '485494', '485493', '485492', '485491', '485490', '485489', '485488']	img count: 9
2023-02-07 17:52:18 [ERROR] [FAILED]	[ID: 485487]  Title: Follow secrect bra 	Price:$	Link:https://t.me/joinchat/FVE33KPWkWBlMDIy	Aff_link:BROKEN: https://t.me Detected	Saved-> 	Images files:['485487']	img count: 0
2023-02-07 17:52:22 [INFO] [SUCCESS]	[ID: 485486]  Title: NIKE            	Price:45$	Link:https://bit.ly/3hZn4B0	Aff_link:https://s.click.aliexpress.com/e/_Ew9dhc9	Saved-> 	Images files:['485486', '485485', '485484']	img count: 2
2023-02-07 17:52:32 [INFO] [SUCCESS]	[ID: 485483]  Title: NIKE            	Price:45$	Link:https://bit.ly/3hZn4B0	Aff_link:https://s.click.aliexpress.com/e/_EHeQRhB	Saved-> 	Images files:['485483', '485482', '485481', '485480', '485479', '485478', '485477', '485476', '485475', '485474']	img count: 9
2023-02-07 17:52:40 [INFO] [SUCCESS]	[ID: 485473]  Title: NIKE            	Price:45$	Link:https://bit.ly/3hZn4B0	Aff_link:https://s.click.aliexpress.com/e/_EJV0orf	Saved-> 	Images files:['485473', '485472', '485471', '485470', '485469', '485468', '485467', '485466']	img count: 7
2023-02-07 17:52:49 [INFO] [SUCCESS]	[ID: 485465]  Title: NIKE            	Price:45$	Link:https://bit.ly/3hZn4B0	Aff_link:https://s.click.aliexpress.com/e/_EvNeHkH	Saved-> 	Images files:['485465', '485464', '485463', '485462', '485461', '485460', '485459', '485458', '485457', '485456']	img count: 9
2023-02-07 17:53:00 [INFO] [SUCCESS]	[ID: 485455]  Title: NIKE            	Price:59$	Link:https://bit.ly/3i72zlR	Aff_link:https://s.click.aliexpress.com/e/_EuM3ua9	Saved-> 	Images files:['485455', '485454', '485453', '485452', '485451', '485450', '485449', '485448']	img count: 7
2023-02-07 17:53:08 [ERROR] [FAILED]	[ID: 485447]  Title: NIKE            	Price:55$	Link:https://bit.ly/3WAhT9C	Aff_link:Failed to convert	Saved-> 	Images files:['485447', '485446', '485445', '485444', '485443', '485442']	img count: 5
2023-02-07 17:53:15 [INFO] [SUCCESS]	[ID: 485441]  Title: NIKE            	Price:89$	Link:https://bit.ly/3G0MupP	Aff_link:https://s.click.aliexpress.com/e/_EJUFFOv	Saved-> 	Images files:['485441', '485440', '485439', '485438', '485437', '485436', '485435', '485434']	img count: 7
2023-02-07 17:53:23 [ERROR] [FAILED]	[ID: 485433]  Title: NIKE            	Price:55$	Link:https://bit.ly/3WAhT9C	Aff_link:Failed to convert	Saved-> 	Images files:['485433', '485432', '485431', '485430', '485429', '485428', '485427']	img count: 6
2023-02-07 17:53:30 [INFO] [SUCCESS]	[ID: 485426]  Title: NIKE            	Price:65$	Link:https://bit.ly/3vtyxfa	Aff_link:https://s.click.aliexpress.com/e/_EwqyDMd	Saved-> 	Images files:['485426', '485425', '485424', '485423', '485422', '485421', '485420', '485419']	img count: 7
2023-02-07 17:53:39 [ERROR] [FAILED]	[ID: 485418]  Title: NIKE            	Price:55$	Link:https://bit.ly/3WAhT9C	Aff_link:Failed to convert	Saved-> 	Images files:['485418', '485417', '485416', '485415', '485414', '485413', '485412', '485411', '485410']	img count: 8
2023-02-07 17:53:48 [ERROR] [FAILED]	[ID: 485409]  Title: NIKE            	Price:55$	Link:https://bit.ly/3WAhT9C	Aff_link:Failed to convert	Saved-> 	Images files:['485409', '485408', '485407', '485406', '485405', '485404', '485403', '485402', '485401', '485400']	img count: 9
2023-02-07 17:53:57 [ERROR] [FAILED]	[ID: 485399]  Title: NIKE            	Price:55$	Link:https://bit.ly/3WAhT9C	Aff_link:Failed to convert	Saved-> 	Images files:['485399', '485398', '485397', '485396', '485395', '485394', '485393', '485392', '485391', '485390']	img count: 9
2023-02-07 17:54:05 [ERROR] [FAILED]	[ID: 485389]  Title: NIKE            	Price:55$	Link:https://bit.ly/3WAhT9C	Aff_link:Failed to convert	Saved-> 	Images files:['485389', '485388', '485387', '485386', '485385', '485384', '485383', '485382']	img count: 7
2023-02-07 17:54:15 [ERROR] [FAILED]	[ID: 485381]  Title: NIKE            	Price:55$	Link:https://bit.ly/3WAhT9C	Aff_link:Failed to convert	Saved-> 	Images files:['485381', '485380', '485379', '485378', '485377', '485376', '485375', '485374', '485373', '485372']	img count: 9
2023-02-07 17:54:21 [INFO] [SUCCESS]	[ID: 485371]  Title: NIKE            	Price:75$	Link:https://bit.ly/3Q1O4fG	Aff_link:https://s.click.aliexpress.com/e/_EISE78l	Saved-> 	Images files:['485371', '485370', '485369', '485368', '485367', '485366']	img count: 5
2023-02-07 17:54:28 [INFO] [SUCCESS]	[ID: 485365]  Title: NIKE            	Price:75$	Link:https://bit.ly/3Q1O4fG	Aff_link:https://s.click.aliexpress.com/e/_EwpRKhj	Saved-> 	Images files:['485365', '485364', '485363', '485362', '485361', '485360', '485359']	img count: 6
2023-02-07 17:54:39 [INFO] [SUCCESS]	[ID: 485358]  Title: Martens         	Price:49.88$	Link:https://shp.pub/6lmx4d	Aff_link:https://s.click.aliexpress.com/e/_Ejwd0hx	Saved-> 	Images files:['485358', '485357', '485356', '485355', '485354', '485353', '485352', '485351', '485350', '485349']	img count: 9
2023-02-07 17:55:08 [INFO] [SUCCESS]	[ID: 485348]  Title: Jacquemus      	Price:51.00$	Link:https://shp.pub/6lmuvh	Aff_link:https://s.click.aliexpress.com/e/_Eu9bCbP	Saved-> 	Images files:['485348', '485347', '485346', '485345', '485344', '485343', '485342', '485341', '485340', '485339']	img count: 9
2023-02-07 17:55:34 [INFO] [SUCCESS]	[ID: 485338]  Title: MK bag          	Price:54.00$	Link:https://shp.pub/6lmttr	Aff_link:https://s.click.aliexpress.com/e/_EIstY7f	Saved-> 	Images files:['485338', '485337', '485336', '485335', '485334', '485333', '485332', '485331', '485330', '485329']	img count: 9
2023-02-07 17:56:08 [INFO] [SUCCESS]	[ID: 485328]  Title: Nike            	Price:33.58$	Link:https://shp.pub/6lmp65	Aff_link:https://s.click.aliexpress.com/e/_EyOLwNx	Saved-> 	Images files:['485328', '485327', '485326', '485325', '485324', '485323', '485322', '485321']	img count: 7
2023-02-07 17:56:19 [INFO] [SUCCESS]	[ID: 485320]  Title: NIKE            	Price:60$	Link:https://bit.ly/3Gv9a2Q	Aff_link:https://s.click.aliexpress.com/e/_EI8EHnF	Saved-> 	Images files:['485320', '485319', '485318', '485317', '485316', '485315', '485314', '485313']	img count: 7
2023-02-07 17:56:30 [ERROR] [FAILED]	[ID: 485312]  Title: NIKE            	Price:55$	Link:https://bit.ly/3WAhT9C	Aff_link:Failed to convert	Saved-> 	Images files:['485312', '485311', '485310', '485309', '485308', '485307', '485306', '485305', '485304', '485303']	img count: 9
2023-02-07 17:56:38 [INFO] [SUCCESS]	[ID: 485302]  Title: TNF             	Price:61.99$	Link:https://shp.pub/6lmnpg	Aff_link:https://s.click.aliexpress.com/e/_EwwOTvB	Saved-> 	Images files:['485302', '485301', '485300', '485299', '485298', '485297', '485296', '485295']	img count: 7
2023-02-07 17:56:42 [INFO] [SUCCESS]	[ID: 485294]  Title: NIKE            	Price:75$	Link:https://bit.ly/3Q1O4fG	Aff_link:https://s.click.aliexpress.com/e/_EGDKBP3	Saved-> 	Images files:['485294', '485293', '485292', '485291', '485290', '485289']	img count: 5
2023-02-07 17:56:49 [INFO] [SUCCESS]	[ID: 485288]  Title: NIKE            	Price:75$	Link:https://bit.ly/3Q1O4fG	Aff_link:https://s.click.aliexpress.com/e/_Ew2DjdJ	Saved-> 	Images files:['485288', '485287', '485286', '485285', '485284', '485283', '485282', '485281']	img count: 7
2023-02-07 17:56:55 [INFO] [SUCCESS]	[ID: 485280]  Title: NIKE            	Price:89$	Link:https://bit.ly/3G0MupP	Aff_link:https://s.click.aliexpress.com/e/_EGvoWPB	Saved-> 	Images files:['485280', '485279', '485278', '485277', '485276', '485275']	img count: 5
2023-02-07 17:57:02 [INFO] [SUCCESS]	[ID: 485274]  Title: NIKE            	Price:29$	Link:https://bit.ly/3IcW3ol	Aff_link:https://s.click.aliexpress.com/e/_EGJz3At	Saved-> 	Images files:['485274', '485273', '485272', '485271', '485270', '485269', '485268', '485267', '485266']	img count: 8
2023-02-07 17:57:07 [INFO] [SUCCESS]	[ID: 485265]  Title: NIKE            	Price:29$	Link:https://bit.ly/3IcW3ol	Aff_link:https://s.click.aliexpress.com/e/_EJRMCkv	Saved-> 	Images files:['485265', '485264', '485263', '485262', '485261', '485260', '485259', '485258', '485257', '485256']	img count: 9
2023-02-07 17:57:11 [INFO] [SUCCESS]	[ID: 485255]  Title: NIKE            	Price:29$	Link:https://bit.ly/3IcW3ol	Aff_link:https://s.click.aliexpress.com/e/_EJyO5j3	Saved-> 	Images files:['485255', '485254', '485253', '485252', '485251', '485250', '485249', '485248']	img count: 7
2023-02-07 17:57:15 [INFO] [SUCCESS]	[ID: 485247]  Title: NIKE            	Price:53$	Link:https://bit.ly/3WvKmgS	Aff_link:https://s.click.aliexpress.com/e/_EGkhcfB	Saved-> 	Images files:['485247', '485246', '485245', '485244']	img count: 3
2023-02-07 17:57:22 [INFO] [SUCCESS]	[ID: 485243]  Title: NIKE            	Price:29$	Link:https://bit.ly/3IcW3ol	Aff_link:https://s.click.aliexpress.com/e/_Ez99mjJ	Saved-> 	Images files:['485243', '485242', '485241', '485240', '485239', '485238', '485237', '485236', '485235', '485234']	img count: 9
2023-02-07 17:57:26 [INFO] [SUCCESS]	[ID: 485233]  Title: NIKE            	Price:59$	Link:https://bit.ly/3i72zlR	Aff_link:https://s.click.aliexpress.com/e/_EInjklT	Saved-> 	Images files:['485233', '485232', '485231', '485230']	img count: 3
2023-02-07 17:57:29 [ERROR] [FAILED]	[ID: 485229]  Title: Catalogs

1) https 	Price:$	Link:https://hypeallie.online/jackzhang/	Aff_link:BROKEN: https://hypeallie.online Detected	Saved-> 	Images files:['485229']	img count: 0
2023-02-07 17:57:35 [INFO] [SUCCESS]	[ID: 485228]  Title: NIKE            	Price:59$	Link:https://bit.ly/3i72zlR	Aff_link:https://s.click.aliexpress.com/e/_EJDYssp	Saved-> 	Images files:['485228', '485227', '485226', '485225', '485224', '485223', '485222', '485221', '485220', '485219']	img count: 9
2023-02-07 17:57:40 [INFO] [SUCCESS]	[ID: 485218]  Title: NIKE            	Price:59$	Link:https://bit.ly/3i72zlR	Aff_link:https://s.click.aliexpress.com/e/_EQkargd	Saved-> 	Images files:['485218', '485217', '485216', '485215', '485214', '485213', '485212', '485211', '485210', '485209']	img count: 9
2023-02-07 17:57:45 [INFO] [SUCCESS]	[ID: 485208]  Title: NIKE            	Price:9.9$	Link:https://bit.ly/3I7OQ9a	Aff_link:https://s.click.aliexpress.com/e/_EHRSpOZ	Saved-> 	Images files:['485208', '485207', '485206', '485205', '485204']	img count: 4
2023-02-07 17:58:13 [INFO] [SUCCESS]	[ID: 485203]  Title: Dyson hair dryer h 	Price:156$	Link:https://bit.ly/3Y0ITzM	Aff_link:https://s.click.aliexpress.com/e/_ExSi2tF	Saved-> 	Images files:['485203', '485202', '485201', '485200', '485199', '485198', '485197', '485196', '485195', '485194']	img count: 9
2023-02-07 17:58:16 [INFO] [SUCCESS]	[ID: 485193]  Title: NIKE            	Price:9.9$	Link:https://bit.ly/3I7OQ9a	Aff_link:https://s.click.aliexpress.com/e/_EGmiBep	Saved-> 	Images files:['485193', '485192', '485191']	img count: 2
2023-02-07 17:58:20 [INFO] [SUCCESS]	[ID: 485190]  Title: NIKE            	Price:52$	Link:https://bit.ly/3WPCerm	Aff_link:https://s.click.aliexpress.com/e/_Ew18MUt	Saved-> 	Images files:['485190', '485189', '485188', '485187', '485186', '485185', '485184']	img count: 6
2023-02-07 17:58:30 [INFO] [SUCCESS]	[ID: 485183]  Title: Louis Vuitton LV Q 	Price:26.38$	Link:https://bit.ly/3HSiZZu	Aff_link:https://s.click.aliexpress.com/e/_EGo4eqV	Saved-> 	Images files:['485183', '485182', '485181', '485180', '485179', '485178', '485177', '485176', '485175', '485174']	img count: 9
2023-02-07 17:58:35 [INFO] [SUCCESS]	[ID: 485173]  Title: NIKE            	Price:62$	Link:https://bit.ly/3C8UXq4	Aff_link:https://s.click.aliexpress.com/e/_EI9Frtf	Saved-> 	Images files:['485173', '485172', '485171']	img count: 2
2023-02-07 17:58:40 [INFO] [SUCCESS]	[ID: 485170]  Title: Carhartt backpack 	Price:37.61$	Link:https://bit.ly/3YmBB9z	Aff_link:https://s.click.aliexpress.com/e/_EwTyFLF	Saved-> 	Images files:['485170', '485169', '485168', '485167', '485166', '485165']	img count: 5
2023-02-07 17:58:47 [INFO] [SUCCESS]	[ID: 485164]  Title: MOSCHINO belt   	Price:39.55$	Link:https://bit.ly/3HGGCUK	Aff_link:https://s.click.aliexpress.com/e/_EGpVtB3	Saved-> 	Images files:['485164', '485163', '485162', '485161', '485160', '485159', '485158', '485157', '485156']	img count: 8
2023-02-07 17:58:51 [ERROR] [FAILED]	[ID: 485155]  Title: NIKE            	Price:55$	Link:https://bit.ly/3WAhT9C	Aff_link:Failed to convert	Saved-> 	Images files:['485155', '485154', '485153', '485152', '485151']	img count: 4
2023-02-07 17:59:02 [INFO] [SUCCESS]	[ID: 485150]  Title: NIKE AIR MAX furyo 	Price:73.45$	Link:https://bit.ly/3RrpNjZ	Aff_link:https://s.click.aliexpress.com/e/_EyY6g01	Saved-> 	Images files:['485150', '485149', '485148', '485147', '485146', '485145', '485144', '485143', '485142', '485141']	img count: 9
2023-02-07 17:59:10 [INFO] [SUCCESS]	[ID: 485140]  Title: Rolex watch qualit 	Price:318$	Link:https://bit.ly/3JFN6F0	Aff_link:https://s.click.aliexpress.com/e/_EuyQwKl	Saved-> 	Images files:['485140', '485139', '485138', '485137', '485136', '485135', '485134', '485133', '485132', '485131']	img count: 9
2023-02-07 17:59:15 [INFO] [SUCCESS]	[ID: 485130]  Title: GUCCI hoodie Sweat 	Price:46.33$	Link:https://bit.ly/40dC2on	Aff_link:https://s.click.aliexpress.com/e/_EGXhmIz	Saved-> 	Images files:['485130', '485129', '485128', '485127', '485126', '485125', '485124', '485123', '485122', '485121']	img count: 9
2023-02-07 17:59:19 [INFO] [SUCCESS]	[ID: 485120]  Title: NIKE            	Price:53$	Link:https://bit.ly/3WvKmgS	Aff_link:https://s.click.aliexpress.com/e/_EGiTmcv	Saved-> 	Images files:['485120', '485119', '485118', '485117', '485116']	img count: 4
2023-02-07 17:59:28 [INFO] [SUCCESS]	[ID: 485115]  Title: Ralph Lauren hoodi 	Price:47.88$	Link:https://bit.ly/3DE7jHl	Aff_link:https://s.click.aliexpress.com/e/_EHb0eoD	Saved-> 	Images files:['485115', '485114', '485113', '485112', '485111', '485110', '485109', '485108', '485107']	img count: 8
2023-02-07 17:59:36 [INFO] [SUCCESS]	[ID: 485106]  Title: Balenciaga TRACK 	Price:124.30$	Link:https://bit.ly/40eQRXL	Aff_link:https://s.click.aliexpress.com/e/_EQkuvZP	Saved-> 	Images files:['485106', '485105', '485104', '485103', '485102', '485101', '485100', '485099', '485098']	img count: 8
2023-02-07 17:59:44 [INFO] [SUCCESS]	[ID: 485097]  Title: NIKE            	Price:62$	Link:https://bit.ly/3C8UXq4	Aff_link:https://s.click.aliexpress.com/e/_Ewkw3HP	Saved-> 	Images files:['485097', '485096', '485095', '485094', '485093', '485092', '485091', '485090', '485089', '485088']	img count: 9
2023-02-07 17:59:48 [ERROR] [FAILED]	[ID: 485087]  Title: NIKE            	Price:55$	Link:https://bit.ly/3WAhT9C	Aff_link:Failed to convert	Saved-> 	Images files:['485087', '485086', '485085', '485084', '485083']	img count: 4
2023-02-07 17:59:57 [INFO] [SUCCESS]	[ID: 485082]  Title: cK hoodie       	Price:35.88$	Link:https://bit.ly/3jBsGlH	Aff_link:https://s.click.aliexpress.com/e/_EIKwECZ	Saved-> 	Images files:['485082', '485081', '485080', '485079', '485078', '485077', '485076', '485075', '485074']	img count: 8
2023-02-07 18:00:02 [INFO] [SUCCESS]	[ID: 485073]  Title: Balenciaga TRACK 	Price:124.30$	Link:https://bit.ly/40eQRXL	Aff_link:https://s.click.aliexpress.com/e/_EwX6BKD	Saved-> 	Images files:['485073', '485072', '485071', '485070', '485069', '485068', '485067', '485066', '485065', '485064']	img count: 9
2023-02-07 18:00:07 [INFO] [SUCCESS]	[ID: 485063]  Title: NIKE            	Price:50$	Link:https://bit.ly/3Z2osDy	Aff_link:https://s.click.aliexpress.com/e/_ExlvHM9	Saved-> 	Images files:['485063', '485062', '485061', '485060', '485059', '485058', '485057', '485056', '485055', '485054']	img count: 9
2023-02-07 18:00:14 [INFO] [SUCCESS]	[ID: 485053]  Title: Adidas          	Price:29.90$	Link:https://shp.pub/6lgsy1	Aff_link:https://s.click.aliexpress.com/e/_EvRDiOz	Saved-> 	Images files:['485053', '485052', '485051', '485050', '485049', '485048', '485047']	img count: 6
2023-02-07 18:00:25 [INFO] [SUCCESS]	[ID: 485046]  Title: THE NORTH FACE  	Price:75$	Link:https://bit.ly/3Q1O4fG	Aff_link:https://s.click.aliexpress.com/e/_Ey6uj37	Saved-> 	Images files:['485046', '485045', '485044', '485043', '485042', '485041', '485040']	img count: 6
2023-02-07 18:00:31 [INFO] [SUCCESS]	[ID: 485039]  Title: Carhartt WIP Delta 	Price:20.28$	Link:https://bit.ly/3HUP2rT	Aff_link:https://s.click.aliexpress.com/e/_EJ4qFLF	Saved-> 	Images files:['485039', '485038', '485037', '485036', '485035', '485034', '485033', '485032']	img count: 7
2023-02-07 18:00:39 [INFO] [SUCCESS]	[ID: 485031]  Title: Balenciaga TRACK 	Price:124.30$	Link:https://bit.ly/40eQRXL	Aff_link:https://s.click.aliexpress.com/e/_EGA2MIz	Saved-> 	Images files:['485031', '485030', '485029', '485028', '485027', '485026', '485025', '485024', '485023', '485022']	img count: 9
2023-02-07 18:01:01 [INFO] [SUCCESS]	[ID: 485021]  Title: LV              	Price:59$	Link:https://bit.ly/3i72zlR	Aff_link:https://s.click.aliexpress.com/e/_EILCATf	Saved-> 	Images files:['485021', '485020', '485019', '485018', '485017', '485016', '485015']	img count: 6
2023-02-07 18:01:05 [ERROR] [FAILED]	[ID: 485014]  Title: NIKE            	Price:55$	Link:https://bit.ly/3WAhT9C	Aff_link:Failed to convert	Saved-> 	Images files:['485014', '485013', '485012', '485011', '485010']	img count: 4
2023-02-07 18:01:14 [INFO] [SUCCESS]	[ID: 485009]  Title: THE NORTH FACE TNF 	Price:44.16$	Link:https://bit.ly/3wTXX6I	Aff_link:https://s.click.aliexpress.com/e/_EIYV9TF	Saved-> 	Images files:['485009', '485008', '485007', '485006', '485005', '485004', '485003', '485002', '485001', '485000']	img count: 9
2023-02-07 18:01:20 [ERROR] [FAILED]	[ID: 484999]  Title: NIKE            	Price:55$	Link:https://bit.ly/3WAhT9C	Aff_link:Failed to convert	Saved-> 	Images files:['484999', '484998', '484997', '484996', '484995', '484994', '484993', '484992', '484991', '484990']	img count: 9
2023-02-07 18:01:26 [ERROR] [FAILED]	[ID: 484989]  Title: NIKE            	Price:55$	Link:https://bit.ly/3WAhT9C	Aff_link:Failed to convert	Saved-> 	Images files:['484989', '484988', '484987', '484986', '484985', '484984', '484983', '484982', '484981', '484980']	img count: 9
2023-02-07 18:01:33 [ERROR] [FAILED]	[ID: 484979]  Title: NIKE            	Price:55$	Link:https://bit.ly/3WAhT9C	Aff_link:Failed to convert	Saved-> 	Images files:['484979', '484978', '484977', '484976', '484975', '484974', '484973', '484972', '484971', '484970']	img count: 9
2023-02-07 18:01:41 [INFO] [SUCCESS]	[ID: 484969]  Title: Dior Saddle Baby B 	Price:67.80$	Link:https://bit.ly/3DDGZNx	Aff_link:https://s.click.aliexpress.com/e/_EzVkyO9	Saved-> 	Images files:['484969', '484968', '484967', '484966', '484965', '484964', '484963', '484962', '484961']	img count: 8
2023-02-07 18:01:46 [ERROR] [FAILED]	[ID: 484960]  Title: Follow our Look Ch 	Price:$	Link:https://bestallie.x.yupoo.com/	Aff_link:No AliExpress Link Detected	Saved-> 	Images files:['484960']	img count: 0
2023-02-07 18:01:53 [INFO] [SUCCESS]	[ID: 484959]  Title: NIKE            	Price:69$	Link:https://bit.ly/3WS8wSr	Aff_link:https://s.click.aliexpress.com/e/_EJaIhjb	Saved-> 	Images files:['484959', '484958', '484957', '484956', '484955', '484954', '484953', '484952']	img count: 7
2023-02-07 18:02:01 [INFO] [SUCCESS]	[ID: 484951]  Title: NIKE            	Price:62$	Link:https://bit.ly/3C8UXq4	Aff_link:https://s.click.aliexpress.com/e/_Ezk93hf	Saved-> 	Images files:['484951', '484950', '484949', '484948', '484947', '484946', '484945', '484944']	img count: 7
2023-02-07 18:02:10 [INFO] [SUCCESS]	[ID: 484943]  Title: New Balance CT302  	Price:54.81$	Link:https://bit.ly/3E12Fn9	Aff_link:https://s.click.aliexpress.com/e/_Ew4nNUz	Saved-> 	Images files:['484943', '484942', '484941', '484940', '484939', '484938', '484937', '484936', '484935', '484934']	img count: 9
2023-02-07 18:02:11 [ERROR] [FAILED]	[ID: 484933]  Title: Follow secrect bra 	Price:$	Link:https://t.me/joinchat/FVE33KPWkWBlMDIy	Aff_link:BROKEN: https://t.me Detected	Saved-> 	Images files:['484933']	img count: 0
2023-02-07 18:02:17 [INFO] [SUCCESS]	[ID: 484932]  Title: NIKE            	Price:70$	Link:https://bit.ly/3WWfCFQ	Aff_link:https://s.click.aliexpress.com/e/_EJzPpQh	Saved-> 	Images files:['484932', '484931', '484930', '484929', '484928']	img count: 4
2023-02-07 18:02:21 [INFO] [SUCCESS]	[ID: 484927]  Title: NIKE            	Price:59$	Link:https://bit.ly/3i72zlR	Aff_link:https://s.click.aliexpress.com/e/_EQT35Ip	Saved-> 	Images files:['484927', '484926', '484925', '484924', '484923']	img count: 4
2023-02-07 18:02:35 [INFO] [SUCCESS]	[ID: 484922]  Title: Adidas Forum 84 Lo 	Price:58.20$	Link:https://bit.ly/3Dzjg0L	Aff_link:https://s.click.aliexpress.com/e/_EIgzVWp	Saved-> 	Images files:['484922', '484921', '484920', '484919', '484918', '484917', '484916', '484915', '484914', '484913']	img count: 9
2023-02-07 18:02:38 [INFO] full_file_name: /Users/user/Desktop/Backup/photo_2023-02-07_18-02-37.jpg, handle_fd: /Users/user/Desktop/Backup/products_handaling/, id: 484906
2023-02-07 18:02:39 [INFO] full_file_name: /Users/user/Desktop/Backup/.jpg, handle_fd: /Users/user/Desktop/Backup/products_handaling/, id: 484905
2023-02-07 18:02:40 [INFO] full_file_name: /Users/user/Desktop/Backup/photo_2023-02-07_18-02-39.jpg, handle_fd: /Users/user/Desktop/Backup/products_handaling/, id: 484904
2023-02-07 18:02:40 [INFO] full_file_name: /Users/user/Desktop/Backup/photo_2023-02-07_18-02-40.jpg, handle_fd: /Users/user/Desktop/Backup/products_handaling/, id: 484903
