2023-02-03 14:35:00 [ERROR] [FAILED]	[ID: 484797]  Title: NBA jersey      	Price:31$	Link:https://bit.ly/3VI88VW	Aff_link:Failed to convert Ali Express link	Saved-> 	Images files:['484797', '484796', '484795', '484794', '484793', '484792', '484791', '484790', '484789']	img count: 8
2023-02-03 14:35:09 [ERROR] [FAILED]	[ID: 484788]  Title: Birkenstock     	Price:55$	Link:https://bit.ly/3WAhT9C	Aff_link:Failed to convert Ali Express link	Saved-> 	Images files:['484788', '484787', '484786', '484785', '484784', '484783', '484782', '484781', '484780']	img count: 16
2023-02-03 14:35:26 [ERROR] [FAILED]	[ID: 484779]  Title: NIKE            	Price:53$	Link:https://bit.ly/3WvKmgS	Aff_link:Failed to convert Ali Express link	Saved-> 	Images files:['484779', '484778', '484777', '484776', '484775', '484774', '484773', '484772', '484771', '484770']	img count: 25
2023-02-03 14:35:36 [INFO] [SUCCESS]	[ID: 484769]  Title: Nike Travis Scott  	Price:53.68$	Link:https://bit.ly/3HU7IYJ	Aff_link:https://s.click.aliexpress.com/e/_EvMtF4D	Saved-> 	Images files:['484769', '484768', '484767', '484766', '484765', '484764', '484763', '484762', '484761', '484760']	img count: 34
2023-02-03 14:35:46 [ERROR] [FAILED]	[ID: 484759]  Title: NIKE            	Price:65$	Link:https://bit.ly/3vtyxfa	Aff_link:Failed to convert Ali Express link	Saved-> 	Images files:['484759', '484758', '484757', '484756', '484755', '484754', '484753', '484752', '484751', '484750']	img count: 43
2023-02-03 14:35:55 [ERROR] [FAILED]	[ID: 484749]  Title: NIKE            	Price:39$	Link:https://bit.ly/3IcGexS	Aff_link:Failed to convert Ali Express link	Saved-> 	Images files:['484749', '484748', '484747', '484746', '484745', '484744', '484743']	img count: 49
2023-02-03 14:36:05 [ERROR] [FAILED]	[ID: 484742]  Title: D&G             	Price:79$	Link:https://bit.ly/3CcLUEj	Aff_link:Failed to convert Ali Express link	Saved-> 	Images files:['484742', '484741', '484740', '484739', '484738', '484737']	img count: 54
2023-02-03 14:36:13 [INFO] [SUCCESS]	[ID: 484736]  Title: Nike Travis Scott  	Price:53.68$	Link:https://bit.ly/3HU7IYJ	Aff_link:https://s.click.aliexpress.com/e/_EzneySv	Saved-> 	Images files:['484736', '484735', '484734', '484733', '484732', '484731', '484730']	img count: 60
2023-02-03 14:36:27 [ERROR] [FAILED]	[ID: 484729]  Title: NIKE            	Price:52$	Link:https://bit.ly/3WPCerm	Aff_link:Failed to convert Ali Express link	Saved-> 	Images files:['484729', '484728', '484727', '484726', '484725', '484724', '484723', '484722']	img count: 67
2023-02-03 14:36:41 [ERROR] [FAILED]	[ID: 484721]  Title: NIKE            	Price:95$	Link:https://bit.ly/3WAL4JS	Aff_link:Failed to convert Ali Express link	Saved-> 	Images files:['484721', '484720', '484719', '484718', '484717', '484716', '484715', '484714', '484713']	img count: 75
2023-02-03 14:36:51 [INFO] [SUCCESS]	[ID: 484712]  Title: Nike Travis Scott  	Price:53.68$	Link:https://bit.ly/3HU7IYJ	Aff_link:https://s.click.aliexpress.com/e/_EuWmRJP	Saved-> 	Images files:['484712', '484711', '484710', '484709', '484708', '484707', '484706', '484705', '484704', '484703']	img count: 84
2023-02-03 14:37:11 [INFO] [SUCCESS]	[ID: 484702]  Title: TH jacket       	Price:51.00$	Link:https://shp.pub/6ll3zy	Aff_link:https://s.click.aliexpress.com/e/_EvNNJXf	Saved-> 	Images files:['484702', '484701', '484700', '484699', '484698', '484697', '484696', '484695', '484694']	img count: 92
2023-02-03 14:37:25 [INFO] [SUCCESS]	[ID: 484693]  Title: Nike coat       	Price:24.90$	Link:https://shp.pub/6ll3sk	Aff_link:https://s.click.aliexpress.com/e/_ExkcHeN	Saved-> 	Images files:['484693', '484692', '484691', '484690', '484689', '484688', '484687', '484686', '484685', '484684']	img count: 101
2023-02-03 14:37:37 [ERROR] [FAILED]	[ID: 484683]  Title: NIKE            	Price:70$	Link:https://bit.ly/3WWfCFQ	Aff_link:Failed to convert Ali Express link	Saved-> 	Images files:['484683', '484682', '484681', '484680', '484679', '484678', '484677', '484676', '484675']	img count: 109
2023-02-03 14:37:50 [ERROR] [FAILED]	[ID: 484674]  Title: PRADA           	Price:23$	Link:https://bit.ly/3Z0jS8T	Aff_link:Failed to convert Ali Express link	Saved-> 	Images files:['484674', '484673', '484672', '484671', '484670', '484669', '484668', '484667', '484666', '484665']	img count: 118
2023-02-03 14:38:01 [ERROR] [FAILED]	[ID: 484664]  Title: NIKE            	Price:65$	Link:https://bit.ly/3vtyxfa	Aff_link:Failed to convert Ali Express link	Saved-> 	Images files:['484664', '484663', '484662', '484661', '484660', '484659', '484658']	img count: 124
2023-02-03 14:38:10 [ERROR] [FAILED]	[ID: 484657]  Title: NIKE            	Price:60$	Link:https://bit.ly/3Gv9a2Q	Aff_link:Failed to convert Ali Express link	Saved-> 	Images files:['484657', '484656', '484655', '484654', '484653', '484652']	img count: 129
2023-02-03 14:38:29 [ERROR] [FAILED]	[ID: 484651]  Title: JACQUEMUS       	Price:59$	Link:https://bit.ly/3i72zlR	Aff_link:Failed to convert Ali Express link	Saved-> 	Images files:['484651', '484650', '484649', '484648', '484647', '484646', '484645', '484644', '484643', '484642']	img count: 138
2023-02-03 14:38:42 [INFO] [SUCCESS]	[ID: 484641]  Title: LV    Jacket    	Price:76.90$	Link:https://shp.pub/6ll03r	Aff_link:https://s.click.aliexpress.com/e/_Ev8vHfn	Saved-> 	Images files:['484641', '484640', '484639', '484638', '484637', '484636']	img count: 143
2023-02-03 14:38:52 [ERROR] [FAILED]	[ID: 484635]  Title: NIKE            	Price:55$	Link:https://bit.ly/3WAhT9C	Aff_link:Failed to convert Ali Express link	Saved-> 	Images files:['484635', '484634', '484633', '484632', '484631', '484630']	img count: 148
2023-02-03 14:39:07 [INFO] [SUCCESS]	[ID: 484629]  Title: GG shoes        	Price:48.50$	Link:https://shp.pub/6ll01f	Aff_link:https://s.click.aliexpress.com/e/_Exmkm0V	Saved-> 	Images files:['484629', '484628', '484627', '484626', '484625', '484624', '484623', '484622']	img count: 155
2023-02-03 14:39:24 [ERROR] [FAILED]	[ID: 484621]  Title: NIKE            	Price:55$	Link:https://bit.ly/3WAhT9C	Aff_link:Failed to convert Ali Express link	Saved-> 	Images files:['484621', '484620', '484619', '484618', '484617', '484616', '484615', '484614', '484613', '484612']	img count: 164
2023-02-03 14:39:32 [ERROR] [FAILED]	[ID: 484611]  Title: NIKE            	Price:65$	Link:https://bit.ly/3vtyxfa	Aff_link:Failed to convert Ali Express link	Saved-> 	Images files:['484611', '484610', '484609', '484608']	img count: 167
2023-02-03 14:39:42 [ERROR] [FAILED]	[ID: 484607]  Title: NIKE            	Price:65$	Link:https://bit.ly/3vtyxfa	Aff_link:Failed to convert Ali Express link	Saved-> 	Images files:['484607', '484606', '484605', '484604', '484603', '484602', '484601']	img count: 173
2023-02-03 14:39:51 [ERROR] [FAILED]	[ID: 484600]  Title: NIKE            	Price:35$	Link:https://bit.ly/3Vt5S4E	Aff_link:Failed to convert Ali Express link	Saved-> 	Images files:['484600', '484599', '484598', '484597', '484596', '484595', '484594', '484593', '484592']	img count: 181
2023-02-03 14:39:58 [ERROR] [FAILED]	[ID: 484591]  Title: Catalogs

1) https 	Price:$	Link:https://hypeallie.online/jackzhang/	Aff_link:No Ali Express link detected	Saved-> 	Images files:['484591']	img count: 181
2023-02-03 14:40:06 [ERROR] [FAILED]	[ID: 484590]  Title: NIKE            	Price:33$	Link:https://bit.ly/3G2mAlz	Aff_link:Failed to convert Ali Express link	Saved-> 	Images files:['484590', '484589', '484588', '484587', '484586', '484585', '484584']	img count: 187
2023-02-03 14:40:17 [ERROR] [FAILED]	[ID: 484583]  Title: NIKE            	Price:60$	Link:https://bit.ly/3Gv9a2Q	Aff_link:Failed to convert Ali Express link	Saved-> 	Images files:['484583', '484582', '484581', '484580', '484579', '484578', '484577']	img count: 193
2023-02-03 14:40:34 [ERROR] [FAILED]	[ID: 484576]  Title: NIKE            	Price:70$	Link:https://bit.ly/3WWfCFQ	Aff_link:Failed to convert Ali Express link	Saved-> 	Images files:['484576', '484575', '484574', '484573', '484572', '484571', '484570', '484569', '484568', '484567']	img count: 202
2023-02-03 14:40:48 [INFO] [SUCCESS]	[ID: 484566]  Title: Louis Vuitton  LV  	Price:73.45$	Link:https://bit.ly/3jfM1sH	Aff_link:https://s.click.aliexpress.com/e/_Ew1CAyH	Saved-> 	Images files:['484566', '484565', '484564', '484563', '484562', '484561', '484560', '484559', '484558', '484557']	img count: 211
2023-02-03 14:41:02 [ERROR] [FAILED]	[ID: 484556]  Title: NIKE            	Price:65$	Link:https://bit.ly/3vtyxfa	Aff_link:Failed to convert Ali Express link	Saved-> 	Images files:['484556', '484555', '484554', '484553', '484552', '484551', '484550', '484549', '484548', '484547']	img count: 220
2023-02-03 14:41:14 [ERROR] [FAILED]	[ID: 484546]  Title: NIKE            	Price:65$	Link:https://bit.ly/3vtyxfa	Aff_link:Failed to convert Ali Express link	Saved-> 	Images files:['484546', '484545', '484544', '484543', '484542', '484541', '484540', '484539', '484538', '484537']	img count: 229
2023-02-03 14:41:22 [ERROR] [FAILED]	[ID: 484536]  Title: Coach bag High qua 	Price:65.76$	Link:https://bit.ly/3HqquFP	Aff_link:No Ali Express link detected	Saved-> 	Images files:['484536', '484535', '484534', '484533', '484532', '484531', '484530', '484529', '484528', '484527']	img count: 238
2023-02-03 14:41:29 [ERROR] [FAILED]	[ID: 484526]  Title: NIKE            	Price:70$	Link:https://bit.ly/3WWfCFQ	Aff_link:Failed to convert Ali Express link	Saved-> 	Images files:['484526', '484525', '484524', '484523']	img count: 241
2023-02-03 14:41:40 [ERROR] [FAILED]	[ID: 484522]  Title: Ralph Lauren RL sw 	Price:60.88$	Link:https://bit.ly/3RnWoal	Aff_link:No Ali Express link detected	Saved-> 	Images files:['484522', '484521', '484520', '484519', '484518', '484517', '484516', '484515', '484514', '484513']	img count: 250
2023-02-03 14:41:51 [INFO] [SUCCESS]	[ID: 484512]  Title: Moncler jacket  	Price:83.88$	Link:https://bit.ly/3YfcMwe	Aff_link:https://s.click.aliexpress.com/e/_Ey02IeZ	Saved-> 	Images files:['484512', '484511', '484510', '484509', '484508', '484507', '484506', '484505', '484504']	img count: 258
2023-02-03 14:41:59 [ERROR] [FAILED]	[ID: 484503]  Title: NIKE            	Price:70$	Link:https://bit.ly/3WWfCFQ	Aff_link:Failed to convert Ali Express link	Saved-> 	Images files:['484503', '484502', '484501', '484500', '484499', '484498', '484497']	img count: 264
2023-02-03 14:42:08 [ERROR] [FAILED]	[ID: 484496]  Title: Coach REVEL BAG 	Price:69.54$	Link:https://bit.ly/40j1xV5	Aff_link:No Ali Express link detected	Saved-> 	Images files:['484496', '484495', '484494', '484493', '484492', '484491', '484490', '484489', '484488', '484487']	img count: 273
2023-02-03 14:42:20 [INFO] [SUCCESS]	[ID: 484486]  Title: Nike Air Presto x  	Price:57.60$	Link:https://bit.ly/3Jq70DD	Aff_link:https://s.click.aliexpress.com/e/_EIjn2ep	Saved-> 	Images files:['484486', '484485', '484484', '484483', '484482', '484481', '484480', '484479']	img count: 280
2023-02-03 14:42:29 [ERROR] [FAILED]	[ID: 484478]  Title: NIKE            	Price:55$	Link:https://bit.ly/3WAhT9C	Aff_link:Failed to convert Ali Express link	Saved-> 	Images files:['484478', '484477', '484476', '484475', '484474', '484473', '484472', '484471']	img count: 287
2023-02-03 14:42:41 [INFO] [SUCCESS]	[ID: 484470]  Title: Ralph Lauren Sweat 	Price:41.28$	Link:https://bit.ly/3jl25cN	Aff_link:https://s.click.aliexpress.com/e/_EIKjMsH	Saved-> 	Images files:['484470', '484469', '484468', '484467', '484466', '484465', '484464', '484463', '484462']	img count: 295
2023-02-03 14:42:49 [INFO] [SUCCESS]	[ID: 484461]  Title: Chloe sunglasses 	Price:26.40$	Link:https://bit.ly/3Y5nzJk	Aff_link:https://s.click.aliexpress.com/e/_EzNnxId	Saved-> 	Images files:['484461', '484460', '484459', '484458', '484457', '484456', '484455', '484454']	img count: 302
2023-02-03 14:42:58 [ERROR] [FAILED]	[ID: 484453]  Title: NIKE            	Price:55$	Link:https://bit.ly/3WAhT9C	Aff_link:Failed to convert Ali Express link	Saved-> 	Images files:['484453', '484452', '484451', '484450', '484449', '484448', '484447']	img count: 308
2023-02-03 14:43:06 [ERROR] [FAILED]	[ID: 484446]  Title: NIKE            	Price:55$	Link:https://bit.ly/3WAhT9C	Aff_link:Failed to convert Ali Express link	Saved-> 	Images files:['484446', '484445', '484444', '484443', '484442', '484441', '484440', '484439']	img count: 315
2023-02-03 14:43:44 [INFO] [SUCCESS]	[ID: 484438]  Title: Dyson hair dryer h 	Price:156$	Link:https://bit.ly/3Y0ITzM	Aff_link:https://s.click.aliexpress.com/e/_EQ4Mqs5	Saved-> 	Images files:['484438', '484437', '484436', '484435', '484434', '484433', '484432', '484431', '484430', '484429']	img count: 324
2023-02-03 14:43:54 [INFO] [SUCCESS]	[ID: 484428]  Title: Adidas Originals H 	Price:54$	Link:https://bit.ly/3Re3GNX	Aff_link:https://s.click.aliexpress.com/e/_Eu2xWsl	Saved-> 	Images files:['484428', '484427', '484426', '484425', '484424', '484423', '484422', '484421', '484420', '484419']	img count: 333
2023-02-03 14:44:00 [ERROR] [FAILED]	[ID: 484418]  Title: no title        	Price:no title	Link:no title	Aff_link:no title	Saved-> 	Images files:['484418', '484417', '484416', '484415', '484414', '484413']	img count: 338
2023-02-03 14:44:05 [ERROR] [FAILED]	[ID: 484412]  Title: no title        	Price:no title	Link:no title	Aff_link:no title	Saved-> 	Images files:['484412', '484411', '484410', '484409', '484408', '484407']	img count: 343
2023-02-03 14:44:23 [INFO] [SUCCESS]	[ID: 484406]  Title: Louis Vuitton LV Q 	Price:26.38$	Link:https://bit.ly/3HSiZZu	Aff_link:https://s.click.aliexpress.com/e/_Exqg6Qh	Saved-> 	Images files:['484406', '484405', '484404', '484403', '484402', '484401', '484400', '484399', '484398', '484397']	img count: 352
2023-02-03 14:44:39 [INFO] [SUCCESS]	[ID: 484396]  Title: RADO watch good qu 	Price:56.28$	Link:https://bit.ly/3YbR7Fb	Aff_link:https://s.click.aliexpress.com/e/_ExbymPj	Saved-> 	Images files:['484396', '484395', '484394', '484393', '484392', '484391', '484390', '484389', '484388', '484387']	img count: 361
2023-02-03 14:44:46 [ERROR] [FAILED]	[ID: 484386]  Title: no title        	Price:no title	Link:no title	Aff_link:no title	Saved-> 	Images files:['484386', '484385', '484384', '484383', '484382', '484381', '484380', '484379', '484378', '484377']	img count: 370
2023-02-03 14:44:52 [ERROR] [FAILED]	[ID: 484376]  Title: no title        	Price:no title	Link:no title	Aff_link:no title	Saved-> 	Images files:['484376', '484375', '484374', '484373', '484372', '484371']	img count: 375
2023-02-03 14:45:06 [INFO] [SUCCESS]	[ID: 484370]  Title: RADO watch good qu 	Price:56.28$	Link:https://bit.ly/3YbR7Fb	Aff_link:https://s.click.aliexpress.com/e/_EuV6TjR	Saved-> 	Images files:['484370', '484369', '484368', '484367', '484366', '484365', '484364', '484363', '484362', '484361']	img count: 384
2023-02-03 14:45:13 [ERROR] [FAILED]	[ID: 484360]  Title: no title        	Price:no title	Link:no title	Aff_link:no title	Saved-> 	Images files:['484360', '484359', '484358', '484357', '484356', '484355', '484354', '484353']	img count: 391
2023-02-03 14:45:20 [ERROR] [FAILED]	[ID: 484352]  Title: no title        	Price:no title	Link:no title	Aff_link:no title	Saved-> 	Images files:['484352', '484351', '484350', '484349', '484348', '484347', '484346', '484345']	img count: 398
2023-02-03 14:45:24 [ERROR] [FAILED]	[ID: 484344]  Title: no title        	Price:no title	Link:no title	Aff_link:no title	Saved-> 	Images files:['484344']	img count: 398
2023-02-03 14:45:29 [ERROR] [FAILED]	[ID: 484343]  Title: no title        	Price:no title	Link:no title	Aff_link:no title	Saved-> 	Images files:['484343', '484342', '484341', '484340', '484339', '484338', '484337', '484336']	img count: 405
2023-02-03 14:45:38 [ERROR] [FAILED]	[ID: 484335]  Title: no title        	Price:no title	Link:no title	Aff_link:no title	Saved-> 	Images files:['484335', '484334', '484333', '484332', '484331', '484330', '484329', '484328', '484327']	img count: 413
2023-02-03 14:45:48 [INFO] [SUCCESS]	[ID: 484326]  Title: Carhatt backpack 	Price:37.61$	Link:https://bit.ly/3YmBB9z	Aff_link:https://s.click.aliexpress.com/e/_EvIZY8z	Saved-> 	Images files:['484326', '484325', '484324', '484323', '484322', '484321']	img count: 418
2023-02-03 14:45:49 [ERROR] [FAILED]	[ID: 484320]  Title: no title        	Price:no title	Link:no title	Aff_link:no title	Saved-> 	Images files:['484320']	img count: 418
2023-02-03 14:45:59 [ERROR] [FAILED]	[ID: 484319]  Title: no title        	Price:no title	Link:no title	Aff_link:no title	Saved-> 	Images files:['484319', '484318', '484317', '484316', '484315', '484314', '484313']	img count: 424
2023-02-03 14:46:11 [INFO] [SUCCESS]	[ID: 484312]  Title: Nike Air max Tn sh 	Price:57.60$	Link:https://bit.ly/3JpsmB2	Aff_link:https://s.click.aliexpress.com/e/_EvrOVVj	Saved-> 	Images files:['484312', '484311', '484310', '484309', '484308', '484307', '484306', '484305', '484304']	img count: 432
2023-02-03 14:46:18 [ERROR] [FAILED]	[ID: 484303]  Title: no title        	Price:no title	Link:no title	Aff_link:no title	Saved-> 	Images files:['484303', '484302', '484301', '484300', '484299', '484298', '484297', '484296', '484295', '484294']	img count: 441
2023-02-03 14:46:27 [INFO] [SUCCESS]	[ID: 484293]  Title: Stussy bag      	Price:30.63$	Link:https://bit.ly/3XZSCq6	Aff_link:https://s.click.aliexpress.com/e/_EwTwdH3	Saved-> 	Images files:['484293', '484292', '484291', '484290', '484289', '484288', '484287']	img count: 447
2023-02-03 14:46:41 [INFO] [SUCCESS]	[ID: 484286]  Title: Nike Air max Tn sh 	Price:57.60$	Link:https://bit.ly/3JpsmB2	Aff_link:https://s.click.aliexpress.com/e/_Ewh4I77	Saved-> 	Images files:['484286', '484285', '484284', '484283', '484282', '484281', '484280', '484279', '484278', '484277']	img count: 456
2023-02-03 14:46:47 [ERROR] [FAILED]	[ID: 484276]  Title: no title        	Price:no title	Link:no title	Aff_link:no title	Saved-> 	Images files:['484276', '484275', '484274', '484273', '484272', '484271', '484270', '484269']	img count: 463
2023-02-03 14:46:59 [INFO] [SUCCESS]	[ID: 484268]  Title: NBA jersey      	Price:27.27$	Link:https://shp.pub/6lfazj	Aff_link:https://s.click.aliexpress.com/e/_EG2eI77	Saved-> 	Images files:['484268', '484267', '484266', '484265', '484264', '484263', '484262', '484261', '484260', '484259']	img count: 472
2023-02-03 14:47:12 [INFO] [SUCCESS]	[ID: 484258]  Title: Casio G         	Price:31.36$	Link:https://bit.ly/3HrHF9J	Aff_link:https://s.click.aliexpress.com/e/_EImYkFb	Saved-> 	Images files:['484258', '484257', '484256', '484255', '484254', '484253', '484252', '484251', '484250', '484249']	img count: 481
2023-02-03 14:47:25 [INFO] [SUCCESS]	[ID: 484248]  Title: Nike Air max Tn sh 	Price:57.60$	Link:https://bit.ly/3JpsmB2	Aff_link:https://s.click.aliexpress.com/e/_EzAVrlb	Saved-> 	Images files:['484248', '484247', '484246', '484245', '484244', '484243', '484242', '484241', '484240', '484239']	img count: 490
2023-02-03 14:47:30 [ERROR] [FAILED]	[ID: 484238]  Title: no title        	Price:no title	Link:no title	Aff_link:no title	Saved-> 	Images files:['484238', '484237', '484236', '484235', '484234', '484233', '484232']	img count: 496
2023-02-03 14:47:40 [INFO] [SUCCESS]	[ID: 484231]  Title: CHANEL braclet Wri 	Price:30.96$	Link:https://bit.ly/3WPCgPo	Aff_link:https://s.click.aliexpress.com/e/_Ex0zGzf	Saved-> 	Images files:['484231', '484230', '484229', '484228', '484227', '484226', '484225', '484224', '484223', '484222']	img count: 505
2023-02-03 14:47:46 [ERROR] [FAILED]	[ID: 484221]  Title: no title        	Price:no title	Link:no title	Aff_link:no title	Saved-> 	Images files:['484221', '484220', '484219', '484218']	img count: 508
2023-02-03 14:47:54 [ERROR] [FAILED]	[ID: 484217]  Title: no title        	Price:no title	Link:no title	Aff_link:no title	Saved-> 	Images files:['484217', '484216', '484215', '484214', '484213', '484212', '484211']	img count: 514
2023-02-03 14:48:11 [INFO] [SUCCESS]	[ID: 484210]  Title: LV braclet Wristba 	Price:27.48$	Link:https://bit.ly/3WSBDom	Aff_link:https://s.click.aliexpress.com/e/_EI7kLXf	Saved-> 	Images files:['484210', '484209', '484208', '484207', '484206', '484205', '484204', '484203', '484202', '484201']	img count: 523
2023-02-03 14:48:19 [ERROR] [FAILED]	[ID: 484200]  Title: no title        	Price:no title	Link:no title	Aff_link:no title	Saved-> 	Images files:['484200', '484199', '484198', '484197', '484196', '484195', '484194', '484193', '484192', '484191']	img count: 532
2023-02-03 14:48:37 [INFO] [SUCCESS]	[ID: 484190]  Title: Burberry BBR bag 	Price:84.48$	Link:https://bit.ly/3XVDrOF	Aff_link:https://s.click.aliexpress.com/e/_EvcNCYH	Saved-> 	Images files:['484190', '484189', '484188', '484187', '484186', '484185', '484184', '484183', '484182', '484181']	img count: 541
2023-02-03 14:48:44 [ERROR] [FAILED]	[ID: 484180]  Title: no title        	Price:no title	Link:no title	Aff_link:no title	Saved-> 	Images files:['484180', '484179', '484178', '484177', '484176', '484175']	img count: 546
2023-02-03 14:48:50 [ERROR] [FAILED]	[ID: 484174]  Title: no title        	Price:no title	Link:no title	Aff_link:no title	Saved-> 	Images files:['484174', '484173', '484172', '484171', '484170', '484169', '484168']	img count: 552
2023-02-03 14:48:58 [ERROR] [FAILED]	[ID: 484167]  Title: no title        	Price:no title	Link:no title	Aff_link:no title	Saved-> 	Images files:['484167', '484166', '484165', '484164', '484163']	img count: 556
2023-02-03 14:49:09 [ERROR] [FAILED]	[ID: 484162]  Title: no title        	Price:no title	Link:no title	Aff_link:no title	Saved-> 	Images files:['484162', '484161', '484160', '484159', '484158', '484157', '484156', '484155', '484154', '484153']	img count: 565
2023-02-03 14:49:20 [ERROR] [FAILED]	[ID: 484152]  Title: no title        	Price:no title	Link:no title	Aff_link:no title	Saved-> 	Images files:['484152', '484151', '484150', '484149', '484148', '484147', '484146', '484145', '484144', '484143']	img count: 574
2023-02-03 14:49:35 [INFO] [SUCCESS]	[ID: 484142]  Title: Palm            	Price:38.60$	Link:https://shp.pub/6ljqtc	Aff_link:https://s.click.aliexpress.com/e/_EuHC1xP	Saved-> 	Images files:['484142', '484141', '484140', '484139', '484138', '484137', '484136', '484135']	img count: 581
2023-02-03 14:49:46 [ERROR] [FAILED]	[ID: 484134]  Title: no title        	Price:no title	Link:no title	Aff_link:no title	Saved-> 	Images files:['484134', '484133', '484132', '484131', '484130', '484129', '484128', '484127', '484126', '484125']	img count: 590
