2023-02-09 19:17:45 [INFO] [ID:487481] [SUCCESS] 1/1	PALM ANGELS  ❣ 	60.00💲	https://s.click.aliexpress.com/e/_EuBlZ9R
2023-02-09 19:17:45 [WARNING] skipping no link line
2023-02-09 19:18:17 [INFO] [ID:487471] [SUCCESS] 2/2	PALM ANGELS  💓 	45.00💲	https://s.click.aliexpress.com/e/_Eu9bRkH
2023-02-09 19:18:46 [INFO] [ID:487464] [SUCCESS] 3/3	PALM ANGELS  💚 	47.00💲	https://s.click.aliexpress.com/e/_ExA7zCV
2023-02-09 19:18:46 [WARNING] skipping no link line
2023-02-09 19:19:22 [INFO] [ID:487458] [SUCCESS] 4/4	PALM ANGELS  💛 	47.00💲	https://s.click.aliexpress.com/e/_EHse173
2023-02-09 19:19:56 [INFO] [ID:487451] [SUCCESS] 5/5	PALM ANGELS  ️ 	47.00💲	https://s.click.aliexpress.com/e/_ExsLxlJ
2023-02-09 19:20:31 [INFO] [ID:487445] [SUCCESS] 6/6	PALM ANGELS  💓 	47.00💲	https://s.click.aliexpress.com/e/_EH70fPT
2023-02-09 19:21:05 [INFO] [ID:487438] [SUCCESS] 7/7	PALM ANGELS  ️ 	26.00💲	https://s.click.aliexpress.com/e/_ExpDlP3
2023-02-09 19:21:41 [INFO] [ID:487431] [SUCCESS] 8/8	PALM ANGELS  ️ 	25.00💲	https://s.click.aliexpress.com/e/_Exz3IUZ
2023-02-09 19:22:16 [INFO] [ID:487423] [SUCCESS] 9/9	PALM ANGELS  🧡 	25.00💲	https://s.click.aliexpress.com/e/_EGyyRW1
2023-02-09 19:22:51 [INFO] [ID:487417] [SUCCESS] 10/10	PALM ANGELS  💚 	25.00💲	https://s.click.aliexpress.com/e/_EJRbGOd
2023-02-09 19:22:51 [WARNING] skipping no link line
2023-02-09 19:23:26 [INFO] [ID:487401] [SUCCESS] 11/11	PALM ANGELS  ❤ 	25.00💲	https://s.click.aliexpress.com/e/_Eua6Bxx
2023-02-09 19:23:57 [INFO] [ID:487395] [SUCCESS] 12/12	PALM ANGELS  💜 	27.00💲	https://s.click.aliexpress.com/e/_EvHT8zT
2023-02-09 19:24:28 [INFO] [ID:487388] [SUCCESS] 13/13	TNF  💛         	40.00💲	https://s.click.aliexpress.com/e/_EQFuIXr
2023-02-09 19:25:05 [INFO] [ID:487383] [SUCCESS] 14/14	BOSS  🧡        	95.00💲	https://s.click.aliexpress.com/e/_EuA687X
2023-02-09 19:25:37 [INFO] [ID:487378] [SUCCESS] 15/15	RB glasses  ️  	21.49💲	https://s.click.aliexpress.com/e/_EvQdT3j
2023-02-09 19:25:37 [WARNING] skipping no link line
2023-02-09 19:26:04 [INFO] [ID:487366] [SUCCESS] 16/16	PALM ANGELS  🤍 	45.00💲	https://s.click.aliexpress.com/e/_EGCBVjL
2023-02-09 19:26:38 [INFO] [ID:487360] [SUCCESS] 17/17	PALM ANGELS  💓 	45.00💲	https://s.click.aliexpress.com/e/_EuG2yh3
2023-02-09 19:27:11 [INFO] [ID:487352] [SUCCESS] 18/18	PALM ANGELS  ❣ 	45.00💲	https://s.click.aliexpress.com/e/_EyaY9fx
2023-02-09 19:27:11 [WARNING] skipping no link line
2023-02-09 19:27:59 [INFO] [ID:487336] [SUCCESS] 19/19	GG hat  💓      	29.00💲	https://s.click.aliexpress.com/e/_EuK3AGv
2023-02-09 19:29:36 [INFO] [ID:487332] [SUCCESS] 20/20	LV  💘          	45.00💲	https://s.click.aliexpress.com/e/_EygR5Tx
2023-02-09 19:30:44 [INFO] [ID:487323] [SUCCESS] 21/21	LV  ❤          	79.00💲	https://s.click.aliexpress.com/e/_EGeeDNr
2023-02-09 19:31:17 [INFO] [ID:487313] [SUCCESS] 22/22	Trapstar  🧡    	59.00💲	https://s.click.aliexpress.com/e/_Eva0fe1
2023-02-09 19:31:58 [INFO] [ID:487309] [SUCCESS] 23/23	SUPREME  🧡     	26.00💲	https://s.click.aliexpress.com/e/_EzRNIEV
2023-02-09 19:32:34 [INFO] [ID:487299] [SUCCESS] 24/24	Supreme  ❣     	29.00💲	https://s.click.aliexpress.com/e/_EztNcwN
2023-02-09 19:32:34 [WARNING] skipping no link line
2023-02-09 19:33:10 [INFO] [ID:487283] [SUCCESS] 25/25	SUPREME  🧡     	33.00💲	https://s.click.aliexpress.com/e/_Ew6NvEv
2023-02-09 19:33:48 [INFO] [ID:487274] [SUCCESS] 26/26	SUPREME  🤎     	33.00💲	https://s.click.aliexpress.com/e/_EQCnM9j
2023-02-09 19:34:25 [INFO] [ID:487264] [SUCCESS] 27/27	SUPREME  💓     	33.00💲	https://s.click.aliexpress.com/e/_EGnkBYV
2023-02-09 19:37:31 [INFO] [ID:487254] [SUCCESS] 28/28	SUPREME  💓     	33.00💲	https://s.click.aliexpress.com/e/_Ey81TvR
2023-02-09 19:38:23 [INFO] [ID:487244] [SUCCESS] 29/29	SUPREME  🔥     	33.00💲	https://s.click.aliexpress.com/e/_Euwcdhn
2023-02-09 19:39:38 [INFO] [ID:487234] [SUCCESS] 30/30	SUPREME  ️     	39.00💲	https://s.click.aliexpress.com/e/_ExTdQ9x
2023-02-09 19:41:20 [INFO] [ID:487226] [SUCCESS] 31/31	SUPREME  ❣     	39.00💲	https://s.click.aliexpress.com/e/_Eu1l98l
2023-02-09 19:41:57 [INFO] [ID:487216] [SUCCESS] 32/32	SUPREME  ❤     	35.00💲	https://s.click.aliexpress.com/e/_EvCOtwp
2023-02-09 19:42:30 [INFO] [ID:487207] [SUCCESS] 33/33	SUPREME  ️     	35.00💲	https://s.click.aliexpress.com/e/_EwdFepb
2023-02-09 19:42:30 [WARNING] skipping no link line
2023-02-09 19:43:15 [INFO] [ID:487200] [SUCCESS] 34/34	SUPREME  ❣     	35.00💲	https://s.click.aliexpress.com/e/_ExFv8ov
2023-02-09 19:43:59 [INFO] [ID:487191] [SUCCESS] 35/35	SUPREME  ❣     	29.00💲	https://s.click.aliexpress.com/e/_Ezw99xL
2023-02-09 19:44:47 [INFO] [ID:487184] [SUCCESS] 36/36	Nike socks  ‍  	11.72💲	https://s.click.aliexpress.com/e/_EvMoaOV
2023-02-09 19:45:28 [INFO] [ID:487178] [SUCCESS] 37/37	NB shoes  ️    	37.23💲	https://s.click.aliexpress.com/e/_Eyy97s9
2023-02-09 19:45:28 [WARNING] ERROR: can not open --> /Users/user/Desktop/Backup_3/Item_487169/487169.png 	 in /Users/user/Desktop/Backup_3/Item_487169
2023-02-09 19:46:16 [INFO] [ID:487169] [SUCCESS] 38/38	Nike  💚        	29.34💲	https://s.click.aliexpress.com/e/_ExMsW3f
2023-02-09 19:46:55 [INFO] [ID:487161] [SUCCESS] 39/39	SUPREME  🔥     	30.00💲	https://s.click.aliexpress.com/e/_EwQvdEZ
2023-02-09 19:47:39 [INFO] [ID:487151] [SUCCESS] 40/40	SUPREME  💓     	30.00💲	https://s.click.aliexpress.com/e/_Ey5NWpj
2023-02-09 19:48:07 [INFO] [ID:487144] [SUCCESS] 41/41	SUPREME  ️     	30.00💲	https://s.click.aliexpress.com/e/_EwqbFkd
2023-02-09 19:48:40 [INFO] [ID:487138] [SUCCESS] 42/42	SUPREME  🖤     	30.00💲	https://s.click.aliexpress.com/e/_EGLxK0h
2023-02-09 19:49:49 [INFO] [ID:487130] [SUCCESS] 43/43	SUPREME  🔥     	30.00💲	https://s.click.aliexpress.com/e/_EI7Fmlx
2023-02-09 19:50:35 [INFO] [ID:487120] [SUCCESS] 44/44	SUPREME  💛     	33.00💲	https://s.click.aliexpress.com/e/_EvTDV4z
2023-02-09 19:51:12 [INFO] [ID:487115] [SUCCESS] 45/45	SUPREME  ️     	39.00💲	https://s.click.aliexpress.com/e/_EvdZLHX
2023-02-09 19:51:52 [INFO] [ID:487111] [SUCCESS] 46/46	SUPREME  ❤     	31.00💲	https://s.click.aliexpress.com/e/_EvpFln3
2023-02-09 19:52:53 [INFO] [ID:487102] [SUCCESS] 47/47	SUPREME  ‍     	36.00💲	https://s.click.aliexpress.com/e/_EzA8U6V
2023-02-09 19:53:35 [INFO] [ID:487093] [SUCCESS] 48/48	SUPREME  💝     	45.00💲	https://s.click.aliexpress.com/e/_Ev7rLX7
2023-02-09 19:54:40 [INFO] [ID:487083] [SUCCESS] 49/49	SUPREME  ️     	37.00💲	https://s.click.aliexpress.com/e/_EIVqr7F
2023-02-09 19:55:15 [INFO] [ID:487074] [SUCCESS] 50/50	SUPREME  ️     	37.00💲	https://s.click.aliexpress.com/e/_EwUMOlb
2023-02-09 19:56:04 [INFO] [ID:487066] [SUCCESS] 51/51	VANS backpack size:3	31.19💲	https://s.click.aliexpress.com/e/_Exmhnap
2023-02-09 19:56:44 [INFO] [ID:487056] [SUCCESS] 52/52	SUPREME  🧡     	37.00💲	https://s.click.aliexpress.com/e/_EzDlF5X
2023-02-09 19:57:45 [INFO] [ID:487046] [SUCCESS] 53/53	SUPREME  💓     	22.00💲	https://s.click.aliexpress.com/e/_EILlINL
2023-02-09 19:57:45 [WARNING] skipping no link line
2023-02-09 19:58:33 [INFO] [ID:487035] [SUCCESS] 54/54	SUPREME  💘     	40.00💲	https://s.click.aliexpress.com/e/_EvtKYtb
2023-02-09 19:59:37 [INFO] [ID:487027] [SUCCESS] 55/55	SUPREME  💞     	39.00💲	https://s.click.aliexpress.com/e/_EzT1rRF
2023-02-09 19:59:37 [WARNING] skipping no link line
2023-02-09 20:00:07 [INFO] [ID:487016] [SUCCESS] 56/56	SUPREME  🧡     	33.00💲	https://s.click.aliexpress.com/e/_EJ4uXAh
2023-02-09 20:00:39 [INFO] [ID:487009] [SUCCESS] 57/57	SUPREME  ❣     	22.00💲	https://s.click.aliexpress.com/e/_Eyw60rf
2023-02-09 20:01:24 [INFO] [ID:487006] [SUCCESS] 58/58	MLB NY bomber jacket	76.79💲	https://s.click.aliexpress.com/e/_EvozajB
2023-02-09 20:02:08 [INFO] [ID:486996] [SUCCESS] 59/59	SUPREME  ❤     	26.00💲	https://s.click.aliexpress.com/e/_EJBPGut
2023-02-09 20:02:40 [INFO] [ID:486987] [SUCCESS] 60/60	SUPREME  ️     	25.00💲	https://s.click.aliexpress.com/e/_EGeuvmZ
2023-02-09 20:03:20 [INFO] [ID:486983] [SUCCESS] 61/61	Vans sweater  ❤	61.19💲	https://s.click.aliexpress.com/e/_EuF7JQD
2023-02-09 20:04:00 [INFO] [ID:486974] [SUCCESS] 62/62	SUPREME  💘     	31.00💲	https://s.click.aliexpress.com/e/_ExpdLrF
2023-02-09 20:04:39 [INFO] [ID:486967] [SUCCESS] 63/63	TNF  🔥         	40.00💲	https://s.click.aliexpress.com/e/_EQUNDOp
2023-02-09 20:05:20 [INFO] [ID:486962] [SUCCESS] 64/64	MLB NY jacket  ‍	61.19💲	https://s.click.aliexpress.com/e/_EQPx4rB
2023-02-09 20:05:55 [INFO] [ID:486954] [SUCCESS] 65/65	SUPREME  ❤     	27.00💲	https://s.click.aliexpress.com/e/_EQ80ail
2023-02-09 20:06:25 [INFO] [ID:486949] [SUCCESS] 66/66	SUPREME  ️     	27.00💲	https://s.click.aliexpress.com/e/_EGdLaaH
2023-02-09 20:07:29 [INFO] [ID:486945] [SUCCESS] 67/67	NIKE  🧡        	80.00💲	https://s.click.aliexpress.com/e/_EwlKUad
2023-02-09 20:08:07 [INFO] [ID:486935] [SUCCESS] 68/68	NIKE  ❤        	59.00💲	https://s.click.aliexpress.com/e/_EHClsdj
2023-02-09 20:08:46 [INFO] [ID:486929] [SUCCESS] 69/69	NIKE  💘        	59.00💲	https://s.click.aliexpress.com/e/_EzrO0dL
2023-02-09 20:09:40 [INFO] [ID:486919] [SUCCESS] 70/70	NIKE  ️        	69.00💲	https://s.click.aliexpress.com/e/_Ejzpkgv
2023-02-09 20:10:20 [INFO] [ID:486909] [SUCCESS] 71/71	NIKE  💞        	69.00💲	https://s.click.aliexpress.com/e/_EwrMImH
2023-02-09 20:11:17 [INFO] [ID:486902] [SUCCESS] 72/72	NIKE  💛        	65.00💲	https://s.click.aliexpress.com/e/_EI2teJn
2023-02-09 20:11:52 [INFO] [ID:486892] [SUCCESS] 73/73	NIKE  ‍        	65.00💲	https://s.click.aliexpress.com/e/_EvjlA01
2023-02-09 20:12:49 [INFO] [ID:486887] [SUCCESS] 74/74	NIKE  🔥        	75.00💲	https://s.click.aliexpress.com/e/_EIsEFpJ
2023-02-09 20:13:34 [INFO] [ID:486877] [SUCCESS] 75/75	NIKE  ❣        	65.00💲	https://s.click.aliexpress.com/e/_EGhGKnB
2023-02-09 20:14:34 [INFO] [ID:486869] [SUCCESS] 76/76	NIKE  💛        	110.00💲	https://s.click.aliexpress.com/e/_EI5cblP
2023-02-09 20:15:34 [INFO] [ID:486859] [SUCCESS] 77/77	NIKE  ❤        	65.00💲	https://s.click.aliexpress.com/e/_EwuxG5j
2023-02-09 20:16:28 [INFO] [ID:486849] [SUCCESS] 78/78	NIKE  🔥        	65.00💲	https://s.click.aliexpress.com/e/_Euk3Z3L
2023-02-09 20:17:12 [INFO] [ID:486840] [SUCCESS] 79/79	Nike  ‍        	38.30💲	https://s.click.aliexpress.com/e/_Ev6Zf0N
2023-02-09 20:17:12 [WARNING] ERROR: can not open --> /Users/user/Desktop/Backup_3/Item_486832/486832.png 	 in /Users/user/Desktop/Backup_3/Item_486832
2023-02-09 20:18:15 [INFO] [ID:486832] [SUCCESS] 80/80	Kanken  💞      	19.99💲	https://s.click.aliexpress.com/e/_EvcFVpB
2023-02-09 20:18:53 [INFO] [ID:486822] [SUCCESS] 81/81	Carhartt  🤎    	32.98💲	https://s.click.aliexpress.com/e/_Eudp2Ed
2023-02-09 20:19:37 [INFO] [ID:486814] [SUCCESS] 82/82	TNF backpack  🖤	20.75💲	https://s.click.aliexpress.com/e/_EvQPEkv
2023-02-09 20:20:24 [INFO] [ID:486804] [SUCCESS] 83/83	TNF backpack  🔥	21.98💲	https://s.click.aliexpress.com/e/_Evj7B1f
2023-02-09 20:20:24 [WARNING] skipping no link line
2023-02-09 20:20:59 [INFO] [ID:486785] [SUCCESS] 84/84	NIKE  🔥        	69.00💲	https://s.click.aliexpress.com/e/_EGjwaCv
2023-02-09 20:21:38 [INFO] [ID:486778] [SUCCESS] 85/85	NIKE  💞        	65.00💲	https://s.click.aliexpress.com/e/_EQP5zc9
2023-02-09 20:22:35 [INFO] [ID:486773] [SUCCESS] 86/86	NIKE  🧡        	65.00💲	https://s.click.aliexpress.com/e/_EIFXw4v
2023-02-09 20:24:41 [INFO] [ID:486766] [SUCCESS] 87/87	NB 327  🤍      	56.30💲	https://s.click.aliexpress.com/e/_EGRrRsN
2023-02-09 20:24:41 [WARNING] skipping no link line
2023-02-09 20:24:41 [WARNING] skipping no link line
2023-02-09 20:24:41 [WARNING] skipping no link line
2023-02-09 20:25:33 [INFO] [ID:486735] [SUCCESS] 88/88	GG backpack  ️ 	61.30💲	https://s.click.aliexpress.com/e/_Ev6wSeV
2023-02-09 20:25:33 [WARNING] skipping no link line
2023-02-09 20:25:33 [WARNING] skipping no link line
2023-02-09 20:25:33 [WARNING] skipping no link line
2023-02-09 20:25:33 [WARNING] skipping no link line
2023-02-09 20:26:48 [INFO] [ID:486689] [SUCCESS] 89/89	NIKE  ️        	60.00💲	https://s.click.aliexpress.com/e/_Ex2rECh
2023-02-09 20:27:32 [INFO] [ID:486679] [SUCCESS] 90/90	LOEWE sweater  ️	56.39💲	https://s.click.aliexpress.com/e/_EIUKbZX
2023-02-09 20:28:13 [INFO] [ID:486669] [SUCCESS] 91/91	THE NORTH FACE TNF j	44.16💲	https://s.click.aliexpress.com/e/_EuIQiWV
2023-02-09 20:29:06 [INFO] [ID:486659] [SUCCESS] 92/92	NIKE  💙        	60.00💲	https://s.click.aliexpress.com/e/_EzlJTRx
2023-02-09 20:29:07 [WARNING] ERROR: can not open --> /Users/user/Desktop/Backup_3/Item_486649/486641.png 	 in /Users/user/Desktop/Backup_3/Item_486649
2023-02-09 20:29:07 [WARNING] ERROR: can not open --> /Users/user/Desktop/Backup_3/Item_486649/486640.png 	 in /Users/user/Desktop/Backup_3/Item_486649
2023-02-09 20:29:41 [INFO] [ID:486649] [SUCCESS] 93/93	Adidas Forum 84 Low 	58.20💲	https://s.click.aliexpress.com/e/_EzGRmnP
2023-02-09 20:29:41 [WARNING] skipping no link line
2023-02-09 20:29:41 [WARNING] skipping no link line
2023-02-09 20:30:18 [INFO] [ID:486621] [SUCCESS] 94/94	Nike Travis Scott x 	53.68💲	https://s.click.aliexpress.com/e/_EH1Tydj
2023-02-09 20:30:58 [INFO] [ID:486614] [SUCCESS] 95/95	NIKE  💞        	70.00💲	https://s.click.aliexpress.com/e/_EuvJyGp
2023-02-09 20:31:33 [INFO] [ID:486607] [SUCCESS] 96/96	NIKE  ️        	70.00💲	https://s.click.aliexpress.com/e/_EvZvRvR
2023-02-09 20:32:13 [INFO] [ID:486603] [SUCCESS] 97/97	Nike Travis Scott x 	53.68💲	https://s.click.aliexpress.com/e/_EJzbofB
2023-02-09 20:33:04 [INFO] [ID:486593] [SUCCESS] 98/98	NIKE  ❤        	75.00💲	https://s.click.aliexpress.com/e/_Eyx277x
2023-02-09 20:33:35 [INFO] [ID:486584] [SUCCESS] 99/99	NIKE  🔥        	49.00💲	https://s.click.aliexpress.com/e/_EHRrMjR
2023-02-09 20:34:10 [INFO] [ID:486580] [SUCCESS] 100/100	ESSENTIALS  pants   	39.00💲	https://s.click.aliexpress.com/e/_EQt4SeH
2023-02-09 20:34:47 [INFO] [ID:486570] [SUCCESS] 101/101	ESSENTIAL  ️   	39.00💲	https://s.click.aliexpress.com/e/_EIdDC5j
2023-02-09 20:35:26 [INFO] [ID:486560] [SUCCESS] 102/102	CANADA GOOSE  💝	95.00💲	https://s.click.aliexpress.com/e/_EICAs7X
2023-02-09 20:35:26 [WARNING] skipping no link line
2023-02-09 20:36:14 [INFO] [ID:486550] [SUCCESS] 103/103	NIKE  💚        	50.00💲	https://s.click.aliexpress.com/e/_EIFaVa1
2023-02-09 20:37:01 [INFO] [ID:486540] [SUCCESS] 104/104	NIKE  ❣        	70.00💲	https://s.click.aliexpress.com/e/_EyKyq81
2023-02-09 20:37:01 [WARNING] skipping no link line
2023-02-09 20:38:06 [INFO] [ID:486532] [SUCCESS] 105/105	NIKE  ️        	50.00💲	https://s.click.aliexpress.com/e/_EJEKpEh
2023-02-09 20:38:59 [INFO] [ID:486522] [SUCCESS] 106/106	NIKE  💘        	60.00💲	https://s.click.aliexpress.com/e/_EwhUuOl
2023-02-09 20:39:36 [INFO] [ID:486512] [SUCCESS] 107/107	NIKE  🔥        	70.00💲	https://s.click.aliexpress.com/e/_EzVfGjn
2023-02-09 20:39:36 [WARNING] skipping no link line
2023-02-09 20:41:03 [INFO] [ID:486498] [SUCCESS] 108/108	Dior bag  💞    	37.50💲	https://s.click.aliexpress.com/e/_EHuImjR
2023-02-09 20:41:03 [WARNING] skipping no link line
2023-02-09 20:43:03 [INFO] [ID:486488] [SUCCESS] 109/109	Nike  🔥        	56.30💲	https://s.click.aliexpress.com/e/_ExOq8SV
2023-02-09 20:44:30 [INFO] [ID:486478] [SUCCESS] 110/110	TNF  💞         	43.40💲	https://s.click.aliexpress.com/e/_EGTG2e5
2023-02-09 20:44:30 [WARNING] skipping no link line
2023-02-09 20:45:37 [INFO] [ID:486459] [SUCCESS] 111/111	LV bag  🖤      	120.00💲	https://s.click.aliexpress.com/e/_EHL8Ycv
2023-02-09 20:46:50 [INFO] [ID:486449] [SUCCESS] 112/112	PRADA Bag  💞   	25.00💲	https://s.click.aliexpress.com/e/_EvxtMDL
2023-02-09 20:47:55 [INFO] [ID:486440] [SUCCESS] 113/113	NIKE  🖤        	33.00💲	https://s.click.aliexpress.com/e/_EGKDsXX
2023-02-09 20:48:36 [INFO] [ID:486431] [SUCCESS] 114/114	NIKE  💓        	49.00💲	https://s.click.aliexpress.com/e/_EJtZYVb
2023-02-09 20:49:55 [INFO] [ID:486423] [SUCCESS] 115/115	LV SET  ❣      	89.00💲	https://s.click.aliexpress.com/e/_EJyguFJ
2023-02-09 20:50:23 [INFO] [ID:486414] [SUCCESS] 116/116	NIKE  🔥        	50.00💲	https://s.click.aliexpress.com/e/_EupQxTx
2023-02-09 20:51:08 [INFO] [ID:486412] [SUCCESS] 117/117	NIKE  ‍        	50.00💲	https://s.click.aliexpress.com/e/_Ewzpvb7
2023-02-09 20:52:00 [INFO] [ID:486402] [SUCCESS] 118/118	NIKE  💜        	65.00💲	https://s.click.aliexpress.com/e/_EzyHxDn
2023-02-09 20:52:40 [INFO] [ID:486392] [SUCCESS] 119/119	Nike  ️        	18.48💲	https://s.click.aliexpress.com/e/_EwQQB5P
2023-02-09 20:53:29 [INFO] [ID:486384] [SUCCESS] 120/120	Carhartt  ️    	16.90💲	https://s.click.aliexpress.com/e/_Ey4chID
2023-02-09 20:53:29 [WARNING] skipping no link line
2023-02-09 20:54:34 [INFO] [ID:486369] [SUCCESS] 121/121	NIKE  💙        	60.00💲	https://s.click.aliexpress.com/e/_EGpyDWv
2023-02-09 20:55:11 [INFO] [ID:486361] [SUCCESS] 122/122	NIKE  💞        	50.00💲	https://s.click.aliexpress.com/e/_ExWw8KV
2023-02-09 20:58:09 [INFO] [ID:486355] [SUCCESS] 123/123	NIKE  ❣        	31.00💲	https://s.click.aliexpress.com/e/_EuGhmLX
2023-02-09 20:58:49 [INFO] [ID:486347] [SUCCESS] 124/124	OFF jacket  ‍  	81.90💲	https://s.click.aliexpress.com/e/_EwhaaZx
2023-02-09 21:01:50 [INFO] [ID:486341] [SUCCESS] 125/125	NIKE  💜        	31.00💲	https://s.click.aliexpress.com/e/_EuLt5hX
2023-02-09 21:01:50 [WARNING] skipping no link line
2023-02-09 21:03:07 [INFO] [ID:486330] [SUCCESS] 126/126	Jordan  ️      	61.90💲	https://s.click.aliexpress.com/e/_EujGuKd
2023-02-09 21:03:07 [WARNING] skipping no link line
2023-02-09 21:03:07 [WARNING] skipping no link line
2023-02-09 21:03:07 [WARNING] skipping no link line
2023-02-09 21:03:52 [INFO] [ID:486298] [SUCCESS] 127/127	NIKE  ️        	65.00💲	https://s.click.aliexpress.com/e/_EQMubkN
2023-02-09 21:04:38 [INFO] [ID:486289] [SUCCESS] 128/128	NIKE  🤎        	70.00💲	https://s.click.aliexpress.com/e/_Eu9K2TR
2023-02-09 21:05:20 [INFO] [ID:486283] [SUCCESS] 129/129	NIKE  💘        	70.00💲	https://s.click.aliexpress.com/e/_EvP9AUD
2023-02-09 21:06:10 [INFO] [ID:486276] [SUCCESS] 130/130	CC set  ️      	27.90💲	https://s.click.aliexpress.com/e/_EzUf4YZ
2023-02-09 21:07:13 [INFO] [ID:486267] [SUCCESS] 131/131	YSL set  💝     	48.90💲	https://s.click.aliexpress.com/e/_Ew56Jiv
2023-02-09 21:07:13 [WARNING] skipping no link line
2023-02-09 21:07:56 [INFO] [ID:486258] [SUCCESS] 132/132	NIKE  💛        	65.00💲	https://s.click.aliexpress.com/e/_EQ8sO1x
2023-02-09 21:09:09 [INFO] [ID:486248] [SUCCESS] 133/133	Lipsticks  ️   	48.90💲	https://s.click.aliexpress.com/e/_EGA8wvL
2023-02-09 21:10:22 [INFO] [ID:486239] [SUCCESS] 134/134	Lipsticks  ‍   	34.90💲	https://s.click.aliexpress.com/e/_Exe9Ndn
2023-02-09 21:11:04 [INFO] [ID:486230] [SUCCESS] 135/135	Ralph Lauren hoodie 	47.88💲	https://s.click.aliexpress.com/e/_EQrfEBR
2023-02-09 21:12:04 [INFO] [ID:486221] [SUCCESS] 136/136	NIKE  💙        	80.00💲	https://s.click.aliexpress.com/e/_EvfDzgV
2023-02-09 21:12:41 [INFO] [ID:486211] [SUCCESS] 137/137	NIKE  ️        	60.00💲	https://s.click.aliexpress.com/e/_ExQrhNf
2023-02-09 21:13:27 [INFO] [ID:486204] [SUCCESS] 138/138	New Balance CT302 sh	54.81💲	https://s.click.aliexpress.com/e/_EIRqOoZ
2023-02-09 21:13:58 [INFO] [ID:486194] [SUCCESS] 139/139	NIKE  ️        	50.00💲	https://s.click.aliexpress.com/e/_EvU0qpL
2023-02-09 21:13:59 [WARNING] ERROR: can not open --> /Users/user/Desktop/Backup_3/Item_486189/486180.png 	 in /Users/user/Desktop/Backup_3/Item_486189
2023-02-09 21:14:39 [INFO] [ID:486189] [SUCCESS] 140/140	Stussy x Nike Air Fo	57.07💲	https://s.click.aliexpress.com/e/_EyVsBCV
2023-02-09 21:15:20 [INFO] [ID:486179] [SUCCESS] 141/141	Nike Air Foamposite 	68.37💲	https://s.click.aliexpress.com/e/_EIDdhL7
2023-02-09 21:16:01 [INFO] [ID:486169] [SUCCESS] 142/142	NIKE  ️        	50.00💲	https://s.click.aliexpress.com/e/_EGQheez
2023-02-09 21:16:43 [INFO] [ID:486161] [SUCCESS] 143/143	Nike Air Foamposite 	68.37💲	https://s.click.aliexpress.com/e/_EJnGtLT
2023-02-09 21:17:17 [INFO] [ID:486151] [SUCCESS] 144/144	NIKE  💘        	69.00💲	https://s.click.aliexpress.com/e/_EHZYQdT
2023-02-09 21:17:50 [INFO] [ID:486144] [SUCCESS] 145/145	NIKE  ️        	59.00💲	https://s.click.aliexpress.com/e/_EJqVzQh
2023-02-09 21:18:31 [INFO] [ID:486135] [SUCCESS] 146/146	Nike Travis Scott x 	53.68💲	https://s.click.aliexpress.com/e/_Exdg9ah
2023-02-09 21:19:05 [INFO] [ID:486125] [SUCCESS] 147/147	NIKE  💗        	59.00💲	https://s.click.aliexpress.com/e/_Ez6ziZj
2023-02-09 21:19:58 [INFO] [ID:486115] [SUCCESS] 148/148	NIKE  ‍        	75.00💲	https://s.click.aliexpress.com/e/_EyEY9UH
2023-02-09 21:19:58 [WARNING] skipping no link line
2023-02-09 21:20:32 [INFO] [ID:486099] [SUCCESS] 149/149	NIKE  💚        	52.00💲	https://s.click.aliexpress.com/e/_Eu0JXWD
2023-02-09 21:21:27 [INFO] [ID:486089] [SUCCESS] 150/150	NIKE  ️        	53.00💲	https://s.click.aliexpress.com/e/_EQsVm13
2023-02-09 21:22:04 [INFO] [ID:486081] [SUCCESS] 151/151	NIKE  🤎        	27.00💲	https://s.click.aliexpress.com/e/_EvpHQ9L
2023-02-09 21:22:46 [INFO] [ID:486074] [SUCCESS] 152/152	NIKE  ️        	65.00💲	https://s.click.aliexpress.com/e/_ExQzShb
2023-02-09 21:23:53 [ERROR] [ID:486064][FAILED] 1 / 153NIKE  💗        	95.00💲	https://s.click.aliexpress.com/e/_EQSvwg1	ERROR -> status:400{"ok":false,"error_code":400,"description":"Bad Request: too many messages to send as an album"}
2023-02-09 21:24:21 [INFO] [ID:486048] [SUCCESS] 153/154	Louis Vuitton wallet	27.36💲	https://s.click.aliexpress.com/e/_EGhb41L
2023-02-09 21:24:54 [INFO] [ID:486047] [SUCCESS] 154/155	Stussy bag  💓  	30.63💲	https://s.click.aliexpress.com/e/_EyKGiMp
2023-02-09 21:25:27 [INFO] [ID:486040] [SUCCESS] 155/156	NIKE  ️        	59.00💲	https://s.click.aliexpress.com/e/_Ezkq48v
2023-02-09 21:25:58 [INFO] [ID:486032] [SUCCESS] 156/157	NIKE  🤎        	59.00💲	https://s.click.aliexpress.com/e/_EIUydMd
2023-02-09 21:25:58 [WARNING] skipping no link line
2023-02-09 21:26:34 [INFO] [ID:486026] [SUCCESS] 157/158	NIKE  🤎        	59.00💲	https://s.click.aliexpress.com/e/_EzQlIbJ
2023-02-09 21:26:34 [WARNING] skipping no link line
2023-02-09 21:26:34 [WARNING] skipping no link line
2023-02-09 21:27:09 [INFO] [ID:486007] [SUCCESS] 158/159	NIKE  💗        	59.00💲	https://s.click.aliexpress.com/e/_EHhL0Gp
2023-02-09 21:27:09 [WARNING] skipping no link line
2023-02-09 21:28:00 [INFO] [ID:485990] [SUCCESS] 159/160	Casio G ️      	31.36💲	https://s.click.aliexpress.com/e/_EyWkMIz
2023-02-09 21:28:35 [INFO] [ID:485980] [SUCCESS] 160/161	NIKE  ❣        	59.00💲	https://s.click.aliexpress.com/e/_EvKF6XP
2023-02-09 21:29:18 [INFO] [ID:485970] [SUCCESS] 161/162	DIOR bag  💘    	59.00💲	https://s.click.aliexpress.com/e/_EvL1F1n
2023-02-09 21:30:20 [INFO] [ID:485962] [SUCCESS] 162/163	NIKE  ❤        	80.00💲	https://s.click.aliexpress.com/e/_EIv5b2h
2023-02-09 21:31:29 [INFO] [ID:485952] [SUCCESS] 163/164	Lancome  💞     	45.90💲	https://s.click.aliexpress.com/e/_EubTvud
2023-02-09 21:32:30 [INFO] [ID:485943] [SUCCESS] 164/165	CC set  ‍      	50.90💲	https://s.click.aliexpress.com/e/_EGnJ5DX
2023-02-09 21:34:04 [INFO] [ID:485936] [SUCCESS] 165/166	Armani  🖤      	41.90💲	https://s.click.aliexpress.com/e/_EuKCNbj
2023-02-09 21:34:44 [INFO] [ID:485928] [SUCCESS] 166/167	Jo malone  💗   	38.90💲	https://s.click.aliexpress.com/e/_Ey8Xc9b
2023-02-09 21:35:18 [INFO] [ID:485923] [SUCCESS] 167/168	Balmain  ️     	27.90💲	https://s.click.aliexpress.com/e/_EJ4HAnf
2023-02-09 21:35:53 [INFO] [ID:485917] [SUCCESS] 168/169	NIKE  💓        	59.00💲	https://s.click.aliexpress.com/e/_EJFi4fn
2023-02-09 21:36:32 [INFO] [ID:485907] [SUCCESS] 169/170	NIKE  🖤        	59.00💲	https://s.click.aliexpress.com/e/_Ew8nGzT
2023-02-09 21:37:09 [INFO] [ID:485902] [SUCCESS] 170/171	Balmain  💓     	27.90💲	https://s.click.aliexpress.com/e/_EJUJ4AV
2023-02-09 21:37:59 [INFO] [ID:485892] [SUCCESS] 171/172	LV belt  ️     	47.00💲	https://s.click.aliexpress.com/e/_EuTMZCN
2023-02-09 21:39:00 [INFO] [ID:485883] [SUCCESS] 172/173	NIKE  🤍        	70.00💲	https://s.click.aliexpress.com/e/_EvsLKIN
2023-02-09 21:39:33 [INFO] [ID:485875] [SUCCESS] 173/174	LV belts  ‍    	35.00💲	https://s.click.aliexpress.com/e/_EG6RJTT
2023-02-09 21:39:33 [WARNING] skipping no link line
2023-02-09 21:41:10 [INFO] [ID:485860] [SUCCESS] 174/175	TNF  ❣         	75.00💲	https://s.click.aliexpress.com/e/_Ex6OWZF
2023-02-09 21:41:56 [INFO] [ID:485852] [SUCCESS] 175/176	VANS backpack size:3	31.19💲	https://s.click.aliexpress.com/e/_EIZGRyl
2023-02-09 21:42:26 [INFO] [ID:485842] [SUCCESS] 176/177	NIKE  ❤        	70.00💲	https://s.click.aliexpress.com/e/_EHol53L
2023-02-09 21:43:02 [INFO] [ID:485839] [SUCCESS] 177/178	NIKE  🔥        	70.00💲	https://s.click.aliexpress.com/e/_Ezc5OIl
2023-02-09 21:43:37 [INFO] [ID:485829] [SUCCESS] 178/179	NIKE  💚        	70.00💲	https://s.click.aliexpress.com/e/_EJ2YBNP
2023-02-09 21:44:09 [INFO] [ID:485819] [SUCCESS] 179/180	NIKE  🖤        	75.00💲	https://s.click.aliexpress.com/e/_EvNzujR
2023-02-09 21:44:43 [INFO] [ID:485813] [SUCCESS] 180/181	NIKE  💞        	59.00💲	https://s.click.aliexpress.com/e/_Ev5LSK5
2023-02-09 21:44:43 [WARNING] skipping no link line
2023-02-09 21:45:49 [INFO] [ID:485798] [SUCCESS] 181/182	NIKE  💝        	65.00💲	https://s.click.aliexpress.com/e/_Ewg7Nx7
2023-02-09 21:46:30 [INFO] [ID:485789] [SUCCESS] 182/183	NIKE  💞        	69.00💲	https://s.click.aliexpress.com/e/_EumKDG5
2023-02-09 21:47:02 [INFO] [ID:485780] [SUCCESS] 183/184	NIKE  ❤        	59.00💲	https://s.click.aliexpress.com/e/_Exe0IYD
2023-02-09 21:47:40 [INFO] [ID:485774] [SUCCESS] 184/185	NIKE  💙        	100.00💲	https://s.click.aliexpress.com/e/_EGYeloN
2023-02-09 21:48:29 [INFO] [ID:485765] [SUCCESS] 185/186	NIKE  ️        	89.00💲	https://s.click.aliexpress.com/e/_Exa6Qz3
2023-02-09 21:48:29 [WARNING] skipping no link line
2023-02-09 21:48:29 [WARNING] skipping no link line
2023-02-09 21:48:29 [WARNING] skipping no link line
2023-02-09 21:49:14 [INFO] [ID:485741] [SUCCESS] 186/187	NIKE  💞        	105.00💲	https://s.click.aliexpress.com/e/_ExqbMZL
2023-02-09 21:50:12 [INFO] [ID:485736] [SUCCESS] 187/188	NIKE  ️        	65.00💲	https://s.click.aliexpress.com/e/_EJcknfj
2023-02-09 21:50:45 [INFO] [ID:485727] [SUCCESS] 188/189	NIKE  ‍        	70.00💲	https://s.click.aliexpress.com/e/_EwJyUlx
2023-02-09 21:51:28 [INFO] [ID:485721] [SUCCESS] 189/190	Dior Saddle Baby Bag	67.80💲	https://s.click.aliexpress.com/e/_EuX9G53
2023-02-09 21:52:04 [INFO] [ID:485712] [SUCCESS] 190/191	NIKE  🧡        	70.00💲	https://s.click.aliexpress.com/e/_Exuf1sd
2023-02-09 21:52:39 [INFO] [ID:485702] [SUCCESS] 191/192	NIKE  ❤        	70.00💲	https://s.click.aliexpress.com/e/_EJFTVY5
2023-02-09 21:53:19 [INFO] [ID:485692] [SUCCESS] 192/193	cK hoodie  🤎   	35.88💲	https://s.click.aliexpress.com/e/_Euo7wE5
2023-02-09 21:54:07 [INFO] [ID:485683] [SUCCESS] 193/194	NIKE  💓        	59.00💲	https://s.click.aliexpress.com/e/_ExO2wKN
2023-02-09 21:54:40 [INFO] [ID:485676] [SUCCESS] 194/195	Carhartt WIP Delta S	20.28💲	https://s.click.aliexpress.com/e/_EyTrOi5
2023-02-09 21:55:21 [INFO] [ID:485668] [SUCCESS] 195/196	Ralph Lauren Sweatpa	41.28💲	https://s.click.aliexpress.com/e/_EGxHjih
2023-02-09 21:55:50 [INFO] [ID:485659] [SUCCESS] 196/197	NIKE  ❤        	59.00💲	https://s.click.aliexpress.com/e/_EJpCClF
2023-02-09 21:55:50 [WARNING] ERROR: can not open --> /Users/user/Desktop/Backup_3/Item_485652/485643.png 	 in /Users/user/Desktop/Backup_3/Item_485652
2023-02-09 21:56:34 [INFO] [ID:485652] [SUCCESS] 197/198	Burberry BBR bag  🧡	84.48💲	https://s.click.aliexpress.com/e/_Ev2pVW1
2023-02-09 21:57:10 [INFO] [ID:485642] [SUCCESS] 198/199	NIKE  🤍        	69.00💲	https://s.click.aliexpress.com/e/_EuhiFR3
2023-02-09 21:57:39 [INFO] [ID:485635] [SUCCESS] 199/200	Sportswear  🔥  	50.00💲	https://s.click.aliexpress.com/e/_EuOGIWd
2023-02-09 21:58:17 [INFO] [ID:485628] [SUCCESS] 200/201	Vans sweater  ️	61.19💲	https://s.click.aliexpress.com/e/_Ez8OBI1
2023-02-09 21:59:07 [INFO] [ID:485619] [SUCCESS] 201/202	Moncler jacket  💓	83.88💲	https://s.click.aliexpress.com/e/_EIQXE7B
2023-02-09 21:59:34 [INFO] [ID:485610] [SUCCESS] 202/203	Sportswear  💜  	50.00💲	https://s.click.aliexpress.com/e/_EyKl4Od
2023-02-09 22:00:08 [INFO] [ID:485600] [SUCCESS] 203/204	Sportswear  💚  	50.00💲	https://s.click.aliexpress.com/e/_EyVZ39X
2023-02-09 22:00:55 [INFO] [ID:485590] [SUCCESS] 204/205	MLB NY jacket  💓	61.19💲	https://s.click.aliexpress.com/e/_Ev66VSp
2023-02-09 22:01:25 [INFO] [ID:485582] [SUCCESS] 205/206	Sportswear  💚  	50.00💲	https://s.click.aliexpress.com/e/_EQE75Qh
2023-02-09 22:01:52 [INFO] [ID:485572] [SUCCESS] 206/207	FIFA  💞        	50.00💲	https://s.click.aliexpress.com/e/_EHEB8k1
2023-02-09 22:02:24 [INFO] [ID:485570] [SUCCESS] 207/208	FIFA  🔥        	50.00💲	https://s.click.aliexpress.com/e/_EvcikWl
2023-02-09 22:03:11 [INFO] [ID:485560] [SUCCESS] 208/209	LOEWE sweater  💜	56.39💲	https://s.click.aliexpress.com/e/_EzB5jw1
2023-02-09 22:03:44 [INFO] [ID:485550] [SUCCESS] 209/210	NIKE  ‍        	59.00💲	https://s.click.aliexpress.com/e/_EJdn4XB
2023-02-09 22:04:20 [INFO] [ID:485546] [SUCCESS] 210/211	NIKE  ‍        	59.00💲	https://s.click.aliexpress.com/e/_EwSKVGd
2023-02-09 22:05:14 [INFO] [ID:485536] [SUCCESS] 211/212	NIKE  💚        	59.00💲	https://s.click.aliexpress.com/e/_EQLXlbx
2023-02-09 22:06:02 [INFO] [ID:485527] [SUCCESS] 212/213	NIKE  ️        	59.00💲	https://s.click.aliexpress.com/e/_EQsm1Dn
2023-02-09 22:06:32 [INFO] [ID:485517] [SUCCESS] 213/214	NIKE  🖤        	53.00💲	https://s.click.aliexpress.com/e/_EQ7ZlT7
2023-02-09 22:06:32 [WARNING] skipping no link line
2023-02-09 22:06:32 [WARNING] skipping no link line
2023-02-09 22:07:24 [INFO] [ID:485505] [SUCCESS] 214/215	NIKE  💘        	89.00💲	https://s.click.aliexpress.com/e/_EGzJ2EH
2023-02-09 22:08:27 [INFO] [ID:485497] [SUCCESS] 215/216	NIKE  ❤        	75.00💲	https://s.click.aliexpress.com/e/_EGInD8l
2023-02-09 22:08:27 [WARNING] skipping no link line
2023-02-09 22:08:58 [INFO] [ID:485486] [SUCCESS] 216/217	NIKE  💙        	45.00💲	https://s.click.aliexpress.com/e/_EIVLIOl
2023-02-09 22:09:50 [INFO] [ID:485483] [SUCCESS] 217/218	NIKE  ️        	45.00💲	https://s.click.aliexpress.com/e/_EIuoAQd
2023-02-09 22:10:34 [INFO] [ID:485473] [SUCCESS] 218/219	NIKE  🖤        	45.00💲	https://s.click.aliexpress.com/e/_EjJtMfB
2023-02-09 22:11:23 [INFO] [ID:485465] [SUCCESS] 219/220	NIKE  💗        	45.00💲	https://s.click.aliexpress.com/e/_EHaWsaH
2023-02-09 22:12:27 [INFO] [ID:485455] [SUCCESS] 220/221	NIKE  ‍        	59.00💲	https://s.click.aliexpress.com/e/_Eze1ulb
2023-02-09 22:12:27 [WARNING] skipping no link line
2023-02-09 22:13:11 [INFO] [ID:485441] [SUCCESS] 221/222	NIKE  💓        	89.00💲	https://s.click.aliexpress.com/e/_EzqynTF
2023-02-09 22:13:11 [WARNING] skipping no link line
2023-02-09 22:13:54 [INFO] [ID:485426] [SUCCESS] 222/223	NIKE  💘        	65.00💲	https://s.click.aliexpress.com/e/_EGBtUJJ
2023-02-09 22:13:54 [WARNING] skipping no link line
2023-02-09 22:13:54 [WARNING] skipping no link line
2023-02-09 22:13:54 [WARNING] skipping no link line
2023-02-09 22:13:54 [WARNING] skipping no link line
2023-02-09 22:13:54 [WARNING] skipping no link line
2023-02-09 22:14:27 [INFO] [ID:485371] [SUCCESS] 223/224	NIKE  🤎        	75.00💲	https://s.click.aliexpress.com/e/_EJs8c0h
2023-02-09 22:15:02 [INFO] [ID:485365] [SUCCESS] 224/225	NIKE  ❤        	75.00💲	https://s.click.aliexpress.com/e/_EGpnocp
2023-02-09 22:15:44 [INFO] [ID:485358] [SUCCESS] 225/226	Martens  💝     	49.88💲	https://s.click.aliexpress.com/e/_EJa0mfB
2023-02-09 22:17:47 [INFO] [ID:485348] [SUCCESS] 226/227	Jacquemus͚  🖤  	51.00💲	https://s.click.aliexpress.com/e/_EvtBi57
2023-02-09 22:19:56 [INFO] [ID:485338] [SUCCESS] 227/228	MK bag  💚      	54.00💲	https://s.click.aliexpress.com/e/_EJ2cInX
2023-02-09 22:19:56 [WARNING] ERROR: can not open --> /Users/user/Desktop/Backup_3/Item_485328/485328.png 	 in /Users/user/Desktop/Backup_3/Item_485328
2023-02-09 22:20:51 [INFO] [ID:485328] [SUCCESS] 228/229	Nike  ❣        	33.58💲	https://s.click.aliexpress.com/e/_EJJYLC5
2023-02-09 22:21:49 [INFO] [ID:485320] [SUCCESS] 229/230	NIKE  🤍        	60.00💲	https://s.click.aliexpress.com/e/_EyAMqYv
2023-02-09 22:21:49 [WARNING] skipping no link line
2023-02-09 22:22:30 [INFO] [ID:485302] [SUCCESS] 230/231	TNF  ❣         	61.99💲	https://s.click.aliexpress.com/e/_EyiZ589
2023-02-09 22:23:01 [INFO] [ID:485294] [SUCCESS] 231/232	NIKE  💝        	75.00💲	https://s.click.aliexpress.com/e/_EyVoSI5
2023-02-09 22:23:48 [INFO] [ID:485288] [SUCCESS] 232/233	NIKE  ❤        	75.00💲	https://s.click.aliexpress.com/e/_EIDyf5R
2023-02-09 22:24:27 [INFO] [ID:485280] [SUCCESS] 233/234	NIKE  ️        	89.00💲	https://s.click.aliexpress.com/e/_EGTYx7x
2023-02-09 22:25:06 [INFO] [ID:485274] [SUCCESS] 234/235	NIKE  💛        	29.00💲	https://s.click.aliexpress.com/e/_EjhzrdX
2023-02-09 22:25:35 [INFO] [ID:485265] [SUCCESS] 235/236	NIKE  💞        	29.00💲	https://s.click.aliexpress.com/e/_ExAcEqd
2023-02-09 22:26:05 [INFO] [ID:485255] [SUCCESS] 236/237	NIKE  🔥        	29.00💲	https://s.click.aliexpress.com/e/_EJ7wBuH
2023-02-09 22:26:42 [INFO] [ID:485247] [SUCCESS] 237/238	NIKE  🔥        	53.00💲	https://s.click.aliexpress.com/e/_EzxmjXT
2023-02-09 22:27:18 [INFO] [ID:485243] [SUCCESS] 238/239	NIKE  💛        	29.00💲	https://s.click.aliexpress.com/e/_EIhEV8V
2023-02-09 22:27:48 [INFO] [ID:485233] [SUCCESS] 239/240	NIKE  ‍        	59.00💲	https://s.click.aliexpress.com/e/_ExIYWGp
2023-02-09 22:27:48 [WARNING] skipping no link line
2023-02-09 22:28:20 [INFO] [ID:485228] [SUCCESS] 240/241	NIKE  ️        	59.00💲	https://s.click.aliexpress.com/e/_EGsSthf
2023-02-09 22:28:53 [INFO] [ID:485218] [SUCCESS] 241/242	NIKE  💚        	59.00💲	https://s.click.aliexpress.com/e/_EzC2Tyz
2023-02-09 22:29:31 [INFO] [ID:485208] [SUCCESS] 242/243	NIKE  🤎        	9.90💲	https://s.click.aliexpress.com/e/_Euh1jMd
2023-02-09 22:29:32 [WARNING] ERROR: can not open --> /Users/user/Desktop/Backup_3/Item_485203/485194.png 	 in /Users/user/Desktop/Backup_3/Item_485203
2023-02-09 22:30:11 [INFO] [ID:485203] [SUCCESS] 243/244	Dyson hair dryer hd0	156.00💲	https://s.click.aliexpress.com/e/_Ev3aFmh
2023-02-09 22:30:40 [INFO] [ID:485193] [SUCCESS] 244/245	NIKE  ❤        	9.90💲	https://s.click.aliexpress.com/e/_ExLa7tB
2023-02-09 22:31:13 [INFO] [ID:485190] [SUCCESS] 245/246	NIKE  🤍        	52.00💲	https://s.click.aliexpress.com/e/_EvSLUtL
2023-02-09 22:32:01 [INFO] [ID:485183] [SUCCESS] 246/247	Louis Vuitton LV Qua	26.38💲	https://s.click.aliexpress.com/e/_EzYaI3R
2023-02-09 22:32:33 [INFO] [ID:485173] [SUCCESS] 247/248	NIKE  ️        	62.00💲	https://s.click.aliexpress.com/e/_EyMcfdf
2023-02-09 22:33:11 [INFO] [ID:485170] [SUCCESS] 248/249	Carhartt backpack  💓	37.61💲	https://s.click.aliexpress.com/e/_EweAuoh
2023-02-09 22:33:52 [INFO] [ID:485164] [SUCCESS] 249/250	MOSCHINO belt  ️	39.55💲	https://s.click.aliexpress.com/e/_EHtpEiH
2023-02-09 22:33:52 [WARNING] skipping no link line
2023-02-09 22:34:35 [INFO] [ID:485150] [SUCCESS] 250/251	NIKE AIR MAX furyosa	73.45💲	https://s.click.aliexpress.com/e/_EG0cDy5
2023-02-09 22:34:36 [WARNING] ERROR: can not open --> /Users/user/Desktop/Backup_3/Item_485140/485131.png 	 in /Users/user/Desktop/Backup_3/Item_485140
2023-02-09 22:35:12 [INFO] [ID:485140] [SUCCESS] 251/252	Rolex watch quality 	318.00💲	https://s.click.aliexpress.com/e/_EIxge1x
2023-02-09 22:35:50 [INFO] [ID:485130] [SUCCESS] 252/253	GUCCI hoodie Sweatsh	46.33💲	https://s.click.aliexpress.com/e/_EHgXRB7
2023-02-09 22:36:23 [INFO] [ID:485120] [SUCCESS] 253/254	NIKE  ️        	53.00💲	https://s.click.aliexpress.com/e/_ExZl9vr
2023-02-09 22:37:08 [INFO] [ID:485115] [SUCCESS] 254/255	Ralph Lauren hoodie 	47.88💲	https://s.click.aliexpress.com/e/_EQNnuS9
2023-02-09 22:37:45 [INFO] [ID:485106] [SUCCESS] 255/256	Balenciaga ‘TRACK’ s	124.30💲	https://s.click.aliexpress.com/e/_EGJFJAZ
2023-02-09 22:38:34 [INFO] [ID:485097] [SUCCESS] 256/257	NIKE  ️        	62.00💲	https://s.click.aliexpress.com/e/_EIR3SE5
2023-02-09 22:38:34 [WARNING] skipping no link line
2023-02-09 22:39:15 [INFO] [ID:485082] [SUCCESS] 257/258	cK hoodie  ️   	35.88💲	https://s.click.aliexpress.com/e/_Ex9omWV
2023-02-09 22:39:56 [INFO] [ID:485073] [SUCCESS] 258/259	Balenciaga ‘TRACK’ s	124.30💲	https://s.click.aliexpress.com/e/_EIhTgUh
2023-02-09 22:40:35 [INFO] [ID:485063] [SUCCESS] 259/260	NIKE  ️        	50.00💲	https://s.click.aliexpress.com/e/_Ey9vlPT
2023-02-09 22:41:10 [INFO] [ID:485053] [SUCCESS] 260/261	Adidas  🤎      	29.90💲	https://s.click.aliexpress.com/e/_Ez6NPSp
2023-02-09 22:42:11 [INFO] [ID:485046] [SUCCESS] 261/262	THE NORTH FACE  🔥	75.00💲	https://s.click.aliexpress.com/e/_EvL1RTb
2023-02-09 22:42:46 [INFO] [ID:485039] [SUCCESS] 262/263	Carhartt WIP Delta S	20.28💲	https://s.click.aliexpress.com/e/_EQD72Mt
2023-02-09 22:43:27 [INFO] [ID:485031] [SUCCESS] 263/264	Balenciaga ‘TRACK’ s	124.30💲	https://s.click.aliexpress.com/e/_EJ4cm1F
2023-02-09 22:43:28 [WARNING] ERROR: can not open --> /Users/user/Desktop/Backup_3/Item_485021/485016.png 	 in /Users/user/Desktop/Backup_3/Item_485021
2023-02-09 22:44:23 [INFO] [ID:485021] [SUCCESS] 264/265	LV  ️          	59.00💲	https://s.click.aliexpress.com/e/_EGMSiKN
2023-02-09 22:44:23 [WARNING] skipping no link line
2023-02-09 22:45:04 [INFO] [ID:485009] [SUCCESS] 265/266	THE NORTH FACE TNF j	44.16💲	https://s.click.aliexpress.com/e/_Ex24oXf
2023-02-09 22:45:04 [WARNING] skipping no link line
2023-02-09 22:45:04 [WARNING] skipping no link line
2023-02-09 22:45:04 [WARNING] skipping no link line
2023-02-09 22:45:52 [INFO] [ID:484969] [SUCCESS] 266/267	Dior Saddle Baby Bag	67.80💲	https://s.click.aliexpress.com/e/_Ewb4EIH
2023-02-09 22:45:52 [WARNING] skipping no link line
2023-02-09 22:46:33 [INFO] [ID:484959] [SUCCESS] 267/268	NIKE  🧡        	69.00💲	https://s.click.aliexpress.com/e/_EvSbnTb
2023-02-09 22:47:20 [INFO] [ID:484951] [SUCCESS] 268/269	NIKE  💙        	62.00💲	https://s.click.aliexpress.com/e/_EHOuow5
2023-02-09 22:48:06 [INFO] [ID:484943] [SUCCESS] 269/270	New Balance CT302 sh	54.81💲	https://s.click.aliexpress.com/e/_EuSVrpf
2023-02-09 22:48:06 [WARNING] skipping no link line
2023-02-09 22:48:40 [INFO] [ID:484932] [SUCCESS] 270/271	NIKE  🤍        	70.00💲	https://s.click.aliexpress.com/e/_EIvSNf7
2023-02-09 22:49:12 [INFO] [ID:484927] [SUCCESS] 271/272	NIKE  💗        	59.00💲	https://s.click.aliexpress.com/e/_EQLTGw9
2023-02-09 22:49:12 [WARNING] ERROR: can not open --> /Users/user/Desktop/Backup_3/Item_484922/484914.png 	 in /Users/user/Desktop/Backup_3/Item_484922
2023-02-09 22:49:12 [WARNING] ERROR: can not open --> /Users/user/Desktop/Backup_3/Item_484922/484913.png 	 in /Users/user/Desktop/Backup_3/Item_484922
2023-02-09 22:49:50 [INFO] [ID:484922] [SUCCESS] 272/273	Adidas Forum 84 Low 	58.20💲	https://s.click.aliexpress.com/e/_EzAlBUH
2023-02-09 22:50:37 [INFO] [ID:484912] [SUCCESS] 273/274	NIKE  🧡        	59.00💲	https://s.click.aliexpress.com/e/_EIZb0nX
2023-02-09 22:51:21 [INFO] [ID:484902] [SUCCESS] 274/275	NIKE  🖤        	59.00💲	https://s.click.aliexpress.com/e/_EzuDcyh
2023-02-09 22:52:06 [INFO] [ID:484892] [SUCCESS] 275/276	NIKE  ❣        	59.00💲	https://s.click.aliexpress.com/e/_EushiFJ
2023-02-09 22:52:07 [WARNING] ERROR: can not open --> /Users/user/Desktop/Backup_3/Item_484882/484873.png 	 in /Users/user/Desktop/Backup_3/Item_484882
2023-02-09 22:52:44 [INFO] [ID:484882] [SUCCESS] 276/277	Stussy x Nike Air Fo	57.07💲	https://s.click.aliexpress.com/e/_EzKTJ4V
2023-02-09 22:53:17 [INFO] [ID:484872] [SUCCESS] 277/278	NIKE  🧡        	59.00💲	https://s.click.aliexpress.com/e/_EHmt3Kp
2023-02-09 22:53:54 [INFO] [ID:484865] [SUCCESS] 278/279	NIKE  💜        	59.00💲	https://s.click.aliexpress.com/e/_EyGdafP
2023-02-09 22:54:33 [INFO] [ID:484855] [SUCCESS] 279/280	NIKE  ❤        	70.00💲	https://s.click.aliexpress.com/e/_EHwTyPX
2023-02-09 22:55:14 [INFO] [ID:484846] [SUCCESS] 280/281	Nike Air Foamposite 	68.37💲	https://s.click.aliexpress.com/e/_Euovtm1
2023-02-09 22:55:48 [INFO] [ID:484836] [SUCCESS] 281/282	NIKE  ️        	70.00💲	https://s.click.aliexpress.com/e/_EIEbrPx
2023-02-09 22:56:28 [INFO] [ID:484826] [SUCCESS] 282/283	NIKE  ️        	52.00💲	https://s.click.aliexpress.com/e/_EyjxcO5
2023-02-09 22:56:28 [WARNING] skipping no link line
2023-02-09 22:57:13 [INFO] [ID:484807] [SUCCESS] 283/284	Nike Air Foamposite 	68.37💲	https://s.click.aliexpress.com/e/_EIolWgh
2023-02-09 22:58:12 [INFO] [ID:484797] [SUCCESS] 284/285	NBA jersey  🖤  	31.00💲	https://s.click.aliexpress.com/e/_EGqVTVX
2023-02-09 22:58:12 [WARNING] skipping no link line
2023-02-09 22:59:33 [INFO] [ID:484779] [SUCCESS] 285/286	NIKE  🤍        	53.00💲	https://s.click.aliexpress.com/e/_EGUV7At
2023-02-09 23:00:15 [INFO] [ID:484769] [SUCCESS] 286/287	Nike Travis Scott x 	53.68💲	https://s.click.aliexpress.com/e/_EGNfvaD
2023-02-09 23:00:58 [INFO] [ID:484759] [SUCCESS] 287/288	NIKE  ️        	65.00💲	https://s.click.aliexpress.com/e/_EvppPMH
2023-02-09 23:01:37 [INFO] [ID:484749] [SUCCESS] 288/289	NIKE  ️        	39.00💲	https://s.click.aliexpress.com/e/_EuDWnPb
2023-02-09 23:02:26 [INFO] [ID:484742] [SUCCESS] 289/290	D&G  ️         	79.00💲	https://s.click.aliexpress.com/e/_EGitZMz
2023-02-09 23:03:03 [INFO] [ID:484736] [SUCCESS] 290/291	Nike Travis Scott x 	53.68💲	https://s.click.aliexpress.com/e/_EQmn6op
2023-02-09 23:04:06 [INFO] [ID:484729] [SUCCESS] 291/292	NIKE  ️        	52.00💲	https://s.click.aliexpress.com/e/_EGsdMhL
2023-02-09 23:05:05 [INFO] [ID:484721] [SUCCESS] 292/293	NIKE  🔥        	95.00💲	https://s.click.aliexpress.com/e/_Ezc7qmN
2023-02-09 23:05:45 [INFO] [ID:484712] [SUCCESS] 293/294	Nike Travis Scott x 	53.68💲	https://s.click.aliexpress.com/e/_EwggS9j
2023-02-09 23:06:27 [INFO] [ID:484693] [SUCCESS] 294/295	Nike coat   ❤  	24.90💲	https://s.click.aliexpress.com/e/_EHttzBj
2023-02-09 23:07:08 [INFO] [ID:484683] [SUCCESS] 295/296	NIKE  💝        	70.00💲	https://s.click.aliexpress.com/e/_ExgHIrR
2023-02-09 23:08:04 [INFO] [ID:484674] [SUCCESS] 296/297	PRADA  💓       	23.00💲	https://s.click.aliexpress.com/e/_EJUfgO5
2023-02-09 23:08:47 [INFO] [ID:484664] [SUCCESS] 297/298	NIKE  💗        	65.00💲	https://s.click.aliexpress.com/e/_EvuLnAv
2023-02-09 23:09:26 [INFO] [ID:484657] [SUCCESS] 298/299	NIKE  ️        	60.00💲	https://s.click.aliexpress.com/e/_EIp7PyV
2023-02-09 23:10:50 [INFO] [ID:484651] [SUCCESS] 299/300	JACQUEMUS  ❤   	59.00💲	https://s.click.aliexpress.com/e/_EvEr0VT
2023-02-09 23:11:44 [INFO] [ID:484641] [SUCCESS] 300/301	LV    Jacket  🤍	76.90💲	https://s.click.aliexpress.com/e/_EvUcpul
2023-02-09 23:11:44 [WARNING] skipping no link line
2023-02-09 23:12:37 [INFO] [ID:484629] [SUCCESS] 301/302	GG shoes  ❤    	48.50💲	https://s.click.aliexpress.com/e/_EGRNJVB
2023-02-09 23:12:37 [WARNING] skipping no link line
2023-02-09 23:13:12 [INFO] [ID:484611] [SUCCESS] 302/303	NIKE  ‍        	65.00💲	https://s.click.aliexpress.com/e/_Ex1S5tR
2023-02-09 23:13:50 [INFO] [ID:484607] [SUCCESS] 303/304	NIKE  ️        	65.00💲	https://s.click.aliexpress.com/e/_EwgajDr
2023-02-09 23:14:27 [INFO] [ID:484600] [SUCCESS] 304/305	NIKE  🔥        	35.00💲	https://s.click.aliexpress.com/e/_EzujaLB
2023-02-09 23:14:27 [WARNING] skipping no link line
2023-02-09 23:15:02 [INFO] [ID:484590] [SUCCESS] 305/306	NIKE  🖤        	33.00💲	https://s.click.aliexpress.com/e/_EHcMdzX
2023-02-09 23:15:39 [INFO] [ID:484583] [SUCCESS] 306/307	NIKE  ❣        	60.00💲	https://s.click.aliexpress.com/e/_ExHLwnP
2023-02-09 23:16:46 [INFO] [ID:484576] [SUCCESS] 307/308	NIKE  ‍        	70.00💲	https://s.click.aliexpress.com/e/_EJZax7F
2023-02-09 23:17:35 [INFO] [ID:484566] [SUCCESS] 308/309	Louis Vuitton  LV ba	73.45💲	https://s.click.aliexpress.com/e/_EQ1QIh7
2023-02-09 23:18:34 [INFO] [ID:484556] [SUCCESS] 309/310	NIKE  💞        	65.00💲	https://s.click.aliexpress.com/e/_EzcqrP3
2023-02-09 23:19:27 [INFO] [ID:484546] [SUCCESS] 310/311	NIKE  🧡        	65.00💲	https://s.click.aliexpress.com/e/_EJqTNvr
2023-02-09 23:19:27 [WARNING] skipping no link line
2023-02-09 23:19:55 [INFO] [ID:484526] [SUCCESS] 311/312	NIKE  🤎        	70.00💲	https://s.click.aliexpress.com/e/_EJdbUlj
2023-02-09 23:19:55 [WARNING] skipping no link line
2023-02-09 23:20:37 [INFO] [ID:484512] [SUCCESS] 312/313	Moncler jacket  💛	83.88💲	https://s.click.aliexpress.com/e/_Ejwpqwd
2023-02-09 23:21:05 [INFO] [ID:484503] [SUCCESS] 313/314	NIKE  ❣        	70.00💲	https://s.click.aliexpress.com/e/_Ewl4AK9
2023-02-09 23:21:05 [WARNING] skipping no link line
2023-02-09 23:21:45 [INFO] [ID:484486] [SUCCESS] 314/315	Nike Air Presto x Of	57.60💲	https://s.click.aliexpress.com/e/_Eu7UQYD
2023-02-09 23:21:45 [WARNING] skipping no link line
2023-02-09 23:22:26 [INFO] [ID:484470] [SUCCESS] 315/316	Ralph Lauren Sweatpa	41.28💲	https://s.click.aliexpress.com/e/_EyTBSnR
2023-02-09 23:23:02 [INFO] [ID:484461] [SUCCESS] 316/317	Chloe sunglasses  💘	26.40💲	https://s.click.aliexpress.com/e/_EwUJfDf
2023-02-09 23:23:02 [WARNING] skipping no link line
2023-02-09 23:23:02 [WARNING] skipping no link line
2023-02-09 23:23:03 [WARNING] ERROR: can not open --> /Users/user/Desktop/Backup_3/Item_484438/484429.png 	 in /Users/user/Desktop/Backup_3/Item_484438
2023-02-09 23:23:41 [INFO] [ID:484438] [SUCCESS] 317/318	Dyson hair dryer hd0	156.00💲	https://s.click.aliexpress.com/e/_EycezPL
2023-02-09 23:24:19 [INFO] [ID:484428] [SUCCESS] 318/319	Adidas Originals Her	54.00💲	https://s.click.aliexpress.com/e/_EwqlZSZ
2023-02-09 23:24:19 [WARNING] skipping no link line
2023-02-09 23:24:19 [WARNING] skipping no link line
2023-02-09 23:25:11 [INFO] [ID:484406] [SUCCESS] 319/320	Louis Vuitton LV Qua	26.38💲	https://s.click.aliexpress.com/e/_EGQZxHX
2023-02-09 23:26:01 [INFO] [ID:484396] [SUCCESS] 320/321	RADO watch good qual	56.28💲	https://s.click.aliexpress.com/e/_EIduUVF
2023-02-09 23:26:01 [WARNING] skipping no link line
2023-02-09 23:26:01 [WARNING] skipping no link line
2023-02-09 23:26:55 [INFO] [ID:484370] [SUCCESS] 321/322	RADO watch good qual	56.28💲	https://s.click.aliexpress.com/e/_EIKDEDj
2023-02-09 23:27:28 [INFO] [ID:484360] [SUCCESS] 322/323	NIKE  🔥        	65.00💲	https://s.click.aliexpress.com/e/_EwdfmBR
2023-02-09 23:27:55 [INFO] [ID:484352] [SUCCESS] 323/324	NIKE  🔥        	60.00💲	https://s.click.aliexpress.com/e/_ExcBych
2023-02-09 23:27:55 [WARNING] skipping no link line
2023-02-09 23:28:21 [INFO] [ID:484343] [SUCCESS] 324/325	NIKE  ️        	60.00💲	https://s.click.aliexpress.com/e/_EzmMjnj
2023-02-09 23:28:48 [INFO] [ID:484335] [SUCCESS] 325/326	NIKE  💗        	60.00💲	https://s.click.aliexpress.com/e/_EuAF8md
2023-02-09 23:29:30 [INFO] [ID:484326] [SUCCESS] 326/327	Carhatt backpack  💜	37.61💲	https://s.click.aliexpress.com/e/_EuVwmNb
2023-02-09 23:29:30 [WARNING] skipping no link line
2023-02-09 23:29:30 [WARNING] skipping no link line
2023-02-09 23:30:05 [INFO] [ID:484312] [SUCCESS] 327/328	Nike Air max Tn shoe	57.60💲	https://s.click.aliexpress.com/e/_Ew3xw7J
2023-02-09 23:30:05 [WARNING] skipping no link line
2023-02-09 23:30:38 [INFO] [ID:484293] [SUCCESS] 328/329	Stussy bag  💚  	30.63💲	https://s.click.aliexpress.com/e/_EINpKJR
2023-02-09 23:31:19 [INFO] [ID:484286] [SUCCESS] 329/330	Nike Air max Tn shoe	57.60💲	https://s.click.aliexpress.com/e/_EHe14Nj
2023-02-09 23:31:47 [INFO] [ID:484276] [SUCCESS] 330/331	NIKE  ‍        	9.90💲	https://s.click.aliexpress.com/e/_EHuEF3F
2023-02-09 23:32:26 [INFO] [ID:484268] [SUCCESS] 331/332	NBA jersey  ️  	27.27💲	https://s.click.aliexpress.com/e/_EjyqRLF
2023-02-09 23:33:13 [INFO] [ID:484258] [SUCCESS] 332/333	Casio G 🧡      	31.36💲	https://s.click.aliexpress.com/e/_EjGF9jF
2023-02-09 23:33:58 [INFO] [ID:484248] [SUCCESS] 333/334	Nike Air max Tn shoe	57.60💲	https://s.click.aliexpress.com/e/_EGBftYH
2023-02-09 23:33:58 [WARNING] skipping no link line
2023-02-09 23:34:31 [INFO] [ID:484231] [SUCCESS] 334/335	CHANEL braclet Wrist	30.96💲	https://s.click.aliexpress.com/e/_EI9GUTB
2023-02-09 23:34:57 [INFO] [ID:484221] [SUCCESS] 335/336	NIKE  💞        	60.00💲	https://s.click.aliexpress.com/e/_Eyu7W8t
2023-02-09 23:35:38 [INFO] [ID:484217] [SUCCESS] 336/337	NIKE  💛        	49.00💲	https://s.click.aliexpress.com/e/_EJaQLiD
2023-02-09 23:35:38 [WARNING] skipping no link line
2023-02-09 23:36:07 [INFO] [ID:484200] [SUCCESS] 337/338	NIKE  🔥        	70.00💲	https://s.click.aliexpress.com/e/_EuoBJPx
2023-02-09 23:36:08 [WARNING] ERROR: can not open --> /Users/user/Desktop/Backup_3/Item_484190/484181.png 	 in /Users/user/Desktop/Backup_3/Item_484190
2023-02-09 23:36:49 [INFO] [ID:484190] [SUCCESS] 338/339	Burberry BBR bag  ️	84.48💲	https://s.click.aliexpress.com/e/_EI0PzHf
2023-02-09 23:37:20 [INFO] [ID:484180] [SUCCESS] 339/340	NIKE  ❣        	65.00💲	https://s.click.aliexpress.com/e/_EwEqybB
2023-02-09 23:37:47 [INFO] [ID:484174] [SUCCESS] 340/341	NIKE  ❤        	65.00💲	https://s.click.aliexpress.com/e/_EIF168Z
2023-02-09 23:37:47 [WARNING] skipping no link line
2023-02-09 23:38:37 [INFO] [ID:484162] [SUCCESS] 341/342	NIKE  💞        	70.00💲	https://s.click.aliexpress.com/e/_EJ8xOBn
2023-02-09 23:39:23 [INFO] [ID:484152] [SUCCESS] 342/343	NIKE  🔥        	70.00💲	https://s.click.aliexpress.com/e/_ExBpuIV
2023-02-09 23:40:20 [INFO] [ID:484142] [SUCCESS] 343/344	Palm  ❣        	38.60💲	https://s.click.aliexpress.com/e/_EuFNXPL
2023-02-09 23:41:03 [INFO] [ID:484134] [SUCCESS] 344/345	NIKE  🤍        	75.00💲	https://s.click.aliexpress.com/e/_EvWwkdF
