2023-02-03 14:53:04 [WARNING] [ID:484797] [FAILED]1/1	NBA jersey  🔥	31$	Failed to convert Ali Express link	link isnt containing s.click		
2023-02-03 14:53:39 [WARNING] [ID:484788] [FAILED]2/2	Birkenstock  🤎	55$	Failed to convert Ali Express link	link isnt containing s.click		
2023-02-03 14:54:14 [WARNING] [ID:484779] [FAILED]3/3	NIKE  💛	53$	Failed to convert Ali Express link	link isnt containing s.click		
2023-02-03 14:55:07 [INFO] [ID:484769] [SUCCESS] 1/4	Nike Travis Scott x 	53.68💲	https://s.click.aliexpress.com/e/_EvMtF4D
2023-02-03 14:55:42 [WARNING] [ID:484759] [FAILED]4/5	NIKE  ️	65$	Failed to convert Ali Express link	link isnt containing s.click		
2023-02-03 14:56:17 [WARNING] [ID:484749] [FAILED]5/6	NIKE  💚	39$	Failed to convert Ali Express link	link isnt containing s.click		
2023-02-03 14:56:52 [WARNING] [ID:484742] [FAILED]6/7	D&G  ️	79$	Failed to convert Ali Express link	link isnt containing s.click		
2023-02-03 14:57:37 [INFO] [ID:484736] [SUCCESS] 2/8	Nike Travis Scott x 	53.68💲	https://s.click.aliexpress.com/e/_EzneySv
2023-02-03 14:58:12 [WARNING] [ID:484729] [FAILED]7/9	NIKE  ❤	52$	Failed to convert Ali Express link	link isnt containing s.click		
2023-02-03 14:58:47 [WARNING] [ID:484721] [FAILED]8/10	NIKE  💝	95$	Failed to convert Ali Express link	link isnt containing s.click		
2023-02-03 14:59:42 [INFO] [ID:484712] [SUCCESS] 3/11	Nike Travis Scott x 	53.68💲	https://s.click.aliexpress.com/e/_EuWmRJP
2023-02-03 15:01:09 [INFO] [ID:484702] [SUCCESS] 4/12	TH jacket  ‍   	51.00💲	https://s.click.aliexpress.com/e/_EvNNJXf
2023-02-03 15:02:16 [INFO] [ID:484693] [SUCCESS] 5/13	Nike coat   💓  	24.90💲	https://s.click.aliexpress.com/e/_ExkcHeN
2023-02-03 15:02:51 [WARNING] [ID:484683] [FAILED]9/14	NIKE  🤍	70$	Failed to convert Ali Express link	link isnt containing s.click		
2023-02-03 15:03:26 [WARNING] [ID:484674] [FAILED]10/15	PRADA  ❣	23$	Failed to convert Ali Express link	link isnt containing s.click		
2023-02-03 15:04:01 [WARNING] [ID:484664] [FAILED]11/16	NIKE  ‍	65$	Failed to convert Ali Express link	link isnt containing s.click		
2023-02-03 15:04:36 [WARNING] [ID:484657] [FAILED]12/17	NIKE  ️	60$	Failed to convert Ali Express link	link isnt containing s.click		
2023-02-03 15:05:11 [WARNING] [ID:484651] [FAILED]13/18	JACQUEMUS  💚	59$	Failed to convert Ali Express link	link isnt containing s.click		
2023-02-03 15:06:22 [INFO] [ID:484641] [SUCCESS] 6/19	LV    Jacket  💗	76.90💲	https://s.click.aliexpress.com/e/_Ev8vHfn
2023-02-03 15:06:57 [WARNING] [ID:484635] [FAILED]14/20	NIKE  ️	55$	Failed to convert Ali Express link	link isnt containing s.click		
2023-02-03 15:08:09 [INFO] [ID:484629] [SUCCESS] 7/21	GG shoes  ️    	48.50💲	https://s.click.aliexpress.com/e/_Exmkm0V
2023-02-03 15:08:44 [WARNING] [ID:484621] [FAILED]15/22	NIKE  ️	55$	Failed to convert Ali Express link	link isnt containing s.click		
2023-02-03 15:09:19 [WARNING] [ID:484611] [FAILED]16/23	NIKE  💞	65$	Failed to convert Ali Express link	link isnt containing s.click		
2023-02-03 15:09:54 [WARNING] [ID:484607] [FAILED]17/24	NIKE  💓	65$	Failed to convert Ali Express link	link isnt containing s.click		
2023-02-03 15:10:29 [WARNING] [ID:484600] [FAILED]18/25	NIKE  🖤	35$	Failed to convert Ali Express link	link isnt containing s.click		
2023-02-03 15:11:04 [WARNING] [ID:484591] [FAILED]19/26	Catalogs

1) https://hypeallie.online/jackzhang/
2) https://hypeallie.online/tom ‍	$	No Ali Express link detected	link isnt containing s.click		
2023-02-03 15:11:39 [WARNING] [ID:484590] [FAILED]20/27	NIKE  🖤	33$	Failed to convert Ali Express link	link isnt containing s.click		
2023-02-03 15:12:14 [WARNING] [ID:484583] [FAILED]21/28	NIKE  ❣	60$	Failed to convert Ali Express link	link isnt containing s.click		
2023-02-03 15:12:49 [WARNING] [ID:484576] [FAILED]22/29	NIKE  🧡	70$	Failed to convert Ali Express link	link isnt containing s.click		
2023-02-03 15:14:01 [INFO] [ID:484566] [SUCCESS] 8/30	Louis Vuitton  LV ba	73.45💲	https://s.click.aliexpress.com/e/_Ew1CAyH
2023-02-03 15:14:36 [WARNING] [ID:484556] [FAILED]23/31	NIKE  ❤	65$	Failed to convert Ali Express link	link isnt containing s.click		
2023-02-03 15:15:11 [WARNING] [ID:484546] [FAILED]24/32	NIKE  🔥	65$	Failed to convert Ali Express link	link isnt containing s.click		
2023-02-03 15:15:46 [WARNING] [ID:484536] [FAILED]25/33	Coach bag High quality 1:1 Match the box  🤍	65.76$	No Ali Express link detected	link isnt containing s.click		
2023-02-03 15:16:21 [WARNING] [ID:484526] [FAILED]26/34	NIKE  ❣	70$	Failed to convert Ali Express link	link isnt containing s.click		
2023-02-03 15:16:57 [WARNING] [ID:484522] [FAILED]27/35	Ralph Lauren RL sweater  ️	60.88$	No Ali Express link detected	link isnt containing s.click		
2023-02-03 15:17:55 [INFO] [ID:484512] [SUCCESS] 9/36	Moncler jacket  ️	83.88💲	https://s.click.aliexpress.com/e/_Ey02IeZ
2023-02-03 15:18:30 [WARNING] [ID:484503] [FAILED]28/37	NIKE  💗	70$	Failed to convert Ali Express link	link isnt containing s.click		
2023-02-03 15:19:05 [WARNING] [ID:484496] [FAILED]29/38	Coach REVEL BAG  💗	69.54$	No Ali Express link detected	link isnt containing s.click		
2023-02-03 15:19:58 [INFO] [ID:484486] [SUCCESS] 10/39	Nike Air Presto x Of	57.60💲	https://s.click.aliexpress.com/e/_EIjn2ep
2023-02-03 15:20:33 [WARNING] [ID:484478] [FAILED]30/40	NIKE  ️	55$	Failed to convert Ali Express link	link isnt containing s.click		
2023-02-03 15:21:28 [INFO] [ID:484470] [SUCCESS] 11/41	Ralph Lauren Sweatpa	41.28💲	https://s.click.aliexpress.com/e/_EIKjMsH
2023-02-03 15:22:37 [INFO] [ID:484461] [SUCCESS] 12/42	Chloe sunglasses  💞	26.40💲	https://s.click.aliexpress.com/e/_EzNnxId
2023-02-03 15:23:12 [WARNING] [ID:484453] [FAILED]31/43	NIKE  ️	55$	Failed to convert Ali Express link	link isnt containing s.click		
2023-02-03 15:23:47 [WARNING] [ID:484446] [FAILED]32/44	NIKE  💓	55$	Failed to convert Ali Express link	link isnt containing s.click		
2023-02-03 15:24:23 [WARNING] ERROR: can not open --> /Users/user/Desktop/Backup_work/Item_484438/484429.png 	 in /Users/user/Desktop/Backup_work/Item_484438
2023-02-03 15:24:44 [INFO] [ID:484438] [SUCCESS] 13/45	Dyson hair dryer hd0	156.00💲	https://s.click.aliexpress.com/e/_EQ4Mqs5
2023-02-03 15:26:10 [INFO] [ID:484428] [SUCCESS] 14/46	Adidas Originals Her	54.00💲	https://s.click.aliexpress.com/e/_Eu2xWsl
2023-02-03 15:26:45 [WARNING] [ID:484418] [FAILED]33/47	no title 🔥	no title	no title	link isnt containing s.click		
2023-02-03 15:27:20 [WARNING] [ID:484412] [FAILED]34/48	no title ️	no title	no title	link isnt containing s.click		
2023-02-03 15:28:31 [INFO] [ID:484406] [SUCCESS] 15/49	Louis Vuitton LV Qua	26.38💲	https://s.click.aliexpress.com/e/_Exqg6Qh
2023-02-03 15:29:44 [INFO] [ID:484396] [SUCCESS] 16/50	RADO watch good qual	56.28💲	https://s.click.aliexpress.com/e/_ExbymPj
2023-02-03 15:30:19 [WARNING] [ID:484386] [FAILED]35/51	no title ‍	no title	no title	link isnt containing s.click		
2023-02-03 15:30:54 [WARNING] [ID:484376] [FAILED]36/52	no title 💙	no title	no title	link isnt containing s.click		
2023-02-03 15:32:13 [INFO] [ID:484370] [SUCCESS] 17/53	RADO watch good qual	56.28💲	https://s.click.aliexpress.com/e/_EuV6TjR
2023-02-03 15:32:48 [WARNING] [ID:484360] [FAILED]37/54	no title ️	no title	no title	link isnt containing s.click		
2023-02-03 15:33:23 [WARNING] [ID:484352] [FAILED]38/55	no title 💛	no title	no title	link isnt containing s.click		
2023-02-03 15:33:58 [WARNING] [ID:484344] [FAILED]39/56	no title 💓	no title	no title	link isnt containing s.click		
2023-02-03 15:34:33 [WARNING] [ID:484343] [FAILED]40/57	no title 💞	no title	no title	link isnt containing s.click		
2023-02-03 15:35:08 [WARNING] [ID:484335] [FAILED]41/58	no title ‍	no title	no title	link isnt containing s.click		
2023-02-03 15:36:02 [INFO] [ID:484326] [SUCCESS] 18/59	Carhatt backpack  💘	37.61💲	https://s.click.aliexpress.com/e/_EvIZY8z
2023-02-03 15:36:37 [WARNING] [ID:484320] [FAILED]42/60	no title 🔥	no title	no title	link isnt containing s.click		
2023-02-03 15:37:12 [WARNING] [ID:484319] [FAILED]43/61	no title 💝	no title	no title	link isnt containing s.click		
2023-02-03 15:38:09 [INFO] [ID:484312] [SUCCESS] 19/62	Nike Air max Tn shoe	57.60💲	https://s.click.aliexpress.com/e/_EvrOVVj
2023-02-03 15:38:44 [WARNING] [ID:484303] [FAILED]44/63	no title ❤	no title	no title	link isnt containing s.click		
2023-02-03 15:39:32 [INFO] [ID:484293] [SUCCESS] 20/64	Stussy bag  ‍  	30.63💲	https://s.click.aliexpress.com/e/_EwTwdH3
2023-02-03 15:40:33 [INFO] [ID:484286] [SUCCESS] 21/65	Nike Air max Tn shoe	57.60💲	https://s.click.aliexpress.com/e/_Ewh4I77
2023-02-03 15:41:08 [WARNING] [ID:484276] [FAILED]45/66	no title ️	no title	no title	link isnt containing s.click		
2023-02-03 15:42:09 [INFO] [ID:484268] [SUCCESS] 22/67	NBA jersey  ️  	27.27💲	https://s.click.aliexpress.com/e/_EG2eI77
2023-02-03 15:43:18 [INFO] [ID:484258] [SUCCESS] 23/68	Casio G 🖤      	31.36💲	https://s.click.aliexpress.com/e/_EImYkFb
2023-02-03 15:44:43 [INFO] [ID:484248] [SUCCESS] 24/69	Nike Air max Tn shoe	57.60💲	https://s.click.aliexpress.com/e/_EzAVrlb
2023-02-03 15:45:18 [WARNING] [ID:484238] [FAILED]46/70	no title 🔥	no title	no title	link isnt containing s.click		
2023-02-03 15:46:12 [INFO] [ID:484231] [SUCCESS] 25/71	CHANEL braclet Wrist	30.96💲	https://s.click.aliexpress.com/e/_Ex0zGzf
2023-02-03 15:46:47 [WARNING] [ID:484221] [FAILED]47/72	no title 💝	no title	no title	link isnt containing s.click		
2023-02-03 15:47:22 [WARNING] [ID:484217] [FAILED]48/73	no title 💘	no title	no title	link isnt containing s.click		
2023-02-03 15:47:58 [WARNING] ERROR: can not open --> /Users/user/Desktop/Backup_work/Item_484210/484201.png 	 in /Users/user/Desktop/Backup_work/Item_484210
2023-02-03 15:48:15 [INFO] [ID:484210] [SUCCESS] 26/74	LV braclet Wristband	27.48💲	https://s.click.aliexpress.com/e/_EI7kLXf
2023-02-03 15:48:50 [WARNING] [ID:484200] [FAILED]49/75	no title ‍	no title	no title	link isnt containing s.click		
2023-02-03 15:49:25 [WARNING] ERROR: can not open --> /Users/user/Desktop/Backup_work/Item_484190/484181.png 	 in /Users/user/Desktop/Backup_work/Item_484190
2023-02-03 15:49:50 [INFO] [ID:484190] [SUCCESS] 27/76	Burberry BBR bag  💓	84.48💲	https://s.click.aliexpress.com/e/_EvcNCYH
2023-02-03 15:50:25 [WARNING] [ID:484180] [FAILED]50/77	no title ️	no title	no title	link isnt containing s.click		
2023-02-03 15:51:00 [WARNING] [ID:484174] [FAILED]51/78	no title 💛	no title	no title	link isnt containing s.click		
2023-02-03 15:51:35 [WARNING] [ID:484167] [FAILED]52/79	no title ❤	no title	no title	link isnt containing s.click		
2023-02-03 15:52:10 [WARNING] [ID:484162] [FAILED]53/80	no title 💜	no title	no title	link isnt containing s.click		
2023-02-03 15:52:45 [WARNING] [ID:484152] [FAILED]54/81	no title ❣	no title	no title	link isnt containing s.click		
2023-02-03 15:54:02 [INFO] [ID:484142] [SUCCESS] 28/82	Palm  ❣        	38.60💲	https://s.click.aliexpress.com/e/_EuHC1xP
2023-02-03 15:54:37 [WARNING] [ID:484134] [FAILED]55/83	no title ❤	no title	no title	link isnt containing s.click		
